#
# A fatal error has been detected by the Java Runtime Environment:
#
#  EXCEPTION_ACCESS_VIOLATION (0xc0000005) at pc=0x00007ff905362c4c, pid=1696, tid=22872
#
# JRE version: Java(TM) SE Runtime Environment (16.0.2+7) (build 16.0.2+7-67)
# Java VM: Java HotSpot(TM) 64-Bit Server VM (16.0.2+7-67, mixed mode, sharing, tiered, compressed oops, compressed class ptrs, g1 gc, windows-amd64)
# Problematic frame:
# C  [igxelpicd64.dll+0x282c4c]
#
# No core dump will be written. Minidumps are not enabled by default on client versions of Windows
#
# If you would like to submit a bug report, please visit:
#   https://bugreport.java.com/bugreport/crash.jsp
#

---------------  S U M M A R Y ------------

Command Line: -Dfile.encoding=Cp1252 -XX:+ShowCodeDetailsInExceptionMessages crystalsimulation.Main

Host: 11th Gen Intel(R) Core(TM) i7-1165G7 @ 2.80GHz, 8 cores, 15G,  Windows 10 , 64 bit Build 19041 (10.0.19041.1466)
Time: Wed Jan 26 12:20:35 2022 Eastern Standard Time elapsed time: 41.691018 seconds (0d 0h 0m 41s)

---------------  T H R E A D  ---------------

Current thread (0x0000026c5ec7d720):  VMThread "VM Thread" [stack: 0x000000b038500000,0x000000b038600000] [id=22872]

Stack: [0x000000b038500000,0x000000b038600000],  sp=0x000000b0385fe340,  free space=1016k
Native frames: (J=compiled Java code, j=interpreted, Vv=VM code, C=native code)
C  [igxelpicd64.dll+0x282c4c]


siginfo: EXCEPTION_ACCESS_VIOLATION (0xc0000005), reading address 0x00000000000356f8


Register to memory mapping:

RIP=0x00007ff905362c4c igxelpicd64.dll
RAX=0x0000026c6239f1b0 points into unknown readable memory: 0x0000000000116968 | 68 69 11 00 00 00 00 00
RBX=0x0000026c602a58d0 points into unknown readable memory: 0xffffffffffffffff | ff ff ff ff ff ff ff ff
RCX=0x0 is NULL
RDX=0x0000000000000002 is an unknown value
RSP=0x000000b0385fe340 points into unknown readable memory: 0x0000026c602a58d0 | d0 58 2a 60 6c 02 00 00
RBP=0x0000000000000016 is an unknown value
RSI=0x0000026c603f2000 points into unknown readable memory: 0x0000000000000000 | 00 00 00 00 00 00 00 00
RDI=0x0 is NULL
R8 =0x0000000000000014 is an unknown value
R9 =0x0 is NULL
R10=0x0 is NULL
R11=0x0000000000000246 is an unknown value
R12=0x0000026c6239f5e8 points into unknown readable memory: 0x0000026c623a22a0 | a0 22 3a 62 6c 02 00 00
R13=0x0 is NULL
R14=0x0000026c6239f020 points into unknown readable memory: 0x0000026c602b94d0 | d0 94 2b 60 6c 02 00 00
R15=0x0 is NULL


Registers:
RAX=0x0000026c6239f1b0, RBX=0x0000026c602a58d0, RCX=0x0000000000000000, RDX=0x0000000000000002
RSP=0x000000b0385fe340, RBP=0x0000000000000016, RSI=0x0000026c603f2000, RDI=0x0000000000000000
R8 =0x0000000000000014, R9 =0x0000000000000000, R10=0x0000000000000000, R11=0x0000000000000246
R12=0x0000026c6239f5e8, R13=0x0000000000000000, R14=0x0000026c6239f020, R15=0x0000000000000000
RIP=0x00007ff905362c4c, EFLAGS=0x0000000000010202

Top of Stack: (sp=0x000000b0385fe340)
0x000000b0385fe340:   0000026c602a58d0 00007ff99c8fd859
0x000000b0385fe350:   000000b0385fe3d8 0000000000000000
0x000000b0385fe360:   0000000000000054 0000026c602a58d0
0x000000b0385fe370:   0000000000000000 00007ff99d7b0ba4
0x000000b0385fe380:   000000007a000004 0000000000000000
0x000000b0385fe390:   0000000000000000 0000026c6213ce78
0x000000b0385fe3a0:   0000000000116d69 0000000000000000
0x000000b0385fe3b0:   0000000000000014 0000000000000000
0x000000b0385fe3c0:   0000000000000000 000000b0385fe4e0
0x000000b0385fe3d0:   0000026c603f2000 00007ff90519769c
0x000000b0385fe3e0:   0000026c00000016 0000026c623a22a0
0x000000b0385fe3f0:   0000000000000000 000000007a000000
0x000000b0385fe400:   000000b000000958 0000b80234c50000
0x000000b0385fe410:   0000000000000000 0000026c39e50000
0x000000b0385fe420:   0000000000000000 000000007a000004
0x000000b0385fe430:   00000000000004b4 0000000000000000 

Instructions: (pc=0x00007ff905362c4c)
0x00007ff905362b4c:   41 bf 20 00 00 00 48 8b 04 38 4d 8b 3c 07 0f b6
0x00007ff905362b5c:   bc 24 b0 00 00 00 4c 3b 3d d7 f8 cb 00 41 0f 44
0x00007ff905362b6c:   e9 89 ac 24 a0 00 00 00 48 85 c9 0f 84 d4 07 00
0x00007ff905362b7c:   00 0f 1f 00 4c 8b f1 4c 8d a1 c8 05 00 00 49 8b
0x00007ff905362b8c:   04 24 48 89 84 24 a8 00 00 00 40 84 ff 74 10 48
0x00007ff905362b9c:   8b d1 48 8b 09 e8 ea 8d e3 ff e9 4f 07 00 00 8b
0x00007ff905362bac:   96 d0 01 00 00 48 8b 05 58 dd bb 00 83 b8 64 03
0x00007ff905362bbc:   00 00 02 0f 85 19 02 00 00 83 fa 10 73 0e 48 8d
0x00007ff905362bcc:   42 04 48 8d 04 c2 48 8d 04 c1 eb 60 8d 4a f0 8b
0x00007ff905362bdc:   c1 c1 e8 04 83 f8 03 73 1d 0f ae e8 83 e1 0f 4d
0x00007ff905362bec:   8b 84 c6 80 05 00 00 4d 85 c0 74 25 48 8d 0c c9
0x00007ff905362bfc:   49 8d 04 c8 eb 36 49 8b 86 98 05 00 00 48 85 c0
0x00007ff905362c0c:   74 0f 66 90 39 10 74 2f 48 8b 40 50 48 85 c0 75
0x00007ff905362c1c:   f3 41 80 be a0 05 00 00 00 74 22 8b c2 83 e0 0f
0x00007ff905362c2c:   48 8d 04 c0 48 8d 40 20 49 8d 04 c6 48 85 c0 74
0x00007ff905362c3c:   0c 48 8b 48 08 eb 09 48 83 c0 08 eb ef 49 8b c9
0x00007ff905362c4c:   49 3b 8f f8 56 03 00 0f 86 85 01 00 00 83 fa 10
0x00007ff905362c5c:   73 0a 48 8d 42 04 48 8d 04 c2 eb 5c 8d 4a f0 8b
0x00007ff905362c6c:   c1 c1 e8 04 83 f8 03 73 1d 0f ae e8 83 e1 0f 4d
0x00007ff905362c7c:   8b 84 c6 80 05 00 00 4d 85 c0 74 25 48 8d 0c c9
0x00007ff905362c8c:   49 8d 04 c8 eb 36 49 8b 86 98 05 00 00 48 85 c0
0x00007ff905362c9c:   74 0f 66 90 39 10 74 2f 48 8b 40 50 48 85 c0 75
0x00007ff905362cac:   f3 41 80 be a0 05 00 00 00 74 22 8b c2 83 e0 0f
0x00007ff905362cbc:   48 8d 04 c0 48 8d 40 20 49 8d 04 c6 48 85 c0 74
0x00007ff905362ccc:   0c 48 8b 48 08 eb 09 48 83 c0 08 eb ef 49 8b c9
0x00007ff905362cdc:   49 3b 8e 40 06 00 00 0f 86 f5 00 00 00 48 8b 86
0x00007ff905362cec:   80 02 00 00 49 89 04 24 4c 89 b6 80 02 00 00 ff
0x00007ff905362cfc:   86 88 02 00 00 ba 01 00 00 00 49 8b 4e 08 e8 41
0x00007ff905362d0c:   28 59 00 0f b7 c8 48 2b c1 48 05 00 00 01 00 48
0x00007ff905362d1c:   01 86 90 02 00 00 ba 01 00 00 00 49 8b 4e 08 e8
0x00007ff905362d2c:   20 28 59 00 48 01 86 a0 02 00 00 85 ed 74 75 49
0x00007ff905362d3c:   8b 9f 58 4f 03 00 0f 57 c0 f3 0f 7f 44 24 30 c7 


Stack slot to memory mapping:
stack at sp + 0 slots: 0x0000026c602a58d0 points into unknown readable memory: 0xffffffffffffffff | ff ff ff ff ff ff ff ff
stack at sp + 1 slots: 0x00007ff99c8fd859 USER32.dll
stack at sp + 2 slots: 0x000000b0385fe3d8 points into unknown readable memory: 0x00007ff90519769c | 9c 76 19 05 f9 7f 00 00
stack at sp + 3 slots: 0x0 is NULL
stack at sp + 4 slots: 0x0000000000000054 is an unknown value
stack at sp + 5 slots: 0x0000026c602a58d0 points into unknown readable memory: 0xffffffffffffffff | ff ff ff ff ff ff ff ff
stack at sp + 6 slots: 0x0 is NULL
stack at sp + 7 slots: 0x00007ff99d7b0ba4 ntdll.dll

VM_Operation (0x000000b03a4fed00): Exit, mode: safepoint, requested by thread 0x0000026c5fd65060


---------------  P R O C E S S  ---------------

Threads class SMR info:
_java_thread_list=0x0000026c625ac870, length=16, elements={
0x0000026c5ec80110, 0x0000026c5ec80c20, 0x0000026c5ec8f8c0, 0x0000026c5ec922e0,
0x0000026c5ec94c00, 0x0000026c5ec99530, 0x0000026c5eca5730, 0x0000026c5f810060,
0x0000026c5ecca8c0, 0x0000026c5f9320f0, 0x0000026c5f938350, 0x0000026c5fcab970,
0x0000026c5fd65b00, 0x0000026c5fd65060, 0x0000026c5fd66050, 0x0000026c5fd64b10
}

Java Threads: ( => current thread )
  0x0000026c5ec80110 JavaThread "Reference Handler" daemon [_thread_blocked, id=19452, stack(0x000000b038600000,0x000000b038700000)]
  0x0000026c5ec80c20 JavaThread "Finalizer" daemon [_thread_blocked, id=12836, stack(0x000000b038700000,0x000000b038800000)]
  0x0000026c5ec8f8c0 JavaThread "Signal Dispatcher" daemon [_thread_blocked, id=22016, stack(0x000000b038800000,0x000000b038900000)]
  0x0000026c5ec922e0 JavaThread "Attach Listener" daemon [_thread_blocked, id=11268, stack(0x000000b038900000,0x000000b038a00000)]
  0x0000026c5ec94c00 JavaThread "Service Thread" daemon [_thread_blocked, id=4352, stack(0x000000b038a00000,0x000000b038b00000)]
  0x0000026c5ec99530 JavaThread "Monitor Deflation Thread" daemon [_thread_blocked, id=23540, stack(0x000000b038b00000,0x000000b038c00000)]
  0x0000026c5eca5730 JavaThread "C2 CompilerThread0" daemon [_thread_blocked, id=22040, stack(0x000000b038c00000,0x000000b038d00000)]
  0x0000026c5f810060 JavaThread "C1 CompilerThread0" daemon [_thread_blocked, id=19388, stack(0x000000b038d00000,0x000000b038e00000)]
  0x0000026c5ecca8c0 JavaThread "Sweeper thread" daemon [_thread_blocked, id=12800, stack(0x000000b038e00000,0x000000b038f00000)]
  0x0000026c5f9320f0 JavaThread "Notification Thread" daemon [_thread_blocked, id=2840, stack(0x000000b038f00000,0x000000b039000000)]
  0x0000026c5f938350 JavaThread "Common-Cleaner" daemon [_thread_blocked, id=19012, stack(0x000000b039100000,0x000000b039200000)]
  0x0000026c5fcab970 JavaThread "Java2D Disposer" daemon [_thread_blocked, id=16580, stack(0x000000b039200000,0x000000b039300000)]
  0x0000026c5fd65b00 JavaThread "HighResTimerThread" daemon [_thread_blocked, id=16020, stack(0x000000b03a200000,0x000000b03a300000)]
  0x0000026c5fd65060 JavaThread "main-FPSAWTAnimator#00-Timer0" [_thread_blocked, id=18684, stack(0x000000b03a400000,0x000000b03a500000)]
  0x0000026c5fd66050 JavaThread "DestroyJavaVM" [_thread_blocked, id=7300, stack(0x000000b037f00000,0x000000b038000000)]
  0x0000026c5fd64b10 JavaThread "AWT-Shutdown" [_thread_blocked, id=16044, stack(0x000000b03a300000,0x000000b03a400000)]

Other Threads:
=>0x0000026c5ec7d720 VMThread "VM Thread" [stack: 0x000000b038500000,0x000000b038600000] [id=22872]
  0x0000026c3c1db6a0 GCTaskThread "GC Thread#0" [stack: 0x000000b038000000,0x000000b038100000] [id=7688]
  0x0000026c61ea8c10 GCTaskThread "GC Thread#1" [stack: 0x000000b039b00000,0x000000b039c00000] [id=528]
  0x0000026c61ea9bb0 GCTaskThread "GC Thread#2" [stack: 0x000000b039c00000,0x000000b039d00000] [id=20616]
  0x0000026c61ea9590 GCTaskThread "GC Thread#3" [stack: 0x000000b039d00000,0x000000b039e00000] [id=16308]
  0x0000026c61ea9ec0 GCTaskThread "GC Thread#4" [stack: 0x000000b039e00000,0x000000b039f00000] [id=14916]
  0x0000026c61eaa1d0 GCTaskThread "GC Thread#5" [stack: 0x000000b039f00000,0x000000b03a000000] [id=3120]
  0x0000026c61ea98a0 GCTaskThread "GC Thread#6" [stack: 0x000000b03a000000,0x000000b03a100000] [id=21744]
  0x0000026c61ea8f70 GCTaskThread "GC Thread#7" [stack: 0x000000b03a100000,0x000000b03a200000] [id=21044]
  0x0000026c3c1eeb00 ConcurrentGCThread "G1 Main Marker" terminated
  0x0000026c3c1ef500 ConcurrentGCThread "G1 Conc#0" [stack: 0x000000b038200000,0x000000b038300000] [id=7408]
  0x0000026c3c26d4d0 ConcurrentGCThread "G1 Refine#0" terminated
  0x0000026c3c26de60 ConcurrentGCThread "G1 Service" terminated

Threads with active compile tasks:

VM state: at safepoint (shutting down)

VM Mutex/Monitor currently owned by a thread:  ([mutex/lock_event])
[0x0000026c3c1878a0] Threads_lock - owner thread: 0x0000026c5ec7d720
[0x0000026c3c188fb0] Heap_lock - owner thread: 0x0000026c5fd65060

Heap address: 0x0000000703a00000, size: 4038 MB, Compressed Oops mode: Zero based, Oop shift amount: 3

CDS archive(s) mapped at: [0x0000000800000000-0x0000000800bb0000-0x0000000800bb0000), size 12255232, SharedBaseAddress: 0x0000000800000000, ArchiveRelocationMode: 0.
Compressed class space mapped at: 0x0000000800c00000-0x0000000840c00000, reserved size: 1073741824
Narrow klass base: 0x0000000800000000, Narrow klass shift: 3, Narrow klass range: 0x100000000

GC Precious Log:
 CPUs: 8 total, 8 available
 Memory: 16149M
 Large Page Support: Disabled
 NUMA Support: Disabled
 Compressed Oops: Enabled (Zero based)
 Heap Region Size: 2M
 Heap Min Capacity: 8M
 Heap Initial Capacity: 254M
 Heap Max Capacity: 4038M
 Pre-touch: Disabled
 Parallel Workers: 8
 Concurrent Workers: 2
 Concurrent Refinement Workers: 8
 Periodic GC: Disabled

Heap:
 garbage-first heap   total 260096K, used 7433K [0x0000000703a00000, 0x0000000800000000)
  region size 2048K, 3 young (6144K), 1 survivors (2048K)
 Metaspace       used 12713K, committed 12864K, reserved 1064960K
  class space    used 884K, committed 960K, reserved 1048576K

Heap Regions: E=young(eden), S=young(survivor), O=old, HS=humongous(starts), HC=humongous(continues), CS=collection set, F=free, OA=open archive, CA=closed archive, TAMS=top-at-mark-start (previous, next)
|   0|0x0000000703a00000, 0x0000000703c00000, 0x0000000703c00000|100%| O|  |TAMS 0x0000000703a00000, 0x0000000703a00000| Untracked 
|   1|0x0000000703c00000, 0x0000000703e00000, 0x0000000703e00000|100%| O|  |TAMS 0x0000000703c00000, 0x0000000703c00000| Untracked 
|   2|0x0000000703e00000, 0x0000000703f37400, 0x0000000704000000| 60%| O|  |TAMS 0x0000000703e00000, 0x0000000703e00000| Untracked 
|   3|0x0000000704000000, 0x0000000704000000, 0x0000000704200000|  0%| F|  |TAMS 0x0000000704000000, 0x0000000704000000| Untracked 
|   4|0x0000000704200000, 0x0000000704200000, 0x0000000704400000|  0%| F|  |TAMS 0x0000000704200000, 0x0000000704200000| Untracked 
|   5|0x0000000704400000, 0x0000000704400000, 0x0000000704600000|  0%| F|  |TAMS 0x0000000704400000, 0x0000000704400000| Untracked 
|   6|0x0000000704600000, 0x0000000704600000, 0x0000000704800000|  0%| F|  |TAMS 0x0000000704600000, 0x0000000704600000| Untracked 
|   7|0x0000000704800000, 0x0000000704800000, 0x0000000704a00000|  0%| F|  |TAMS 0x0000000704800000, 0x0000000704800000| Untracked 
|   8|0x0000000704a00000, 0x0000000704a00000, 0x0000000704c00000|  0%| F|  |TAMS 0x0000000704a00000, 0x0000000704a00000| Untracked 
|   9|0x0000000704c00000, 0x0000000704c00000, 0x0000000704e00000|  0%| F|  |TAMS 0x0000000704c00000, 0x0000000704c00000| Untracked 
|  10|0x0000000704e00000, 0x0000000704e00000, 0x0000000705000000|  0%| F|  |TAMS 0x0000000704e00000, 0x0000000704e00000| Untracked 
|  11|0x0000000705000000, 0x0000000705000000, 0x0000000705200000|  0%| F|  |TAMS 0x0000000705000000, 0x0000000705000000| Untracked 
|  12|0x0000000705200000, 0x0000000705200000, 0x0000000705400000|  0%| F|  |TAMS 0x0000000705200000, 0x0000000705200000| Untracked 
|  13|0x0000000705400000, 0x0000000705400000, 0x0000000705600000|  0%| F|  |TAMS 0x0000000705400000, 0x0000000705400000| Untracked 
|  14|0x0000000705600000, 0x0000000705600000, 0x0000000705800000|  0%| F|  |TAMS 0x0000000705600000, 0x0000000705600000| Untracked 
|  15|0x0000000705800000, 0x0000000705800000, 0x0000000705a00000|  0%| F|  |TAMS 0x0000000705800000, 0x0000000705800000| Untracked 
|  16|0x0000000705a00000, 0x0000000705a00000, 0x0000000705c00000|  0%| F|  |TAMS 0x0000000705a00000, 0x0000000705a00000| Untracked 
|  17|0x0000000705c00000, 0x0000000705c00000, 0x0000000705e00000|  0%| F|  |TAMS 0x0000000705c00000, 0x0000000705c00000| Untracked 
|  18|0x0000000705e00000, 0x0000000705e00000, 0x0000000706000000|  0%| F|  |TAMS 0x0000000705e00000, 0x0000000705e00000| Untracked 
|  19|0x0000000706000000, 0x0000000706000000, 0x0000000706200000|  0%| F|  |TAMS 0x0000000706000000, 0x0000000706000000| Untracked 
|  20|0x0000000706200000, 0x0000000706200000, 0x0000000706400000|  0%| F|  |TAMS 0x0000000706200000, 0x0000000706200000| Untracked 
|  21|0x0000000706400000, 0x0000000706400000, 0x0000000706600000|  0%| F|  |TAMS 0x0000000706400000, 0x0000000706400000| Untracked 
|  22|0x0000000706600000, 0x0000000706600000, 0x0000000706800000|  0%| F|  |TAMS 0x0000000706600000, 0x0000000706600000| Untracked 
|  23|0x0000000706800000, 0x0000000706800000, 0x0000000706a00000|  0%| F|  |TAMS 0x0000000706800000, 0x0000000706800000| Untracked 
|  24|0x0000000706a00000, 0x0000000706a00000, 0x0000000706c00000|  0%| F|  |TAMS 0x0000000706a00000, 0x0000000706a00000| Untracked 
|  25|0x0000000706c00000, 0x0000000706c00000, 0x0000000706e00000|  0%| F|  |TAMS 0x0000000706c00000, 0x0000000706c00000| Untracked 
|  26|0x0000000706e00000, 0x0000000706e00000, 0x0000000707000000|  0%| F|  |TAMS 0x0000000706e00000, 0x0000000706e00000| Untracked 
|  27|0x0000000707000000, 0x0000000707000000, 0x0000000707200000|  0%| F|  |TAMS 0x0000000707000000, 0x0000000707000000| Untracked 
|  28|0x0000000707200000, 0x0000000707200000, 0x0000000707400000|  0%| F|  |TAMS 0x0000000707200000, 0x0000000707200000| Untracked 
|  29|0x0000000707400000, 0x0000000707400000, 0x0000000707600000|  0%| F|  |TAMS 0x0000000707400000, 0x0000000707400000| Untracked 
|  30|0x0000000707600000, 0x0000000707600000, 0x0000000707800000|  0%| F|  |TAMS 0x0000000707600000, 0x0000000707600000| Untracked 
|  31|0x0000000707800000, 0x0000000707800000, 0x0000000707a00000|  0%| F|  |TAMS 0x0000000707800000, 0x0000000707800000| Untracked 
|  32|0x0000000707a00000, 0x0000000707a00000, 0x0000000707c00000|  0%| F|  |TAMS 0x0000000707a00000, 0x0000000707a00000| Untracked 
|  33|0x0000000707c00000, 0x0000000707c00000, 0x0000000707e00000|  0%| F|  |TAMS 0x0000000707c00000, 0x0000000707c00000| Untracked 
|  34|0x0000000707e00000, 0x0000000707e00000, 0x0000000708000000|  0%| F|  |TAMS 0x0000000707e00000, 0x0000000707e00000| Untracked 
|  35|0x0000000708000000, 0x0000000708000000, 0x0000000708200000|  0%| F|  |TAMS 0x0000000708000000, 0x0000000708000000| Untracked 
|  36|0x0000000708200000, 0x0000000708200000, 0x0000000708400000|  0%| F|  |TAMS 0x0000000708200000, 0x0000000708200000| Untracked 
|  37|0x0000000708400000, 0x0000000708400000, 0x0000000708600000|  0%| F|  |TAMS 0x0000000708400000, 0x0000000708400000| Untracked 
|  38|0x0000000708600000, 0x0000000708600000, 0x0000000708800000|  0%| F|  |TAMS 0x0000000708600000, 0x0000000708600000| Untracked 
|  39|0x0000000708800000, 0x0000000708800000, 0x0000000708a00000|  0%| F|  |TAMS 0x0000000708800000, 0x0000000708800000| Untracked 
|  40|0x0000000708a00000, 0x0000000708a00000, 0x0000000708c00000|  0%| F|  |TAMS 0x0000000708a00000, 0x0000000708a00000| Untracked 
|  41|0x0000000708c00000, 0x0000000708c00000, 0x0000000708e00000|  0%| F|  |TAMS 0x0000000708c00000, 0x0000000708c00000| Untracked 
|  42|0x0000000708e00000, 0x0000000708e00000, 0x0000000709000000|  0%| F|  |TAMS 0x0000000708e00000, 0x0000000708e00000| Untracked 
|  43|0x0000000709000000, 0x0000000709000000, 0x0000000709200000|  0%| F|  |TAMS 0x0000000709000000, 0x0000000709000000| Untracked 
|  44|0x0000000709200000, 0x0000000709200000, 0x0000000709400000|  0%| F|  |TAMS 0x0000000709200000, 0x0000000709200000| Untracked 
|  45|0x0000000709400000, 0x0000000709400000, 0x0000000709600000|  0%| F|  |TAMS 0x0000000709400000, 0x0000000709400000| Untracked 
|  46|0x0000000709600000, 0x0000000709600000, 0x0000000709800000|  0%| F|  |TAMS 0x0000000709600000, 0x0000000709600000| Untracked 
|  47|0x0000000709800000, 0x0000000709800000, 0x0000000709a00000|  0%| F|  |TAMS 0x0000000709800000, 0x0000000709800000| Untracked 
|  48|0x0000000709a00000, 0x0000000709a00000, 0x0000000709c00000|  0%| F|  |TAMS 0x0000000709a00000, 0x0000000709a00000| Untracked 
|  49|0x0000000709c00000, 0x0000000709c00000, 0x0000000709e00000|  0%| F|  |TAMS 0x0000000709c00000, 0x0000000709c00000| Untracked 
|  50|0x0000000709e00000, 0x0000000709e0b160, 0x000000070a000000|  2%| S|CS|TAMS 0x0000000709e00000, 0x0000000709e00000| Complete 
|  51|0x000000070a000000, 0x000000070a000000, 0x000000070a200000|  0%| F|  |TAMS 0x000000070a000000, 0x000000070a000000| Untracked 
|  52|0x000000070a200000, 0x000000070a200000, 0x000000070a400000|  0%| F|  |TAMS 0x000000070a200000, 0x000000070a200000| Untracked 
|  53|0x000000070a400000, 0x000000070a400000, 0x000000070a600000|  0%| F|  |TAMS 0x000000070a400000, 0x000000070a400000| Untracked 
|  54|0x000000070a600000, 0x000000070a600000, 0x000000070a800000|  0%| F|  |TAMS 0x000000070a600000, 0x000000070a600000| Untracked 
|  55|0x000000070a800000, 0x000000070a800000, 0x000000070aa00000|  0%| F|  |TAMS 0x000000070a800000, 0x000000070a800000| Untracked 
|  56|0x000000070aa00000, 0x000000070aa00000, 0x000000070ac00000|  0%| F|  |TAMS 0x000000070aa00000, 0x000000070aa00000| Untracked 
|  57|0x000000070ac00000, 0x000000070ac00000, 0x000000070ae00000|  0%| F|  |TAMS 0x000000070ac00000, 0x000000070ac00000| Untracked 
|  58|0x000000070ae00000, 0x000000070ae00000, 0x000000070b000000|  0%| F|  |TAMS 0x000000070ae00000, 0x000000070ae00000| Untracked 
|  59|0x000000070b000000, 0x000000070b000000, 0x000000070b200000|  0%| F|  |TAMS 0x000000070b000000, 0x000000070b000000| Untracked 
|  60|0x000000070b200000, 0x000000070b200000, 0x000000070b400000|  0%| F|  |TAMS 0x000000070b200000, 0x000000070b200000| Untracked 
|  61|0x000000070b400000, 0x000000070b400000, 0x000000070b600000|  0%| F|  |TAMS 0x000000070b400000, 0x000000070b400000| Untracked 
|  62|0x000000070b600000, 0x000000070b600000, 0x000000070b800000|  0%| F|  |TAMS 0x000000070b600000, 0x000000070b600000| Untracked 
|  63|0x000000070b800000, 0x000000070b800000, 0x000000070ba00000|  0%| F|  |TAMS 0x000000070b800000, 0x000000070b800000| Untracked 
|  64|0x000000070ba00000, 0x000000070ba00000, 0x000000070bc00000|  0%| F|  |TAMS 0x000000070ba00000, 0x000000070ba00000| Untracked 
|  65|0x000000070bc00000, 0x000000070bc00000, 0x000000070be00000|  0%| F|  |TAMS 0x000000070bc00000, 0x000000070bc00000| Untracked 
|  66|0x000000070be00000, 0x000000070be00000, 0x000000070c000000|  0%| F|  |TAMS 0x000000070be00000, 0x000000070be00000| Untracked 
|  67|0x000000070c000000, 0x000000070c000000, 0x000000070c200000|  0%| F|  |TAMS 0x000000070c000000, 0x000000070c000000| Untracked 
|  68|0x000000070c200000, 0x000000070c200000, 0x000000070c400000|  0%| F|  |TAMS 0x000000070c200000, 0x000000070c200000| Untracked 
|  69|0x000000070c400000, 0x000000070c400000, 0x000000070c600000|  0%| F|  |TAMS 0x000000070c400000, 0x000000070c400000| Untracked 
|  70|0x000000070c600000, 0x000000070c600000, 0x000000070c800000|  0%| F|  |TAMS 0x000000070c600000, 0x000000070c600000| Untracked 
|  71|0x000000070c800000, 0x000000070c800000, 0x000000070ca00000|  0%| F|  |TAMS 0x000000070c800000, 0x000000070c800000| Untracked 
|  72|0x000000070ca00000, 0x000000070ca00000, 0x000000070cc00000|  0%| F|  |TAMS 0x000000070ca00000, 0x000000070ca00000| Untracked 
|  73|0x000000070cc00000, 0x000000070cc00000, 0x000000070ce00000|  0%| F|  |TAMS 0x000000070cc00000, 0x000000070cc00000| Untracked 
|  74|0x000000070ce00000, 0x000000070ce00000, 0x000000070d000000|  0%| F|  |TAMS 0x000000070ce00000, 0x000000070ce00000| Untracked 
|  75|0x000000070d000000, 0x000000070d000000, 0x000000070d200000|  0%| F|  |TAMS 0x000000070d000000, 0x000000070d000000| Untracked 
|  76|0x000000070d200000, 0x000000070d200000, 0x000000070d400000|  0%| F|  |TAMS 0x000000070d200000, 0x000000070d200000| Untracked 
|  77|0x000000070d400000, 0x000000070d400000, 0x000000070d600000|  0%| F|  |TAMS 0x000000070d400000, 0x000000070d400000| Untracked 
|  78|0x000000070d600000, 0x000000070d600000, 0x000000070d800000|  0%| F|  |TAMS 0x000000070d600000, 0x000000070d600000| Untracked 
|  79|0x000000070d800000, 0x000000070d800000, 0x000000070da00000|  0%| F|  |TAMS 0x000000070d800000, 0x000000070d800000| Untracked 
|  80|0x000000070da00000, 0x000000070da00000, 0x000000070dc00000|  0%| F|  |TAMS 0x000000070da00000, 0x000000070da00000| Untracked 
|  81|0x000000070dc00000, 0x000000070dc00000, 0x000000070de00000|  0%| F|  |TAMS 0x000000070dc00000, 0x000000070dc00000| Untracked 
|  82|0x000000070de00000, 0x000000070de00000, 0x000000070e000000|  0%| F|  |TAMS 0x000000070de00000, 0x000000070de00000| Untracked 
|  83|0x000000070e000000, 0x000000070e000000, 0x000000070e200000|  0%| F|  |TAMS 0x000000070e000000, 0x000000070e000000| Untracked 
|  84|0x000000070e200000, 0x000000070e200000, 0x000000070e400000|  0%| F|  |TAMS 0x000000070e200000, 0x000000070e200000| Untracked 
|  85|0x000000070e400000, 0x000000070e400000, 0x000000070e600000|  0%| F|  |TAMS 0x000000070e400000, 0x000000070e400000| Untracked 
|  86|0x000000070e600000, 0x000000070e600000, 0x000000070e800000|  0%| F|  |TAMS 0x000000070e600000, 0x000000070e600000| Untracked 
|  87|0x000000070e800000, 0x000000070e800000, 0x000000070ea00000|  0%| F|  |TAMS 0x000000070e800000, 0x000000070e800000| Untracked 
|  88|0x000000070ea00000, 0x000000070ea00000, 0x000000070ec00000|  0%| F|  |TAMS 0x000000070ea00000, 0x000000070ea00000| Untracked 
|  89|0x000000070ec00000, 0x000000070ec00000, 0x000000070ee00000|  0%| F|  |TAMS 0x000000070ec00000, 0x000000070ec00000| Untracked 
|  90|0x000000070ee00000, 0x000000070ee00000, 0x000000070f000000|  0%| F|  |TAMS 0x000000070ee00000, 0x000000070ee00000| Untracked 
|  91|0x000000070f000000, 0x000000070f000000, 0x000000070f200000|  0%| F|  |TAMS 0x000000070f000000, 0x000000070f000000| Untracked 
|  92|0x000000070f200000, 0x000000070f200000, 0x000000070f400000|  0%| F|  |TAMS 0x000000070f200000, 0x000000070f200000| Untracked 
|  93|0x000000070f400000, 0x000000070f400000, 0x000000070f600000|  0%| F|  |TAMS 0x000000070f400000, 0x000000070f400000| Untracked 
|  94|0x000000070f600000, 0x000000070f600000, 0x000000070f800000|  0%| F|  |TAMS 0x000000070f600000, 0x000000070f600000| Untracked 
|  95|0x000000070f800000, 0x000000070f800000, 0x000000070fa00000|  0%| F|  |TAMS 0x000000070f800000, 0x000000070f800000| Untracked 
|  96|0x000000070fa00000, 0x000000070fa00000, 0x000000070fc00000|  0%| F|  |TAMS 0x000000070fa00000, 0x000000070fa00000| Untracked 
|  97|0x000000070fc00000, 0x000000070fc00000, 0x000000070fe00000|  0%| F|  |TAMS 0x000000070fc00000, 0x000000070fc00000| Untracked 
|  98|0x000000070fe00000, 0x000000070fe00000, 0x0000000710000000|  0%| F|  |TAMS 0x000000070fe00000, 0x000000070fe00000| Untracked 
|  99|0x0000000710000000, 0x0000000710000000, 0x0000000710200000|  0%| F|  |TAMS 0x0000000710000000, 0x0000000710000000| Untracked 
| 100|0x0000000710200000, 0x0000000710200000, 0x0000000710400000|  0%| F|  |TAMS 0x0000000710200000, 0x0000000710200000| Untracked 
| 101|0x0000000710400000, 0x0000000710400000, 0x0000000710600000|  0%| F|  |TAMS 0x0000000710400000, 0x0000000710400000| Untracked 
| 102|0x0000000710600000, 0x0000000710600000, 0x0000000710800000|  0%| F|  |TAMS 0x0000000710600000, 0x0000000710600000| Untracked 
| 103|0x0000000710800000, 0x0000000710800000, 0x0000000710a00000|  0%| F|  |TAMS 0x0000000710800000, 0x0000000710800000| Untracked 
| 104|0x0000000710a00000, 0x0000000710a00000, 0x0000000710c00000|  0%| F|  |TAMS 0x0000000710a00000, 0x0000000710a00000| Untracked 
| 105|0x0000000710c00000, 0x0000000710c00000, 0x0000000710e00000|  0%| F|  |TAMS 0x0000000710c00000, 0x0000000710c00000| Untracked 
| 106|0x0000000710e00000, 0x0000000710e00000, 0x0000000711000000|  0%| F|  |TAMS 0x0000000710e00000, 0x0000000710e00000| Untracked 
| 107|0x0000000711000000, 0x0000000711000000, 0x0000000711200000|  0%| F|  |TAMS 0x0000000711000000, 0x0000000711000000| Untracked 
| 108|0x0000000711200000, 0x0000000711200000, 0x0000000711400000|  0%| F|  |TAMS 0x0000000711200000, 0x0000000711200000| Untracked 
| 109|0x0000000711400000, 0x0000000711400000, 0x0000000711600000|  0%| F|  |TAMS 0x0000000711400000, 0x0000000711400000| Untracked 
| 110|0x0000000711600000, 0x0000000711600000, 0x0000000711800000|  0%| F|  |TAMS 0x0000000711600000, 0x0000000711600000| Untracked 
| 111|0x0000000711800000, 0x0000000711800000, 0x0000000711a00000|  0%| F|  |TAMS 0x0000000711800000, 0x0000000711800000| Untracked 
| 112|0x0000000711a00000, 0x0000000711a00000, 0x0000000711c00000|  0%| F|  |TAMS 0x0000000711a00000, 0x0000000711a00000| Untracked 
| 113|0x0000000711c00000, 0x0000000711c00000, 0x0000000711e00000|  0%| F|  |TAMS 0x0000000711c00000, 0x0000000711c00000| Untracked 
| 114|0x0000000711e00000, 0x0000000711e00000, 0x0000000712000000|  0%| F|  |TAMS 0x0000000711e00000, 0x0000000711e00000| Untracked 
| 115|0x0000000712000000, 0x0000000712000000, 0x0000000712200000|  0%| F|  |TAMS 0x0000000712000000, 0x0000000712000000| Untracked 
| 116|0x0000000712200000, 0x0000000712200000, 0x0000000712400000|  0%| F|  |TAMS 0x0000000712200000, 0x0000000712200000| Untracked 
| 117|0x0000000712400000, 0x0000000712400000, 0x0000000712600000|  0%| F|  |TAMS 0x0000000712400000, 0x0000000712400000| Untracked 
| 118|0x0000000712600000, 0x0000000712600000, 0x0000000712800000|  0%| F|  |TAMS 0x0000000712600000, 0x0000000712600000| Untracked 
| 119|0x0000000712800000, 0x0000000712800000, 0x0000000712a00000|  0%| F|  |TAMS 0x0000000712800000, 0x0000000712800000| Untracked 
| 120|0x0000000712a00000, 0x0000000712a00000, 0x0000000712c00000|  0%| F|  |TAMS 0x0000000712a00000, 0x0000000712a00000| Untracked 
| 121|0x0000000712c00000, 0x0000000712c00000, 0x0000000712e00000|  0%| F|  |TAMS 0x0000000712c00000, 0x0000000712c00000| Untracked 
| 122|0x0000000712e00000, 0x0000000712e00000, 0x0000000713000000|  0%| F|  |TAMS 0x0000000712e00000, 0x0000000712e00000| Untracked 
| 123|0x0000000713000000, 0x0000000713000000, 0x0000000713200000|  0%| F|  |TAMS 0x0000000713000000, 0x0000000713000000| Untracked 
| 124|0x0000000713200000, 0x0000000713200000, 0x0000000713400000|  0%| F|  |TAMS 0x0000000713200000, 0x0000000713200000| Untracked 
| 125|0x0000000713400000, 0x0000000713505ae8, 0x0000000713600000| 51%| E|  |TAMS 0x0000000713400000, 0x0000000713400000| Complete 
| 126|0x0000000713600000, 0x0000000713800000, 0x0000000713800000|100%| E|CS|TAMS 0x0000000713600000, 0x0000000713600000| Complete 

Card table byte_map: [0x0000026c53430000,0x0000026c53c20000] _byte_map_base: 0x0000026c4fc13000

Marking Bits (Prev, Next): (CMBitMap*) 0x0000026c3c1ddcc0, (CMBitMap*) 0x0000026c3c1ddd00
 Prev Bits: [0x0000026c54410000, 0x0000026c58328000)
 Next Bits: [0x0000026c58330000, 0x0000026c5c248000)

Polling page: 0x0000026c3a120000

Metaspace:

Usage:
  Non-class:     11.55 MB used.
      Class:    884.02 KB used.
       Both:     12.42 MB used.

Virtual space:
  Non-class space:       16.00 MB reserved,      11.62 MB ( 73%) committed,  2 nodes.
      Class space:        1.00 GB reserved,     960.00 KB ( <1%) committed,  1 nodes.
              Both:        1.02 GB reserved,      12.56 MB (  1%) committed. 

Chunk freelists:
   Non-Class:  3.83 MB
       Class:  2.94 MB
        Both:  6.77 MB

MaxMetaspaceSize: 17179869184.00 GB
CompressedClassSpaceSize: 1.00 GB
 - commit_granule_bytes: 65536.
 - commit_granule_words: 8192.
 - virtual_space_node_default_size: 1048576.
 - enlarge_chunks_in_place: 1.
 - new_chunks_are_fully_committed: 0.
 - uncommit_free_chunks: 1.
 - use_allocation_guard: 0.
 - handle_deallocations: 1.


Internal statistics:

num_allocs_failed_limit: 0.
num_arena_births: 86.
num_arena_deaths: 0.
num_vsnodes_births: 3.
num_vsnodes_deaths: 0.
num_space_committed: 197.
num_space_uncommitted: 0.
num_chunks_returned_to_freelist: 0.
num_chunks_taken_from_freelist: 345.
num_chunk_merges: 0.
num_chunk_splits: 280.
num_chunks_enlarged: 229.
num_purges: 0.

CodeHeap 'non-profiled nmethods': size=120000Kb used=913Kb max_used=913Kb free=119086Kb
 bounds [0x0000026c4b3e0000, 0x0000026c4b650000, 0x0000026c52910000]
CodeHeap 'profiled nmethods': size=120000Kb used=3548Kb max_used=3548Kb free=116451Kb
 bounds [0x0000026c43eb0000, 0x0000026c44230000, 0x0000026c4b3e0000]
CodeHeap 'non-nmethods': size=5760Kb used=1539Kb max_used=1573Kb free=4220Kb
 bounds [0x0000026c43910000, 0x0000026c43b80000, 0x0000026c43eb0000]
 total_blobs=2778 nmethods=1851 adapters=840
 compilation: enabled
              stopped_count=0, restarted_count=0
 full_count=0

Compilation events (20 events):
Event: 31.717 Thread 0x0000026c5eca5730 1842       4       processing.opengl.PGraphicsOpenGL::flush (310 bytes)
Event: 31.793 Thread 0x0000026c5eca5730 nmethod 1842 0x0000026c4b4b8610 code [0x0000026c4b4b8b00, 0x0000026c4b4bdb50]
Event: 32.515 Thread 0x0000026c5f810060 1843       3       processing.opengl.PGraphicsOpenGL::unbindLineBuffers (23 bytes)
Event: 32.516 Thread 0x0000026c5f810060 nmethod 1843 0x0000026c44224290 code [0x0000026c44224440, 0x0000026c44224738]
Event: 33.234 Thread 0x0000026c5eca5730 1844       4       processing.opengl.PJOGL::enable (16 bytes)
Event: 33.234 Thread 0x0000026c5eca5730 nmethod 1844 0x0000026c4b4c1e10 code [0x0000026c4b4c1fa0, 0x0000026c4b4c20e8]
Event: 33.282 Thread 0x0000026c5eca5730 1845       4       processing.opengl.PShader::setUniformMatrix (79 bytes)
Event: 33.288 Thread 0x0000026c5eca5730 nmethod 1845 0x0000026c4b4c2290 code [0x0000026c4b4c2460, 0x0000026c4b4c2ac8]
Event: 34.366 Thread 0x0000026c5eca5730 1846       4       processing.opengl.PGraphicsOpenGL$TexCache::clear (24 bytes)
Event: 34.369 Thread 0x0000026c5eca5730 nmethod 1846 0x0000026c4b4c3210 code [0x0000026c4b4c33a0, 0x0000026c4b4c3538]
Event: 36.163 Thread 0x0000026c5eca5730 1847       4       processing.opengl.PGL::updateFloatBuffer (41 bytes)
Event: 36.166 Thread 0x0000026c5eca5730 nmethod 1847 0x0000026c4b4c3690 code [0x0000026c4b4c3840, 0x0000026c4b4c3c98]
Event: 38.232 Thread 0x0000026c5eca5730 1848       4       processing.core.PGraphics::colorCalc (12 bytes)
Event: 38.233 Thread 0x0000026c5eca5730 nmethod 1848 0x0000026c4b4c4310 code [0x0000026c4b4c44a0, 0x0000026c4b4c4548]
Event: 41.602 Thread 0x0000026c5f810060 1849       3       java.lang.ClassLoader::checkPackageAccess (102 bytes)
Event: 41.603 Thread 0x0000026c5f810060 nmethod 1849 0x0000026c44224810 code [0x0000026c44224b00, 0x0000026c442259c8]
Event: 41.612 Thread 0x0000026c5f810060 1851       3       jdk.internal.loader.NativeLibraries::find (72 bytes)
Event: 41.612 Thread 0x0000026c5f810060 nmethod 1851 0x0000026c44225f90 code [0x0000026c442261c0, 0x0000026c44226a58]
Event: 41.612 Thread 0x0000026c5f810060 1850       3       java.lang.ClassLoader::findNative (21 bytes)
Event: 41.613 Thread 0x0000026c5f810060 nmethod 1850 0x0000026c44226c90 code [0x0000026c44226e60, 0x0000026c44227078]

GC Heap History (20 events):
Event: 30.236 GC heap before
{Heap before GC invocations=25 (full 0):
 garbage-first heap   total 260096K, used 158963K [0x0000000703a00000, 0x0000000800000000)
  region size 2048K, 76 young (155648K), 1 survivors (2048K)
 Metaspace       used 12665K, committed 12864K, reserved 1064960K
  class space    used 880K, committed 960K, reserved 1048576K
}
Event: 30.237 GC heap after
{Heap after GC invocations=26 (full 0):
 garbage-first heap   total 260096K, used 5368K [0x0000000703a00000, 0x0000000800000000)
  region size 2048K, 1 young (2048K), 1 survivors (2048K)
 Metaspace       used 12665K, committed 12864K, reserved 1064960K
  class space    used 880K, committed 960K, reserved 1048576K
}
Event: 31.485 GC heap before
{Heap before GC invocations=26 (full 0):
 garbage-first heap   total 260096K, used 158968K [0x0000000703a00000, 0x0000000800000000)
  region size 2048K, 76 young (155648K), 1 survivors (2048K)
 Metaspace       used 12665K, committed 12864K, reserved 1064960K
  class space    used 880K, committed 960K, reserved 1048576K
}
Event: 31.486 GC heap after
{Heap after GC invocations=27 (full 0):
 garbage-first heap   total 260096K, used 5370K [0x0000000703a00000, 0x0000000800000000)
  region size 2048K, 1 young (2048K), 1 survivors (2048K)
 Metaspace       used 12665K, committed 12864K, reserved 1064960K
  class space    used 880K, committed 960K, reserved 1048576K
}
Event: 32.729 GC heap before
{Heap before GC invocations=27 (full 0):
 garbage-first heap   total 260096K, used 158970K [0x0000000703a00000, 0x0000000800000000)
  region size 2048K, 76 young (155648K), 1 survivors (2048K)
 Metaspace       used 12665K, committed 12864K, reserved 1064960K
  class space    used 880K, committed 960K, reserved 1048576K
}
Event: 32.730 GC heap after
{Heap after GC invocations=28 (full 0):
 garbage-first heap   total 260096K, used 5372K [0x0000000703a00000, 0x0000000800000000)
  region size 2048K, 1 young (2048K), 1 survivors (2048K)
 Metaspace       used 12665K, committed 12864K, reserved 1064960K
  class space    used 880K, committed 960K, reserved 1048576K
}
Event: 33.977 GC heap before
{Heap before GC invocations=28 (full 0):
 garbage-first heap   total 260096K, used 158972K [0x0000000703a00000, 0x0000000800000000)
  region size 2048K, 76 young (155648K), 1 survivors (2048K)
 Metaspace       used 12665K, committed 12864K, reserved 1064960K
  class space    used 880K, committed 960K, reserved 1048576K
}
Event: 33.978 GC heap after
{Heap after GC invocations=29 (full 0):
 garbage-first heap   total 260096K, used 5377K [0x0000000703a00000, 0x0000000800000000)
  region size 2048K, 1 young (2048K), 1 survivors (2048K)
 Metaspace       used 12665K, committed 12864K, reserved 1064960K
  class space    used 880K, committed 960K, reserved 1048576K
}
Event: 35.177 GC heap before
{Heap before GC invocations=29 (full 0):
 garbage-first heap   total 260096K, used 158977K [0x0000000703a00000, 0x0000000800000000)
  region size 2048K, 76 young (155648K), 1 survivors (2048K)
 Metaspace       used 12665K, committed 12864K, reserved 1064960K
  class space    used 880K, committed 960K, reserved 1048576K
}
Event: 35.178 GC heap after
{Heap after GC invocations=30 (full 0):
 garbage-first heap   total 260096K, used 5375K [0x0000000703a00000, 0x0000000800000000)
  region size 2048K, 1 young (2048K), 1 survivors (2048K)
 Metaspace       used 12665K, committed 12864K, reserved 1064960K
  class space    used 880K, committed 960K, reserved 1048576K
}
Event: 36.473 GC heap before
{Heap before GC invocations=30 (full 0):
 garbage-first heap   total 260096K, used 158975K [0x0000000703a00000, 0x0000000800000000)
  region size 2048K, 76 young (155648K), 1 survivors (2048K)
 Metaspace       used 12665K, committed 12864K, reserved 1064960K
  class space    used 880K, committed 960K, reserved 1048576K
}
Event: 36.474 GC heap after
{Heap after GC invocations=31 (full 0):
 garbage-first heap   total 260096K, used 5382K [0x0000000703a00000, 0x0000000800000000)
  region size 2048K, 1 young (2048K), 1 survivors (2048K)
 Metaspace       used 12665K, committed 12864K, reserved 1064960K
  class space    used 880K, committed 960K, reserved 1048576K
}
Event: 37.704 GC heap before
{Heap before GC invocations=31 (full 0):
 garbage-first heap   total 260096K, used 158982K [0x0000000703a00000, 0x0000000800000000)
  region size 2048K, 76 young (155648K), 1 survivors (2048K)
 Metaspace       used 12665K, committed 12864K, reserved 1064960K
  class space    used 880K, committed 960K, reserved 1048576K
}
Event: 37.705 GC heap after
{Heap after GC invocations=32 (full 0):
 garbage-first heap   total 260096K, used 5380K [0x0000000703a00000, 0x0000000800000000)
  region size 2048K, 1 young (2048K), 1 survivors (2048K)
 Metaspace       used 12665K, committed 12864K, reserved 1064960K
  class space    used 880K, committed 960K, reserved 1048576K
}
Event: 39.002 GC heap before
{Heap before GC invocations=32 (full 0):
 garbage-first heap   total 260096K, used 158980K [0x0000000703a00000, 0x0000000800000000)
  region size 2048K, 76 young (155648K), 1 survivors (2048K)
 Metaspace       used 12665K, committed 12864K, reserved 1064960K
  class space    used 880K, committed 960K, reserved 1048576K
}
Event: 39.004 GC heap after
{Heap after GC invocations=33 (full 0):
 garbage-first heap   total 260096K, used 5382K [0x0000000703a00000, 0x0000000800000000)
  region size 2048K, 1 young (2048K), 1 survivors (2048K)
 Metaspace       used 12665K, committed 12864K, reserved 1064960K
  class space    used 880K, committed 960K, reserved 1048576K
}
Event: 40.300 GC heap before
{Heap before GC invocations=33 (full 0):
 garbage-first heap   total 260096K, used 158982K [0x0000000703a00000, 0x0000000800000000)
  region size 2048K, 76 young (155648K), 1 survivors (2048K)
 Metaspace       used 12665K, committed 12864K, reserved 1064960K
  class space    used 880K, committed 960K, reserved 1048576K
}
Event: 40.301 GC heap after
{Heap after GC invocations=34 (full 0):
 garbage-first heap   total 260096K, used 5382K [0x0000000703a00000, 0x0000000800000000)
  region size 2048K, 1 young (2048K), 1 survivors (2048K)
 Metaspace       used 12665K, committed 12864K, reserved 1064960K
  class space    used 880K, committed 960K, reserved 1048576K
}
Event: 41.580 GC heap before
{Heap before GC invocations=34 (full 0):
 garbage-first heap   total 260096K, used 158982K [0x0000000703a00000, 0x0000000800000000)
  region size 2048K, 76 young (155648K), 1 survivors (2048K)
 Metaspace       used 12668K, committed 12864K, reserved 1064960K
  class space    used 880K, committed 960K, reserved 1048576K
}
Event: 41.581 GC heap after
{Heap after GC invocations=35 (full 0):
 garbage-first heap   total 260096K, used 5385K [0x0000000703a00000, 0x0000000800000000)
  region size 2048K, 1 young (2048K), 1 survivors (2048K)
 Metaspace       used 12668K, committed 12864K, reserved 1064960K
  class space    used 880K, committed 960K, reserved 1048576K
}

Deoptimization events (20 events):
Event: 1.369 Thread 0x0000026c5fcac6a0 Uncommon trap: trap_request=0xffffff45 fr.pc=0x0000026c4b448a00 relative=0x0000000000000060
Event: 1.369 Thread 0x0000026c5fcac6a0 Uncommon trap: reason=unstable_if action=reinterpret pc=0x0000026c4b448a00 method=java.util.HashMap.keySet()Ljava/util/Set; @ 6 c2
Event: 1.369 Thread 0x0000026c5fcac6a0 DEOPT PACKING pc=0x0000026c4b448a00 sp=0x000000b0393ff0d0
Event: 1.369 Thread 0x0000026c5fcac6a0 DEOPT UNPACKING pc=0x0000026c4395f92e sp=0x000000b0393ff068 mode 2
Event: 1.369 Thread 0x0000026c5fcac6a0 Uncommon trap: trap_request=0xffffff45 fr.pc=0x0000026c4b448d6c relative=0x00000000000000cc
Event: 1.369 Thread 0x0000026c5fcac6a0 Uncommon trap: reason=unstable_if action=reinterpret pc=0x0000026c4b448d6c method=java.util.HashMap$HashIterator.<init>(Ljava/util/HashMap;)V @ 38 c2
Event: 1.369 Thread 0x0000026c5fcac6a0 DEOPT PACKING pc=0x0000026c4b448d6c sp=0x000000b0393ff0c0
Event: 1.369 Thread 0x0000026c5fcac6a0 DEOPT UNPACKING pc=0x0000026c4395f92e sp=0x000000b0393fef90 mode 2
Event: 1.369 Thread 0x0000026c5fee8d50 Uncommon trap: trap_request=0xffffff76 fr.pc=0x0000026c4b4626f8 relative=0x00000000000002d8
Event: 1.369 Thread 0x0000026c5fee8d50 Uncommon trap: reason=predicate action=maybe_recompile pc=0x0000026c4b4626f8 method=java.util.ArrayList.remove(Ljava/lang/Object;)Z @ 42 c2
Event: 1.369 Thread 0x0000026c5fee8d50 DEOPT PACKING pc=0x0000026c4b4626f8 sp=0x000000b0395feba0
Event: 1.369 Thread 0x0000026c5fee8d50 DEOPT UNPACKING pc=0x0000026c4395f92e sp=0x000000b0395feb50 mode 2
Event: 1.385 Thread 0x0000026c5fd65060 DEOPT PACKING pc=0x0000026c440a2745 sp=0x000000b03a4fecf0
Event: 1.385 Thread 0x0000026c5fd65060 DEOPT UNPACKING pc=0x0000026c4395e77e sp=0x000000b03a4fe1c0 mode 0
Event: 1.543 Thread 0x0000026c5fd65060 DEOPT PACKING pc=0x0000026c4410e6a5 sp=0x000000b03a4fee90
Event: 1.543 Thread 0x0000026c5fd65060 DEOPT UNPACKING pc=0x0000026c4395e77e sp=0x000000b03a4fe360 mode 0
Event: 41.602 Thread 0x0000026c603ce450 Uncommon trap: trap_request=0xffffff45 fr.pc=0x0000026c4b4495a0 relative=0x0000000000000200
Event: 41.602 Thread 0x0000026c603ce450 Uncommon trap: reason=unstable_if action=reinterpret pc=0x0000026c4b4495a0 method=java.util.HashMap$HashIterator.<init>(Ljava/util/HashMap;)V @ 38 c2
Event: 41.602 Thread 0x0000026c603ce450 DEOPT PACKING pc=0x0000026c4b4495a0 sp=0x000000b0397fefc0
Event: 41.602 Thread 0x0000026c603ce450 DEOPT UNPACKING pc=0x0000026c4395f92e sp=0x000000b0397fef68 mode 2

Classes unloaded (0 events):
No events

Classes redefined (0 events):
No events

Internal exceptions (16 events):
Event: 0.066 Thread 0x0000026c3c18b3f0 Exception <a 'java/lang/ClassNotFoundException'{0x0000000713442648}: sun/awt/resources/spi/awtProvider> (0x0000000713442648) 
thrown [t:\workspace\open\src\hotspot\share\classfile\systemDictionary.cpp, line 256]
Event: 0.082 Thread 0x0000026c3c18b3f0 Exception <a 'java/io/FileNotFoundException'{0x000000071349e428}> (0x000000071349e428) 
thrown [t:\workspace\open\src\hotspot\share\prims\jni.cpp, line 579]
Event: 0.088 Thread 0x0000026c3c18b3f0 Exception <a 'java/io/FileNotFoundException'{0x00000007134ccd38}> (0x00000007134ccd38) 
thrown [t:\workspace\open\src\hotspot\share\prims\jni.cpp, line 579]
Event: 0.088 Thread 0x0000026c3c18b3f0 Exception <a 'java/lang/NoSuchMethodError'{0x00000007134ce040}: 'java.lang.Object java.lang.invoke.DirectMethodHandle$Holder.invokeStatic(java.lang.Object)'> (0x00000007134ce040) 
thrown [t:\workspace\open\src\hotspot\share\interpreter\linkResolver.cpp, line 790]
Event: 0.092 Thread 0x0000026c3c18b3f0 Exception <a 'java/lang/NoSuchMethodError'{0x00000007134dc0a0}: 'void java.lang.invoke.DirectMethodHandle$Holder.invokeSpecial(java.lang.Object, java.lang.Object, java.lang.Object)'> (0x00000007134dc0a0) 
thrown [t:\workspace\open\src\hotspot\share\interpreter\linkResolver.cpp, line 790]
Event: 0.118 Thread 0x0000026c3c18b3f0 Exception <a 'java/lang/NoSuchMethodError'{0x000000071357c050}: 'java.lang.Object java.lang.invoke.DirectMethodHandle$Holder.invokeStaticInit(java.lang.Object)'> (0x000000071357c050) 
thrown [t:\workspace\open\src\hotspot\share\interpreter\linkResolver.cpp, line 790]
Event: 0.186 Thread 0x0000026c3c18b3f0 Exception <a 'java/lang/NoSuchMethodError'{0x0000000713151c98}: 'java.lang.Object java.lang.invoke.DirectMethodHandle$Holder.invokeInterface(java.lang.Object, java.lang.Object)'> (0x0000000713151c98) 
thrown [t:\workspace\open\src\hotspot\share\interpreter\linkResolver.cpp, line 790]
Event: 0.186 Thread 0x0000026c3c18b3f0 Exception <a 'java/lang/IncompatibleClassChangeError'{0x00000007131557b8}: Found class java.lang.Object, but interface was expected> (0x00000007131557b8) 
thrown [t:\workspace\open\src\hotspot\share\interpreter\linkResolver.cpp, line 857]
Event: 0.203 Thread 0x0000026c3c18b3f0 Exception <a 'java/lang/NoSuchMethodError'{0x0000000712e1f3f8}: 'java.lang.Object java.lang.invoke.DirectMethodHandle$Holder.invokeStaticInit(java.lang.Object, int, int, int, int)'> (0x0000000712e1f3f8) 
thrown [t:\workspace\open\src\hotspot\share\interpreter\linkResolver.cpp, line 790]
Event: 0.220 Thread 0x0000026c3c18b3f0 Exception <a 'java/lang/NoSuchMethodError'{0x0000000712e7a078}: 'java.lang.Object java.lang.invoke.DirectMethodHandle$Holder.invokeStaticInit(java.lang.Object, java.lang.Object, int, int, int, int)'> (0x0000000712e7a078) 
thrown [t:\workspace\open\src\hotspot\share\interpreter\linkResolver.cpp, line 790]
Event: 0.249 Thread 0x0000026c3c18b3f0 Exception <a 'java/lang/NoSuchMethodError'{0x0000000712e986d8}: 'void java.lang.invoke.DirectMethodHandle$Holder.invokeStatic(java.lang.Object, long)'> (0x0000000712e986d8) 
thrown [t:\workspace\open\src\hotspot\share\interpreter\linkResolver.cpp, line 790]
Event: 0.249 Thread 0x0000026c3c18b3f0 Exception <a 'java/lang/NoSuchMethodError'{0x0000000712e9dee8}: 'java.lang.Object java.lang.invoke.DirectMethodHandle$Holder.newInvokeSpecial(java.lang.Object, long)'> (0x0000000712e9dee8) 
thrown [t:\workspace\open\src\hotspot\share\interpreter\linkResolver.cpp, line 790]
Event: 0.251 Thread 0x0000026c3c18b3f0 Exception <a 'java/lang/NoSuchMethodError'{0x0000000712ea8980}: 'java.lang.Object java.lang.invoke.DirectMethodHandle$Holder.invokeStaticInit(java.lang.Object, java.lang.Object, long, java.lang.Object)'> (0x0000000712ea8980) 
thrown [t:\workspace\open\src\hotspot\share\interpreter\linkResolver.cpp, line 790]
Event: 0.251 Thread 0x0000026c3c18b3f0 Exception <a 'java/lang/NoSuchMethodError'{0x0000000712eaf290}: 'java.lang.Object java.lang.invoke.DirectMethodHandle$Holder.newInvokeSpecial(java.lang.Object, java.lang.Object, long)'> (0x0000000712eaf290) 
thrown [t:\workspace\open\src\hotspot\share\interpreter\linkResolver.cpp, line 790]
Event: 0.251 Thread 0x0000026c3c18b3f0 Exception <a 'java/lang/NoSuchMethodError'{0x0000000712eb3000}: 'java.lang.Object java.lang.invoke.Invokers$Holder.linkToTargetMethod(java.lang.Object, long, java.lang.Object)'> (0x0000000712eb3000) 
thrown [t:\workspace\open\src\hotspot\share\interpreter\linkResolver.cpp, line 790]
Event: 41.580 Thread 0x0000026c5fd665a0 Exception <a 'java/lang/InterruptedException'{0x000000070a300800}> (0x000000070a300800) 
thrown [t:\workspace\open\src\hotspot\share\runtime\objectMonitor.cpp, line 1705]

Events (20 events):
Event: 39.002 Executing  VM operation: G1CollectForAllocation
Event: 39.004 Executing  VM operation: G1CollectForAllocation done
Event: 40.300 Executing  VM operation: G1CollectForAllocation
Event: 40.301 Executing  VM operation: G1CollectForAllocation done
Event: 41.580 Thread 0x0000026c5fd67590 Thread added: 0x0000026c5fd67590
Event: 41.580 Thread 0x0000026c5fd64070 Thread added: 0x0000026c5fd64070
Event: 41.580 Thread 0x0000026c5fd645c0 Thread added: 0x0000026c5fd645c0
Event: 41.580 Thread 0x0000026c5fd665a0 Thread exited: 0x0000026c5fd665a0
Event: 41.580 Executing  VM operation: G1CollectForAllocation
Event: 41.581 Executing  VM operation: G1CollectForAllocation done
Event: 41.581 loading class java/nio/channels/ClosedChannelException
Event: 41.581 loading class java/nio/channels/ClosedChannelException done
Event: 41.581 Thread 0x0000026c5fd64b10 Thread added: 0x0000026c5fd64b10
Event: 41.581 Thread 0x0000026c5fd64070 Thread exited: 0x0000026c5fd64070
Event: 41.581 Thread 0x0000026c6015b370 Thread exited: 0x0000026c6015b370
Event: 41.584 Thread 0x0000026c5fcacca0 Thread exited: 0x0000026c5fcacca0
Event: 41.613 Thread 0x0000026c603ce450 Thread exited: 0x0000026c603ce450
Event: 41.615 Thread 0x0000026c5fd67590 Thread exited: 0x0000026c5fd67590
Event: 41.682 Thread 0x0000026c5fd645c0 Thread exited: 0x0000026c5fd645c0
Event: 41.682 Executing  VM operation: Exit


Dynamic libraries:
0x00007ff649b00000 - 0x00007ff649b10000 	C:\Program Files\Java\jdk-16.0.2\bin\javaw.exe
0x00007ff99d710000 - 0x00007ff99d905000 	C:\windows\SYSTEM32\ntdll.dll
0x00007ff99caa0000 - 0x00007ff99cb5e000 	C:\windows\System32\KERNEL32.DLL
0x00007ff99b0e0000 - 0x00007ff99b3a8000 	C:\windows\System32\KERNELBASE.dll
0x00007ff99b4c0000 - 0x00007ff99b5c0000 	C:\windows\System32\ucrtbase.dll
0x00007ff980f90000 - 0x00007ff980fa8000 	C:\Program Files\Java\jdk-16.0.2\bin\jli.dll
0x00007ff980ea0000 - 0x00007ff980eb9000 	C:\Program Files\Java\jdk-16.0.2\bin\VCRUNTIME140.dll
0x00007ff99cde0000 - 0x00007ff99ce8e000 	C:\windows\System32\ADVAPI32.dll
0x00007ff99cb60000 - 0x00007ff99cbfe000 	C:\windows\System32\msvcrt.dll
0x00007ff99b900000 - 0x00007ff99b99c000 	C:\windows\System32\sechost.dll
0x00007ff99cc00000 - 0x00007ff99cd25000 	C:\windows\System32\RPCRT4.dll
0x00007ff99c8e0000 - 0x00007ff99ca81000 	C:\windows\System32\USER32.dll
0x00007ff99b5c0000 - 0x00007ff99b5e2000 	C:\windows\System32\win32u.dll
0x00007ff99b9b0000 - 0x00007ff99b9db000 	C:\windows\System32\GDI32.dll
0x00007ff979310000 - 0x00007ff9795aa000 	C:\windows\WinSxS\amd64_microsoft.windows.common-controls_6595b64144ccf1df_6.0.19041.1110_none_60b5254171f9507e\COMCTL32.dll
0x00007ff99afa0000 - 0x00007ff99b0ad000 	C:\windows\System32\gdi32full.dll
0x00007ff99aeb0000 - 0x00007ff99af4d000 	C:\windows\System32\msvcp_win.dll
0x00007ff992520000 - 0x00007ff99252a000 	C:\windows\SYSTEM32\VERSION.dll
0x00007ff99cf60000 - 0x00007ff99cf90000 	C:\windows\System32\IMM32.DLL
0x00007ff981ec0000 - 0x00007ff981ecc000 	C:\Program Files\Java\jdk-16.0.2\bin\vcruntime140_1.dll
0x00007ff967540000 - 0x00007ff9675d1000 	C:\Program Files\Java\jdk-16.0.2\bin\msvcp140.dll
0x00007ff909780000 - 0x00007ff90a32b000 	C:\Program Files\Java\jdk-16.0.2\bin\server\jvm.dll
0x00007ff99ca90000 - 0x00007ff99ca98000 	C:\windows\System32\PSAPI.DLL
0x00007ff980e90000 - 0x00007ff980e99000 	C:\windows\SYSTEM32\WSOCK32.dll
0x00007ff976510000 - 0x00007ff976537000 	C:\windows\SYSTEM32\WINMM.dll
0x00007ff99d110000 - 0x00007ff99d17b000 	C:\windows\System32\WS2_32.dll
0x00007ff9996a0000 - 0x00007ff9996b2000 	C:\windows\SYSTEM32\kernel.appcore.dll
0x00007ff97d6f0000 - 0x00007ff97d6fa000 	C:\Program Files\Java\jdk-16.0.2\bin\jimage.dll
0x00007ff9993a0000 - 0x00007ff999584000 	C:\windows\SYSTEM32\DBGHELP.DLL
0x00007ff981ee0000 - 0x00007ff981f0c000 	C:\windows\SYSTEM32\dbgcore.DLL
0x00007ff99ae20000 - 0x00007ff99aea2000 	C:\windows\System32\bcryptPrimitives.dll
0x00007ff974ed0000 - 0x00007ff974ef5000 	C:\Program Files\Java\jdk-16.0.2\bin\java.dll
0x00007ff99bb60000 - 0x00007ff99c2a4000 	C:\windows\System32\SHELL32.dll
0x00007ff998b30000 - 0x00007ff9992c5000 	C:\windows\SYSTEM32\windows.storage.dll
0x00007ff99c2b0000 - 0x00007ff99c605000 	C:\windows\System32\combase.dll
0x00007ff99a800000 - 0x00007ff99a82e000 	C:\windows\SYSTEM32\Wldp.dll
0x00007ff99ceb0000 - 0x00007ff99cf5d000 	C:\windows\System32\SHCORE.dll
0x00007ff99c740000 - 0x00007ff99c795000 	C:\windows\System32\shlwapi.dll
0x00007ff99ad60000 - 0x00007ff99ad7f000 	C:\windows\SYSTEM32\profapi.dll
0x00007ff976df0000 - 0x00007ff976e09000 	C:\Program Files\Java\jdk-16.0.2\bin\net.dll
0x00007ff995870000 - 0x00007ff99597c000 	C:\windows\SYSTEM32\WINHTTP.dll
0x00007ff99a560000 - 0x00007ff99a5ca000 	C:\windows\system32\mswsock.dll
0x00007ff974f10000 - 0x00007ff974f23000 	C:\Program Files\Java\jdk-16.0.2\bin\nio.dll
0x00007ff974360000 - 0x00007ff974378000 	C:\Program Files\Java\jdk-16.0.2\bin\zip.dll
0x00007ff97a2f0000 - 0x00007ff97a300000 	C:\Program Files\Java\jdk-16.0.2\bin\verify.dll
0x00007ff95c710000 - 0x00007ff95c890000 	C:\Program Files\Java\jdk-16.0.2\bin\awt.dll
0x00007ff99d600000 - 0x00007ff99d6cd000 	C:\windows\System32\OLEAUT32.dll
0x00007ff998270000 - 0x00007ff998300000 	C:\windows\SYSTEM32\apphelp.dll
0x00007ff9983d0000 - 0x00007ff99846e000 	C:\windows\system32\uxtheme.dll
0x00007ff99cf90000 - 0x00007ff99d0a5000 	C:\windows\System32\MSCTF.dll
0x00007ff99c610000 - 0x00007ff99c73a000 	C:\windows\System32\ole32.dll
0x00007ff998560000 - 0x00007ff99858f000 	C:\windows\system32\DWMAPI.DLL
0x00007ff95ea10000 - 0x00007ff95eb35000 	C:\windows\system32\opengl32.dll
0x00007ff9615f0000 - 0x00007ff96161c000 	C:\windows\SYSTEM32\GLU32.dll
0x00007ff99a750000 - 0x00007ff99a768000 	C:\windows\SYSTEM32\CRYPTSP.dll
0x00007ff999ee0000 - 0x00007ff999f14000 	C:\windows\system32\rsaenh.dll
0x00007ff99b0b0000 - 0x00007ff99b0d7000 	C:\windows\System32\bcrypt.dll
0x00007ff99ace0000 - 0x00007ff99ad0e000 	C:\windows\SYSTEM32\USERENV.dll
0x00007ff99a770000 - 0x00007ff99a77c000 	C:\windows\SYSTEM32\CRYPTBASE.dll
0x00007ff99a250000 - 0x00007ff99a28b000 	C:\windows\SYSTEM32\IPHLPAPI.DLL
0x00007ff99b9a0000 - 0x00007ff99b9a8000 	C:\windows\System32\NSI.dll
0x00007ff992f50000 - 0x00007ff992f67000 	C:\windows\SYSTEM32\dhcpcsvc6.DLL
0x00007ff993190000 - 0x00007ff9931ad000 	C:\windows\SYSTEM32\dhcpcsvc.DLL
0x00007ff99a2e0000 - 0x00007ff99a3ab000 	C:\windows\SYSTEM32\DNSAPI.dll
0x00000000637c0000 - 0x00000000637cd000 	C:\Users\sethr\AppData\Local\Temp\jogamp_0000\file_cache\jln7587242657879540609\jln10694883768235937510\natives\windows-amd64\gluegen-rt.dll
0x00007ff9976f0000 - 0x00007ff9976f7000 	C:\Program Files\Java\jdk-16.0.2\bin\jawt.dll
0x000000006a440000 - 0x000000006a44d000 	C:\Users\sethr\AppData\Local\Temp\jogamp_0000\file_cache\jln7587242657879540609\jln10694883768235937510\natives\windows-amd64\nativewindow_awt.dll
0x000000006c100000 - 0x000000006c10f000 	C:\Users\sethr\AppData\Local\Temp\jogamp_0000\file_cache\jln7587242657879540609\jln10694883768235937510\natives\windows-amd64\nativewindow_win32.dll
0x000000006cbc0000 - 0x000000006cbd3000 	C:\Users\sethr\AppData\Local\Temp\jogamp_0000\file_cache\jln7587242657879540609\jln10694883768235937510\natives\windows-amd64\newt.dll
0x00007ff994e80000 - 0x00007ff994f2e000 	C:\windows\SYSTEM32\mscms.dll
0x00007ff994e60000 - 0x00007ff994e71000 	C:\windows\SYSTEM32\ColorAdapterClient.dll
0x00007ff9932f0000 - 0x00007ff993333000 	C:\windows\SYSTEM32\icm32.dll
0x00007ff99d180000 - 0x00007ff99d5f2000 	C:\windows\System32\setupapi.dll
0x00007ff99af50000 - 0x00007ff99af9e000 	C:\windows\System32\cfgmgr32.dll
0x00007ff99ab50000 - 0x00007ff99ab84000 	C:\windows\SYSTEM32\DEVOBJ.dll
0x00007ff99b460000 - 0x00007ff99b4c0000 	C:\windows\System32\WINTRUST.dll
0x00007ff99b5f0000 - 0x00007ff99b746000 	C:\windows\System32\CRYPT32.dll
0x00007ff99a990000 - 0x00007ff99a9a2000 	C:\windows\SYSTEM32\MSASN1.dll
0x0000000064500000 - 0x00000000645b1000 	C:\Users\sethr\AppData\Local\Temp\jogamp_0000\file_cache\jln7587242657879540609\jln10694883768235937510\natives\windows-amd64\jogl_desktop.dll
0x0000000064340000 - 0x00000000643a2000 	C:\Users\sethr\AppData\Local\Temp\jogamp_0000\file_cache\jln7587242657879540609\jln10694883768235937510\natives\windows-amd64\jogl_mobile.dll
0x00007ff99cd30000 - 0x00007ff99cdd9000 	C:\windows\System32\clbcatq.dll
0x00007ff9050e0000 - 0x00007ff9060e0000 	C:\windows\System32\DriverStore\FileRepository\iigd_dch.inf_amd64_14d6d9e2312c79ae\igxelpicd64.dll
0x00007ff999710000 - 0x00007ff999804000 	C:\windows\system32\dxgi.dll
0x00007ff909310000 - 0x00007ff909774000 	C:\windows\System32\DriverStore\FileRepository\iigd_dch.inf_amd64_14d6d9e2312c79ae\igdml64.dll
0x00007ff98f480000 - 0x00007ff98f83d000 	C:\windows\System32\DriverStore\FileRepository\iigd_dch.inf_amd64_14d6d9e2312c79ae\igdgmm64.dll
0x00007ff982590000 - 0x00007ff9857c8000 	C:\windows\System32\DriverStore\FileRepository\iigd_dch.inf_amd64_14d6d9e2312c79ae\igc64.dll
0x00007ff99abe0000 - 0x00007ff99ac2b000 	C:\windows\SYSTEM32\powrprof.dll
0x00007ff99abc0000 - 0x00007ff99abd2000 	C:\windows\SYSTEM32\UMPDC.dll
0x00007ff979210000 - 0x00007ff979309000 	C:\windows\SYSTEM32\textinputframework.dll
0x00007ff997cd0000 - 0x00007ff99802e000 	C:\windows\System32\CoreUIComponents.dll
0x00007ff998030000 - 0x00007ff998122000 	C:\windows\System32\CoreMessaging.dll
0x00007ff999b10000 - 0x00007ff999b43000 	C:\windows\SYSTEM32\ntmarta.dll
0x00007ff997520000 - 0x00007ff997674000 	C:\windows\SYSTEM32\wintypes.dll
0x00007ff962050000 - 0x00007ff9620b6000 	C:\windows\system32\Oleacc.dll

dbghelp: loaded successfully - version: 4.0.5 - missing functions: none
symbol engine: initialized successfully - sym options: 0x614 - pdb path: .;C:\Program Files\Java\jdk-16.0.2\bin;C:\windows\SYSTEM32;C:\windows\WinSxS\amd64_microsoft.windows.common-controls_6595b64144ccf1df_6.0.19041.1110_none_60b5254171f9507e;C:\Program Files\Java\jdk-16.0.2\bin\server;C:\Users\sethr\AppData\Local\Temp\jogamp_0000\file_cache\jln7587242657879540609\jln10694883768235937510\natives\windows-amd64;C:\windows\System32\DriverStore\FileRepository\iigd_dch.inf_amd64_14d6d9e2312c79ae

VM Arguments:
jvm_args: -Dfile.encoding=Cp1252 -XX:+ShowCodeDetailsInExceptionMessages 
java_command: crystalsimulation.Main
java_class_path (initial): C:\Users\sethr\eclipse-workspace\crystalsimulation\target\classes;C:\Users\sethr\.m2\repository\org\processing\core\3.3.6\core-3.3.6.jar;C:\Users\sethr\.m2\repository\org\jogamp\gluegen\gluegen-rt-main\2.3.2\gluegen-rt-main-2.3.2.jar;C:\Users\sethr\.m2\repository\org\jogamp\gluegen\gluegen-rt\2.3.2\gluegen-rt-2.3.2.jar;C:\Users\sethr\.m2\repository\org\jogamp\gluegen\gluegen-rt\2.3.2\gluegen-rt-2.3.2-natives-android-aarch64.jar;C:\Users\sethr\.m2\repository\org\jogamp\gluegen\gluegen-rt\2.3.2\gluegen-rt-2.3.2-natives-android-armv6.jar;C:\Users\sethr\.m2\repository\org\jogamp\gluegen\gluegen-rt\2.3.2\gluegen-rt-2.3.2-natives-linux-amd64.jar;C:\Users\sethr\.m2\repository\org\jogamp\gluegen\gluegen-rt\2.3.2\gluegen-rt-2.3.2-natives-linux-armv6.jar;C:\Users\sethr\.m2\repository\org\jogamp\gluegen\gluegen-rt\2.3.2\gluegen-rt-2.3.2-natives-linux-armv6hf.jar;C:\Users\sethr\.m2\repository\org\jogamp\gluegen\gluegen-rt\2.3.2\gluegen-rt-2.3.2-natives-linux-i586.jar;C:\Users\sethr\.m2\repository\org\jogamp\gluegen\gluegen-rt\2.3.2\gluegen-rt-2.3.2-natives-macosx-universal.jar;C:\Users\sethr\.m2\repository\org\jogamp\gluegen\gluegen-rt\2.3.2\gluegen-rt-2.3.2-natives-solaris-amd64.jar;C:\Users\sethr\.m2\repository\org\jogamp\gluegen\gluegen-rt\2.3.2\gluegen-rt-2.3.2-natives-solaris-i586.jar;C:\Users\sethr\.m2\repository\org\jogamp\gluegen\gluegen-rt\2.3.2\gluegen-rt-2.3.2-natives-windows-amd64.jar;C:\Users\sethr\.m2\repository\org\jogamp\gluegen\gluegen-rt\2.3.2\gluegen-rt-2.3.2-natives-windows-i586.jar;C:\Users\sethr\.m2\repository\org\jogamp\jogl\jogl-all-main\2.3.2\jogl-all-main-2.3.2.jar;C:\Users\sethr\.m2\repository\org\jogamp\jogl\jogl-all\2.3.2\jogl-all-2.3.2.jar;C:\Users\sethr\.m2\repository\org\jogamp\jogl\jogl-all\2.3.2\jogl-all-2.3.2-natives-android-aarch64.jar;C:\Users\sethr\.m2\repository\org\jogamp\jogl\jogl-all\2.3.2\jogl-all-2.3.2-natives-android-armv6.jar;C:\Users\sethr\.m2\repository\org\jogamp\jogl\jogl-all\2.3.2\jogl-all-2.3.2-nat
Launcher Type: SUN_STANDARD

[Global flags]
     intx CICompilerCount                          = 4                                         {product} {ergonomic}
     uint ConcGCThreads                            = 2                                         {product} {ergonomic}
     uint G1ConcRefinementThreads                  = 8                                         {product} {ergonomic}
   size_t G1HeapRegionSize                         = 2097152                                   {product} {ergonomic}
    uintx GCDrainStackTargetSize                   = 64                                        {product} {ergonomic}
   size_t InitialHeapSize                          = 266338304                                 {product} {ergonomic}
   size_t MarkStackSize                            = 4194304                                   {product} {ergonomic}
   size_t MaxHeapSize                              = 4234149888                                {product} {ergonomic}
   size_t MaxNewSize                               = 2539651072                                {product} {ergonomic}
   size_t MinHeapDeltaBytes                        = 2097152                                   {product} {ergonomic}
   size_t MinHeapSize                              = 8388608                                   {product} {ergonomic}
    uintx NonNMethodCodeHeapSize                   = 5839372                                {pd product} {ergonomic}
    uintx NonProfiledCodeHeapSize                  = 122909434                              {pd product} {ergonomic}
    uintx ProfiledCodeHeapSize                     = 122909434                              {pd product} {ergonomic}
    uintx ReservedCodeCacheSize                    = 251658240                              {pd product} {ergonomic}
     bool SegmentedCodeCache                       = true                                      {product} {ergonomic}
     bool ShowCodeDetailsInExceptionMessages       = true                                   {manageable} {command line}
   size_t SoftMaxHeapSize                          = 4234149888                             {manageable} {ergonomic}
     bool UseCompressedClassPointers               = true                           {product lp64_product} {ergonomic}
     bool UseCompressedOops                        = true                           {product lp64_product} {ergonomic}
     bool UseG1GC                                  = true                                      {product} {ergonomic}
     bool UseLargePagesIndividualAllocation        = false                                  {pd product} {ergonomic}

Logging:
Log output configuration:
 #0: stdout all=off uptime,level,tags
 #1: stderr all=off uptime,level,tags

Environment Variables:
PATH=C:\Program Files\Oculus\Support\oculus-runtime;C:\Program Files\Common Files\Oracle\Java\javapath;C:\windows\system32;C:\windows;C:\windows\System32\Wbem;C:\windows\System32\WindowsPowerShell\v1.0\;C:\windows\System32\OpenSSH\;C:\MinGW\mingw32\bin;C:\ProgramData\chocolatey\bin;C:\ProgramData\chocolatey\bin\make.exe;C:\Program Files\Git\cmd;C:\Program Files\nodejs\;C:\Users\sethr\AppData\Local\Programs\Python\Python39\Scripts\;C:\Users\sethr\AppData\Local\Programs\Python\Python39\;C:\Users\sethr\AppData\Local\Microsoft\WindowsApps;C:\Users\sethr\AppData\Local\Programs\Microsoft VS Code\bin;C:\Users\sethr\AppData\Local\GitHubDesktop\bin;C:\Users\sethr\AppData\Roaming\npm
USERNAME=sethr
OS=Windows_NT
PROCESSOR_IDENTIFIER=Intel64 Family 6 Model 140 Stepping 1, GenuineIntel



---------------  S Y S T E M  ---------------

OS:
 Windows 10 , 64 bit Build 19041 (10.0.19041.1466)
OS uptime: 2 days 6:34 hours

CPU: total 8 (initial active 8) (4 cores per cpu, 2 threads per core) family 6 model 140 stepping 1 microcode 0x86, cx8, cmov, fxsr, ht, mmx, 3dnowpref, sse, sse2, sse3, ssse3, sse4.1, sse4.2, popcnt, lzcnt, tsc, tscinvbit, avx, avx2, aes, erms, clmul, bmi1, bmi2, adx, avx512f, avx512dq, avx512cd, avx512bw, avx512vl, sha, fma, vzeroupper, avx512_vpopcntdq, avx512_vpclmulqdq, avx512_vaes, avx512_vnni, clflush, clflushopt, clwb, avx512_vmbi2, avx512_vmbi

Memory: 4k page, system-wide physical 16149M (8139M free)
TotalPageFile size 30485M (AvailPageFile size 17092M)
current process WorkingSet (physical memory assigned to process): 399M, peak: 412M
current process commit charge ("private bytes"): 473M, peak: 497M

vm_info: Java HotSpot(TM) 64-Bit Server VM (16.0.2+7-67) for windows-amd64 JRE (16.0.2+7-67), built on Jun  8 2021 23:24:19 by "mach5one" with MS VC++ 16.7 (VS2019)

END.
