#
# A fatal error has been detected by the Java Runtime Environment:
#
#  EXCEPTION_ACCESS_VIOLATION (0xc0000005) at pc=0x00007ff92f982c4c, pid=740, tid=21764
#
# JRE version: Java(TM) SE Runtime Environment (16.0.2+7) (build 16.0.2+7-67)
# Java VM: Java HotSpot(TM) 64-Bit Server VM (16.0.2+7-67, mixed mode, sharing, tiered, compressed oops, compressed class ptrs, g1 gc, windows-amd64)
# Problematic frame:
# C  [igxelpicd64.dll+0x282c4c]
#
# No core dump will be written. Minidumps are not enabled by default on client versions of Windows
#
# If you would like to submit a bug report, please visit:
#   https://bugreport.java.com/bugreport/crash.jsp
#

---------------  S U M M A R Y ------------

Command Line: -Dfile.encoding=Cp1252 -XX:+ShowCodeDetailsInExceptionMessages crystalsimulation.Main

Host: 11th Gen Intel(R) Core(TM) i7-1165G7 @ 2.80GHz, 8 cores, 15G,  Windows 10 , 64 bit Build 19041 (10.0.19041.1466)
Time: Wed Jan 26 23:53:16 2022 Eastern Standard Time elapsed time: 38.519643 seconds (0d 0h 0m 38s)

---------------  T H R E A D  ---------------

Current thread (0x0000019a4a5d8180):  VMThread "VM Thread" [stack: 0x0000009769f00000,0x000000976a000000] [id=21764]

Stack: [0x0000009769f00000,0x000000976a000000],  sp=0x0000009769ffe860,  free space=1018k
Native frames: (J=compiled Java code, j=interpreted, Vv=VM code, C=native code)
C  [igxelpicd64.dll+0x282c4c]


siginfo: EXCEPTION_ACCESS_VIOLATION (0xc0000005), reading address 0x00000000000356f8


Register to memory mapping:

RIP=0x00007ff92f982c4c igxelpicd64.dll
RAX=0x0000019a4b173c90 points into unknown readable memory: 0x000000000000774c | 4c 77 00 00 00 00 00 00
RBX=0x0000019a4bca6e00 points into unknown readable memory: 0xffffffffffffffff | ff ff ff ff ff ff ff ff
RCX=0x0 is NULL
RDX=0x0000000000000002 is an unknown value
RSP=0x0000009769ffe860 points into unknown readable memory: 0x0000019a4bca6e00 | 00 6e ca 4b 9a 01 00 00
RBP=0x0000000000000016 is an unknown value
RSI=0x0000019a4caec410 points into unknown readable memory: 0x0000000000000000 | 00 00 00 00 00 00 00 00
RDI=0x0 is NULL
R8 =0x0000000000000014 is an unknown value
R9 =0x0 is NULL
R10=0x0 is NULL
R11=0x0000000000000246 is an unknown value
R12=0x0000019a4b1740c8 points into unknown readable memory: 0x0000019a4b171520 | 20 15 17 4b 9a 01 00 00
R13=0x0 is NULL
R14=0x0000019a4b173b00 points into unknown readable memory: 0x0000019a4caf0150 | 50 01 af 4c 9a 01 00 00
R15=0x0 is NULL


Registers:
RAX=0x0000019a4b173c90, RBX=0x0000019a4bca6e00, RCX=0x0000000000000000, RDX=0x0000000000000002
RSP=0x0000009769ffe860, RBP=0x0000000000000016, RSI=0x0000019a4caec410, RDI=0x0000000000000000
R8 =0x0000000000000014, R9 =0x0000000000000000, R10=0x0000000000000000, R11=0x0000000000000246
R12=0x0000019a4b1740c8, R13=0x0000000000000000, R14=0x0000019a4b173b00, R15=0x0000000000000000
RIP=0x00007ff92f982c4c, EFLAGS=0x0000000000010206

Top of Stack: (sp=0x0000009769ffe860)
0x0000009769ffe860:   0000019a4bca6e00 00007ff99c8fd859
0x0000009769ffe870:   0000009769ffe8f8 0000000000000000
0x0000009769ffe880:   0000000000000054 0000019a4bca6e00
0x0000009769ffe890:   0000009769ffeab0 00007ff99d7b0ba4
0x0000009769ffe8a0:   0000009769ffea10 0000000000000000
0x0000009769ffe8b0:   0000019a25840b54 0000019a4ccc3eb8
0x0000009769ffe8c0:   000000000000775d 0000000000000000
0x0000009769ffe8d0:   0000000000000014 0000000000000000
0x0000009769ffe8e0:   0000000000000000 0000009769ffea00
0x0000009769ffe8f0:   0000019a4caec410 00007ff92f7b769c
0x0000009769ffe900:   0000019a00000016 0000019a4b171520
0x0000009769ffe910:   0000009769458000 00007ff99d72d200
0x0000009769ffe920:   00000097000009e4 0000b80234c50000
0x0000009769ffe930:   0000000000000000 0000019a25830000
0x0000009769ffe940:   00007ff99d7778c0 00000004f46857d4
0x0000009769ffe950:   00000000000004b4 0000019a25831c04 

Instructions: (pc=0x00007ff92f982c4c)
0x00007ff92f982b4c:   41 bf 20 00 00 00 48 8b 04 38 4d 8b 3c 07 0f b6
0x00007ff92f982b5c:   bc 24 b0 00 00 00 4c 3b 3d d7 f8 cb 00 41 0f 44
0x00007ff92f982b6c:   e9 89 ac 24 a0 00 00 00 48 85 c9 0f 84 d4 07 00
0x00007ff92f982b7c:   00 0f 1f 00 4c 8b f1 4c 8d a1 c8 05 00 00 49 8b
0x00007ff92f982b8c:   04 24 48 89 84 24 a8 00 00 00 40 84 ff 74 10 48
0x00007ff92f982b9c:   8b d1 48 8b 09 e8 ea 8d e3 ff e9 4f 07 00 00 8b
0x00007ff92f982bac:   96 d0 01 00 00 48 8b 05 58 dd bb 00 83 b8 64 03
0x00007ff92f982bbc:   00 00 02 0f 85 19 02 00 00 83 fa 10 73 0e 48 8d
0x00007ff92f982bcc:   42 04 48 8d 04 c2 48 8d 04 c1 eb 60 8d 4a f0 8b
0x00007ff92f982bdc:   c1 c1 e8 04 83 f8 03 73 1d 0f ae e8 83 e1 0f 4d
0x00007ff92f982bec:   8b 84 c6 80 05 00 00 4d 85 c0 74 25 48 8d 0c c9
0x00007ff92f982bfc:   49 8d 04 c8 eb 36 49 8b 86 98 05 00 00 48 85 c0
0x00007ff92f982c0c:   74 0f 66 90 39 10 74 2f 48 8b 40 50 48 85 c0 75
0x00007ff92f982c1c:   f3 41 80 be a0 05 00 00 00 74 22 8b c2 83 e0 0f
0x00007ff92f982c2c:   48 8d 04 c0 48 8d 40 20 49 8d 04 c6 48 85 c0 74
0x00007ff92f982c3c:   0c 48 8b 48 08 eb 09 48 83 c0 08 eb ef 49 8b c9
0x00007ff92f982c4c:   49 3b 8f f8 56 03 00 0f 86 85 01 00 00 83 fa 10
0x00007ff92f982c5c:   73 0a 48 8d 42 04 48 8d 04 c2 eb 5c 8d 4a f0 8b
0x00007ff92f982c6c:   c1 c1 e8 04 83 f8 03 73 1d 0f ae e8 83 e1 0f 4d
0x00007ff92f982c7c:   8b 84 c6 80 05 00 00 4d 85 c0 74 25 48 8d 0c c9
0x00007ff92f982c8c:   49 8d 04 c8 eb 36 49 8b 86 98 05 00 00 48 85 c0
0x00007ff92f982c9c:   74 0f 66 90 39 10 74 2f 48 8b 40 50 48 85 c0 75
0x00007ff92f982cac:   f3 41 80 be a0 05 00 00 00 74 22 8b c2 83 e0 0f
0x00007ff92f982cbc:   48 8d 04 c0 48 8d 40 20 49 8d 04 c6 48 85 c0 74
0x00007ff92f982ccc:   0c 48 8b 48 08 eb 09 48 83 c0 08 eb ef 49 8b c9
0x00007ff92f982cdc:   49 3b 8e 40 06 00 00 0f 86 f5 00 00 00 48 8b 86
0x00007ff92f982cec:   80 02 00 00 49 89 04 24 4c 89 b6 80 02 00 00 ff
0x00007ff92f982cfc:   86 88 02 00 00 ba 01 00 00 00 49 8b 4e 08 e8 41
0x00007ff92f982d0c:   28 59 00 0f b7 c8 48 2b c1 48 05 00 00 01 00 48
0x00007ff92f982d1c:   01 86 90 02 00 00 ba 01 00 00 00 49 8b 4e 08 e8
0x00007ff92f982d2c:   20 28 59 00 48 01 86 a0 02 00 00 85 ed 74 75 49
0x00007ff92f982d3c:   8b 9f 58 4f 03 00 0f 57 c0 f3 0f 7f 44 24 30 c7 


Stack slot to memory mapping:
stack at sp + 0 slots: 0x0000019a4bca6e00 points into unknown readable memory: 0xffffffffffffffff | ff ff ff ff ff ff ff ff
stack at sp + 1 slots: 0x00007ff99c8fd859 USER32.dll
stack at sp + 2 slots: 0x0000009769ffe8f8 points into unknown readable memory: 0x00007ff92f7b769c | 9c 76 7b 2f f9 7f 00 00
stack at sp + 3 slots: 0x0 is NULL
stack at sp + 4 slots: 0x0000000000000054 is an unknown value
stack at sp + 5 slots: 0x0000019a4bca6e00 points into unknown readable memory: 0xffffffffffffffff | ff ff ff ff ff ff ff ff
stack at sp + 6 slots: 0x0000009769ffeab0 points into unknown readable memory: 0x0000000000000000 | 00 00 00 00 00 00 00 00
stack at sp + 7 slots: 0x00007ff99d7b0ba4 ntdll.dll

VM_Operation (0x000000976bcfe3c0): Exit, mode: safepoint, requested by thread 0x0000019a4cbd4140


---------------  P R O C E S S  ---------------

Threads class SMR info:
_java_thread_list=0x0000019a4d639ad0, length=15, elements={
0x0000019a4a5dcf80, 0x0000019a4a5dfaa0, 0x0000019a4a5f00f0, 0x0000019a4a5f2a10,
0x0000019a4a600360, 0x0000019a4a601d90, 0x0000019a4a605eb0, 0x0000019a4a618800,
0x0000019a4b10afc0, 0x0000019a4b10c500, 0x0000019a4b10ba60, 0x0000019a4b10d4f0,
0x0000019a4cbd4140, 0x0000019a4cbd0180, 0x0000019a4cbd36a0
}

Java Threads: ( => current thread )
  0x0000019a4a5dcf80 JavaThread "Reference Handler" daemon [_thread_blocked, id=23128, stack(0x000000976a000000,0x000000976a100000)]
  0x0000019a4a5dfaa0 JavaThread "Finalizer" daemon [_thread_blocked, id=11576, stack(0x000000976a100000,0x000000976a200000)]
  0x0000019a4a5f00f0 JavaThread "Attach Listener" daemon [_thread_blocked, id=24572, stack(0x000000976a300000,0x000000976a400000)]
  0x0000019a4a5f2a10 JavaThread "Service Thread" daemon [_thread_blocked, id=19100, stack(0x000000976a400000,0x000000976a500000)]
  0x0000019a4a600360 JavaThread "Monitor Deflation Thread" daemon [_thread_blocked, id=20572, stack(0x000000976a500000,0x000000976a600000)]
  0x0000019a4a601d90 JavaThread "C2 CompilerThread0" daemon [_thread_blocked, id=23880, stack(0x000000976a600000,0x000000976a700000)]
  0x0000019a4a605eb0 JavaThread "C1 CompilerThread0" daemon [_thread_blocked, id=18760, stack(0x000000976a700000,0x000000976a800000)]
  0x0000019a4a618800 JavaThread "Sweeper thread" daemon [_thread_blocked, id=24852, stack(0x000000976a800000,0x000000976a900000)]
  0x0000019a4b10afc0 JavaThread "Notification Thread" daemon [_thread_blocked, id=24260, stack(0x000000976a900000,0x000000976aa00000)]
  0x0000019a4b10c500 JavaThread "Common-Cleaner" daemon [_thread_blocked, id=19956, stack(0x000000976ab00000,0x000000976ac00000)]
  0x0000019a4b10ba60 JavaThread "Java2D Disposer" daemon [_thread_blocked, id=24268, stack(0x000000976ac00000,0x000000976ad00000)]
  0x0000019a4b10d4f0 JavaThread "HighResTimerThread" daemon [_thread_blocked, id=7752, stack(0x000000976ad00000,0x000000976ae00000)]
  0x0000019a4cbd4140 JavaThread "main-FPSAWTAnimator#00-Timer0" [_thread_blocked, id=15148, stack(0x000000976bc00000,0x000000976bd00000)]
  0x0000019a4cbd0180 JavaThread "DestroyJavaVM" [_thread_blocked, id=9560, stack(0x0000009769900000,0x0000009769a00000)]
  0x0000019a4cbd36a0 JavaThread "AWT-Shutdown" [_thread_blocked, id=24592, stack(0x000000976af00000,0x000000976b000000)]

Other Threads:
=>0x0000019a4a5d8180 VMThread "VM Thread" [stack: 0x0000009769f00000,0x000000976a000000] [id=21764]
  0x0000019a27b1c300 GCTaskThread "GC Thread#0" [stack: 0x0000009769a00000,0x0000009769b00000] [id=21652]
  0x0000019a4cd26540 GCTaskThread "GC Thread#1" [stack: 0x000000976b500000,0x000000976b600000] [id=13804]
  0x0000019a4cd28430 GCTaskThread "GC Thread#2" [stack: 0x000000976b600000,0x000000976b700000] [id=4992]
  0x0000019a4cd27b00 GCTaskThread "GC Thread#3" [stack: 0x000000976b700000,0x000000976b800000] [id=13304]
  0x0000019a4cd268a0 GCTaskThread "GC Thread#4" [stack: 0x000000976b800000,0x000000976b900000] [id=13248]
  0x0000019a4cd27e10 GCTaskThread "GC Thread#5" [stack: 0x000000976b900000,0x000000976ba00000] [id=20868]
  0x0000019a4cd271d0 GCTaskThread "GC Thread#6" [stack: 0x000000976ba00000,0x000000976bb00000] [id=24432]
  0x0000019a4cd26bb0 GCTaskThread "GC Thread#7" [stack: 0x000000976bb00000,0x000000976bc00000] [id=15540]
  0x0000019a27b2e750 ConcurrentGCThread "G1 Main Marker" terminated
  0x0000019a27b2f150 ConcurrentGCThread "G1 Conc#0" [stack: 0x0000009769c00000,0x0000009769d00000] [id=20428]
  0x0000019a27ba94c0 ConcurrentGCThread "G1 Refine#0" terminated
  0x0000019a4a4934d0 ConcurrentGCThread "G1 Service" terminated

Threads with active compile tasks:

VM state: at safepoint (shutting down)

VM Mutex/Monitor currently owned by a thread:  ([mutex/lock_event])
[0x0000019a27ac97f0] Threads_lock - owner thread: 0x0000019a4a5d8180
[0x0000019a27ac8cb0] Heap_lock - owner thread: 0x0000019a4cbd4140

Heap address: 0x0000000703a00000, size: 4038 MB, Compressed Oops mode: Zero based, Oop shift amount: 3

CDS archive(s) mapped at: [0x0000000800000000-0x0000000800bb0000-0x0000000800bb0000), size 12255232, SharedBaseAddress: 0x0000000800000000, ArchiveRelocationMode: 0.
Compressed class space mapped at: 0x0000000800c00000-0x0000000840c00000, reserved size: 1073741824
Narrow klass base: 0x0000000800000000, Narrow klass shift: 3, Narrow klass range: 0x100000000

GC Precious Log:
 CPUs: 8 total, 8 available
 Memory: 16149M
 Large Page Support: Disabled
 NUMA Support: Disabled
 Compressed Oops: Enabled (Zero based)
 Heap Region Size: 2M
 Heap Min Capacity: 8M
 Heap Initial Capacity: 254M
 Heap Max Capacity: 4038M
 Pre-touch: Disabled
 Parallel Workers: 8
 Concurrent Workers: 2
 Concurrent Refinement Workers: 8
 Periodic GC: Disabled

Heap:
 garbage-first heap   total 376832K, used 145471K [0x0000000703a00000, 0x0000000800000000)
  region size 2048K, 70 young (143360K), 1 survivors (2048K)
 Metaspace       used 12772K, committed 12992K, reserved 1064960K
  class space    used 883K, committed 960K, reserved 1048576K

Heap Regions: E=young(eden), S=young(survivor), O=old, HS=humongous(starts), HC=humongous(continues), CS=collection set, F=free, OA=open archive, CA=closed archive, TAMS=top-at-mark-start (previous, next)
|   0|0x0000000703a00000, 0x0000000703c00000, 0x0000000703c00000|100%| O|  |TAMS 0x0000000703a00000, 0x0000000703a00000| Untracked 
|   1|0x0000000703c00000, 0x0000000703e00000, 0x0000000703e00000|100%| O|  |TAMS 0x0000000703c00000, 0x0000000703c00000| Untracked 
|   2|0x0000000703e00000, 0x0000000704000000, 0x0000000704000000|100%| O|  |TAMS 0x0000000703e00000, 0x0000000703e00000| Untracked 
|   3|0x0000000704000000, 0x0000000704006400, 0x0000000704200000|  1%| O|  |TAMS 0x0000000704000000, 0x0000000704000000| Untracked 
|   4|0x0000000704200000, 0x0000000704200000, 0x0000000704400000|  0%| F|  |TAMS 0x0000000704200000, 0x0000000704200000| Untracked 
|   5|0x0000000704400000, 0x0000000704400000, 0x0000000704600000|  0%| F|  |TAMS 0x0000000704400000, 0x0000000704400000| Untracked 
|   6|0x0000000704600000, 0x0000000704600000, 0x0000000704800000|  0%| F|  |TAMS 0x0000000704600000, 0x0000000704600000| Untracked 
|   7|0x0000000704800000, 0x0000000704800000, 0x0000000704a00000|  0%| F|  |TAMS 0x0000000704800000, 0x0000000704800000| Untracked 
|   8|0x0000000704a00000, 0x0000000704a00000, 0x0000000704c00000|  0%| F|  |TAMS 0x0000000704a00000, 0x0000000704a00000| Untracked 
|   9|0x0000000704c00000, 0x0000000704c00000, 0x0000000704e00000|  0%| F|  |TAMS 0x0000000704c00000, 0x0000000704c00000| Untracked 
|  10|0x0000000704e00000, 0x0000000704e00000, 0x0000000705000000|  0%| F|  |TAMS 0x0000000704e00000, 0x0000000704e00000| Untracked 
|  11|0x0000000705000000, 0x0000000705000000, 0x0000000705200000|  0%| F|  |TAMS 0x0000000705000000, 0x0000000705000000| Untracked 
|  12|0x0000000705200000, 0x0000000705200000, 0x0000000705400000|  0%| F|  |TAMS 0x0000000705200000, 0x0000000705200000| Untracked 
|  13|0x0000000705400000, 0x0000000705400000, 0x0000000705600000|  0%| F|  |TAMS 0x0000000705400000, 0x0000000705400000| Untracked 
|  14|0x0000000705600000, 0x0000000705600000, 0x0000000705800000|  0%| F|  |TAMS 0x0000000705600000, 0x0000000705600000| Untracked 
|  15|0x0000000705800000, 0x0000000705800000, 0x0000000705a00000|  0%| F|  |TAMS 0x0000000705800000, 0x0000000705800000| Untracked 
|  16|0x0000000705a00000, 0x0000000705a00000, 0x0000000705c00000|  0%| F|  |TAMS 0x0000000705a00000, 0x0000000705a00000| Untracked 
|  17|0x0000000705c00000, 0x0000000705c00000, 0x0000000705e00000|  0%| F|  |TAMS 0x0000000705c00000, 0x0000000705c00000| Untracked 
|  18|0x0000000705e00000, 0x0000000705e00000, 0x0000000706000000|  0%| F|  |TAMS 0x0000000705e00000, 0x0000000705e00000| Untracked 
|  19|0x0000000706000000, 0x0000000706000000, 0x0000000706200000|  0%| F|  |TAMS 0x0000000706000000, 0x0000000706000000| Untracked 
|  20|0x0000000706200000, 0x0000000706200000, 0x0000000706400000|  0%| F|  |TAMS 0x0000000706200000, 0x0000000706200000| Untracked 
|  21|0x0000000706400000, 0x0000000706400000, 0x0000000706600000|  0%| F|  |TAMS 0x0000000706400000, 0x0000000706400000| Untracked 
|  22|0x0000000706600000, 0x0000000706600000, 0x0000000706800000|  0%| F|  |TAMS 0x0000000706600000, 0x0000000706600000| Untracked 
|  23|0x0000000706800000, 0x0000000706800000, 0x0000000706a00000|  0%| F|  |TAMS 0x0000000706800000, 0x0000000706800000| Untracked 
|  24|0x0000000706a00000, 0x0000000706a00000, 0x0000000706c00000|  0%| F|  |TAMS 0x0000000706a00000, 0x0000000706a00000| Untracked 
|  25|0x0000000706c00000, 0x0000000706c00000, 0x0000000706e00000|  0%| F|  |TAMS 0x0000000706c00000, 0x0000000706c00000| Untracked 
|  26|0x0000000706e00000, 0x0000000706e00000, 0x0000000707000000|  0%| F|  |TAMS 0x0000000706e00000, 0x0000000706e00000| Untracked 
|  27|0x0000000707000000, 0x0000000707000000, 0x0000000707200000|  0%| F|  |TAMS 0x0000000707000000, 0x0000000707000000| Untracked 
|  28|0x0000000707200000, 0x0000000707200000, 0x0000000707400000|  0%| F|  |TAMS 0x0000000707200000, 0x0000000707200000| Untracked 
|  29|0x0000000707400000, 0x0000000707400000, 0x0000000707600000|  0%| F|  |TAMS 0x0000000707400000, 0x0000000707400000| Untracked 
|  30|0x0000000707600000, 0x0000000707600000, 0x0000000707800000|  0%| F|  |TAMS 0x0000000707600000, 0x0000000707600000| Untracked 
|  31|0x0000000707800000, 0x0000000707800000, 0x0000000707a00000|  0%| F|  |TAMS 0x0000000707800000, 0x0000000707800000| Untracked 
|  32|0x0000000707a00000, 0x0000000707a00000, 0x0000000707c00000|  0%| F|  |TAMS 0x0000000707a00000, 0x0000000707a00000| Untracked 
|  33|0x0000000707c00000, 0x0000000707c00000, 0x0000000707e00000|  0%| F|  |TAMS 0x0000000707c00000, 0x0000000707c00000| Untracked 
|  34|0x0000000707e00000, 0x0000000707e00000, 0x0000000708000000|  0%| F|  |TAMS 0x0000000707e00000, 0x0000000707e00000| Untracked 
|  35|0x0000000708000000, 0x0000000708000000, 0x0000000708200000|  0%| F|  |TAMS 0x0000000708000000, 0x0000000708000000| Untracked 
|  36|0x0000000708200000, 0x0000000708200000, 0x0000000708400000|  0%| F|  |TAMS 0x0000000708200000, 0x0000000708200000| Untracked 
|  37|0x0000000708400000, 0x0000000708400000, 0x0000000708600000|  0%| F|  |TAMS 0x0000000708400000, 0x0000000708400000| Untracked 
|  38|0x0000000708600000, 0x0000000708600000, 0x0000000708800000|  0%| F|  |TAMS 0x0000000708600000, 0x0000000708600000| Untracked 
|  39|0x0000000708800000, 0x0000000708800000, 0x0000000708a00000|  0%| F|  |TAMS 0x0000000708800000, 0x0000000708800000| Untracked 
|  40|0x0000000708a00000, 0x0000000708a00000, 0x0000000708c00000|  0%| F|  |TAMS 0x0000000708a00000, 0x0000000708a00000| Untracked 
|  41|0x0000000708c00000, 0x0000000708c00000, 0x0000000708e00000|  0%| F|  |TAMS 0x0000000708c00000, 0x0000000708c00000| Untracked 
|  42|0x0000000708e00000, 0x0000000708e00000, 0x0000000709000000|  0%| F|  |TAMS 0x0000000708e00000, 0x0000000708e00000| Untracked 
|  43|0x0000000709000000, 0x0000000709000000, 0x0000000709200000|  0%| F|  |TAMS 0x0000000709000000, 0x0000000709000000| Untracked 
|  44|0x0000000709200000, 0x0000000709200000, 0x0000000709400000|  0%| F|  |TAMS 0x0000000709200000, 0x0000000709200000| Untracked 
|  45|0x0000000709400000, 0x0000000709400000, 0x0000000709600000|  0%| F|  |TAMS 0x0000000709400000, 0x0000000709400000| Untracked 
|  46|0x0000000709600000, 0x0000000709600000, 0x0000000709800000|  0%| F|  |TAMS 0x0000000709600000, 0x0000000709600000| Untracked 
|  47|0x0000000709800000, 0x0000000709800000, 0x0000000709a00000|  0%| F|  |TAMS 0x0000000709800000, 0x0000000709800000| Untracked 
|  48|0x0000000709a00000, 0x0000000709a00000, 0x0000000709c00000|  0%| F|  |TAMS 0x0000000709a00000, 0x0000000709a00000| Untracked 
|  49|0x0000000709c00000, 0x0000000709c00000, 0x0000000709e00000|  0%| F|  |TAMS 0x0000000709c00000, 0x0000000709c00000| Untracked 
|  50|0x0000000709e00000, 0x0000000709e00000, 0x000000070a000000|  0%| F|  |TAMS 0x0000000709e00000, 0x0000000709e00000| Untracked 
|  51|0x000000070a000000, 0x000000070a000000, 0x000000070a200000|  0%| F|  |TAMS 0x000000070a000000, 0x000000070a000000| Untracked 
|  52|0x000000070a200000, 0x000000070a200000, 0x000000070a400000|  0%| F|  |TAMS 0x000000070a200000, 0x000000070a200000| Untracked 
|  53|0x000000070a400000, 0x000000070a400000, 0x000000070a600000|  0%| F|  |TAMS 0x000000070a400000, 0x000000070a400000| Untracked 
|  54|0x000000070a600000, 0x000000070a600000, 0x000000070a800000|  0%| F|  |TAMS 0x000000070a600000, 0x000000070a600000| Untracked 
|  55|0x000000070a800000, 0x000000070a800000, 0x000000070aa00000|  0%| F|  |TAMS 0x000000070a800000, 0x000000070a800000| Untracked 
|  56|0x000000070aa00000, 0x000000070aa00000, 0x000000070ac00000|  0%| F|  |TAMS 0x000000070aa00000, 0x000000070aa00000| Untracked 
|  57|0x000000070ac00000, 0x000000070ac00000, 0x000000070ae00000|  0%| F|  |TAMS 0x000000070ac00000, 0x000000070ac00000| Untracked 
|  58|0x000000070ae00000, 0x000000070ae00000, 0x000000070b000000|  0%| F|  |TAMS 0x000000070ae00000, 0x000000070ae00000| Untracked 
|  59|0x000000070b000000, 0x000000070b000000, 0x000000070b200000|  0%| F|  |TAMS 0x000000070b000000, 0x000000070b000000| Untracked 
|  60|0x000000070b200000, 0x000000070b200000, 0x000000070b400000|  0%| F|  |TAMS 0x000000070b200000, 0x000000070b200000| Untracked 
|  61|0x000000070b400000, 0x000000070b400000, 0x000000070b600000|  0%| F|  |TAMS 0x000000070b400000, 0x000000070b400000| Untracked 
|  62|0x000000070b600000, 0x000000070b600000, 0x000000070b800000|  0%| F|  |TAMS 0x000000070b600000, 0x000000070b600000| Untracked 
|  63|0x000000070b800000, 0x000000070b800000, 0x000000070ba00000|  0%| F|  |TAMS 0x000000070b800000, 0x000000070b800000| Untracked 
|  64|0x000000070ba00000, 0x000000070ba00000, 0x000000070bc00000|  0%| F|  |TAMS 0x000000070ba00000, 0x000000070ba00000| Untracked 
|  65|0x000000070bc00000, 0x000000070bc00000, 0x000000070be00000|  0%| F|  |TAMS 0x000000070bc00000, 0x000000070bc00000| Untracked 
|  66|0x000000070be00000, 0x000000070be00000, 0x000000070c000000|  0%| F|  |TAMS 0x000000070be00000, 0x000000070be00000| Untracked 
|  67|0x000000070c000000, 0x000000070c000000, 0x000000070c200000|  0%| F|  |TAMS 0x000000070c000000, 0x000000070c000000| Untracked 
|  68|0x000000070c200000, 0x000000070c200000, 0x000000070c400000|  0%| F|  |TAMS 0x000000070c200000, 0x000000070c200000| Untracked 
|  69|0x000000070c400000, 0x000000070c400000, 0x000000070c600000|  0%| F|  |TAMS 0x000000070c400000, 0x000000070c400000| Untracked 
|  70|0x000000070c600000, 0x000000070c600000, 0x000000070c800000|  0%| F|  |TAMS 0x000000070c600000, 0x000000070c600000| Untracked 
|  71|0x000000070c800000, 0x000000070c800000, 0x000000070ca00000|  0%| F|  |TAMS 0x000000070c800000, 0x000000070c800000| Untracked 
|  72|0x000000070ca00000, 0x000000070ca00000, 0x000000070cc00000|  0%| F|  |TAMS 0x000000070ca00000, 0x000000070ca00000| Untracked 
|  73|0x000000070cc00000, 0x000000070cc09930, 0x000000070ce00000|  1%| S|CS|TAMS 0x000000070cc00000, 0x000000070cc00000| Complete 
|  74|0x000000070ce00000, 0x000000070ce00000, 0x000000070d000000|  0%| F|  |TAMS 0x000000070ce00000, 0x000000070ce00000| Untracked 
|  75|0x000000070d000000, 0x000000070d000000, 0x000000070d200000|  0%| F|  |TAMS 0x000000070d000000, 0x000000070d000000| Untracked 
|  76|0x000000070d200000, 0x000000070d200000, 0x000000070d400000|  0%| F|  |TAMS 0x000000070d200000, 0x000000070d200000| Untracked 
|  77|0x000000070d400000, 0x000000070d400000, 0x000000070d600000|  0%| F|  |TAMS 0x000000070d400000, 0x000000070d400000| Untracked 
|  78|0x000000070d600000, 0x000000070d600000, 0x000000070d800000|  0%| F|  |TAMS 0x000000070d600000, 0x000000070d600000| Untracked 
|  79|0x000000070d800000, 0x000000070d800000, 0x000000070da00000|  0%| F|  |TAMS 0x000000070d800000, 0x000000070d800000| Untracked 
|  80|0x000000070da00000, 0x000000070da00000, 0x000000070dc00000|  0%| F|  |TAMS 0x000000070da00000, 0x000000070da00000| Untracked 
|  81|0x000000070dc00000, 0x000000070dc00000, 0x000000070de00000|  0%| F|  |TAMS 0x000000070dc00000, 0x000000070dc00000| Untracked 
|  82|0x000000070de00000, 0x000000070de00000, 0x000000070e000000|  0%| F|  |TAMS 0x000000070de00000, 0x000000070de00000| Untracked 
|  83|0x000000070e000000, 0x000000070e000000, 0x000000070e200000|  0%| F|  |TAMS 0x000000070e000000, 0x000000070e000000| Untracked 
|  84|0x000000070e200000, 0x000000070e200000, 0x000000070e400000|  0%| F|  |TAMS 0x000000070e200000, 0x000000070e200000| Untracked 
|  85|0x000000070e400000, 0x000000070e400000, 0x000000070e600000|  0%| F|  |TAMS 0x000000070e400000, 0x000000070e400000| Untracked 
|  86|0x000000070e600000, 0x000000070e600000, 0x000000070e800000|  0%| F|  |TAMS 0x000000070e600000, 0x000000070e600000| Untracked 
|  87|0x000000070e800000, 0x000000070e800000, 0x000000070ea00000|  0%| F|  |TAMS 0x000000070e800000, 0x000000070e800000| Untracked 
|  88|0x000000070ea00000, 0x000000070ea00000, 0x000000070ec00000|  0%| F|  |TAMS 0x000000070ea00000, 0x000000070ea00000| Untracked 
|  89|0x000000070ec00000, 0x000000070ec00000, 0x000000070ee00000|  0%| F|  |TAMS 0x000000070ec00000, 0x000000070ec00000| Untracked 
|  90|0x000000070ee00000, 0x000000070ee00000, 0x000000070f000000|  0%| F|  |TAMS 0x000000070ee00000, 0x000000070ee00000| Untracked 
|  91|0x000000070f000000, 0x000000070f000000, 0x000000070f200000|  0%| F|  |TAMS 0x000000070f000000, 0x000000070f000000| Untracked 
|  92|0x000000070f200000, 0x000000070f200000, 0x000000070f400000|  0%| F|  |TAMS 0x000000070f200000, 0x000000070f200000| Untracked 
|  93|0x000000070f400000, 0x000000070f400000, 0x000000070f600000|  0%| F|  |TAMS 0x000000070f400000, 0x000000070f400000| Untracked 
|  94|0x000000070f600000, 0x000000070f600000, 0x000000070f800000|  0%| F|  |TAMS 0x000000070f600000, 0x000000070f600000| Untracked 
|  95|0x000000070f800000, 0x000000070f800000, 0x000000070fa00000|  0%| F|  |TAMS 0x000000070f800000, 0x000000070f800000| Untracked 
|  96|0x000000070fa00000, 0x000000070fa00000, 0x000000070fc00000|  0%| F|  |TAMS 0x000000070fa00000, 0x000000070fa00000| Untracked 
|  97|0x000000070fc00000, 0x000000070fc00000, 0x000000070fe00000|  0%| F|  |TAMS 0x000000070fc00000, 0x000000070fc00000| Untracked 
|  98|0x000000070fe00000, 0x000000070fe00000, 0x0000000710000000|  0%| F|  |TAMS 0x000000070fe00000, 0x000000070fe00000| Untracked 
|  99|0x0000000710000000, 0x0000000710000000, 0x0000000710200000|  0%| F|  |TAMS 0x0000000710000000, 0x0000000710000000| Untracked 
| 100|0x0000000710200000, 0x0000000710200000, 0x0000000710400000|  0%| F|  |TAMS 0x0000000710200000, 0x0000000710200000| Untracked 
| 101|0x0000000710400000, 0x0000000710400000, 0x0000000710600000|  0%| F|  |TAMS 0x0000000710400000, 0x0000000710400000| Untracked 
| 102|0x0000000710600000, 0x0000000710600000, 0x0000000710800000|  0%| F|  |TAMS 0x0000000710600000, 0x0000000710600000| Untracked 
| 103|0x0000000710800000, 0x0000000710800000, 0x0000000710a00000|  0%| F|  |TAMS 0x0000000710800000, 0x0000000710800000| Untracked 
| 104|0x0000000710a00000, 0x0000000710a00000, 0x0000000710c00000|  0%| F|  |TAMS 0x0000000710a00000, 0x0000000710a00000| Untracked 
| 105|0x0000000710c00000, 0x0000000710c00000, 0x0000000710e00000|  0%| F|  |TAMS 0x0000000710c00000, 0x0000000710c00000| Untracked 
| 106|0x0000000710e00000, 0x0000000710e00000, 0x0000000711000000|  0%| F|  |TAMS 0x0000000710e00000, 0x0000000710e00000| Untracked 
| 107|0x0000000711000000, 0x0000000711000000, 0x0000000711200000|  0%| F|  |TAMS 0x0000000711000000, 0x0000000711000000| Untracked 
| 108|0x0000000711200000, 0x0000000711200000, 0x0000000711400000|  0%| F|  |TAMS 0x0000000711200000, 0x0000000711200000| Untracked 
| 109|0x0000000711400000, 0x0000000711400000, 0x0000000711600000|  0%| F|  |TAMS 0x0000000711400000, 0x0000000711400000| Untracked 
| 110|0x0000000711600000, 0x0000000711600000, 0x0000000711800000|  0%| F|  |TAMS 0x0000000711600000, 0x0000000711600000| Untracked 
| 111|0x0000000711800000, 0x0000000711800000, 0x0000000711a00000|  0%| F|  |TAMS 0x0000000711800000, 0x0000000711800000| Untracked 
| 112|0x0000000711a00000, 0x0000000711a00000, 0x0000000711c00000|  0%| F|  |TAMS 0x0000000711a00000, 0x0000000711a00000| Untracked 
| 113|0x0000000711c00000, 0x0000000711c00000, 0x0000000711e00000|  0%| F|  |TAMS 0x0000000711c00000, 0x0000000711c00000| Untracked 
| 114|0x0000000711e00000, 0x0000000711e00000, 0x0000000712000000|  0%| F|  |TAMS 0x0000000711e00000, 0x0000000711e00000| Untracked 
| 115|0x0000000712000000, 0x0000000712200000, 0x0000000712200000|100%| E|  |TAMS 0x0000000712000000, 0x0000000712000000| Complete 
| 116|0x0000000712200000, 0x0000000712400000, 0x0000000712400000|100%| E|CS|TAMS 0x0000000712200000, 0x0000000712200000| Complete 
| 117|0x0000000712400000, 0x0000000712600000, 0x0000000712600000|100%| E|CS|TAMS 0x0000000712400000, 0x0000000712400000| Complete 
| 118|0x0000000712600000, 0x0000000712800000, 0x0000000712800000|100%| E|CS|TAMS 0x0000000712600000, 0x0000000712600000| Complete 
| 119|0x0000000712800000, 0x0000000712a00000, 0x0000000712a00000|100%| E|CS|TAMS 0x0000000712800000, 0x0000000712800000| Complete 
| 120|0x0000000712a00000, 0x0000000712c00000, 0x0000000712c00000|100%| E|CS|TAMS 0x0000000712a00000, 0x0000000712a00000| Complete 
| 121|0x0000000712c00000, 0x0000000712e00000, 0x0000000712e00000|100%| E|CS|TAMS 0x0000000712c00000, 0x0000000712c00000| Complete 
| 122|0x0000000712e00000, 0x0000000713000000, 0x0000000713000000|100%| E|CS|TAMS 0x0000000712e00000, 0x0000000712e00000| Complete 
| 123|0x0000000713000000, 0x0000000713200000, 0x0000000713200000|100%| E|CS|TAMS 0x0000000713000000, 0x0000000713000000| Complete 
| 124|0x0000000713200000, 0x0000000713400000, 0x0000000713400000|100%| E|CS|TAMS 0x0000000713200000, 0x0000000713200000| Complete 
| 125|0x0000000713400000, 0x0000000713600000, 0x0000000713600000|100%| E|CS|TAMS 0x0000000713400000, 0x0000000713400000| Complete 
| 126|0x0000000713600000, 0x0000000713800000, 0x0000000713800000|100%| E|CS|TAMS 0x0000000713600000, 0x0000000713600000| Complete 
| 127|0x0000000713800000, 0x0000000713a00000, 0x0000000713a00000|100%| E|CS|TAMS 0x0000000713800000, 0x0000000713800000| Complete 
| 128|0x0000000713a00000, 0x0000000713c00000, 0x0000000713c00000|100%| E|CS|TAMS 0x0000000713a00000, 0x0000000713a00000| Complete 
| 129|0x0000000713c00000, 0x0000000713e00000, 0x0000000713e00000|100%| E|CS|TAMS 0x0000000713c00000, 0x0000000713c00000| Complete 
| 130|0x0000000713e00000, 0x0000000714000000, 0x0000000714000000|100%| E|CS|TAMS 0x0000000713e00000, 0x0000000713e00000| Complete 
| 131|0x0000000714000000, 0x0000000714200000, 0x0000000714200000|100%| E|CS|TAMS 0x0000000714000000, 0x0000000714000000| Complete 
| 132|0x0000000714200000, 0x0000000714400000, 0x0000000714400000|100%| E|CS|TAMS 0x0000000714200000, 0x0000000714200000| Complete 
| 133|0x0000000714400000, 0x0000000714600000, 0x0000000714600000|100%| E|CS|TAMS 0x0000000714400000, 0x0000000714400000| Complete 
| 134|0x0000000714600000, 0x0000000714800000, 0x0000000714800000|100%| E|CS|TAMS 0x0000000714600000, 0x0000000714600000| Complete 
| 135|0x0000000714800000, 0x0000000714a00000, 0x0000000714a00000|100%| E|CS|TAMS 0x0000000714800000, 0x0000000714800000| Complete 
| 136|0x0000000714a00000, 0x0000000714c00000, 0x0000000714c00000|100%| E|CS|TAMS 0x0000000714a00000, 0x0000000714a00000| Complete 
| 137|0x0000000714c00000, 0x0000000714e00000, 0x0000000714e00000|100%| E|CS|TAMS 0x0000000714c00000, 0x0000000714c00000| Complete 
| 138|0x0000000714e00000, 0x0000000715000000, 0x0000000715000000|100%| E|CS|TAMS 0x0000000714e00000, 0x0000000714e00000| Complete 
| 139|0x0000000715000000, 0x0000000715200000, 0x0000000715200000|100%| E|CS|TAMS 0x0000000715000000, 0x0000000715000000| Complete 
| 140|0x0000000715200000, 0x0000000715400000, 0x0000000715400000|100%| E|CS|TAMS 0x0000000715200000, 0x0000000715200000| Complete 
| 141|0x0000000715400000, 0x0000000715600000, 0x0000000715600000|100%| E|CS|TAMS 0x0000000715400000, 0x0000000715400000| Complete 
| 142|0x0000000715600000, 0x0000000715800000, 0x0000000715800000|100%| E|CS|TAMS 0x0000000715600000, 0x0000000715600000| Complete 
| 143|0x0000000715800000, 0x0000000715a00000, 0x0000000715a00000|100%| E|CS|TAMS 0x0000000715800000, 0x0000000715800000| Complete 
| 144|0x0000000715a00000, 0x0000000715c00000, 0x0000000715c00000|100%| E|CS|TAMS 0x0000000715a00000, 0x0000000715a00000| Complete 
| 145|0x0000000715c00000, 0x0000000715e00000, 0x0000000715e00000|100%| E|CS|TAMS 0x0000000715c00000, 0x0000000715c00000| Complete 
| 146|0x0000000715e00000, 0x0000000716000000, 0x0000000716000000|100%| E|CS|TAMS 0x0000000715e00000, 0x0000000715e00000| Complete 
| 147|0x0000000716000000, 0x0000000716200000, 0x0000000716200000|100%| E|CS|TAMS 0x0000000716000000, 0x0000000716000000| Complete 
| 148|0x0000000716200000, 0x0000000716400000, 0x0000000716400000|100%| E|CS|TAMS 0x0000000716200000, 0x0000000716200000| Complete 
| 149|0x0000000716400000, 0x0000000716600000, 0x0000000716600000|100%| E|CS|TAMS 0x0000000716400000, 0x0000000716400000| Complete 
| 150|0x0000000716600000, 0x0000000716800000, 0x0000000716800000|100%| E|CS|TAMS 0x0000000716600000, 0x0000000716600000| Complete 
| 151|0x0000000716800000, 0x0000000716a00000, 0x0000000716a00000|100%| E|CS|TAMS 0x0000000716800000, 0x0000000716800000| Complete 
| 152|0x0000000716a00000, 0x0000000716c00000, 0x0000000716c00000|100%| E|CS|TAMS 0x0000000716a00000, 0x0000000716a00000| Complete 
| 153|0x0000000716c00000, 0x0000000716e00000, 0x0000000716e00000|100%| E|CS|TAMS 0x0000000716c00000, 0x0000000716c00000| Complete 
| 154|0x0000000716e00000, 0x0000000717000000, 0x0000000717000000|100%| E|CS|TAMS 0x0000000716e00000, 0x0000000716e00000| Complete 
| 155|0x0000000717000000, 0x0000000717200000, 0x0000000717200000|100%| E|CS|TAMS 0x0000000717000000, 0x0000000717000000| Complete 
| 156|0x0000000717200000, 0x0000000717400000, 0x0000000717400000|100%| E|CS|TAMS 0x0000000717200000, 0x0000000717200000| Complete 
| 157|0x0000000717400000, 0x0000000717600000, 0x0000000717600000|100%| E|CS|TAMS 0x0000000717400000, 0x0000000717400000| Complete 
| 158|0x0000000717600000, 0x0000000717800000, 0x0000000717800000|100%| E|CS|TAMS 0x0000000717600000, 0x0000000717600000| Complete 
| 159|0x0000000717800000, 0x0000000717a00000, 0x0000000717a00000|100%| E|CS|TAMS 0x0000000717800000, 0x0000000717800000| Complete 
| 160|0x0000000717a00000, 0x0000000717c00000, 0x0000000717c00000|100%| E|CS|TAMS 0x0000000717a00000, 0x0000000717a00000| Complete 
| 161|0x0000000717c00000, 0x0000000717e00000, 0x0000000717e00000|100%| E|CS|TAMS 0x0000000717c00000, 0x0000000717c00000| Complete 
| 162|0x0000000717e00000, 0x0000000718000000, 0x0000000718000000|100%| E|CS|TAMS 0x0000000717e00000, 0x0000000717e00000| Complete 
| 163|0x0000000718000000, 0x0000000718200000, 0x0000000718200000|100%| E|CS|TAMS 0x0000000718000000, 0x0000000718000000| Complete 
| 164|0x0000000718200000, 0x0000000718400000, 0x0000000718400000|100%| E|CS|TAMS 0x0000000718200000, 0x0000000718200000| Complete 
| 165|0x0000000718400000, 0x0000000718600000, 0x0000000718600000|100%| E|CS|TAMS 0x0000000718400000, 0x0000000718400000| Complete 
| 166|0x0000000718600000, 0x0000000718800000, 0x0000000718800000|100%| E|CS|TAMS 0x0000000718600000, 0x0000000718600000| Complete 
| 167|0x0000000718800000, 0x0000000718a00000, 0x0000000718a00000|100%| E|CS|TAMS 0x0000000718800000, 0x0000000718800000| Complete 
| 168|0x0000000718a00000, 0x0000000718c00000, 0x0000000718c00000|100%| E|CS|TAMS 0x0000000718a00000, 0x0000000718a00000| Complete 
| 169|0x0000000718c00000, 0x0000000718e00000, 0x0000000718e00000|100%| E|CS|TAMS 0x0000000718c00000, 0x0000000718c00000| Complete 
| 170|0x0000000718e00000, 0x0000000719000000, 0x0000000719000000|100%| E|CS|TAMS 0x0000000718e00000, 0x0000000718e00000| Complete 
| 171|0x0000000719000000, 0x0000000719200000, 0x0000000719200000|100%| E|CS|TAMS 0x0000000719000000, 0x0000000719000000| Complete 
| 172|0x0000000719200000, 0x0000000719400000, 0x0000000719400000|100%| E|CS|TAMS 0x0000000719200000, 0x0000000719200000| Complete 
| 173|0x0000000719400000, 0x0000000719600000, 0x0000000719600000|100%| E|CS|TAMS 0x0000000719400000, 0x0000000719400000| Complete 
| 174|0x0000000719600000, 0x0000000719800000, 0x0000000719800000|100%| E|CS|TAMS 0x0000000719600000, 0x0000000719600000| Complete 
| 175|0x0000000719800000, 0x0000000719a00000, 0x0000000719a00000|100%| E|CS|TAMS 0x0000000719800000, 0x0000000719800000| Complete 
| 176|0x0000000719a00000, 0x0000000719c00000, 0x0000000719c00000|100%| E|CS|TAMS 0x0000000719a00000, 0x0000000719a00000| Complete 
| 177|0x0000000719c00000, 0x0000000719e00000, 0x0000000719e00000|100%| E|CS|TAMS 0x0000000719c00000, 0x0000000719c00000| Complete 
| 178|0x0000000719e00000, 0x000000071a000000, 0x000000071a000000|100%| E|CS|TAMS 0x0000000719e00000, 0x0000000719e00000| Complete 
| 179|0x000000071a000000, 0x000000071a200000, 0x000000071a200000|100%| E|CS|TAMS 0x000000071a000000, 0x000000071a000000| Complete 
| 180|0x000000071a200000, 0x000000071a400000, 0x000000071a400000|100%| E|CS|TAMS 0x000000071a200000, 0x000000071a200000| Complete 
| 181|0x000000071a400000, 0x000000071a600000, 0x000000071a600000|100%| E|CS|TAMS 0x000000071a400000, 0x000000071a400000| Complete 
| 182|0x000000071a600000, 0x000000071a800000, 0x000000071a800000|100%| E|CS|TAMS 0x000000071a600000, 0x000000071a600000| Complete 
| 183|0x000000071a800000, 0x000000071aa00000, 0x000000071aa00000|100%| E|CS|TAMS 0x000000071a800000, 0x000000071a800000| Complete 

Card table byte_map: [0x0000019a3ed70000,0x0000019a3f560000] _byte_map_base: 0x0000019a3b553000

Marking Bits (Prev, Next): (CMBitMap*) 0x0000019a27b1d910, (CMBitMap*) 0x0000019a27b1d950
 Prev Bits: [0x0000019a3fd50000, 0x0000019a43c68000)
 Next Bits: [0x0000019a43c70000, 0x0000019a47b88000)

Polling page: 0x0000019a272b0000

Metaspace:

Usage:
  Non-class:     11.61 MB used.
      Class:    883.44 KB used.
       Both:     12.47 MB used.

Virtual space:
  Non-class space:       16.00 MB reserved,      11.75 MB ( 73%) committed,  2 nodes.
      Class space:        1.00 GB reserved,     960.00 KB ( <1%) committed,  1 nodes.
              Both:        1.02 GB reserved,      12.69 MB (  1%) committed. 

Chunk freelists:
   Non-Class:  3.80 MB
       Class:  2.94 MB
        Both:  6.73 MB

MaxMetaspaceSize: 17179869184.00 GB
CompressedClassSpaceSize: 1.00 GB
 - commit_granule_bytes: 65536.
 - commit_granule_words: 8192.
 - virtual_space_node_default_size: 1048576.
 - enlarge_chunks_in_place: 1.
 - new_chunks_are_fully_committed: 0.
 - uncommit_free_chunks: 1.
 - use_allocation_guard: 0.
 - handle_deallocations: 1.


Internal statistics:

num_allocs_failed_limit: 0.
num_arena_births: 86.
num_arena_deaths: 0.
num_vsnodes_births: 3.
num_vsnodes_deaths: 0.
num_space_committed: 199.
num_space_uncommitted: 0.
num_chunks_returned_to_freelist: 0.
num_chunks_taken_from_freelist: 347.
num_chunk_merges: 0.
num_chunk_splits: 281.
num_chunks_enlarged: 229.
num_purges: 0.

CodeHeap 'non-profiled nmethods': size=120000Kb used=830Kb max_used=830Kb free=119169Kb
 bounds [0x0000019a36d20000, 0x0000019a36f90000, 0x0000019a3e250000]
CodeHeap 'profiled nmethods': size=120000Kb used=3695Kb max_used=3695Kb free=116304Kb
 bounds [0x0000019a2f7f0000, 0x0000019a2fb90000, 0x0000019a36d20000]
CodeHeap 'non-nmethods': size=5760Kb used=1541Kb max_used=1565Kb free=4219Kb
 bounds [0x0000019a2f250000, 0x0000019a2f4c0000, 0x0000019a2f7f0000]
 total_blobs=2806 nmethods=1879 adapters=840
 compilation: enabled
              stopped_count=0, restarted_count=0
 full_count=0

Compilation events (20 events):
Event: 32.654 Thread 0x0000019a4a605eb0 1869       3       com.jogamp.newt.event.KeyEvent::getModifierMask (63 bytes)
Event: 32.654 Thread 0x0000019a4a605eb0 nmethod 1869 0x0000019a2fb87d90 code [0x0000019a2fb87f40, 0x0000019a2fb881b8]
Event: 32.654 Thread 0x0000019a4a605eb0 1870       3       com.jogamp.newt.event.KeyEvent::<init> (151 bytes)
Event: 32.655 Thread 0x0000019a4a605eb0 nmethod 1870 0x0000019a2fb88290 code [0x0000019a2fb88560, 0x0000019a2fb89138]
Event: 32.655 Thread 0x0000019a4a605eb0 1871       3       com.jogamp.newt.event.InputEvent::<init> (14 bytes)
Event: 32.655 Thread 0x0000019a4a605eb0 nmethod 1871 0x0000019a2fb89690 code [0x0000019a2fb89860, 0x0000019a2fb89c68]
Event: 32.655 Thread 0x0000019a4a605eb0 1873       3       jogamp.newt.WindowImpl::propagateKeyEvent (88 bytes)
Event: 32.655 Thread 0x0000019a4a605eb0 nmethod 1873 0x0000019a2fb89e10 code [0x0000019a2fb8a080, 0x0000019a2fb8aa18]
Event: 34.827 Thread 0x0000019a4a601d90 1874       4       processing.opengl.PGraphicsOpenGL$Tessellator::addBevel3D (458 bytes)
Event: 34.832 Thread 0x0000019a4a601d90 nmethod 1874 0x0000019a36decb90 code [0x0000019a36decdc0, 0x0000019a36ded748]
Event: 35.167 Thread 0x0000019a4a601d90 1875       4       processing.opengl.PJOGL::enableVertexAttribArray (11 bytes)
Event: 35.168 Thread 0x0000019a4a601d90 nmethod 1875 0x0000019a36dee010 code [0x0000019a36dee1a0, 0x0000019a36dee2c8]
Event: 36.072 Thread 0x0000019a4a601d90 1876       4       processing.opengl.PShader::setAttributeVBO (34 bytes)
Event: 36.077 Thread 0x0000019a4a601d90 nmethod 1876 0x0000019a36dee410 code [0x0000019a36dee5e0, 0x0000019a36deecb8]
Event: 37.040 Thread 0x0000019a4a601d90 1877       4       jogamp.opengl.gl4.GL4bcImpl::glDisableVertexAttribArray (44 bytes)
Event: 37.041 Thread 0x0000019a4a601d90 nmethod 1877 0x0000019a36def510 code [0x0000019a36def6a0, 0x0000019a36def788]
Event: 38.433 Thread 0x0000019a4a605eb0 1879       3       jdk.internal.loader.NativeLibraries::find (72 bytes)
Event: 38.433 Thread 0x0000019a4a605eb0 nmethod 1879 0x0000019a2fb8ad90 code [0x0000019a2fb8afc0, 0x0000019a2fb8b858]
Event: 38.433 Thread 0x0000019a4a605eb0 1878       3       java.lang.ClassLoader::findNative (21 bytes)
Event: 38.433 Thread 0x0000019a4a605eb0 nmethod 1878 0x0000019a2fb8ba90 code [0x0000019a2fb8bc60, 0x0000019a2fb8be78]

GC Heap History (20 events):
Event: 35.232 GC heap before
{Heap before GC invocations=121 (full 0):
 garbage-first heap   total 376832K, used 229426K [0x0000000703a00000, 0x0000000800000000)
  region size 2048K, 110 young (225280K), 1 survivors (2048K)
 Metaspace       used 12723K, committed 12928K, reserved 1064960K
  class space    used 879K, committed 960K, reserved 1048576K
}
Event: 35.233 GC heap after
{Heap after GC invocations=122 (full 0):
 garbage-first heap   total 376832K, used 6196K [0x0000000703a00000, 0x0000000800000000)
  region size 2048K, 1 young (2048K), 1 survivors (2048K)
 Metaspace       used 12723K, committed 12928K, reserved 1064960K
  class space    used 879K, committed 960K, reserved 1048576K
}
Event: 35.549 GC heap before
{Heap before GC invocations=122 (full 0):
 garbage-first heap   total 376832K, used 229428K [0x0000000703a00000, 0x0000000800000000)
  region size 2048K, 110 young (225280K), 1 survivors (2048K)
 Metaspace       used 12723K, committed 12928K, reserved 1064960K
  class space    used 879K, committed 960K, reserved 1048576K
}
Event: 35.550 GC heap after
{Heap after GC invocations=123 (full 0):
 garbage-first heap   total 376832K, used 6194K [0x0000000703a00000, 0x0000000800000000)
  region size 2048K, 1 young (2048K), 1 survivors (2048K)
 Metaspace       used 12723K, committed 12928K, reserved 1064960K
  class space    used 879K, committed 960K, reserved 1048576K
}
Event: 35.875 GC heap before
{Heap before GC invocations=123 (full 0):
 garbage-first heap   total 376832K, used 229426K [0x0000000703a00000, 0x0000000800000000)
  region size 2048K, 110 young (225280K), 1 survivors (2048K)
 Metaspace       used 12723K, committed 12928K, reserved 1064960K
  class space    used 879K, committed 960K, reserved 1048576K
}
Event: 35.876 GC heap after
{Heap after GC invocations=124 (full 0):
 garbage-first heap   total 376832K, used 6196K [0x0000000703a00000, 0x0000000800000000)
  region size 2048K, 1 young (2048K), 1 survivors (2048K)
 Metaspace       used 12723K, committed 12928K, reserved 1064960K
  class space    used 879K, committed 960K, reserved 1048576K
}
Event: 36.199 GC heap before
{Heap before GC invocations=124 (full 0):
 garbage-first heap   total 376832K, used 229428K [0x0000000703a00000, 0x0000000800000000)
  region size 2048K, 110 young (225280K), 1 survivors (2048K)
 Metaspace       used 12723K, committed 12928K, reserved 1064960K
  class space    used 879K, committed 960K, reserved 1048576K
}
Event: 36.200 GC heap after
{Heap after GC invocations=125 (full 0):
 garbage-first heap   total 376832K, used 6190K [0x0000000703a00000, 0x0000000800000000)
  region size 2048K, 1 young (2048K), 1 survivors (2048K)
 Metaspace       used 12723K, committed 12928K, reserved 1064960K
  class space    used 879K, committed 960K, reserved 1048576K
}
Event: 36.537 GC heap before
{Heap before GC invocations=125 (full 0):
 garbage-first heap   total 376832K, used 229422K [0x0000000703a00000, 0x0000000800000000)
  region size 2048K, 110 young (225280K), 1 survivors (2048K)
 Metaspace       used 12723K, committed 12928K, reserved 1064960K
  class space    used 879K, committed 960K, reserved 1048576K
}
Event: 36.538 GC heap after
{Heap after GC invocations=126 (full 0):
 garbage-first heap   total 376832K, used 6202K [0x0000000703a00000, 0x0000000800000000)
  region size 2048K, 1 young (2048K), 1 survivors (2048K)
 Metaspace       used 12723K, committed 12928K, reserved 1064960K
  class space    used 879K, committed 960K, reserved 1048576K
}
Event: 36.875 GC heap before
{Heap before GC invocations=126 (full 0):
 garbage-first heap   total 376832K, used 229434K [0x0000000703a00000, 0x0000000800000000)
  region size 2048K, 110 young (225280K), 1 survivors (2048K)
 Metaspace       used 12723K, committed 12928K, reserved 1064960K
  class space    used 879K, committed 960K, reserved 1048576K
}
Event: 36.876 GC heap after
{Heap after GC invocations=127 (full 0):
 garbage-first heap   total 376832K, used 6200K [0x0000000703a00000, 0x0000000800000000)
  region size 2048K, 1 young (2048K), 1 survivors (2048K)
 Metaspace       used 12723K, committed 12928K, reserved 1064960K
  class space    used 879K, committed 960K, reserved 1048576K
}
Event: 37.204 GC heap before
{Heap before GC invocations=127 (full 0):
 garbage-first heap   total 376832K, used 229432K [0x0000000703a00000, 0x0000000800000000)
  region size 2048K, 110 young (225280K), 1 survivors (2048K)
 Metaspace       used 12723K, committed 12928K, reserved 1064960K
  class space    used 879K, committed 960K, reserved 1048576K
}
Event: 37.205 GC heap after
{Heap after GC invocations=128 (full 0):
 garbage-first heap   total 376832K, used 6200K [0x0000000703a00000, 0x0000000800000000)
  region size 2048K, 1 young (2048K), 1 survivors (2048K)
 Metaspace       used 12723K, committed 12928K, reserved 1064960K
  class space    used 879K, committed 960K, reserved 1048576K
}
Event: 37.542 GC heap before
{Heap before GC invocations=128 (full 0):
 garbage-first heap   total 376832K, used 229432K [0x0000000703a00000, 0x0000000800000000)
  region size 2048K, 110 young (225280K), 1 survivors (2048K)
 Metaspace       used 12727K, committed 12928K, reserved 1064960K
  class space    used 879K, committed 960K, reserved 1048576K
}
Event: 37.543 GC heap after
{Heap after GC invocations=129 (full 0):
 garbage-first heap   total 376832K, used 6202K [0x0000000703a00000, 0x0000000800000000)
  region size 2048K, 1 young (2048K), 1 survivors (2048K)
 Metaspace       used 12727K, committed 12928K, reserved 1064960K
  class space    used 879K, committed 960K, reserved 1048576K
}
Event: 37.870 GC heap before
{Heap before GC invocations=129 (full 0):
 garbage-first heap   total 376832K, used 229434K [0x0000000703a00000, 0x0000000800000000)
  region size 2048K, 110 young (225280K), 1 survivors (2048K)
 Metaspace       used 12727K, committed 12928K, reserved 1064960K
  class space    used 879K, committed 960K, reserved 1048576K
}
Event: 37.871 GC heap after
{Heap after GC invocations=130 (full 0):
 garbage-first heap   total 376832K, used 6201K [0x0000000703a00000, 0x0000000800000000)
  region size 2048K, 1 young (2048K), 1 survivors (2048K)
 Metaspace       used 12727K, committed 12928K, reserved 1064960K
  class space    used 879K, committed 960K, reserved 1048576K
}
Event: 38.198 GC heap before
{Heap before GC invocations=130 (full 0):
 garbage-first heap   total 376832K, used 229433K [0x0000000703a00000, 0x0000000800000000)
  region size 2048K, 110 young (225280K), 1 survivors (2048K)
 Metaspace       used 12727K, committed 12928K, reserved 1064960K
  class space    used 879K, committed 960K, reserved 1048576K
}
Event: 38.199 GC heap after
{Heap after GC invocations=131 (full 0):
 garbage-first heap   total 376832K, used 6207K [0x0000000703a00000, 0x0000000800000000)
  region size 2048K, 1 young (2048K), 1 survivors (2048K)
 Metaspace       used 12727K, committed 12928K, reserved 1064960K
  class space    used 879K, committed 960K, reserved 1048576K
}

Deoptimization events (20 events):
Event: 2.136 Thread 0x0000019a4cbd4140 DEOPT PACKING pc=0x0000019a2f9f09a8 sp=0x000000976bcfe3a0
Event: 2.136 Thread 0x0000019a4cbd4140 DEOPT UNPACKING pc=0x0000019a2f29e77e sp=0x000000976bcfd870 mode 0
Event: 2.136 Thread 0x0000019a4cbd4140 DEOPT PACKING pc=0x0000019a2f9f09a8 sp=0x000000976bcfe3a0
Event: 2.136 Thread 0x0000019a4cbd4140 DEOPT UNPACKING pc=0x0000019a2f29e77e sp=0x000000976bcfd870 mode 0
Event: 2.250 Thread 0x0000019a4cbd4140 DEOPT PACKING pc=0x0000019a2fa5cfaf sp=0x000000976bcfe540
Event: 2.250 Thread 0x0000019a4cbd4140 DEOPT UNPACKING pc=0x0000019a2f29e77e sp=0x000000976bcfda20 mode 0
Event: 2.279 Thread 0x0000019a4cbd4140 DEOPT PACKING pc=0x0000019a2fa5cfaf sp=0x000000976bcfe540
Event: 2.279 Thread 0x0000019a4cbd4140 DEOPT UNPACKING pc=0x0000019a2f29e77e sp=0x000000976bcfda20 mode 0
Event: 3.172 Thread 0x0000019a4cbd4140 Uncommon trap: trap_request=0xffffff45 fr.pc=0x0000019a36dc6ecc relative=0x000000000000152c
Event: 3.172 Thread 0x0000019a4cbd4140 Uncommon trap: reason=unstable_if action=reinterpret pc=0x0000019a36dc6ecc method=processing.opengl.PGraphicsOpenGL$TessGeometry.lineIndexCheck(I)V @ 13 c2
Event: 3.172 Thread 0x0000019a4cbd4140 DEOPT PACKING pc=0x0000019a36dc6ecc sp=0x000000976bcfe480
Event: 3.172 Thread 0x0000019a4cbd4140 DEOPT UNPACKING pc=0x0000019a2f29f92e sp=0x000000976bcfe2b0 mode 2
Event: 10.523 Thread 0x0000019a4cbd4140 Uncommon trap: trap_request=0xffffff45 fr.pc=0x0000019a36dcd3b0 relative=0x0000000000000a10
Event: 10.523 Thread 0x0000019a4cbd4140 Uncommon trap: reason=unstable_if action=reinterpret pc=0x0000019a36dcd3b0 method=processing.opengl.PGraphicsOpenGL$TessGeometry.lineVertexCheck(I)V @ 15 c2
Event: 10.523 Thread 0x0000019a4cbd4140 DEOPT PACKING pc=0x0000019a36dcd3b0 sp=0x000000976bcfe390
Event: 10.523 Thread 0x0000019a4cbd4140 DEOPT UNPACKING pc=0x0000019a2f29f92e sp=0x000000976bcfe228 mode 2
Event: 38.429 Thread 0x0000019a4cbd3bf0 Uncommon trap: trap_request=0xffffff45 fr.pc=0x0000019a36d88980 relative=0x0000000000000060
Event: 38.429 Thread 0x0000019a4cbd3bf0 Uncommon trap: reason=unstable_if action=reinterpret pc=0x0000019a36d88980 method=java.util.HashMap.keySet()Ljava/util/Set; @ 6 c2
Event: 38.429 Thread 0x0000019a4cbd3bf0 DEOPT PACKING pc=0x0000019a36d88980 sp=0x000000976c0febd0
Event: 38.429 Thread 0x0000019a4cbd3bf0 DEOPT UNPACKING pc=0x0000019a2f29f92e sp=0x000000976c0feb68 mode 2

Classes unloaded (0 events):
No events

Classes redefined (0 events):
No events

Internal exceptions (20 events):
Event: 1.918 Thread 0x0000019a4cbd4140 Exception <a 'java/lang/NullPointerException'{0x00000007126b23b0}> (0x00000007126b23b0) 
thrown [t:\workspace\open\src\hotspot\share\runtime\sharedRuntime.cpp, line 624]
Event: 1.918 Thread 0x0000019a4cbd4140 Implicit null exception at 0x0000019a2f9d4945 to 0x0000019a2f9d5297
Event: 1.918 Thread 0x0000019a4cbd4140 Exception <a 'java/lang/NullPointerException'{0x00000007126b2868}> (0x00000007126b2868) 
thrown [t:\workspace\open\src\hotspot\share\runtime\sharedRuntime.cpp, line 624]
Event: 1.918 Thread 0x0000019a4cbd4140 Implicit null exception at 0x0000019a2f9d4945 to 0x0000019a2f9d5297
Event: 1.918 Thread 0x0000019a4cbd4140 Exception <a 'java/lang/NullPointerException'{0x00000007126b2b60}> (0x00000007126b2b60) 
thrown [t:\workspace\open\src\hotspot\share\runtime\sharedRuntime.cpp, line 624]
Event: 1.918 Thread 0x0000019a4cbd4140 Implicit null exception at 0x0000019a2f9d4945 to 0x0000019a2f9d5297
Event: 1.918 Thread 0x0000019a4cbd4140 Exception <a 'java/lang/NullPointerException'{0x00000007126b2e58}> (0x00000007126b2e58) 
thrown [t:\workspace\open\src\hotspot\share\runtime\sharedRuntime.cpp, line 624]
Event: 1.918 Thread 0x0000019a4cbd4140 Implicit null exception at 0x0000019a2f9d4945 to 0x0000019a2f9d5297
Event: 1.918 Thread 0x0000019a4cbd4140 Exception <a 'java/lang/NullPointerException'{0x00000007126b3500}> (0x00000007126b3500) 
thrown [t:\workspace\open\src\hotspot\share\runtime\sharedRuntime.cpp, line 624]
Event: 1.918 Thread 0x0000019a4cbd4140 Implicit null exception at 0x0000019a2f9d4945 to 0x0000019a2f9d5297
Event: 1.918 Thread 0x0000019a4cbd4140 Exception <a 'java/lang/NullPointerException'{0x00000007126b3808}> (0x00000007126b3808) 
thrown [t:\workspace\open\src\hotspot\share\runtime\sharedRuntime.cpp, line 624]
Event: 1.918 Thread 0x0000019a4cbd4140 Implicit null exception at 0x0000019a2f9d4945 to 0x0000019a2f9d5297
Event: 1.918 Thread 0x0000019a4cbd4140 Exception <a 'java/lang/NullPointerException'{0x00000007126b3b10}> (0x00000007126b3b10) 
thrown [t:\workspace\open\src\hotspot\share\runtime\sharedRuntime.cpp, line 624]
Event: 1.918 Thread 0x0000019a4cbd4140 Implicit null exception at 0x0000019a2f9d4945 to 0x0000019a2f9d5297
Event: 1.918 Thread 0x0000019a4cbd4140 Exception <a 'java/lang/NullPointerException'{0x00000007126b4248}> (0x00000007126b4248) 
thrown [t:\workspace\open\src\hotspot\share\runtime\sharedRuntime.cpp, line 624]
Event: 1.918 Thread 0x0000019a4cbd4140 Implicit null exception at 0x0000019a2f9d4945 to 0x0000019a2f9d5297
Event: 1.918 Thread 0x0000019a4cbd4140 Exception <a 'java/lang/NullPointerException'{0x00000007126b4540}> (0x00000007126b4540) 
thrown [t:\workspace\open\src\hotspot\share\runtime\sharedRuntime.cpp, line 624]
Event: 1.918 Thread 0x0000019a4cbd4140 Implicit null exception at 0x0000019a2f9d4945 to 0x0000019a2f9d5297
Event: 1.918 Thread 0x0000019a4cbd4140 Exception <a 'java/lang/NullPointerException'{0x00000007126b4838}> (0x00000007126b4838) 
thrown [t:\workspace\open\src\hotspot\share\runtime\sharedRuntime.cpp, line 624]
Event: 38.407 Thread 0x0000019a4b10aa70 Exception <a 'java/lang/InterruptedException'{0x0000000712500800}> (0x0000000712500800) 
thrown [t:\workspace\open\src\hotspot\share\runtime\objectMonitor.cpp, line 1705]

Events (20 events):
Event: 37.543 Executing  VM operation: G1CollectForAllocation done
Event: 37.870 Executing  VM operation: G1CollectForAllocation
Event: 37.871 Executing  VM operation: G1CollectForAllocation done
Event: 38.198 Executing  VM operation: G1CollectForAllocation
Event: 38.199 Executing  VM operation: G1CollectForAllocation done
Event: 38.407 Thread 0x0000019a4cbd3bf0 Thread added: 0x0000019a4cbd3bf0
Event: 38.407 Thread 0x0000019a4b10aa70 Thread exited: 0x0000019a4b10aa70
Event: 38.407 Thread 0x0000019a4cbd1c10 Thread added: 0x0000019a4cbd1c10
Event: 38.407 Thread 0x0000019a4cbd3150 Thread added: 0x0000019a4cbd3150
Event: 38.408 Thread 0x0000019a4cbd36a0 Thread added: 0x0000019a4cbd36a0
Event: 38.408 loading class java/nio/channels/ClosedChannelException
Event: 38.408 loading class java/nio/channels/ClosedChannelException done
Event: 38.408 Thread 0x0000019a4cbd3150 Thread exited: 0x0000019a4cbd3150
Event: 38.408 Thread 0x0000019a4b10bfb0 Thread exited: 0x0000019a4b10bfb0
Event: 38.415 Thread 0x0000019a4b10b510 Thread exited: 0x0000019a4b10b510
Event: 38.436 Thread 0x0000019a4b10a520 Thread exited: 0x0000019a4b10a520
Event: 38.438 Thread 0x0000019a4cbd3bf0 Thread exited: 0x0000019a4cbd3bf0
Event: 38.508 Thread 0x0000019a4cbd1c10 Thread exited: 0x0000019a4cbd1c10
Event: 38.509 Thread 0x0000019a4a5ef5e0 Thread exited: 0x0000019a4a5ef5e0
Event: 38.509 Executing  VM operation: Exit


Dynamic libraries:
0x00007ff649b00000 - 0x00007ff649b10000 	C:\Program Files\Java\jdk-16.0.2\bin\javaw.exe
0x00007ff99d710000 - 0x00007ff99d905000 	C:\windows\SYSTEM32\ntdll.dll
0x00007ff99caa0000 - 0x00007ff99cb5e000 	C:\windows\System32\KERNEL32.DLL
0x00007ff99b0e0000 - 0x00007ff99b3a8000 	C:\windows\System32\KERNELBASE.dll
0x00007ff99b4c0000 - 0x00007ff99b5c0000 	C:\windows\System32\ucrtbase.dll
0x00007ff98f860000 - 0x00007ff98f878000 	C:\Program Files\Java\jdk-16.0.2\bin\jli.dll
0x00007ff9933b0000 - 0x00007ff9933c9000 	C:\Program Files\Java\jdk-16.0.2\bin\VCRUNTIME140.dll
0x00007ff99cde0000 - 0x00007ff99ce8e000 	C:\windows\System32\ADVAPI32.dll
0x00007ff99cb60000 - 0x00007ff99cbfe000 	C:\windows\System32\msvcrt.dll
0x00007ff99b900000 - 0x00007ff99b99c000 	C:\windows\System32\sechost.dll
0x00007ff99cc00000 - 0x00007ff99cd25000 	C:\windows\System32\RPCRT4.dll
0x00007ff99c8e0000 - 0x00007ff99ca81000 	C:\windows\System32\USER32.dll
0x00007ff99b5c0000 - 0x00007ff99b5e2000 	C:\windows\System32\win32u.dll
0x00007ff99b9b0000 - 0x00007ff99b9db000 	C:\windows\System32\GDI32.dll
0x00007ff979310000 - 0x00007ff9795aa000 	C:\windows\WinSxS\amd64_microsoft.windows.common-controls_6595b64144ccf1df_6.0.19041.1110_none_60b5254171f9507e\COMCTL32.dll
0x00007ff99afa0000 - 0x00007ff99b0ad000 	C:\windows\System32\gdi32full.dll
0x00007ff99aeb0000 - 0x00007ff99af4d000 	C:\windows\System32\msvcp_win.dll
0x00007ff992520000 - 0x00007ff99252a000 	C:\windows\SYSTEM32\VERSION.dll
0x00007ff99cf60000 - 0x00007ff99cf90000 	C:\windows\System32\IMM32.DLL
0x00007ff9976f0000 - 0x00007ff9976fc000 	C:\Program Files\Java\jdk-16.0.2\bin\vcruntime140_1.dll
0x00007ff967540000 - 0x00007ff9675d1000 	C:\Program Files\Java\jdk-16.0.2\bin\msvcp140.dll
0x00007ff909570000 - 0x00007ff90a11b000 	C:\Program Files\Java\jdk-16.0.2\bin\server\jvm.dll
0x00007ff99ca90000 - 0x00007ff99ca98000 	C:\windows\System32\PSAPI.DLL
0x00007ff976510000 - 0x00007ff976537000 	C:\windows\SYSTEM32\WINMM.dll
0x00007ff9930e0000 - 0x00007ff9930e9000 	C:\windows\SYSTEM32\WSOCK32.dll
0x00007ff99d110000 - 0x00007ff99d17b000 	C:\windows\System32\WS2_32.dll
0x00007ff9996a0000 - 0x00007ff9996b2000 	C:\windows\SYSTEM32\kernel.appcore.dll
0x00007ff981ec0000 - 0x00007ff981eca000 	C:\Program Files\Java\jdk-16.0.2\bin\jimage.dll
0x00007ff9993a0000 - 0x00007ff999584000 	C:\windows\SYSTEM32\DBGHELP.DLL
0x00007ff981ee0000 - 0x00007ff981f0c000 	C:\windows\SYSTEM32\dbgcore.DLL
0x00007ff99ae20000 - 0x00007ff99aea2000 	C:\windows\System32\bcryptPrimitives.dll
0x00007ff980fb0000 - 0x00007ff980fd5000 	C:\Program Files\Java\jdk-16.0.2\bin\java.dll
0x00007ff99bb60000 - 0x00007ff99c2a4000 	C:\windows\System32\SHELL32.dll
0x00007ff998b30000 - 0x00007ff9992c5000 	C:\windows\SYSTEM32\windows.storage.dll
0x00007ff99c2b0000 - 0x00007ff99c605000 	C:\windows\System32\combase.dll
0x00007ff99a800000 - 0x00007ff99a82e000 	C:\windows\SYSTEM32\Wldp.dll
0x00007ff99ceb0000 - 0x00007ff99cf5d000 	C:\windows\System32\SHCORE.dll
0x00007ff99c740000 - 0x00007ff99c795000 	C:\windows\System32\shlwapi.dll
0x00007ff99ad60000 - 0x00007ff99ad7f000 	C:\windows\SYSTEM32\profapi.dll
0x00007ff980f90000 - 0x00007ff980fa9000 	C:\Program Files\Java\jdk-16.0.2\bin\net.dll
0x00007ff995870000 - 0x00007ff99597c000 	C:\windows\SYSTEM32\WINHTTP.dll
0x00007ff99a560000 - 0x00007ff99a5ca000 	C:\windows\system32\mswsock.dll
0x00007ff980ea0000 - 0x00007ff980eb3000 	C:\Program Files\Java\jdk-16.0.2\bin\nio.dll
0x00007ff97b1a0000 - 0x00007ff97b1b8000 	C:\Program Files\Java\jdk-16.0.2\bin\zip.dll
0x00007ff981830000 - 0x00007ff981840000 	C:\Program Files\Java\jdk-16.0.2\bin\verify.dll
0x00007ff933430000 - 0x00007ff9335b0000 	C:\Program Files\Java\jdk-16.0.2\bin\awt.dll
0x00007ff99d600000 - 0x00007ff99d6cd000 	C:\windows\System32\OLEAUT32.dll
0x00007ff998270000 - 0x00007ff998300000 	C:\windows\SYSTEM32\apphelp.dll
0x00007ff9983d0000 - 0x00007ff99846e000 	C:\windows\system32\uxtheme.dll
0x00007ff99cf90000 - 0x00007ff99d0a5000 	C:\windows\System32\MSCTF.dll
0x00007ff99c610000 - 0x00007ff99c73a000 	C:\windows\System32\ole32.dll
0x00007ff998560000 - 0x00007ff99858f000 	C:\windows\system32\DWMAPI.DLL
0x00007ff95ea10000 - 0x00007ff95eb35000 	C:\windows\system32\opengl32.dll
0x00007ff9615f0000 - 0x00007ff96161c000 	C:\windows\SYSTEM32\GLU32.dll
0x00007ff99a750000 - 0x00007ff99a768000 	C:\windows\SYSTEM32\CRYPTSP.dll
0x00007ff999ee0000 - 0x00007ff999f14000 	C:\windows\system32\rsaenh.dll
0x00007ff99b0b0000 - 0x00007ff99b0d7000 	C:\windows\System32\bcrypt.dll
0x00007ff99ace0000 - 0x00007ff99ad0e000 	C:\windows\SYSTEM32\USERENV.dll
0x00007ff99a770000 - 0x00007ff99a77c000 	C:\windows\SYSTEM32\CRYPTBASE.dll
0x00007ff99a250000 - 0x00007ff99a28b000 	C:\windows\SYSTEM32\IPHLPAPI.DLL
0x00007ff99b9a0000 - 0x00007ff99b9a8000 	C:\windows\System32\NSI.dll
0x00007ff992f50000 - 0x00007ff992f67000 	C:\windows\SYSTEM32\dhcpcsvc6.DLL
0x00007ff993190000 - 0x00007ff9931ad000 	C:\windows\SYSTEM32\dhcpcsvc.DLL
0x00007ff99a2e0000 - 0x00007ff99a3ab000 	C:\windows\SYSTEM32\DNSAPI.dll
0x00000000637c0000 - 0x00000000637cd000 	C:\Users\sethr\AppData\Local\Temp\jogamp_0000\file_cache\jln16439640317190450278\jln14082450690289703832\natives\windows-amd64\gluegen-rt.dll
0x00007ff9976b0000 - 0x00007ff9976b7000 	C:\Program Files\Java\jdk-16.0.2\bin\jawt.dll
0x000000006a440000 - 0x000000006a44d000 	C:\Users\sethr\AppData\Local\Temp\jogamp_0000\file_cache\jln16439640317190450278\jln14082450690289703832\natives\windows-amd64\nativewindow_awt.dll
0x000000006c100000 - 0x000000006c10f000 	C:\Users\sethr\AppData\Local\Temp\jogamp_0000\file_cache\jln16439640317190450278\jln14082450690289703832\natives\windows-amd64\nativewindow_win32.dll
0x000000006cbc0000 - 0x000000006cbd3000 	C:\Users\sethr\AppData\Local\Temp\jogamp_0000\file_cache\jln16439640317190450278\jln14082450690289703832\natives\windows-amd64\newt.dll
0x00007ff994e80000 - 0x00007ff994f2e000 	C:\windows\SYSTEM32\mscms.dll
0x00007ff994e60000 - 0x00007ff994e71000 	C:\windows\SYSTEM32\ColorAdapterClient.dll
0x00007ff9932f0000 - 0x00007ff993333000 	C:\windows\SYSTEM32\icm32.dll
0x00007ff99d180000 - 0x00007ff99d5f2000 	C:\windows\System32\setupapi.dll
0x00007ff99af50000 - 0x00007ff99af9e000 	C:\windows\System32\cfgmgr32.dll
0x00007ff99ab50000 - 0x00007ff99ab84000 	C:\windows\SYSTEM32\DEVOBJ.dll
0x00007ff99b460000 - 0x00007ff99b4c0000 	C:\windows\System32\WINTRUST.dll
0x00007ff99b5f0000 - 0x00007ff99b746000 	C:\windows\System32\CRYPT32.dll
0x00007ff99a990000 - 0x00007ff99a9a2000 	C:\windows\SYSTEM32\MSASN1.dll
0x0000000064500000 - 0x00000000645b1000 	C:\Users\sethr\AppData\Local\Temp\jogamp_0000\file_cache\jln16439640317190450278\jln14082450690289703832\natives\windows-amd64\jogl_desktop.dll
0x0000000064340000 - 0x00000000643a2000 	C:\Users\sethr\AppData\Local\Temp\jogamp_0000\file_cache\jln16439640317190450278\jln14082450690289703832\natives\windows-amd64\jogl_mobile.dll
0x00007ff99cd30000 - 0x00007ff99cdd9000 	C:\windows\System32\clbcatq.dll
0x00007ff92f700000 - 0x00007ff930700000 	C:\windows\System32\DriverStore\FileRepository\iigd_dch.inf_amd64_14d6d9e2312c79ae\igxelpicd64.dll
0x00007ff999710000 - 0x00007ff999804000 	C:\windows\system32\dxgi.dll
0x00007ff932460000 - 0x00007ff9328c4000 	C:\windows\System32\DriverStore\FileRepository\iigd_dch.inf_amd64_14d6d9e2312c79ae\igdml64.dll
0x00007ff98f480000 - 0x00007ff98f83d000 	C:\windows\System32\DriverStore\FileRepository\iigd_dch.inf_amd64_14d6d9e2312c79ae\igdgmm64.dll
0x00007ff982590000 - 0x00007ff9857c8000 	C:\windows\System32\DriverStore\FileRepository\iigd_dch.inf_amd64_14d6d9e2312c79ae\igc64.dll
0x00007ff99abe0000 - 0x00007ff99ac2b000 	C:\windows\SYSTEM32\powrprof.dll
0x00007ff99abc0000 - 0x00007ff99abd2000 	C:\windows\SYSTEM32\UMPDC.dll
0x00007ff979210000 - 0x00007ff979309000 	C:\windows\SYSTEM32\textinputframework.dll
0x00007ff997cd0000 - 0x00007ff99802e000 	C:\windows\System32\CoreUIComponents.dll
0x00007ff998030000 - 0x00007ff998122000 	C:\windows\System32\CoreMessaging.dll
0x00007ff999b10000 - 0x00007ff999b43000 	C:\windows\SYSTEM32\ntmarta.dll
0x00007ff997520000 - 0x00007ff997674000 	C:\windows\SYSTEM32\wintypes.dll
0x00007ff962050000 - 0x00007ff9620b6000 	C:\windows\system32\Oleacc.dll

dbghelp: loaded successfully - version: 4.0.5 - missing functions: none
symbol engine: initialized successfully - sym options: 0x614 - pdb path: .;C:\Program Files\Java\jdk-16.0.2\bin;C:\windows\SYSTEM32;C:\windows\WinSxS\amd64_microsoft.windows.common-controls_6595b64144ccf1df_6.0.19041.1110_none_60b5254171f9507e;C:\Program Files\Java\jdk-16.0.2\bin\server;C:\Users\sethr\AppData\Local\Temp\jogamp_0000\file_cache\jln16439640317190450278\jln14082450690289703832\natives\windows-amd64;C:\windows\System32\DriverStore\FileRepository\iigd_dch.inf_amd64_14d6d9e2312c79ae

VM Arguments:
jvm_args: -Dfile.encoding=Cp1252 -XX:+ShowCodeDetailsInExceptionMessages 
java_command: crystalsimulation.Main
java_class_path (initial): C:\Users\sethr\eclipse-workspace\crystalsimulation\target\classes;C:\Users\sethr\.m2\repository\org\processing\core\3.3.6\core-3.3.6.jar;C:\Users\sethr\.m2\repository\org\jogamp\gluegen\gluegen-rt-main\2.3.2\gluegen-rt-main-2.3.2.jar;C:\Users\sethr\.m2\repository\org\jogamp\gluegen\gluegen-rt\2.3.2\gluegen-rt-2.3.2.jar;C:\Users\sethr\.m2\repository\org\jogamp\gluegen\gluegen-rt\2.3.2\gluegen-rt-2.3.2-natives-android-aarch64.jar;C:\Users\sethr\.m2\repository\org\jogamp\gluegen\gluegen-rt\2.3.2\gluegen-rt-2.3.2-natives-android-armv6.jar;C:\Users\sethr\.m2\repository\org\jogamp\gluegen\gluegen-rt\2.3.2\gluegen-rt-2.3.2-natives-linux-amd64.jar;C:\Users\sethr\.m2\repository\org\jogamp\gluegen\gluegen-rt\2.3.2\gluegen-rt-2.3.2-natives-linux-armv6.jar;C:\Users\sethr\.m2\repository\org\jogamp\gluegen\gluegen-rt\2.3.2\gluegen-rt-2.3.2-natives-linux-armv6hf.jar;C:\Users\sethr\.m2\repository\org\jogamp\gluegen\gluegen-rt\2.3.2\gluegen-rt-2.3.2-natives-linux-i586.jar;C:\Users\sethr\.m2\repository\org\jogamp\gluegen\gluegen-rt\2.3.2\gluegen-rt-2.3.2-natives-macosx-universal.jar;C:\Users\sethr\.m2\repository\org\jogamp\gluegen\gluegen-rt\2.3.2\gluegen-rt-2.3.2-natives-solaris-amd64.jar;C:\Users\sethr\.m2\repository\org\jogamp\gluegen\gluegen-rt\2.3.2\gluegen-rt-2.3.2-natives-solaris-i586.jar;C:\Users\sethr\.m2\repository\org\jogamp\gluegen\gluegen-rt\2.3.2\gluegen-rt-2.3.2-natives-windows-amd64.jar;C:\Users\sethr\.m2\repository\org\jogamp\gluegen\gluegen-rt\2.3.2\gluegen-rt-2.3.2-natives-windows-i586.jar;C:\Users\sethr\.m2\repository\org\jogamp\jogl\jogl-all-main\2.3.2\jogl-all-main-2.3.2.jar;C:\Users\sethr\.m2\repository\org\jogamp\jogl\jogl-all\2.3.2\jogl-all-2.3.2.jar;C:\Users\sethr\.m2\repository\org\jogamp\jogl\jogl-all\2.3.2\jogl-all-2.3.2-natives-android-aarch64.jar;C:\Users\sethr\.m2\repository\org\jogamp\jogl\jogl-all\2.3.2\jogl-all-2.3.2-natives-android-armv6.jar;C:\Users\sethr\.m2\repository\org\jogamp\jogl\jogl-all\2.3.2\jogl-all-2.3.2-nat
Launcher Type: SUN_STANDARD

[Global flags]
     intx CICompilerCount                          = 4                                         {product} {ergonomic}
     uint ConcGCThreads                            = 2                                         {product} {ergonomic}
     uint G1ConcRefinementThreads                  = 8                                         {product} {ergonomic}
   size_t G1HeapRegionSize                         = 2097152                                   {product} {ergonomic}
    uintx GCDrainStackTargetSize                   = 64                                        {product} {ergonomic}
   size_t InitialHeapSize                          = 266338304                                 {product} {ergonomic}
   size_t MarkStackSize                            = 4194304                                   {product} {ergonomic}
   size_t MaxHeapSize                              = 4234149888                                {product} {ergonomic}
   size_t MaxNewSize                               = 2539651072                                {product} {ergonomic}
   size_t MinHeapDeltaBytes                        = 2097152                                   {product} {ergonomic}
   size_t MinHeapSize                              = 8388608                                   {product} {ergonomic}
    uintx NonNMethodCodeHeapSize                   = 5839372                                {pd product} {ergonomic}
    uintx NonProfiledCodeHeapSize                  = 122909434                              {pd product} {ergonomic}
    uintx ProfiledCodeHeapSize                     = 122909434                              {pd product} {ergonomic}
    uintx ReservedCodeCacheSize                    = 251658240                              {pd product} {ergonomic}
     bool SegmentedCodeCache                       = true                                      {product} {ergonomic}
     bool ShowCodeDetailsInExceptionMessages       = true                                   {manageable} {command line}
   size_t SoftMaxHeapSize                          = 4234149888                             {manageable} {ergonomic}
     bool UseCompressedClassPointers               = true                           {product lp64_product} {ergonomic}
     bool UseCompressedOops                        = true                           {product lp64_product} {ergonomic}
     bool UseG1GC                                  = true                                      {product} {ergonomic}
     bool UseLargePagesIndividualAllocation        = false                                  {pd product} {ergonomic}

Logging:
Log output configuration:
 #0: stdout all=off uptime,level,tags
 #1: stderr all=off uptime,level,tags

Environment Variables:
PATH=C:\Program Files\Oculus\Support\oculus-runtime;C:\Program Files\Common Files\Oracle\Java\javapath;C:\windows\system32;C:\windows;C:\windows\System32\Wbem;C:\windows\System32\WindowsPowerShell\v1.0\;C:\windows\System32\OpenSSH\;C:\MinGW\mingw32\bin;C:\ProgramData\chocolatey\bin;C:\ProgramData\chocolatey\bin\make.exe;C:\Program Files\Git\cmd;C:\Program Files\nodejs\;C:\Users\sethr\AppData\Local\Programs\Python\Python39\Scripts\;C:\Users\sethr\AppData\Local\Programs\Python\Python39\;C:\Users\sethr\AppData\Local\Microsoft\WindowsApps;C:\Users\sethr\AppData\Local\Programs\Microsoft VS Code\bin;C:\Users\sethr\AppData\Local\GitHubDesktop\bin;C:\Users\sethr\AppData\Roaming\npm
USERNAME=sethr
OS=Windows_NT
PROCESSOR_IDENTIFIER=Intel64 Family 6 Model 140 Stepping 1, GenuineIntel



---------------  S Y S T E M  ---------------

OS:
 Windows 10 , 64 bit Build 19041 (10.0.19041.1466)
OS uptime: 2 days 18:07 hours

CPU: total 8 (initial active 8) (4 cores per cpu, 2 threads per core) family 6 model 140 stepping 1 microcode 0x86, cx8, cmov, fxsr, ht, mmx, 3dnowpref, sse, sse2, sse3, ssse3, sse4.1, sse4.2, popcnt, lzcnt, tsc, tscinvbit, avx, avx2, aes, erms, clmul, bmi1, bmi2, adx, avx512f, avx512dq, avx512cd, avx512bw, avx512vl, sha, fma, vzeroupper, avx512_vpopcntdq, avx512_vpclmulqdq, avx512_vaes, avx512_vnni, clflush, clflushopt, clwb, avx512_vmbi2, avx512_vmbi

Memory: 4k page, system-wide physical 16149M (9148M free)
TotalPageFile size 30485M (AvailPageFile size 19365M)
current process WorkingSet (physical memory assigned to process): 515M, peak: 519M
current process commit charge ("private bytes"): 593M, peak: 611M

vm_info: Java HotSpot(TM) 64-Bit Server VM (16.0.2+7-67) for windows-amd64 JRE (16.0.2+7-67), built on Jun  8 2021 23:24:19 by "mach5one" with MS VC++ 16.7 (VS2019)

END.
