#
# A fatal error has been detected by the Java Runtime Environment:
#
#  EXCEPTION_ACCESS_VIOLATION (0xc0000005) at pc=0x00007ffefbfa2c4c, pid=12828, tid=1180
#
# JRE version: Java(TM) SE Runtime Environment (16.0.2+7) (build 16.0.2+7-67)
# Java VM: Java HotSpot(TM) 64-Bit Server VM (16.0.2+7-67, mixed mode, sharing, tiered, compressed oops, compressed class ptrs, g1 gc, windows-amd64)
# Problematic frame:
# C  [igxelpicd64.dll+0x282c4c]
#
# No core dump will be written. Minidumps are not enabled by default on client versions of Windows
#
# If you would like to submit a bug report, please visit:
#   https://bugreport.java.com/bugreport/crash.jsp
#

---------------  S U M M A R Y ------------

Command Line: -Dfile.encoding=Cp1252 -XX:+ShowCodeDetailsInExceptionMessages crystalsimulation.Main

Host: 11th Gen Intel(R) Core(TM) i7-1165G7 @ 2.80GHz, 8 cores, 15G,  Windows 10 , 64 bit Build 19041 (10.0.19041.2364)
Time: Sat Dec 24 09:01:34 2022 Eastern Standard Time elapsed time: 78.858233 seconds (0d 0h 1m 18s)

---------------  T H R E A D  ---------------

Current thread (0x0000015b3e5699a0):  VMThread "VM Thread" [stack: 0x0000004786f00000,0x0000004787000000] [id=1180]

Stack: [0x0000004786f00000,0x0000004787000000],  sp=0x0000004786ffe4c0,  free space=1017k
Native frames: (J=compiled Java code, j=interpreted, Vv=VM code, C=native code)
C  [igxelpicd64.dll+0x282c4c]


siginfo: EXCEPTION_ACCESS_VIOLATION (0xc0000005), reading address 0x00000000000356f8


Register to memory mapping:

RIP=0x00007ffefbfa2c4c igxelpicd64.dll
RAX=0x0000015b3f6a3980 points into unknown readable memory: 0x000000000009d75e | 5e d7 09 00 00 00 00 00
RBX=0x0000015b3faa1ac0 points into unknown readable memory: 0xffffffffffffffff | ff ff ff ff ff ff ff ff
RCX=0x0 is NULL
RDX=0x0000000000000002 is an unknown value
RSP=0x0000004786ffe4c0 points into unknown readable memory: 0x0000015b3faa1ac0 | c0 1a aa 3f 5b 01 00 00
RBP=0x0000000000000016 is an unknown value
RSI=0x0000015b3f129d40 points into unknown readable memory: 0x0000000000000000 | 00 00 00 00 00 00 00 00
RDI=0x0 is NULL
R8 =0x0000000000000014 is an unknown value
R9 =0x0 is NULL
R10=0x0 is NULL
R11=0x0000000000000246 is an unknown value
R12=0x0000015b3f6a3db8 points into unknown readable memory: 0x0000015b3f6a3e40 | 40 3e 6a 3f 5b 01 00 00
R13=0x0 is NULL
R14=0x0000015b3f6a37f0 points into unknown readable memory: 0x0000015b3fb15fb0 | b0 5f b1 3f 5b 01 00 00
R15=0x0 is NULL


Registers:
RAX=0x0000015b3f6a3980, RBX=0x0000015b3faa1ac0, RCX=0x0000000000000000, RDX=0x0000000000000002
RSP=0x0000004786ffe4c0, RBP=0x0000000000000016, RSI=0x0000015b3f129d40, RDI=0x0000000000000000
R8 =0x0000000000000014, R9 =0x0000000000000000, R10=0x0000000000000000, R11=0x0000000000000246
R12=0x0000015b3f6a3db8, R13=0x0000000000000000, R14=0x0000015b3f6a37f0, R15=0x0000000000000000
RIP=0x00007ffefbfa2c4c, EFLAGS=0x0000000000010202

Top of Stack: (sp=0x0000004786ffe4c0)
0x0000004786ffe4c0:   0000015b3faa1ac0 00007fff58c6d499
0x0000004786ffe4d0:   0000004786ffe558 0000000000000000
0x0000004786ffe4e0:   0000000000000054 0000015b3faa1ac0
0x0000004786ffe4f0:   0000004786ffe710 00007fff5aab0ef4
0x0000004786ffe500:   0000004786ffe670 0000000000000000
0x0000004786ffe510:   0000015b197d0b54 0000015b41c5cc38
0x0000004786ffe520:   000000000009d76f 0000000000000000
0x0000004786ffe530:   0000000000000015 0000000000000000
0x0000004786ffe540:   0000000000000000 0000004786ffe660
0x0000004786ffe550:   0000015b3f129d40 00007ffefbdd769c
0x0000004786ffe560:   0000015b00000016 0000015b3f6a3e40
0x0000004786ffe570:   0000004786509000 00007fff5aa2d200
0x0000004786ffe580:   00000047000009e4 0000b80219890000
0x0000004786ffe590:   0000000000000000 0000015b197c0000
0x0000004786ffe5a0:   00007fff5aa779d0 00000004f46857d4
0x0000004786ffe5b0:   00000000000004b4 0000015b197c1c04 

Instructions: (pc=0x00007ffefbfa2c4c)
0x00007ffefbfa2b4c:   41 bf 20 00 00 00 48 8b 04 38 4d 8b 3c 07 0f b6
0x00007ffefbfa2b5c:   bc 24 b0 00 00 00 4c 3b 3d d7 f8 cb 00 41 0f 44
0x00007ffefbfa2b6c:   e9 89 ac 24 a0 00 00 00 48 85 c9 0f 84 d4 07 00
0x00007ffefbfa2b7c:   00 0f 1f 00 4c 8b f1 4c 8d a1 c8 05 00 00 49 8b
0x00007ffefbfa2b8c:   04 24 48 89 84 24 a8 00 00 00 40 84 ff 74 10 48
0x00007ffefbfa2b9c:   8b d1 48 8b 09 e8 ea 8d e3 ff e9 4f 07 00 00 8b
0x00007ffefbfa2bac:   96 d0 01 00 00 48 8b 05 58 dd bb 00 83 b8 64 03
0x00007ffefbfa2bbc:   00 00 02 0f 85 19 02 00 00 83 fa 10 73 0e 48 8d
0x00007ffefbfa2bcc:   42 04 48 8d 04 c2 48 8d 04 c1 eb 60 8d 4a f0 8b
0x00007ffefbfa2bdc:   c1 c1 e8 04 83 f8 03 73 1d 0f ae e8 83 e1 0f 4d
0x00007ffefbfa2bec:   8b 84 c6 80 05 00 00 4d 85 c0 74 25 48 8d 0c c9
0x00007ffefbfa2bfc:   49 8d 04 c8 eb 36 49 8b 86 98 05 00 00 48 85 c0
0x00007ffefbfa2c0c:   74 0f 66 90 39 10 74 2f 48 8b 40 50 48 85 c0 75
0x00007ffefbfa2c1c:   f3 41 80 be a0 05 00 00 00 74 22 8b c2 83 e0 0f
0x00007ffefbfa2c2c:   48 8d 04 c0 48 8d 40 20 49 8d 04 c6 48 85 c0 74
0x00007ffefbfa2c3c:   0c 48 8b 48 08 eb 09 48 83 c0 08 eb ef 49 8b c9
0x00007ffefbfa2c4c:   49 3b 8f f8 56 03 00 0f 86 85 01 00 00 83 fa 10
0x00007ffefbfa2c5c:   73 0a 48 8d 42 04 48 8d 04 c2 eb 5c 8d 4a f0 8b
0x00007ffefbfa2c6c:   c1 c1 e8 04 83 f8 03 73 1d 0f ae e8 83 e1 0f 4d
0x00007ffefbfa2c7c:   8b 84 c6 80 05 00 00 4d 85 c0 74 25 48 8d 0c c9
0x00007ffefbfa2c8c:   49 8d 04 c8 eb 36 49 8b 86 98 05 00 00 48 85 c0
0x00007ffefbfa2c9c:   74 0f 66 90 39 10 74 2f 48 8b 40 50 48 85 c0 75
0x00007ffefbfa2cac:   f3 41 80 be a0 05 00 00 00 74 22 8b c2 83 e0 0f
0x00007ffefbfa2cbc:   48 8d 04 c0 48 8d 40 20 49 8d 04 c6 48 85 c0 74
0x00007ffefbfa2ccc:   0c 48 8b 48 08 eb 09 48 83 c0 08 eb ef 49 8b c9
0x00007ffefbfa2cdc:   49 3b 8e 40 06 00 00 0f 86 f5 00 00 00 48 8b 86
0x00007ffefbfa2cec:   80 02 00 00 49 89 04 24 4c 89 b6 80 02 00 00 ff
0x00007ffefbfa2cfc:   86 88 02 00 00 ba 01 00 00 00 49 8b 4e 08 e8 41
0x00007ffefbfa2d0c:   28 59 00 0f b7 c8 48 2b c1 48 05 00 00 01 00 48
0x00007ffefbfa2d1c:   01 86 90 02 00 00 ba 01 00 00 00 49 8b 4e 08 e8
0x00007ffefbfa2d2c:   20 28 59 00 48 01 86 a0 02 00 00 85 ed 74 75 49
0x00007ffefbfa2d3c:   8b 9f 58 4f 03 00 0f 57 c0 f3 0f 7f 44 24 30 c7 


Stack slot to memory mapping:
stack at sp + 0 slots: 0x0000015b3faa1ac0 points into unknown readable memory: 0xffffffffffffffff | ff ff ff ff ff ff ff ff
stack at sp + 1 slots: 0x00007fff58c6d499 USER32.dll
stack at sp + 2 slots: 0x0000004786ffe558 points into unknown readable memory: 0x00007ffefbdd769c | 9c 76 dd fb fe 7f 00 00
stack at sp + 3 slots: 0x0 is NULL
stack at sp + 4 slots: 0x0000000000000054 is an unknown value
stack at sp + 5 slots: 0x0000015b3faa1ac0 points into unknown readable memory: 0xffffffffffffffff | ff ff ff ff ff ff ff ff
stack at sp + 6 slots: 0x0000004786ffe710 points into unknown readable memory: 0x0000000000000000 | 00 00 00 00 00 00 00 00
stack at sp + 7 slots: 0x00007fff5aab0ef4 ntdll.dll

VM_Operation (0x0000004788dfe9d0): Exit, mode: safepoint, requested by thread 0x0000015b3fbc67f0


---------------  P R O C E S S  ---------------

Threads class SMR info:
_java_thread_list=0x0000015b41b33a80, length=16, elements={
0x0000015b3e56d020, 0x0000015b3e56e3c0, 0x0000015b3e57dab0, 0x0000015b3e5805a0,
0x0000015b3e582fb0, 0x0000015b3e587180, 0x0000015b3e58e7c0, 0x0000015b3e5b0c90,
0x0000015b3e5bbdf0, 0x0000015b3f12c6b0, 0x0000015b3f130ca0, 0x0000015b3f3fe970,
0x0000015b3fbc7290, 0x0000015b3fbc67f0, 0x0000015b3fbc6d40, 0x0000015b3fbc77e0
}

Java Threads: ( => current thread )
  0x0000015b3e56d020 JavaThread "Reference Handler" daemon [_thread_blocked, id=22044, stack(0x0000004787000000,0x0000004787100000)]
  0x0000015b3e56e3c0 JavaThread "Finalizer" daemon [_thread_blocked, id=29508, stack(0x0000004787100000,0x0000004787200000)]
  0x0000015b3e57dab0 JavaThread "Signal Dispatcher" daemon [_thread_blocked, id=16276, stack(0x0000004787200000,0x0000004787300000)]
  0x0000015b3e5805a0 JavaThread "Attach Listener" daemon [_thread_blocked, id=6564, stack(0x0000004787300000,0x0000004787400000)]
  0x0000015b3e582fb0 JavaThread "Service Thread" daemon [_thread_blocked, id=12768, stack(0x0000004787400000,0x0000004787500000)]
  0x0000015b3e587180 JavaThread "Monitor Deflation Thread" daemon [_thread_blocked, id=19100, stack(0x0000004787500000,0x0000004787600000)]
  0x0000015b3e58e7c0 JavaThread "C2 CompilerThread0" daemon [_thread_blocked, id=26336, stack(0x0000004787600000,0x0000004787700000)]
  0x0000015b3e5b0c90 JavaThread "C1 CompilerThread0" daemon [_thread_blocked, id=20904, stack(0x0000004787700000,0x0000004787800000)]
  0x0000015b3e5bbdf0 JavaThread "Sweeper thread" daemon [_thread_blocked, id=23376, stack(0x0000004787800000,0x0000004787900000)]
  0x0000015b3f12c6b0 JavaThread "Notification Thread" daemon [_thread_blocked, id=14200, stack(0x0000004787900000,0x0000004787a00000)]
  0x0000015b3f130ca0 JavaThread "Common-Cleaner" daemon [_thread_blocked, id=3128, stack(0x0000004787b00000,0x0000004787c00000)]
  0x0000015b3f3fe970 JavaThread "Java2D Disposer" daemon [_thread_blocked, id=25640, stack(0x0000004787d00000,0x0000004787e00000)]
  0x0000015b3fbc7290 JavaThread "HighResTimerThread" daemon [_thread_blocked, id=8172, stack(0x0000004788b00000,0x0000004788c00000)]
  0x0000015b3fbc67f0 JavaThread "main-FPSAWTAnimator#00-Timer0" [_thread_blocked, id=20524, stack(0x0000004788d00000,0x0000004788e00000)]
  0x0000015b3fbc6d40 JavaThread "DestroyJavaVM" [_thread_blocked, id=24468, stack(0x0000004786900000,0x0000004786a00000)]
  0x0000015b3fbc77e0 JavaThread "AWT-Shutdown" [_thread_blocked, id=26672, stack(0x0000004788c00000,0x0000004788d00000)]

Other Threads:
=>0x0000015b3e5699a0 VMThread "VM Thread" [stack: 0x0000004786f00000,0x0000004787000000] [id=1180]
  0x0000015b19b0e550 GCTaskThread "GC Thread#0" [stack: 0x0000004786a00000,0x0000004786b00000] [id=25660]
  0x0000015b41666c00 GCTaskThread "GC Thread#1" [stack: 0x0000004788500000,0x0000004788600000] [id=4032]
  0x0000015b41666f10 GCTaskThread "GC Thread#2" [stack: 0x0000004788600000,0x0000004788700000] [id=24664]
  0x0000015b416684d0 GCTaskThread "GC Thread#3" [stack: 0x0000004788700000,0x0000004788800000] [id=27896]
  0x0000015b41668e00 GCTaskThread "GC Thread#4" [stack: 0x0000004788800000,0x0000004788900000] [id=21600]
  0x0000015b41667ba0 GCTaskThread "GC Thread#5" [stack: 0x0000004788900000,0x0000004788a00000] [id=29520]
  0x0000015b41667270 GCTaskThread "GC Thread#6" [stack: 0x0000004788a00000,0x0000004788b00000] [id=19152]
  0x0000015b415aed00 GCTaskThread "GC Thread#7" [stack: 0x0000004789000000,0x0000004789100000] [id=21500]
  0x0000015b19b1f2e0 ConcurrentGCThread "G1 Main Marker" terminated
  0x0000015b19b20570 ConcurrentGCThread "G1 Conc#0" [stack: 0x0000004786c00000,0x0000004786d00000] [id=26068]
  0x0000015b19b96640 ConcurrentGCThread "G1 Refine#0" terminated
  0x0000015b3e422220 ConcurrentGCThread "G1 Service" terminated

Threads with active compile tasks:

VM state: at safepoint (shutting down)

VM Mutex/Monitor currently owned by a thread:  ([mutex/lock_event])
[0x0000015b19aba810] Threads_lock - owner thread: 0x0000015b3e5699a0
[0x0000015b19aba6f0] Heap_lock - owner thread: 0x0000015b3fbc67f0

Heap address: 0x0000000703a00000, size: 4038 MB, Compressed Oops mode: Zero based, Oop shift amount: 3

CDS archive(s) mapped at: [0x0000000800000000-0x0000000800bb0000-0x0000000800bb0000), size 12255232, SharedBaseAddress: 0x0000000800000000, ArchiveRelocationMode: 0.
Compressed class space mapped at: 0x0000000800c00000-0x0000000840c00000, reserved size: 1073741824
Narrow klass base: 0x0000000800000000, Narrow klass shift: 3, Narrow klass range: 0x100000000

GC Precious Log:
 CPUs: 8 total, 8 available
 Memory: 16149M
 Large Page Support: Disabled
 NUMA Support: Disabled
 Compressed Oops: Enabled (Zero based)
 Heap Region Size: 2M
 Heap Min Capacity: 8M
 Heap Initial Capacity: 254M
 Heap Max Capacity: 4038M
 Pre-touch: Disabled
 Parallel Workers: 8
 Concurrent Workers: 2
 Concurrent Refinement Workers: 8
 Periodic GC: Disabled

Heap:
 garbage-first heap   total 460800K, used 117577K [0x0000000703a00000, 0x0000000800000000)
  region size 2048K, 56 young (114688K), 1 survivors (2048K)
 Metaspace       used 12928K, committed 13056K, reserved 1064960K
  class space    used 887K, committed 960K, reserved 1048576K

Heap Regions: E=young(eden), S=young(survivor), O=old, HS=humongous(starts), HC=humongous(continues), CS=collection set, F=free, OA=open archive, CA=closed archive, TAMS=top-at-mark-start (previous, next)
|   0|0x0000000703a00000, 0x0000000703c00000, 0x0000000703c00000|100%| O|  |TAMS 0x0000000703a00000, 0x0000000703a00000| Untracked 
|   1|0x0000000703c00000, 0x0000000703e00000, 0x0000000703e00000|100%| O|  |TAMS 0x0000000703c00000, 0x0000000703c00000| Untracked 
|   2|0x0000000703e00000, 0x0000000704000000, 0x0000000704000000|100%| O|  |TAMS 0x0000000703e00000, 0x0000000703e00000| Untracked 
|   3|0x0000000704000000, 0x00000007040ca400, 0x0000000704200000| 39%| O|  |TAMS 0x0000000704000000, 0x0000000704000000| Untracked 
|   4|0x0000000704200000, 0x0000000704200000, 0x0000000704400000|  0%| F|  |TAMS 0x0000000704200000, 0x0000000704200000| Untracked 
|   5|0x0000000704400000, 0x0000000704400000, 0x0000000704600000|  0%| F|  |TAMS 0x0000000704400000, 0x0000000704400000| Untracked 
|   6|0x0000000704600000, 0x0000000704600000, 0x0000000704800000|  0%| F|  |TAMS 0x0000000704600000, 0x0000000704600000| Untracked 
|   7|0x0000000704800000, 0x0000000704800000, 0x0000000704a00000|  0%| F|  |TAMS 0x0000000704800000, 0x0000000704800000| Untracked 
|   8|0x0000000704a00000, 0x0000000704a00000, 0x0000000704c00000|  0%| F|  |TAMS 0x0000000704a00000, 0x0000000704a00000| Untracked 
|   9|0x0000000704c00000, 0x0000000704c00000, 0x0000000704e00000|  0%| F|  |TAMS 0x0000000704c00000, 0x0000000704c00000| Untracked 
|  10|0x0000000704e00000, 0x0000000704e00000, 0x0000000705000000|  0%| F|  |TAMS 0x0000000704e00000, 0x0000000704e00000| Untracked 
|  11|0x0000000705000000, 0x0000000705000000, 0x0000000705200000|  0%| F|  |TAMS 0x0000000705000000, 0x0000000705000000| Untracked 
|  12|0x0000000705200000, 0x0000000705200000, 0x0000000705400000|  0%| F|  |TAMS 0x0000000705200000, 0x0000000705200000| Untracked 
|  13|0x0000000705400000, 0x0000000705400000, 0x0000000705600000|  0%| F|  |TAMS 0x0000000705400000, 0x0000000705400000| Untracked 
|  14|0x0000000705600000, 0x0000000705600000, 0x0000000705800000|  0%| F|  |TAMS 0x0000000705600000, 0x0000000705600000| Untracked 
|  15|0x0000000705800000, 0x0000000705800000, 0x0000000705a00000|  0%| F|  |TAMS 0x0000000705800000, 0x0000000705800000| Untracked 
|  16|0x0000000705a00000, 0x0000000705a00000, 0x0000000705c00000|  0%| F|  |TAMS 0x0000000705a00000, 0x0000000705a00000| Untracked 
|  17|0x0000000705c00000, 0x0000000705c00000, 0x0000000705e00000|  0%| F|  |TAMS 0x0000000705c00000, 0x0000000705c00000| Untracked 
|  18|0x0000000705e00000, 0x0000000705e00000, 0x0000000706000000|  0%| F|  |TAMS 0x0000000705e00000, 0x0000000705e00000| Untracked 
|  19|0x0000000706000000, 0x0000000706000000, 0x0000000706200000|  0%| F|  |TAMS 0x0000000706000000, 0x0000000706000000| Untracked 
|  20|0x0000000706200000, 0x0000000706200000, 0x0000000706400000|  0%| F|  |TAMS 0x0000000706200000, 0x0000000706200000| Untracked 
|  21|0x0000000706400000, 0x0000000706400000, 0x0000000706600000|  0%| F|  |TAMS 0x0000000706400000, 0x0000000706400000| Untracked 
|  22|0x0000000706600000, 0x0000000706600000, 0x0000000706800000|  0%| F|  |TAMS 0x0000000706600000, 0x0000000706600000| Untracked 
|  23|0x0000000706800000, 0x0000000706800000, 0x0000000706a00000|  0%| F|  |TAMS 0x0000000706800000, 0x0000000706800000| Untracked 
|  24|0x0000000706a00000, 0x0000000706a00000, 0x0000000706c00000|  0%| F|  |TAMS 0x0000000706a00000, 0x0000000706a00000| Untracked 
|  25|0x0000000706c00000, 0x0000000706c00000, 0x0000000706e00000|  0%| F|  |TAMS 0x0000000706c00000, 0x0000000706c00000| Untracked 
|  26|0x0000000706e00000, 0x0000000706e00000, 0x0000000707000000|  0%| F|  |TAMS 0x0000000706e00000, 0x0000000706e00000| Untracked 
|  27|0x0000000707000000, 0x0000000707000000, 0x0000000707200000|  0%| F|  |TAMS 0x0000000707000000, 0x0000000707000000| Untracked 
|  28|0x0000000707200000, 0x0000000707200000, 0x0000000707400000|  0%| F|  |TAMS 0x0000000707200000, 0x0000000707200000| Untracked 
|  29|0x0000000707400000, 0x0000000707400000, 0x0000000707600000|  0%| F|  |TAMS 0x0000000707400000, 0x0000000707400000| Untracked 
|  30|0x0000000707600000, 0x0000000707600000, 0x0000000707800000|  0%| F|  |TAMS 0x0000000707600000, 0x0000000707600000| Untracked 
|  31|0x0000000707800000, 0x0000000707800000, 0x0000000707a00000|  0%| F|  |TAMS 0x0000000707800000, 0x0000000707800000| Untracked 
|  32|0x0000000707a00000, 0x0000000707a00000, 0x0000000707c00000|  0%| F|  |TAMS 0x0000000707a00000, 0x0000000707a00000| Untracked 
|  33|0x0000000707c00000, 0x0000000707c00000, 0x0000000707e00000|  0%| F|  |TAMS 0x0000000707c00000, 0x0000000707c00000| Untracked 
|  34|0x0000000707e00000, 0x0000000707e00000, 0x0000000708000000|  0%| F|  |TAMS 0x0000000707e00000, 0x0000000707e00000| Untracked 
|  35|0x0000000708000000, 0x0000000708000000, 0x0000000708200000|  0%| F|  |TAMS 0x0000000708000000, 0x0000000708000000| Untracked 
|  36|0x0000000708200000, 0x0000000708200000, 0x0000000708400000|  0%| F|  |TAMS 0x0000000708200000, 0x0000000708200000| Untracked 
|  37|0x0000000708400000, 0x0000000708400000, 0x0000000708600000|  0%| F|  |TAMS 0x0000000708400000, 0x0000000708400000| Untracked 
|  38|0x0000000708600000, 0x0000000708600000, 0x0000000708800000|  0%| F|  |TAMS 0x0000000708600000, 0x0000000708600000| Untracked 
|  39|0x0000000708800000, 0x0000000708800000, 0x0000000708a00000|  0%| F|  |TAMS 0x0000000708800000, 0x0000000708800000| Untracked 
|  40|0x0000000708a00000, 0x0000000708a00000, 0x0000000708c00000|  0%| F|  |TAMS 0x0000000708a00000, 0x0000000708a00000| Untracked 
|  41|0x0000000708c00000, 0x0000000708c00000, 0x0000000708e00000|  0%| F|  |TAMS 0x0000000708c00000, 0x0000000708c00000| Untracked 
|  42|0x0000000708e00000, 0x0000000708e00000, 0x0000000709000000|  0%| F|  |TAMS 0x0000000708e00000, 0x0000000708e00000| Untracked 
|  43|0x0000000709000000, 0x0000000709000000, 0x0000000709200000|  0%| F|  |TAMS 0x0000000709000000, 0x0000000709000000| Untracked 
|  44|0x0000000709200000, 0x0000000709200000, 0x0000000709400000|  0%| F|  |TAMS 0x0000000709200000, 0x0000000709200000| Untracked 
|  45|0x0000000709400000, 0x0000000709400000, 0x0000000709600000|  0%| F|  |TAMS 0x0000000709400000, 0x0000000709400000| Untracked 
|  46|0x0000000709600000, 0x0000000709600000, 0x0000000709800000|  0%| F|  |TAMS 0x0000000709600000, 0x0000000709600000| Untracked 
|  47|0x0000000709800000, 0x0000000709800000, 0x0000000709a00000|  0%| F|  |TAMS 0x0000000709800000, 0x0000000709800000| Untracked 
|  48|0x0000000709a00000, 0x0000000709a00000, 0x0000000709c00000|  0%| F|  |TAMS 0x0000000709a00000, 0x0000000709a00000| Untracked 
|  49|0x0000000709c00000, 0x0000000709c00000, 0x0000000709e00000|  0%| F|  |TAMS 0x0000000709c00000, 0x0000000709c00000| Untracked 
|  50|0x0000000709e00000, 0x0000000709e00000, 0x000000070a000000|  0%| F|  |TAMS 0x0000000709e00000, 0x0000000709e00000| Untracked 
|  51|0x000000070a000000, 0x000000070a000000, 0x000000070a200000|  0%| F|  |TAMS 0x000000070a000000, 0x000000070a000000| Untracked 
|  52|0x000000070a200000, 0x000000070a200000, 0x000000070a400000|  0%| F|  |TAMS 0x000000070a200000, 0x000000070a200000| Untracked 
|  53|0x000000070a400000, 0x000000070a400000, 0x000000070a600000|  0%| F|  |TAMS 0x000000070a400000, 0x000000070a400000| Untracked 
|  54|0x000000070a600000, 0x000000070a600000, 0x000000070a800000|  0%| F|  |TAMS 0x000000070a600000, 0x000000070a600000| Untracked 
|  55|0x000000070a800000, 0x000000070a800000, 0x000000070aa00000|  0%| F|  |TAMS 0x000000070a800000, 0x000000070a800000| Untracked 
|  56|0x000000070aa00000, 0x000000070aa00000, 0x000000070ac00000|  0%| F|  |TAMS 0x000000070aa00000, 0x000000070aa00000| Untracked 
|  57|0x000000070ac00000, 0x000000070ac00000, 0x000000070ae00000|  0%| F|  |TAMS 0x000000070ac00000, 0x000000070ac00000| Untracked 
|  58|0x000000070ae00000, 0x000000070ae00000, 0x000000070b000000|  0%| F|  |TAMS 0x000000070ae00000, 0x000000070ae00000| Untracked 
|  59|0x000000070b000000, 0x000000070b000000, 0x000000070b200000|  0%| F|  |TAMS 0x000000070b000000, 0x000000070b000000| Untracked 
|  60|0x000000070b200000, 0x000000070b200000, 0x000000070b400000|  0%| F|  |TAMS 0x000000070b200000, 0x000000070b200000| Untracked 
|  61|0x000000070b400000, 0x000000070b400000, 0x000000070b600000|  0%| F|  |TAMS 0x000000070b400000, 0x000000070b400000| Untracked 
|  62|0x000000070b600000, 0x000000070b600000, 0x000000070b800000|  0%| F|  |TAMS 0x000000070b600000, 0x000000070b600000| Untracked 
|  63|0x000000070b800000, 0x000000070b800000, 0x000000070ba00000|  0%| F|  |TAMS 0x000000070b800000, 0x000000070b800000| Untracked 
|  64|0x000000070ba00000, 0x000000070ba00000, 0x000000070bc00000|  0%| F|  |TAMS 0x000000070ba00000, 0x000000070ba00000| Untracked 
|  65|0x000000070bc00000, 0x000000070bc00000, 0x000000070be00000|  0%| F|  |TAMS 0x000000070bc00000, 0x000000070bc00000| Untracked 
|  66|0x000000070be00000, 0x000000070be00000, 0x000000070c000000|  0%| F|  |TAMS 0x000000070be00000, 0x000000070be00000| Untracked 
|  67|0x000000070c000000, 0x000000070c000000, 0x000000070c200000|  0%| F|  |TAMS 0x000000070c000000, 0x000000070c000000| Untracked 
|  68|0x000000070c200000, 0x000000070c200000, 0x000000070c400000|  0%| F|  |TAMS 0x000000070c200000, 0x000000070c200000| Untracked 
|  69|0x000000070c400000, 0x000000070c400000, 0x000000070c600000|  0%| F|  |TAMS 0x000000070c400000, 0x000000070c400000| Untracked 
|  70|0x000000070c600000, 0x000000070c600000, 0x000000070c800000|  0%| F|  |TAMS 0x000000070c600000, 0x000000070c600000| Untracked 
|  71|0x000000070c800000, 0x000000070c800000, 0x000000070ca00000|  0%| F|  |TAMS 0x000000070c800000, 0x000000070c800000| Untracked 
|  72|0x000000070ca00000, 0x000000070ca00000, 0x000000070cc00000|  0%| F|  |TAMS 0x000000070ca00000, 0x000000070ca00000| Untracked 
|  73|0x000000070cc00000, 0x000000070cc00000, 0x000000070ce00000|  0%| F|  |TAMS 0x000000070cc00000, 0x000000070cc00000| Untracked 
|  74|0x000000070ce00000, 0x000000070ce00000, 0x000000070d000000|  0%| F|  |TAMS 0x000000070ce00000, 0x000000070ce00000| Untracked 
|  75|0x000000070d000000, 0x000000070d000000, 0x000000070d200000|  0%| F|  |TAMS 0x000000070d000000, 0x000000070d000000| Untracked 
|  76|0x000000070d200000, 0x000000070d200000, 0x000000070d400000|  0%| F|  |TAMS 0x000000070d200000, 0x000000070d200000| Untracked 
|  77|0x000000070d400000, 0x000000070d400000, 0x000000070d600000|  0%| F|  |TAMS 0x000000070d400000, 0x000000070d400000| Untracked 
|  78|0x000000070d600000, 0x000000070d600000, 0x000000070d800000|  0%| F|  |TAMS 0x000000070d600000, 0x000000070d600000| Untracked 
|  79|0x000000070d800000, 0x000000070d800000, 0x000000070da00000|  0%| F|  |TAMS 0x000000070d800000, 0x000000070d800000| Untracked 
|  80|0x000000070da00000, 0x000000070da00000, 0x000000070dc00000|  0%| F|  |TAMS 0x000000070da00000, 0x000000070da00000| Untracked 
|  81|0x000000070dc00000, 0x000000070dc00000, 0x000000070de00000|  0%| F|  |TAMS 0x000000070dc00000, 0x000000070dc00000| Untracked 
|  82|0x000000070de00000, 0x000000070de00000, 0x000000070e000000|  0%| F|  |TAMS 0x000000070de00000, 0x000000070de00000| Untracked 
|  83|0x000000070e000000, 0x000000070e000000, 0x000000070e200000|  0%| F|  |TAMS 0x000000070e000000, 0x000000070e000000| Untracked 
|  84|0x000000070e200000, 0x000000070e200000, 0x000000070e400000|  0%| F|  |TAMS 0x000000070e200000, 0x000000070e200000| Untracked 
|  85|0x000000070e400000, 0x000000070e400000, 0x000000070e600000|  0%| F|  |TAMS 0x000000070e400000, 0x000000070e400000| Untracked 
|  86|0x000000070e600000, 0x000000070e600000, 0x000000070e800000|  0%| F|  |TAMS 0x000000070e600000, 0x000000070e600000| Untracked 
|  87|0x000000070e800000, 0x000000070e800000, 0x000000070ea00000|  0%| F|  |TAMS 0x000000070e800000, 0x000000070e800000| Untracked 
|  88|0x000000070ea00000, 0x000000070ea00000, 0x000000070ec00000|  0%| F|  |TAMS 0x000000070ea00000, 0x000000070ea00000| Untracked 
|  89|0x000000070ec00000, 0x000000070ec00000, 0x000000070ee00000|  0%| F|  |TAMS 0x000000070ec00000, 0x000000070ec00000| Untracked 
|  90|0x000000070ee00000, 0x000000070ee08100, 0x000000070f000000|  1%| S|CS|TAMS 0x000000070ee00000, 0x000000070ee00000| Complete 
|  91|0x000000070f000000, 0x000000070f000000, 0x000000070f200000|  0%| F|  |TAMS 0x000000070f000000, 0x000000070f000000| Untracked 
|  92|0x000000070f200000, 0x000000070f200000, 0x000000070f400000|  0%| F|  |TAMS 0x000000070f200000, 0x000000070f200000| Untracked 
|  93|0x000000070f400000, 0x000000070f400000, 0x000000070f600000|  0%| F|  |TAMS 0x000000070f400000, 0x000000070f400000| Untracked 
|  94|0x000000070f600000, 0x000000070f600000, 0x000000070f800000|  0%| F|  |TAMS 0x000000070f600000, 0x000000070f600000| Untracked 
|  95|0x000000070f800000, 0x000000070f800000, 0x000000070fa00000|  0%| F|  |TAMS 0x000000070f800000, 0x000000070f800000| Untracked 
|  96|0x000000070fa00000, 0x000000070fa00000, 0x000000070fc00000|  0%| F|  |TAMS 0x000000070fa00000, 0x000000070fa00000| Untracked 
|  97|0x000000070fc00000, 0x000000070fc00000, 0x000000070fe00000|  0%| F|  |TAMS 0x000000070fc00000, 0x000000070fc00000| Untracked 
|  98|0x000000070fe00000, 0x000000070fe00000, 0x0000000710000000|  0%| F|  |TAMS 0x000000070fe00000, 0x000000070fe00000| Untracked 
|  99|0x0000000710000000, 0x0000000710000000, 0x0000000710200000|  0%| F|  |TAMS 0x0000000710000000, 0x0000000710000000| Untracked 
| 100|0x0000000710200000, 0x0000000710200000, 0x0000000710400000|  0%| F|  |TAMS 0x0000000710200000, 0x0000000710200000| Untracked 
| 101|0x0000000710400000, 0x0000000710400000, 0x0000000710600000|  0%| F|  |TAMS 0x0000000710400000, 0x0000000710400000| Untracked 
| 102|0x0000000710600000, 0x0000000710600000, 0x0000000710800000|  0%| F|  |TAMS 0x0000000710600000, 0x0000000710600000| Untracked 
| 103|0x0000000710800000, 0x0000000710800000, 0x0000000710a00000|  0%| F|  |TAMS 0x0000000710800000, 0x0000000710800000| Untracked 
| 104|0x0000000710a00000, 0x0000000710a00000, 0x0000000710c00000|  0%| F|  |TAMS 0x0000000710a00000, 0x0000000710a00000| Untracked 
| 105|0x0000000710c00000, 0x0000000710c00000, 0x0000000710e00000|  0%| F|  |TAMS 0x0000000710c00000, 0x0000000710c00000| Untracked 
| 106|0x0000000710e00000, 0x0000000710e00000, 0x0000000711000000|  0%| F|  |TAMS 0x0000000710e00000, 0x0000000710e00000| Untracked 
| 107|0x0000000711000000, 0x0000000711000000, 0x0000000711200000|  0%| F|  |TAMS 0x0000000711000000, 0x0000000711000000| Untracked 
| 108|0x0000000711200000, 0x0000000711200000, 0x0000000711400000|  0%| F|  |TAMS 0x0000000711200000, 0x0000000711200000| Untracked 
| 109|0x0000000711400000, 0x0000000711400000, 0x0000000711600000|  0%| F|  |TAMS 0x0000000711400000, 0x0000000711400000| Untracked 
| 110|0x0000000711600000, 0x0000000711600000, 0x0000000711800000|  0%| F|  |TAMS 0x0000000711600000, 0x0000000711600000| Untracked 
| 111|0x0000000711800000, 0x0000000711800000, 0x0000000711a00000|  0%| F|  |TAMS 0x0000000711800000, 0x0000000711800000| Untracked 
| 112|0x0000000711a00000, 0x0000000711a00000, 0x0000000711c00000|  0%| F|  |TAMS 0x0000000711a00000, 0x0000000711a00000| Untracked 
| 113|0x0000000711c00000, 0x0000000711c00000, 0x0000000711e00000|  0%| F|  |TAMS 0x0000000711c00000, 0x0000000711c00000| Untracked 
| 114|0x0000000711e00000, 0x0000000711e00000, 0x0000000712000000|  0%| F|  |TAMS 0x0000000711e00000, 0x0000000711e00000| Untracked 
| 115|0x0000000712000000, 0x0000000712000000, 0x0000000712200000|  0%| F|  |TAMS 0x0000000712000000, 0x0000000712000000| Untracked 
| 116|0x0000000712200000, 0x0000000712200000, 0x0000000712400000|  0%| F|  |TAMS 0x0000000712200000, 0x0000000712200000| Untracked 
| 117|0x0000000712400000, 0x0000000712400000, 0x0000000712600000|  0%| F|  |TAMS 0x0000000712400000, 0x0000000712400000| Untracked 
| 118|0x0000000712600000, 0x0000000712600000, 0x0000000712800000|  0%| F|  |TAMS 0x0000000712600000, 0x0000000712600000| Untracked 
| 119|0x0000000712800000, 0x0000000712800000, 0x0000000712a00000|  0%| F|  |TAMS 0x0000000712800000, 0x0000000712800000| Untracked 
| 120|0x0000000712a00000, 0x0000000712a00000, 0x0000000712c00000|  0%| F|  |TAMS 0x0000000712a00000, 0x0000000712a00000| Untracked 
| 121|0x0000000712c00000, 0x0000000712c00000, 0x0000000712e00000|  0%| F|  |TAMS 0x0000000712c00000, 0x0000000712c00000| Untracked 
| 122|0x0000000712e00000, 0x0000000712e00000, 0x0000000713000000|  0%| F|  |TAMS 0x0000000712e00000, 0x0000000712e00000| Untracked 
| 123|0x0000000713000000, 0x0000000713000000, 0x0000000713200000|  0%| F|  |TAMS 0x0000000713000000, 0x0000000713000000| Untracked 
| 124|0x0000000713200000, 0x0000000713200000, 0x0000000713400000|  0%| F|  |TAMS 0x0000000713200000, 0x0000000713200000| Untracked 
| 125|0x0000000713400000, 0x0000000713400000, 0x0000000713600000|  0%| F|  |TAMS 0x0000000713400000, 0x0000000713400000| Untracked 
| 126|0x0000000713600000, 0x0000000713600000, 0x0000000713800000|  0%| F|  |TAMS 0x0000000713600000, 0x0000000713600000| Untracked 
| 127|0x0000000713800000, 0x0000000713800000, 0x0000000713a00000|  0%| F|  |TAMS 0x0000000713800000, 0x0000000713800000| Untracked 
| 128|0x0000000713a00000, 0x0000000713a00000, 0x0000000713c00000|  0%| F|  |TAMS 0x0000000713a00000, 0x0000000713a00000| Untracked 
| 129|0x0000000713c00000, 0x0000000713c00000, 0x0000000713e00000|  0%| F|  |TAMS 0x0000000713c00000, 0x0000000713c00000| Untracked 
| 130|0x0000000713e00000, 0x0000000713e00000, 0x0000000714000000|  0%| F|  |TAMS 0x0000000713e00000, 0x0000000713e00000| Untracked 
| 131|0x0000000714000000, 0x0000000714000000, 0x0000000714200000|  0%| F|  |TAMS 0x0000000714000000, 0x0000000714000000| Untracked 
| 132|0x0000000714200000, 0x0000000714200000, 0x0000000714400000|  0%| F|  |TAMS 0x0000000714200000, 0x0000000714200000| Untracked 
| 133|0x0000000714400000, 0x0000000714400000, 0x0000000714600000|  0%| F|  |TAMS 0x0000000714400000, 0x0000000714400000| Untracked 
| 134|0x0000000714600000, 0x0000000714600000, 0x0000000714800000|  0%| F|  |TAMS 0x0000000714600000, 0x0000000714600000| Untracked 
| 135|0x0000000714800000, 0x0000000714800000, 0x0000000714a00000|  0%| F|  |TAMS 0x0000000714800000, 0x0000000714800000| Untracked 
| 136|0x0000000714a00000, 0x0000000714a00000, 0x0000000714c00000|  0%| F|  |TAMS 0x0000000714a00000, 0x0000000714a00000| Untracked 
| 137|0x0000000714c00000, 0x0000000714c00000, 0x0000000714e00000|  0%| F|  |TAMS 0x0000000714c00000, 0x0000000714c00000| Untracked 
| 138|0x0000000714e00000, 0x0000000714e00000, 0x0000000715000000|  0%| F|  |TAMS 0x0000000714e00000, 0x0000000714e00000| Untracked 
| 139|0x0000000715000000, 0x0000000715000000, 0x0000000715200000|  0%| F|  |TAMS 0x0000000715000000, 0x0000000715000000| Untracked 
| 140|0x0000000715200000, 0x0000000715200000, 0x0000000715400000|  0%| F|  |TAMS 0x0000000715200000, 0x0000000715200000| Untracked 
| 141|0x0000000715400000, 0x0000000715400000, 0x0000000715600000|  0%| F|  |TAMS 0x0000000715400000, 0x0000000715400000| Untracked 
| 142|0x0000000715600000, 0x0000000715600000, 0x0000000715800000|  0%| F|  |TAMS 0x0000000715600000, 0x0000000715600000| Untracked 
| 143|0x0000000715800000, 0x0000000715800000, 0x0000000715a00000|  0%| F|  |TAMS 0x0000000715800000, 0x0000000715800000| Untracked 
| 144|0x0000000715a00000, 0x0000000715a00000, 0x0000000715c00000|  0%| F|  |TAMS 0x0000000715a00000, 0x0000000715a00000| Untracked 
| 145|0x0000000715c00000, 0x0000000715c00000, 0x0000000715e00000|  0%| F|  |TAMS 0x0000000715c00000, 0x0000000715c00000| Untracked 
| 146|0x0000000715e00000, 0x0000000715e00000, 0x0000000716000000|  0%| F|  |TAMS 0x0000000715e00000, 0x0000000715e00000| Untracked 
| 147|0x0000000716000000, 0x0000000716000000, 0x0000000716200000|  0%| F|  |TAMS 0x0000000716000000, 0x0000000716000000| Untracked 
| 148|0x0000000716200000, 0x0000000716200000, 0x0000000716400000|  0%| F|  |TAMS 0x0000000716200000, 0x0000000716200000| Untracked 
| 149|0x0000000716400000, 0x0000000716400000, 0x0000000716600000|  0%| F|  |TAMS 0x0000000716400000, 0x0000000716400000| Untracked 
| 150|0x0000000716600000, 0x0000000716600000, 0x0000000716800000|  0%| F|  |TAMS 0x0000000716600000, 0x0000000716600000| Untracked 
| 151|0x0000000716800000, 0x0000000716800000, 0x0000000716a00000|  0%| F|  |TAMS 0x0000000716800000, 0x0000000716800000| Untracked 
| 152|0x0000000716a00000, 0x0000000716a00000, 0x0000000716c00000|  0%| F|  |TAMS 0x0000000716a00000, 0x0000000716a00000| Untracked 
| 153|0x0000000716c00000, 0x0000000716c00000, 0x0000000716e00000|  0%| F|  |TAMS 0x0000000716c00000, 0x0000000716c00000| Untracked 
| 154|0x0000000716e00000, 0x0000000716e00000, 0x0000000717000000|  0%| F|  |TAMS 0x0000000716e00000, 0x0000000716e00000| Untracked 
| 155|0x0000000717000000, 0x0000000717000000, 0x0000000717200000|  0%| F|  |TAMS 0x0000000717000000, 0x0000000717000000| Untracked 
| 156|0x0000000717200000, 0x0000000717200000, 0x0000000717400000|  0%| F|  |TAMS 0x0000000717200000, 0x0000000717200000| Untracked 
| 157|0x0000000717400000, 0x0000000717400000, 0x0000000717600000|  0%| F|  |TAMS 0x0000000717400000, 0x0000000717400000| Untracked 
| 158|0x0000000717600000, 0x0000000717600000, 0x0000000717800000|  0%| F|  |TAMS 0x0000000717600000, 0x0000000717600000| Untracked 
| 159|0x0000000717800000, 0x0000000717800000, 0x0000000717a00000|  0%| F|  |TAMS 0x0000000717800000, 0x0000000717800000| Untracked 
| 160|0x0000000717a00000, 0x0000000717a00000, 0x0000000717c00000|  0%| F|  |TAMS 0x0000000717a00000, 0x0000000717a00000| Untracked 
| 161|0x0000000717c00000, 0x0000000717c00000, 0x0000000717e00000|  0%| F|  |TAMS 0x0000000717c00000, 0x0000000717c00000| Untracked 
| 162|0x0000000717e00000, 0x0000000717e00000, 0x0000000718000000|  0%| F|  |TAMS 0x0000000717e00000, 0x0000000717e00000| Untracked 
| 163|0x0000000718000000, 0x0000000718000000, 0x0000000718200000|  0%| F|  |TAMS 0x0000000718000000, 0x0000000718000000| Untracked 
| 164|0x0000000718200000, 0x0000000718200000, 0x0000000718400000|  0%| F|  |TAMS 0x0000000718200000, 0x0000000718200000| Untracked 
| 165|0x0000000718400000, 0x0000000718400000, 0x0000000718600000|  0%| F|  |TAMS 0x0000000718400000, 0x0000000718400000| Untracked 
| 166|0x0000000718600000, 0x0000000718600000, 0x0000000718800000|  0%| F|  |TAMS 0x0000000718600000, 0x0000000718600000| Untracked 
| 167|0x0000000718800000, 0x0000000718800000, 0x0000000718a00000|  0%| F|  |TAMS 0x0000000718800000, 0x0000000718800000| Untracked 
| 168|0x0000000718a00000, 0x0000000718a00000, 0x0000000718c00000|  0%| F|  |TAMS 0x0000000718a00000, 0x0000000718a00000| Untracked 
| 169|0x0000000718c00000, 0x0000000718c00000, 0x0000000718e00000|  0%| F|  |TAMS 0x0000000718c00000, 0x0000000718c00000| Untracked 
| 170|0x0000000718e00000, 0x0000000718f00800, 0x0000000719000000| 50%| E|  |TAMS 0x0000000718e00000, 0x0000000718e00000| Complete 
| 171|0x0000000719000000, 0x0000000719200000, 0x0000000719200000|100%| E|CS|TAMS 0x0000000719000000, 0x0000000719000000| Complete 
| 172|0x0000000719200000, 0x0000000719400000, 0x0000000719400000|100%| E|CS|TAMS 0x0000000719200000, 0x0000000719200000| Complete 
| 173|0x0000000719400000, 0x0000000719600000, 0x0000000719600000|100%| E|CS|TAMS 0x0000000719400000, 0x0000000719400000| Complete 
| 174|0x0000000719600000, 0x0000000719800000, 0x0000000719800000|100%| E|CS|TAMS 0x0000000719600000, 0x0000000719600000| Complete 
| 175|0x0000000719800000, 0x0000000719a00000, 0x0000000719a00000|100%| E|CS|TAMS 0x0000000719800000, 0x0000000719800000| Complete 
| 176|0x0000000719a00000, 0x0000000719c00000, 0x0000000719c00000|100%| E|CS|TAMS 0x0000000719a00000, 0x0000000719a00000| Complete 
| 177|0x0000000719c00000, 0x0000000719e00000, 0x0000000719e00000|100%| E|CS|TAMS 0x0000000719c00000, 0x0000000719c00000| Complete 
| 178|0x0000000719e00000, 0x000000071a000000, 0x000000071a000000|100%| E|CS|TAMS 0x0000000719e00000, 0x0000000719e00000| Complete 
| 179|0x000000071a000000, 0x000000071a200000, 0x000000071a200000|100%| E|CS|TAMS 0x000000071a000000, 0x000000071a000000| Complete 
| 180|0x000000071a200000, 0x000000071a400000, 0x000000071a400000|100%| E|CS|TAMS 0x000000071a200000, 0x000000071a200000| Complete 
| 181|0x000000071a400000, 0x000000071a600000, 0x000000071a600000|100%| E|CS|TAMS 0x000000071a400000, 0x000000071a400000| Complete 
| 182|0x000000071a600000, 0x000000071a800000, 0x000000071a800000|100%| E|CS|TAMS 0x000000071a600000, 0x000000071a600000| Complete 
| 183|0x000000071a800000, 0x000000071aa00000, 0x000000071aa00000|100%| E|CS|TAMS 0x000000071a800000, 0x000000071a800000| Complete 
| 184|0x000000071aa00000, 0x000000071ac00000, 0x000000071ac00000|100%| E|CS|TAMS 0x000000071aa00000, 0x000000071aa00000| Complete 
| 185|0x000000071ac00000, 0x000000071ae00000, 0x000000071ae00000|100%| E|CS|TAMS 0x000000071ac00000, 0x000000071ac00000| Complete 
| 186|0x000000071ae00000, 0x000000071b000000, 0x000000071b000000|100%| E|CS|TAMS 0x000000071ae00000, 0x000000071ae00000| Complete 
| 187|0x000000071b000000, 0x000000071b200000, 0x000000071b200000|100%| E|CS|TAMS 0x000000071b000000, 0x000000071b000000| Complete 
| 188|0x000000071b200000, 0x000000071b400000, 0x000000071b400000|100%| E|CS|TAMS 0x000000071b200000, 0x000000071b200000| Complete 
| 189|0x000000071b400000, 0x000000071b600000, 0x000000071b600000|100%| E|CS|TAMS 0x000000071b400000, 0x000000071b400000| Complete 
| 190|0x000000071b600000, 0x000000071b800000, 0x000000071b800000|100%| E|CS|TAMS 0x000000071b600000, 0x000000071b600000| Complete 
| 191|0x000000071b800000, 0x000000071ba00000, 0x000000071ba00000|100%| E|CS|TAMS 0x000000071b800000, 0x000000071b800000| Complete 
| 192|0x000000071ba00000, 0x000000071bc00000, 0x000000071bc00000|100%| E|CS|TAMS 0x000000071ba00000, 0x000000071ba00000| Complete 
| 193|0x000000071bc00000, 0x000000071be00000, 0x000000071be00000|100%| E|CS|TAMS 0x000000071bc00000, 0x000000071bc00000| Complete 
| 194|0x000000071be00000, 0x000000071c000000, 0x000000071c000000|100%| E|CS|TAMS 0x000000071be00000, 0x000000071be00000| Complete 
| 195|0x000000071c000000, 0x000000071c200000, 0x000000071c200000|100%| E|CS|TAMS 0x000000071c000000, 0x000000071c000000| Complete 
| 196|0x000000071c200000, 0x000000071c400000, 0x000000071c400000|100%| E|CS|TAMS 0x000000071c200000, 0x000000071c200000| Complete 
| 197|0x000000071c400000, 0x000000071c600000, 0x000000071c600000|100%| E|CS|TAMS 0x000000071c400000, 0x000000071c400000| Complete 
| 198|0x000000071c600000, 0x000000071c800000, 0x000000071c800000|100%| E|CS|TAMS 0x000000071c600000, 0x000000071c600000| Complete 
| 199|0x000000071c800000, 0x000000071ca00000, 0x000000071ca00000|100%| E|CS|TAMS 0x000000071c800000, 0x000000071c800000| Complete 
| 200|0x000000071ca00000, 0x000000071cc00000, 0x000000071cc00000|100%| E|CS|TAMS 0x000000071ca00000, 0x000000071ca00000| Complete 
| 201|0x000000071cc00000, 0x000000071ce00000, 0x000000071ce00000|100%| E|CS|TAMS 0x000000071cc00000, 0x000000071cc00000| Complete 
| 202|0x000000071ce00000, 0x000000071d000000, 0x000000071d000000|100%| E|CS|TAMS 0x000000071ce00000, 0x000000071ce00000| Complete 
| 203|0x000000071d000000, 0x000000071d200000, 0x000000071d200000|100%| E|CS|TAMS 0x000000071d000000, 0x000000071d000000| Complete 
| 204|0x000000071d200000, 0x000000071d400000, 0x000000071d400000|100%| E|CS|TAMS 0x000000071d200000, 0x000000071d200000| Complete 
| 205|0x000000071d400000, 0x000000071d600000, 0x000000071d600000|100%| E|CS|TAMS 0x000000071d400000, 0x000000071d400000| Complete 
| 206|0x000000071d600000, 0x000000071d800000, 0x000000071d800000|100%| E|CS|TAMS 0x000000071d600000, 0x000000071d600000| Complete 
| 207|0x000000071d800000, 0x000000071da00000, 0x000000071da00000|100%| E|CS|TAMS 0x000000071d800000, 0x000000071d800000| Complete 
| 208|0x000000071da00000, 0x000000071dc00000, 0x000000071dc00000|100%| E|CS|TAMS 0x000000071da00000, 0x000000071da00000| Complete 
| 209|0x000000071dc00000, 0x000000071de00000, 0x000000071de00000|100%| E|CS|TAMS 0x000000071dc00000, 0x000000071dc00000| Complete 
| 210|0x000000071de00000, 0x000000071e000000, 0x000000071e000000|100%| E|CS|TAMS 0x000000071de00000, 0x000000071de00000| Complete 
| 211|0x000000071e000000, 0x000000071e200000, 0x000000071e200000|100%| E|CS|TAMS 0x000000071e000000, 0x000000071e000000| Complete 
| 212|0x000000071e200000, 0x000000071e400000, 0x000000071e400000|100%| E|CS|TAMS 0x000000071e200000, 0x000000071e200000| Complete 
| 213|0x000000071e400000, 0x000000071e600000, 0x000000071e600000|100%| E|CS|TAMS 0x000000071e400000, 0x000000071e400000| Complete 
| 214|0x000000071e600000, 0x000000071e800000, 0x000000071e800000|100%| E|CS|TAMS 0x000000071e600000, 0x000000071e600000| Complete 
| 215|0x000000071e800000, 0x000000071ea00000, 0x000000071ea00000|100%| E|CS|TAMS 0x000000071e800000, 0x000000071e800000| Complete 
| 216|0x000000071ea00000, 0x000000071ec00000, 0x000000071ec00000|100%| E|CS|TAMS 0x000000071ea00000, 0x000000071ea00000| Complete 
| 217|0x000000071ec00000, 0x000000071ee00000, 0x000000071ee00000|100%| E|CS|TAMS 0x000000071ec00000, 0x000000071ec00000| Complete 
| 218|0x000000071ee00000, 0x000000071f000000, 0x000000071f000000|100%| E|CS|TAMS 0x000000071ee00000, 0x000000071ee00000| Complete 
| 219|0x000000071f000000, 0x000000071f200000, 0x000000071f200000|100%| E|CS|TAMS 0x000000071f000000, 0x000000071f000000| Complete 
| 220|0x000000071f200000, 0x000000071f400000, 0x000000071f400000|100%| E|CS|TAMS 0x000000071f200000, 0x000000071f200000| Complete 
| 221|0x000000071f400000, 0x000000071f600000, 0x000000071f600000|100%| E|CS|TAMS 0x000000071f400000, 0x000000071f400000| Complete 
| 222|0x000000071f600000, 0x000000071f800000, 0x000000071f800000|100%| E|CS|TAMS 0x000000071f600000, 0x000000071f600000| Complete 
| 223|0x000000071f800000, 0x000000071fa00000, 0x000000071fa00000|100%| E|CS|TAMS 0x000000071f800000, 0x000000071f800000| Complete 
| 224|0x000000071fa00000, 0x000000071fc00000, 0x000000071fc00000|100%| E|CS|TAMS 0x000000071fa00000, 0x000000071fa00000| Complete 

Card table byte_map: [0x0000015b32c80000,0x0000015b33470000] _byte_map_base: 0x0000015b2f463000

Marking Bits (Prev, Next): (CMBitMap*) 0x0000015b19b0ec40, (CMBitMap*) 0x0000015b19b0ec80
 Prev Bits: [0x0000015b33c60000, 0x0000015b37b78000)
 Next Bits: [0x0000015b37b80000, 0x0000015b3ba98000)

Polling page: 0x0000015b19990000

Metaspace:

Usage:
  Non-class:     11.76 MB used.
      Class:    887.88 KB used.
       Both:     12.63 MB used.

Virtual space:
  Non-class space:       16.00 MB reserved,      11.81 MB ( 74%) committed,  2 nodes.
      Class space:        1.00 GB reserved,     960.00 KB ( <1%) committed,  1 nodes.
              Both:        1.02 GB reserved,      12.75 MB (  1%) committed. 

Chunk freelists:
   Non-Class:  3.70 MB
       Class:  2.94 MB
        Both:  6.64 MB

MaxMetaspaceSize: 17179869184.00 GB
CompressedClassSpaceSize: 1.00 GB
 - commit_granule_bytes: 65536.
 - commit_granule_words: 8192.
 - virtual_space_node_default_size: 1048576.
 - enlarge_chunks_in_place: 1.
 - new_chunks_are_fully_committed: 0.
 - uncommit_free_chunks: 1.
 - use_allocation_guard: 0.
 - handle_deallocations: 1.


Internal statistics:

num_allocs_failed_limit: 0.
num_arena_births: 86.
num_arena_deaths: 0.
num_vsnodes_births: 3.
num_vsnodes_deaths: 0.
num_space_committed: 200.
num_space_uncommitted: 0.
num_chunks_returned_to_freelist: 0.
num_chunks_taken_from_freelist: 350.
num_chunk_merges: 0.
num_chunk_splits: 284.
num_chunks_enlarged: 233.
num_purges: 0.

CodeHeap 'non-profiled nmethods': size=120000Kb used=1006Kb max_used=1006Kb free=118993Kb
 bounds [0x0000015b2a500000, 0x0000015b2a770000, 0x0000015b31a30000]
CodeHeap 'profiled nmethods': size=120000Kb used=3821Kb max_used=3821Kb free=116178Kb
 bounds [0x0000015b22fd0000, 0x0000015b23390000, 0x0000015b2a500000]
CodeHeap 'non-nmethods': size=5760Kb used=1557Kb max_used=1591Kb free=4202Kb
 bounds [0x0000015b22a30000, 0x0000015b22ca0000, 0x0000015b22fd0000]
 total_blobs=2927 nmethods=1978 adapters=862
 compilation: enabled
              stopped_count=0, restarted_count=0
 full_count=0

Compilation events (20 events):
Event: 58.916 Thread 0x0000015b3e58e7c0 1969       4       processing.core.PApplet::strokeWeight (24 bytes)
Event: 58.919 Thread 0x0000015b3e58e7c0 nmethod 1969 0x0000015b2a5ef690 code [0x0000015b2a5ef820, 0x0000015b2a5ef8f8]
Event: 58.987 Thread 0x0000015b3e58e7c0 1970       4       processing.opengl.PGraphicsOpenGL::flush (310 bytes)
Event: 59.183 Thread 0x0000015b3e58e7c0 nmethod 1970 0x0000015b2a5efa10 code [0x0000015b2a5eff00, 0x0000015b2a5f4f50]
Event: 61.676 Thread 0x0000015b3e5b0c90 1971       3       processing.opengl.PGraphicsOpenGL::unbindLineBuffers (23 bytes)
Event: 61.676 Thread 0x0000015b3e5b0c90 nmethod 1971 0x0000015b2338a010 code [0x0000015b2338a1c0, 0x0000015b2338a4b8]
Event: 64.068 Thread 0x0000015b3e58e7c0 1972       4       processing.opengl.PJOGL::enable (16 bytes)
Event: 64.071 Thread 0x0000015b3e58e7c0 nmethod 1972 0x0000015b2a5f9210 code [0x0000015b2a5f93a0, 0x0000015b2a5f94e8]
Event: 64.251 Thread 0x0000015b3e58e7c0 1973       4       processing.opengl.PShader::setUniformMatrix (79 bytes)
Event: 64.267 Thread 0x0000015b3e58e7c0 nmethod 1973 0x0000015b2a5f9690 code [0x0000015b2a5f9860, 0x0000015b2a5f9ec8]
Event: 68.038 Thread 0x0000015b3e58e7c0 1974       4       processing.opengl.PGraphicsOpenGL$TexCache::clear (24 bytes)
Event: 68.042 Thread 0x0000015b3e58e7c0 nmethod 1974 0x0000015b2a5fa610 code [0x0000015b2a5fa7a0, 0x0000015b2a5fa938]
Event: 74.584 Thread 0x0000015b3e58e7c0 1975       4       processing.opengl.PGL::updateFloatBuffer (41 bytes)
Event: 74.594 Thread 0x0000015b3e58e7c0 nmethod 1975 0x0000015b2a5faa90 code [0x0000015b2a5fac40, 0x0000015b2a5fb098]
Event: 75.037 Thread 0x0000015b3e58e7c0 1976       4       processing.core.PGraphics::colorCalc (12 bytes)
Event: 75.038 Thread 0x0000015b3e58e7c0 nmethod 1976 0x0000015b2a5fb710 code [0x0000015b2a5fb8a0, 0x0000015b2a5fb948]
Event: 78.740 Thread 0x0000015b3e5b0c90 1978       3       jdk.internal.loader.NativeLibraries::find (72 bytes)
Event: 78.740 Thread 0x0000015b3e5b0c90 nmethod 1978 0x0000015b2338a590 code [0x0000015b2338a7c0, 0x0000015b2338b058]
Event: 78.740 Thread 0x0000015b3e5b0c90 1977       3       java.lang.ClassLoader::findNative (21 bytes)
Event: 78.741 Thread 0x0000015b3e5b0c90 nmethod 1977 0x0000015b2338b290 code [0x0000015b2338b460, 0x0000015b2338b678]

GC Heap History (20 events):
Event: 74.701 GC heap before
{Heap before GC invocations=210 (full 0):
 garbage-first heap   total 460800K, used 281401K [0x0000000703a00000, 0x0000000800000000)
  region size 2048K, 135 young (276480K), 1 survivors (2048K)
 Metaspace       used 12885K, committed 13056K, reserved 1064960K
  class space    used 884K, committed 960K, reserved 1048576K
}
Event: 74.702 GC heap after
{Heap after GC invocations=211 (full 0):
 garbage-first heap   total 460800K, used 6965K [0x0000000703a00000, 0x0000000800000000)
  region size 2048K, 1 young (2048K), 1 survivors (2048K)
 Metaspace       used 12885K, committed 13056K, reserved 1064960K
  class space    used 884K, committed 960K, reserved 1048576K
}
Event: 75.237 GC heap before
{Heap before GC invocations=211 (full 0):
 garbage-first heap   total 460800K, used 281397K [0x0000000703a00000, 0x0000000800000000)
  region size 2048K, 135 young (276480K), 1 survivors (2048K)
 Metaspace       used 12885K, committed 13056K, reserved 1064960K
  class space    used 884K, committed 960K, reserved 1048576K
}
Event: 75.238 GC heap after
{Heap after GC invocations=212 (full 0):
 garbage-first heap   total 460800K, used 6967K [0x0000000703a00000, 0x0000000800000000)
  region size 2048K, 1 young (2048K), 1 survivors (2048K)
 Metaspace       used 12885K, committed 13056K, reserved 1064960K
  class space    used 884K, committed 960K, reserved 1048576K
}
Event: 75.764 GC heap before
{Heap before GC invocations=212 (full 0):
 garbage-first heap   total 460800K, used 281399K [0x0000000703a00000, 0x0000000800000000)
  region size 2048K, 135 young (276480K), 1 survivors (2048K)
 Metaspace       used 12885K, committed 13056K, reserved 1064960K
  class space    used 884K, committed 960K, reserved 1048576K
}
Event: 75.765 GC heap after
{Heap after GC invocations=213 (full 0):
 garbage-first heap   total 460800K, used 6969K [0x0000000703a00000, 0x0000000800000000)
  region size 2048K, 1 young (2048K), 1 survivors (2048K)
 Metaspace       used 12885K, committed 13056K, reserved 1064960K
  class space    used 884K, committed 960K, reserved 1048576K
}
Event: 76.287 GC heap before
{Heap before GC invocations=213 (full 0):
 garbage-first heap   total 460800K, used 281401K [0x0000000703a00000, 0x0000000800000000)
  region size 2048K, 135 young (276480K), 1 survivors (2048K)
 Metaspace       used 12885K, committed 13056K, reserved 1064960K
  class space    used 884K, committed 960K, reserved 1048576K
}
Event: 76.289 GC heap after
{Heap after GC invocations=214 (full 0):
 garbage-first heap   total 460800K, used 6974K [0x0000000703a00000, 0x0000000800000000)
  region size 2048K, 1 young (2048K), 1 survivors (2048K)
 Metaspace       used 12885K, committed 13056K, reserved 1064960K
  class space    used 884K, committed 960K, reserved 1048576K
}
Event: 76.815 GC heap before
{Heap before GC invocations=214 (full 0):
 garbage-first heap   total 460800K, used 281406K [0x0000000703a00000, 0x0000000800000000)
  region size 2048K, 135 young (276480K), 1 survivors (2048K)
 Metaspace       used 12885K, committed 13056K, reserved 1064960K
  class space    used 884K, committed 960K, reserved 1048576K
}
Event: 76.817 GC heap after
{Heap after GC invocations=215 (full 0):
 garbage-first heap   total 460800K, used 6976K [0x0000000703a00000, 0x0000000800000000)
  region size 2048K, 1 young (2048K), 1 survivors (2048K)
 Metaspace       used 12885K, committed 13056K, reserved 1064960K
  class space    used 884K, committed 960K, reserved 1048576K
}
Event: 77.361 GC heap before
{Heap before GC invocations=215 (full 0):
 garbage-first heap   total 460800K, used 281408K [0x0000000703a00000, 0x0000000800000000)
  region size 2048K, 135 young (276480K), 1 survivors (2048K)
 Metaspace       used 12885K, committed 13056K, reserved 1064960K
  class space    used 884K, committed 960K, reserved 1048576K
}
Event: 77.362 GC heap after
{Heap after GC invocations=216 (full 0):
 garbage-first heap   total 460800K, used 6976K [0x0000000703a00000, 0x0000000800000000)
  region size 2048K, 1 young (2048K), 1 survivors (2048K)
 Metaspace       used 12885K, committed 13056K, reserved 1064960K
  class space    used 884K, committed 960K, reserved 1048576K
}
Event: 77.736 GC heap before
{Heap before GC invocations=216 (full 0):
 garbage-first heap   total 460800K, used 281408K [0x0000000703a00000, 0x0000000800000000)
  region size 2048K, 135 young (276480K), 1 survivors (2048K)
 Metaspace       used 12885K, committed 13056K, reserved 1064960K
  class space    used 884K, committed 960K, reserved 1048576K
}
Event: 77.738 GC heap after
{Heap after GC invocations=217 (full 0):
 garbage-first heap   total 460800K, used 6978K [0x0000000703a00000, 0x0000000800000000)
  region size 2048K, 1 young (2048K), 1 survivors (2048K)
 Metaspace       used 12885K, committed 13056K, reserved 1064960K
  class space    used 884K, committed 960K, reserved 1048576K
}
Event: 78.034 GC heap before
{Heap before GC invocations=217 (full 0):
 garbage-first heap   total 460800K, used 281410K [0x0000000703a00000, 0x0000000800000000)
  region size 2048K, 135 young (276480K), 1 survivors (2048K)
 Metaspace       used 12885K, committed 13056K, reserved 1064960K
  class space    used 884K, committed 960K, reserved 1048576K
}
Event: 78.034 GC heap after
{Heap after GC invocations=218 (full 0):
 garbage-first heap   total 460800K, used 6976K [0x0000000703a00000, 0x0000000800000000)
  region size 2048K, 1 young (2048K), 1 survivors (2048K)
 Metaspace       used 12885K, committed 13056K, reserved 1064960K
  class space    used 884K, committed 960K, reserved 1048576K
}
Event: 78.307 GC heap before
{Heap before GC invocations=218 (full 0):
 garbage-first heap   total 460800K, used 281408K [0x0000000703a00000, 0x0000000800000000)
  region size 2048K, 135 young (276480K), 1 survivors (2048K)
 Metaspace       used 12885K, committed 13056K, reserved 1064960K
  class space    used 884K, committed 960K, reserved 1048576K
}
Event: 78.309 GC heap after
{Heap after GC invocations=219 (full 0):
 garbage-first heap   total 460800K, used 6980K [0x0000000703a00000, 0x0000000800000000)
  region size 2048K, 1 young (2048K), 1 survivors (2048K)
 Metaspace       used 12885K, committed 13056K, reserved 1064960K
  class space    used 884K, committed 960K, reserved 1048576K
}
Event: 78.625 GC heap before
{Heap before GC invocations=219 (full 0):
 garbage-first heap   total 460800K, used 281412K [0x0000000703a00000, 0x0000000800000000)
  region size 2048K, 135 young (276480K), 1 survivors (2048K)
 Metaspace       used 12885K, committed 13056K, reserved 1064960K
  class space    used 884K, committed 960K, reserved 1048576K
}
Event: 78.626 GC heap after
{Heap after GC invocations=220 (full 0):
 garbage-first heap   total 460800K, used 6985K [0x0000000703a00000, 0x0000000800000000)
  region size 2048K, 1 young (2048K), 1 survivors (2048K)
 Metaspace       used 12885K, committed 13056K, reserved 1064960K
  class space    used 884K, committed 960K, reserved 1048576K
}

Deoptimization events (20 events):
Event: 2.113 Thread 0x0000015b3fbc67f0 DEOPT PACKING pc=0x0000015b231d8550 sp=0x0000004788dfe9b0
Event: 2.113 Thread 0x0000015b3fbc67f0 DEOPT UNPACKING pc=0x0000015b22a7e77e sp=0x0000004788dfde80 mode 0
Event: 2.125 Thread 0x0000015b3fbc67f0 DEOPT PACKING pc=0x0000015b2323922f sp=0x0000004788dfeb50
Event: 2.125 Thread 0x0000015b3fbc67f0 DEOPT UNPACKING pc=0x0000015b22a7e77e sp=0x0000004788dfe030 mode 0
Event: 2.148 Thread 0x0000015b3fbc67f0 DEOPT PACKING pc=0x0000015b231d8550 sp=0x0000004788dfe9b0
Event: 2.148 Thread 0x0000015b3fbc67f0 DEOPT UNPACKING pc=0x0000015b22a7e77e sp=0x0000004788dfde80 mode 0
Event: 2.175 Thread 0x0000015b3fbc67f0 DEOPT PACKING pc=0x0000015b231d87a8 sp=0x0000004788dfe9b0
Event: 2.175 Thread 0x0000015b3fbc67f0 DEOPT UNPACKING pc=0x0000015b22a7e77e sp=0x0000004788dfde80 mode 0
Event: 2.176 Thread 0x0000015b3fbc67f0 DEOPT PACKING pc=0x0000015b231d87a8 sp=0x0000004788dfe9b0
Event: 2.176 Thread 0x0000015b3fbc67f0 DEOPT UNPACKING pc=0x0000015b22a7e77e sp=0x0000004788dfde80 mode 0
Event: 2.192 Thread 0x0000015b3fbc67f0 DEOPT PACKING pc=0x0000015b231d84c1 sp=0x0000004788dfe9b0
Event: 2.192 Thread 0x0000015b3fbc67f0 DEOPT UNPACKING pc=0x0000015b22a7e77e sp=0x0000004788dfde80 mode 0
Event: 2.193 Thread 0x0000015b3fbc67f0 DEOPT PACKING pc=0x0000015b231d8615 sp=0x0000004788dfe9b0
Event: 2.193 Thread 0x0000015b3fbc67f0 DEOPT UNPACKING pc=0x0000015b22a7e77e sp=0x0000004788dfde80 mode 0
Event: 2.193 Thread 0x0000015b3fbc67f0 DEOPT PACKING pc=0x0000015b231d8636 sp=0x0000004788dfe9b0
Event: 2.193 Thread 0x0000015b3fbc67f0 DEOPT UNPACKING pc=0x0000015b22a7e77e sp=0x0000004788dfde80 mode 0
Event: 13.156 Thread 0x0000015b3fbc67f0 Uncommon trap: trap_request=0xffffff45 fr.pc=0x0000015b2a5c6fd0 relative=0x00000000000013d0
Event: 13.156 Thread 0x0000015b3fbc67f0 Uncommon trap: reason=unstable_if action=reinterpret pc=0x0000015b2a5c6fd0 method=processing.opengl.PGraphicsOpenGL$TessGeometry.lineVertexCheck(I)V @ 15 c2
Event: 13.156 Thread 0x0000015b3fbc67f0 DEOPT PACKING pc=0x0000015b2a5c6fd0 sp=0x0000004788dfea00
Event: 13.156 Thread 0x0000015b3fbc67f0 DEOPT UNPACKING pc=0x0000015b22a7f92e sp=0x0000004788dfe830 mode 2

Classes unloaded (0 events):
No events

Classes redefined (0 events):
No events

Internal exceptions (20 events):
Event: 1.540 Thread 0x0000015b3fbc67f0 Exception <a 'java/lang/NullPointerException'{0x00000007127548d0}> (0x00000007127548d0) 
thrown [t:\workspace\open\src\hotspot\share\runtime\sharedRuntime.cpp, line 624]
Event: 1.540 Thread 0x0000015b3fbc67f0 Implicit null exception at 0x0000015b231c04a5 to 0x0000015b231c0d17
Event: 1.540 Thread 0x0000015b3fbc67f0 Exception <a 'java/lang/NullPointerException'{0x00000007127552b8}> (0x00000007127552b8) 
thrown [t:\workspace\open\src\hotspot\share\runtime\sharedRuntime.cpp, line 624]
Event: 1.540 Thread 0x0000015b3fbc67f0 Implicit null exception at 0x0000015b231c04a5 to 0x0000015b231c0d17
Event: 1.540 Thread 0x0000015b3fbc67f0 Exception <a 'java/lang/NullPointerException'{0x00000007127555c0}> (0x00000007127555c0) 
thrown [t:\workspace\open\src\hotspot\share\runtime\sharedRuntime.cpp, line 624]
Event: 1.540 Thread 0x0000015b3fbc67f0 Implicit null exception at 0x0000015b231c04a5 to 0x0000015b231c0d17
Event: 1.540 Thread 0x0000015b3fbc67f0 Exception <a 'java/lang/NullPointerException'{0x00000007127558c8}> (0x00000007127558c8) 
thrown [t:\workspace\open\src\hotspot\share\runtime\sharedRuntime.cpp, line 624]
Event: 1.540 Thread 0x0000015b3fbc67f0 Implicit null exception at 0x0000015b231c04a5 to 0x0000015b231c0d17
Event: 1.540 Thread 0x0000015b3fbc67f0 Exception <a 'java/lang/NullPointerException'{0x0000000712755bd0}> (0x0000000712755bd0) 
thrown [t:\workspace\open\src\hotspot\share\runtime\sharedRuntime.cpp, line 624]
Event: 1.540 Thread 0x0000015b3fbc67f0 Implicit null exception at 0x0000015b231c04a5 to 0x0000015b231c0d17
Event: 1.540 Thread 0x0000015b3fbc67f0 Exception <a 'java/lang/NullPointerException'{0x0000000712755ed8}> (0x0000000712755ed8) 
thrown [t:\workspace\open\src\hotspot\share\runtime\sharedRuntime.cpp, line 624]
Event: 1.540 Thread 0x0000015b3fbc67f0 Implicit null exception at 0x0000015b231c04a5 to 0x0000015b231c0d17
Event: 1.540 Thread 0x0000015b3fbc67f0 Exception <a 'java/lang/NullPointerException'{0x00000007127561e0}> (0x00000007127561e0) 
thrown [t:\workspace\open\src\hotspot\share\runtime\sharedRuntime.cpp, line 624]
Event: 1.540 Thread 0x0000015b3fbc67f0 Implicit null exception at 0x0000015b231c04a5 to 0x0000015b231c0d17
Event: 1.540 Thread 0x0000015b3fbc67f0 Exception <a 'java/lang/NullPointerException'{0x00000007127564e8}> (0x00000007127564e8) 
thrown [t:\workspace\open\src\hotspot\share\runtime\sharedRuntime.cpp, line 624]
Event: 1.540 Thread 0x0000015b3fbc67f0 Implicit null exception at 0x0000015b231c04a5 to 0x0000015b231c0d17
Event: 1.540 Thread 0x0000015b3fbc67f0 Exception <a 'java/lang/NullPointerException'{0x00000007127567f0}> (0x00000007127567f0) 
thrown [t:\workspace\open\src\hotspot\share\runtime\sharedRuntime.cpp, line 624]
Event: 1.540 Thread 0x0000015b3fbc67f0 Implicit null exception at 0x0000015b231c04a5 to 0x0000015b231c0d17
Event: 1.540 Thread 0x0000015b3fbc67f0 Exception <a 'java/lang/NullPointerException'{0x0000000712756af8}> (0x0000000712756af8) 
thrown [t:\workspace\open\src\hotspot\share\runtime\sharedRuntime.cpp, line 624]
Event: 78.739 Thread 0x0000015b3fbc77e0 Exception <a 'java/lang/InterruptedException'{0x0000000719300800}> (0x0000000719300800) 
thrown [t:\workspace\open\src\hotspot\share\runtime\objectMonitor.cpp, line 1705]

Events (20 events):
Event: 78.034 Executing  VM operation: G1CollectForAllocation
Event: 78.035 Executing  VM operation: G1CollectForAllocation done
Event: 78.307 Executing  VM operation: G1CollectForAllocation
Event: 78.309 Executing  VM operation: G1CollectForAllocation done
Event: 78.625 Executing  VM operation: G1CollectForAllocation
Event: 78.626 Executing  VM operation: G1CollectForAllocation done
Event: 78.739 Thread 0x0000015b41f78970 Thread added: 0x0000015b41f78970
Event: 78.739 Thread 0x0000015b41f79410 Thread added: 0x0000015b41f79410
Event: 78.739 Thread 0x0000015b41f78ec0 Thread added: 0x0000015b41f78ec0
Event: 78.739 Thread 0x0000015b3fbc77e0 Thread exited: 0x0000015b3fbc77e0
Event: 78.740 loading class java/nio/channels/ClosedChannelException
Event: 78.740 Thread 0x0000015b3fbc77e0 Thread added: 0x0000015b3fbc77e0
Event: 78.740 loading class java/nio/channels/ClosedChannelException done
Event: 78.740 Thread 0x0000015b41f78ec0 Thread exited: 0x0000015b41f78ec0
Event: 78.740 Thread 0x0000015b3f92e7c0 Thread exited: 0x0000015b3f92e7c0
Event: 78.748 Thread 0x0000015b3f47eda0 Thread exited: 0x0000015b3f47eda0
Event: 78.774 Thread 0x0000015b3f946580 Thread exited: 0x0000015b3f946580
Event: 78.779 Thread 0x0000015b41f78970 Thread exited: 0x0000015b41f78970
Event: 78.842 Thread 0x0000015b41f79410 Thread exited: 0x0000015b41f79410
Event: 78.842 Executing  VM operation: Exit


Dynamic libraries:
0x00007ff77d6c0000 - 0x00007ff77d6d0000 	C:\Program Files\Java\jdk-16.0.2\bin\javaw.exe
0x00007fff5aa10000 - 0x00007fff5ac08000 	C:\windows\SYSTEM32\ntdll.dll
0x00007fff59230000 - 0x00007fff592ef000 	C:\windows\System32\KERNEL32.DLL
0x00007fff58500000 - 0x00007fff587d2000 	C:\windows\System32\KERNELBASE.dll
0x00007fff581b0000 - 0x00007fff582b0000 	C:\windows\System32\ucrtbase.dll
0x00007fff4f5a0000 - 0x00007fff4f5b8000 	C:\Program Files\Java\jdk-16.0.2\bin\jli.dll
0x00007fff4f6a0000 - 0x00007fff4f6b9000 	C:\Program Files\Java\jdk-16.0.2\bin\VCRUNTIME140.dll
0x00007fff5a080000 - 0x00007fff5a12e000 	C:\windows\System32\ADVAPI32.dll
0x00007fff58e10000 - 0x00007fff58eae000 	C:\windows\System32\msvcrt.dll
0x00007fff59b20000 - 0x00007fff59bbc000 	C:\windows\System32\sechost.dll
0x00007fff59bc0000 - 0x00007fff59ce5000 	C:\windows\System32\RPCRT4.dll
0x00007fff58c50000 - 0x00007fff58df1000 	C:\windows\System32\USER32.dll
0x00007fff582b0000 - 0x00007fff582d2000 	C:\windows\System32\win32u.dll
0x00007fff58a50000 - 0x00007fff58a7b000 	C:\windows\System32\GDI32.dll
0x00007fff3ac50000 - 0x00007fff3aeea000 	C:\windows\WinSxS\amd64_microsoft.windows.common-controls_6595b64144ccf1df_6.0.19041.1110_none_60b5254171f9507e\COMCTL32.dll
0x00007fff582e0000 - 0x00007fff583ef000 	C:\windows\System32\gdi32full.dll
0x00007fff583f0000 - 0x00007fff5848d000 	C:\windows\System32\msvcp_win.dll
0x00007fff4df70000 - 0x00007fff4df7a000 	C:\windows\SYSTEM32\VERSION.dll
0x00007fff59d60000 - 0x00007fff59d92000 	C:\windows\System32\IMM32.DLL
0x00007fff53660000 - 0x00007fff5366c000 	C:\Program Files\Java\jdk-16.0.2\bin\vcruntime140_1.dll
0x00007fff09780000 - 0x00007fff09811000 	C:\Program Files\Java\jdk-16.0.2\bin\msvcp140.dll
0x00007ffefd210000 - 0x00007ffefddbb000 	C:\Program Files\Java\jdk-16.0.2\bin\server\jvm.dll
0x00007fff58e00000 - 0x00007fff58e08000 	C:\windows\System32\PSAPI.DLL
0x00007fff3b310000 - 0x00007fff3b319000 	C:\windows\SYSTEM32\WSOCK32.dll
0x00007fff59cf0000 - 0x00007fff59d5b000 	C:\windows\System32\WS2_32.dll
0x00007fff32a10000 - 0x00007fff32a37000 	C:\windows\SYSTEM32\WINMM.dll
0x00007fff56950000 - 0x00007fff56962000 	C:\windows\SYSTEM32\kernel.appcore.dll
0x00007fff4f690000 - 0x00007fff4f69a000 	C:\Program Files\Java\jdk-16.0.2\bin\jimage.dll
0x00007fff55ea0000 - 0x00007fff56084000 	C:\windows\SYSTEM32\DBGHELP.DLL
0x00007fff3b2d0000 - 0x00007fff3b305000 	C:\windows\SYSTEM32\dbgcore.DLL
0x00007fff589c0000 - 0x00007fff58a42000 	C:\windows\System32\bcryptPrimitives.dll
0x00007fff35be0000 - 0x00007fff35c05000 	C:\Program Files\Java\jdk-16.0.2\bin\java.dll
0x00007fff5a130000 - 0x00007fff5a874000 	C:\windows\System32\SHELL32.dll
0x00007fff56090000 - 0x00007fff56822000 	C:\windows\SYSTEM32\windows.storage.dll
0x00007fff597c0000 - 0x00007fff59b15000 	C:\windows\System32\combase.dll
0x00007fff57af0000 - 0x00007fff57b20000 	C:\windows\SYSTEM32\Wldp.dll
0x00007fff58ba0000 - 0x00007fff58c4d000 	C:\windows\System32\SHCORE.dll
0x00007fff58f30000 - 0x00007fff58f85000 	C:\windows\System32\shlwapi.dll
0x00007fff58040000 - 0x00007fff5805f000 	C:\windows\SYSTEM32\profapi.dll
0x00007fff3c830000 - 0x00007fff3c849000 	C:\Program Files\Java\jdk-16.0.2\bin\net.dll
0x00007fff526f0000 - 0x00007fff527fc000 	C:\windows\SYSTEM32\WINHTTP.dll
0x00007fff57850000 - 0x00007fff578ba000 	C:\windows\system32\mswsock.dll
0x00007fff2e4c0000 - 0x00007fff2e4d3000 	C:\Program Files\Java\jdk-16.0.2\bin\nio.dll
0x00007fff2e4a0000 - 0x00007fff2e4b8000 	C:\Program Files\Java\jdk-16.0.2\bin\zip.dll
0x00007fff4f090000 - 0x00007fff4f0a0000 	C:\Program Files\Java\jdk-16.0.2\bin\verify.dll
0x00007fff02400000 - 0x00007fff02580000 	C:\Program Files\Java\jdk-16.0.2\bin\awt.dll
0x00007fff5a900000 - 0x00007fff5a9cd000 	C:\windows\System32\OLEAUT32.dll
0x00007fff55520000 - 0x00007fff555b1000 	C:\windows\SYSTEM32\apphelp.dll
0x00007fff556c0000 - 0x00007fff5575e000 	C:\windows\system32\uxtheme.dll
0x00007fff58a80000 - 0x00007fff58b95000 	C:\windows\System32\MSCTF.dll
0x00007fff59da0000 - 0x00007fff59eca000 	C:\windows\System32\ole32.dll
0x00007fff557f0000 - 0x00007fff5581f000 	C:\windows\system32\DWMAPI.DLL
0x00007fff30c60000 - 0x00007fff30d85000 	C:\windows\system32\opengl32.dll
0x00007fff32d80000 - 0x00007fff32dac000 	C:\windows\SYSTEM32\GLU32.dll
0x00007fff57a40000 - 0x00007fff57a58000 	C:\windows\SYSTEM32\CRYPTSP.dll
0x00007fff57100000 - 0x00007fff57134000 	C:\windows\system32\rsaenh.dll
0x00007fff58830000 - 0x00007fff58857000 	C:\windows\System32\bcrypt.dll
0x00007fff58000000 - 0x00007fff5802e000 	C:\windows\SYSTEM32\USERENV.dll
0x00007fff57a60000 - 0x00007fff57a6c000 	C:\windows\SYSTEM32\CRYPTBASE.dll
0x00007fff57540000 - 0x00007fff5757b000 	C:\windows\SYSTEM32\IPHLPAPI.DLL
0x00007fff59220000 - 0x00007fff59228000 	C:\windows\System32\NSI.dll
0x00007fff4e4c0000 - 0x00007fff4e4d7000 	C:\windows\SYSTEM32\dhcpcsvc6.DLL
0x00007fff4e4a0000 - 0x00007fff4e4bd000 	C:\windows\SYSTEM32\dhcpcsvc.DLL
0x00007fff57580000 - 0x00007fff5764a000 	C:\windows\SYSTEM32\DNSAPI.dll
0x00000000637c0000 - 0x00000000637cd000 	C:\Users\sethr\AppData\Local\Temp\jogamp_0000\file_cache\jln14693020103509223759\jln18109212199524413393\natives\windows-amd64\gluegen-rt.dll
0x00007fff397e0000 - 0x00007fff397e7000 	C:\Program Files\Java\jdk-16.0.2\bin\jawt.dll
0x000000006a440000 - 0x000000006a44d000 	C:\Users\sethr\AppData\Local\Temp\jogamp_0000\file_cache\jln14693020103509223759\jln18109212199524413393\natives\windows-amd64\nativewindow_awt.dll
0x000000006c100000 - 0x000000006c10f000 	C:\Users\sethr\AppData\Local\Temp\jogamp_0000\file_cache\jln14693020103509223759\jln18109212199524413393\natives\windows-amd64\nativewindow_win32.dll
0x000000006cbc0000 - 0x000000006cbd3000 	C:\Users\sethr\AppData\Local\Temp\jogamp_0000\file_cache\jln14693020103509223759\jln18109212199524413393\natives\windows-amd64\newt.dll
0x00007fff51e70000 - 0x00007fff51f1e000 	C:\windows\SYSTEM32\mscms.dll
0x00007fff51e50000 - 0x00007fff51e61000 	C:\windows\SYSTEM32\ColorAdapterClient.dll
0x00007fff4ee90000 - 0x00007fff4eed3000 	C:\windows\SYSTEM32\icm32.dll
0x00007fff592f0000 - 0x00007fff59758000 	C:\windows\System32\setupapi.dll
0x00007fff587e0000 - 0x00007fff5882e000 	C:\windows\System32\cfgmgr32.dll
0x00007fff57e40000 - 0x00007fff57e6c000 	C:\windows\SYSTEM32\DEVOBJ.dll
0x00007fff58490000 - 0x00007fff584f9000 	C:\windows\System32\WINTRUST.dll
0x00007fff58860000 - 0x00007fff589b6000 	C:\windows\System32\CRYPT32.dll
0x00007fff57c80000 - 0x00007fff57c92000 	C:\windows\SYSTEM32\MSASN1.dll
0x0000000064500000 - 0x00000000645b1000 	C:\Users\sethr\AppData\Local\Temp\jogamp_0000\file_cache\jln14693020103509223759\jln18109212199524413393\natives\windows-amd64\jogl_desktop.dll
0x00007fff2a690000 - 0x00007fff2ac9b000 	C:\Program Files\Oculus\Support\oculus-runtime\libGLESv2.dll
0x00007fff569c0000 - 0x00007fff56ab3000 	C:\windows\SYSTEM32\dxgi.dll
0x00007fff2aca0000 - 0x00007fff2acd8000 	C:\Program Files\Oculus\Support\oculus-runtime\libEGL.dll
0x0000000064340000 - 0x00000000643a2000 	C:\Users\sethr\AppData\Local\Temp\jogamp_0000\file_cache\jln14693020103509223759\jln18109212199524413393\natives\windows-amd64\jogl_mobile.dll
0x00007fff58f90000 - 0x00007fff5903f000 	C:\windows\System32\clbcatq.dll
0x00007ffefbd20000 - 0x00007ffefcd20000 	C:\windows\System32\DriverStore\FileRepository\iigd_dch.inf_amd64_14d6d9e2312c79ae\igxelpicd64.dll
0x00007ffefe470000 - 0x00007ffefe8d4000 	C:\windows\System32\DriverStore\FileRepository\iigd_dch.inf_amd64_14d6d9e2312c79ae\igdml64.dll
0x00007fff4c210000 - 0x00007fff4c5cd000 	C:\windows\System32\DriverStore\FileRepository\iigd_dch.inf_amd64_14d6d9e2312c79ae\igdgmm64.dll
0x00007fff48fd0000 - 0x00007fff4c208000 	C:\windows\System32\DriverStore\FileRepository\iigd_dch.inf_amd64_14d6d9e2312c79ae\igc64.dll
0x00007fff57ec0000 - 0x00007fff57f0b000 	C:\windows\SYSTEM32\powrprof.dll
0x00007fff57ea0000 - 0x00007fff57eb2000 	C:\windows\SYSTEM32\UMPDC.dll
0x00007fff3caf0000 - 0x00007fff3cbe9000 	C:\windows\SYSTEM32\textinputframework.dll
0x00007fff552f0000 - 0x00007fff553e2000 	C:\windows\System32\CoreMessaging.dll
0x00007fff54c10000 - 0x00007fff54f6e000 	C:\windows\System32\CoreUIComponents.dll
0x00007fff53b50000 - 0x00007fff53ca4000 	C:\windows\SYSTEM32\wintypes.dll
0x00007fff57290000 - 0x00007fff572c3000 	C:\windows\SYSTEM32\ntmarta.dll
0x00007fff1caf0000 - 0x00007fff1cb56000 	C:\windows\system32\Oleacc.dll

dbghelp: loaded successfully - version: 4.0.5 - missing functions: none
symbol engine: initialized successfully - sym options: 0x614 - pdb path: .;C:\Program Files\Java\jdk-16.0.2\bin;C:\windows\SYSTEM32;C:\windows\WinSxS\amd64_microsoft.windows.common-controls_6595b64144ccf1df_6.0.19041.1110_none_60b5254171f9507e;C:\Program Files\Java\jdk-16.0.2\bin\server;C:\Users\sethr\AppData\Local\Temp\jogamp_0000\file_cache\jln14693020103509223759\jln18109212199524413393\natives\windows-amd64;C:\Program Files\Oculus\Support\oculus-runtime;C:\windows\System32\DriverStore\FileRepository\iigd_dch.inf_amd64_14d6d9e2312c79ae

VM Arguments:
jvm_args: -Dfile.encoding=Cp1252 -XX:+ShowCodeDetailsInExceptionMessages 
java_command: crystalsimulation.Main
java_class_path (initial): C:\Users\sethr\eclipse-workspace\crystalsimulation\target\classes;C:\Users\sethr\.m2\repository\org\processing\core\3.3.6\core-3.3.6.jar;C:\Users\sethr\.m2\repository\org\jogamp\gluegen\gluegen-rt-main\2.3.2\gluegen-rt-main-2.3.2.jar;C:\Users\sethr\.m2\repository\org\jogamp\gluegen\gluegen-rt\2.3.2\gluegen-rt-2.3.2.jar;C:\Users\sethr\.m2\repository\org\jogamp\gluegen\gluegen-rt\2.3.2\gluegen-rt-2.3.2-natives-android-aarch64.jar;C:\Users\sethr\.m2\repository\org\jogamp\gluegen\gluegen-rt\2.3.2\gluegen-rt-2.3.2-natives-android-armv6.jar;C:\Users\sethr\.m2\repository\org\jogamp\gluegen\gluegen-rt\2.3.2\gluegen-rt-2.3.2-natives-linux-amd64.jar;C:\Users\sethr\.m2\repository\org\jogamp\gluegen\gluegen-rt\2.3.2\gluegen-rt-2.3.2-natives-linux-armv6.jar;C:\Users\sethr\.m2\repository\org\jogamp\gluegen\gluegen-rt\2.3.2\gluegen-rt-2.3.2-natives-linux-armv6hf.jar;C:\Users\sethr\.m2\repository\org\jogamp\gluegen\gluegen-rt\2.3.2\gluegen-rt-2.3.2-natives-linux-i586.jar;C:\Users\sethr\.m2\repository\org\jogamp\gluegen\gluegen-rt\2.3.2\gluegen-rt-2.3.2-natives-macosx-universal.jar;C:\Users\sethr\.m2\repository\org\jogamp\gluegen\gluegen-rt\2.3.2\gluegen-rt-2.3.2-natives-solaris-amd64.jar;C:\Users\sethr\.m2\repository\org\jogamp\gluegen\gluegen-rt\2.3.2\gluegen-rt-2.3.2-natives-solaris-i586.jar;C:\Users\sethr\.m2\repository\org\jogamp\gluegen\gluegen-rt\2.3.2\gluegen-rt-2.3.2-natives-windows-amd64.jar;C:\Users\sethr\.m2\repository\org\jogamp\gluegen\gluegen-rt\2.3.2\gluegen-rt-2.3.2-natives-windows-i586.jar;C:\Users\sethr\.m2\repository\org\jogamp\jogl\jogl-all-main\2.3.2\jogl-all-main-2.3.2.jar;C:\Users\sethr\.m2\repository\org\jogamp\jogl\jogl-all\2.3.2\jogl-all-2.3.2.jar;C:\Users\sethr\.m2\repository\org\jogamp\jogl\jogl-all\2.3.2\jogl-all-2.3.2-natives-android-aarch64.jar;C:\Users\sethr\.m2\repository\org\jogamp\jogl\jogl-all\2.3.2\jogl-all-2.3.2-natives-android-armv6.jar;C:\Users\sethr\.m2\repository\org\jogamp\jogl\jogl-all\2.3.2\jogl-all-2.3.2-nat
Launcher Type: SUN_STANDARD

[Global flags]
     intx CICompilerCount                          = 4                                         {product} {ergonomic}
     uint ConcGCThreads                            = 2                                         {product} {ergonomic}
     uint G1ConcRefinementThreads                  = 8                                         {product} {ergonomic}
   size_t G1HeapRegionSize                         = 2097152                                   {product} {ergonomic}
    uintx GCDrainStackTargetSize                   = 64                                        {product} {ergonomic}
   size_t InitialHeapSize                          = 266338304                                 {product} {ergonomic}
   size_t MarkStackSize                            = 4194304                                   {product} {ergonomic}
   size_t MaxHeapSize                              = 4234149888                                {product} {ergonomic}
   size_t MaxNewSize                               = 2539651072                                {product} {ergonomic}
   size_t MinHeapDeltaBytes                        = 2097152                                   {product} {ergonomic}
   size_t MinHeapSize                              = 8388608                                   {product} {ergonomic}
    uintx NonNMethodCodeHeapSize                   = 5839372                                {pd product} {ergonomic}
    uintx NonProfiledCodeHeapSize                  = 122909434                              {pd product} {ergonomic}
    uintx ProfiledCodeHeapSize                     = 122909434                              {pd product} {ergonomic}
    uintx ReservedCodeCacheSize                    = 251658240                              {pd product} {ergonomic}
     bool SegmentedCodeCache                       = true                                      {product} {ergonomic}
     bool ShowCodeDetailsInExceptionMessages       = true                                   {manageable} {command line}
   size_t SoftMaxHeapSize                          = 4234149888                             {manageable} {ergonomic}
     bool UseCompressedClassPointers               = true                           {product lp64_product} {ergonomic}
     bool UseCompressedOops                        = true                           {product lp64_product} {ergonomic}
     bool UseG1GC                                  = true                                      {product} {ergonomic}
     bool UseLargePagesIndividualAllocation        = false                                  {pd product} {ergonomic}

Logging:
Log output configuration:
 #0: stdout all=off uptime,level,tags
 #1: stderr all=off uptime,level,tags

Environment Variables:
PATH=C:\Program Files\Oculus\Support\oculus-runtime;C:\Program Files\Common Files\Oracle\Java\javapath;C:\Program Files (x86)\Common Files\Oracle\Java\javapath;C:\windows\system32;C:\windows;C:\windows\System32\Wbem;C:\windows\System32\WindowsPowerShell\v1.0\;C:\windows\System32\OpenSSH\;C:\MinGW\mingw32\bin;C:\ProgramData\chocolatey\bin;C:\ProgramData\chocolatey\bin\make.exe;C:\Program Files\Git\cmd;C:\Program Files\nodejs\;C:\Users\sethr\AppData\Local\Programs\Python\Python39\Scripts\;C:\Users\sethr\AppData\Local\Programs\Python\Python39\;C:\Users\sethr\AppData\Local\Microsoft\WindowsApps;C:\Users\sethr\AppData\Local\Programs\Microsoft VS Code\bin;C:\Users\sethr\AppData\Local\GitHubDesktop\bin;C:\Users\sethr\AppData\Roaming\npm
USERNAME=sethr
OS=Windows_NT
PROCESSOR_IDENTIFIER=Intel64 Family 6 Model 140 Stepping 1, GenuineIntel



---------------  S Y S T E M  ---------------

OS:
 Windows 10 , 64 bit Build 19041 (10.0.19041.2364)
OS uptime: 1 days 11:05 hours

CPU: total 8 (initial active 8) (4 cores per cpu, 2 threads per core) family 6 model 140 stepping 1 microcode 0x9a, cx8, cmov, fxsr, ht, mmx, 3dnowpref, sse, sse2, sse3, ssse3, sse4.1, sse4.2, popcnt, lzcnt, tsc, tscinvbit, avx, avx2, aes, erms, clmul, bmi1, bmi2, adx, avx512f, avx512dq, avx512cd, avx512bw, avx512vl, sha, fma, vzeroupper, avx512_vpopcntdq, avx512_vpclmulqdq, avx512_vaes, avx512_vnni, clflush, clflushopt, clwb, avx512_vmbi2, avx512_vmbi

Memory: 4k page, system-wide physical 16149M (4439M free)
TotalPageFile size 34581M (AvailPageFile size 16935M)
current process WorkingSet (physical memory assigned to process): 600M, peak: 613M
current process commit charge ("private bytes"): 677M, peak: 698M

vm_info: Java HotSpot(TM) 64-Bit Server VM (16.0.2+7-67) for windows-amd64 JRE (16.0.2+7-67), built on Jun  8 2021 23:24:19 by "mach5one" with MS VC++ 16.7 (VS2019)

END.
