#
# A fatal error has been detected by the Java Runtime Environment:
#
#  EXCEPTION_ACCESS_VIOLATION (0xc0000005) at pc=0x00007ff905362c4c, pid=22660, tid=9620
#
# JRE version: Java(TM) SE Runtime Environment (16.0.2+7) (build 16.0.2+7-67)
# Java VM: Java HotSpot(TM) 64-Bit Server VM (16.0.2+7-67, mixed mode, sharing, tiered, compressed oops, compressed class ptrs, g1 gc, windows-amd64)
# Problematic frame:
# C  [igxelpicd64.dll+0x282c4c]
#
# No core dump will be written. Minidumps are not enabled by default on client versions of Windows
#
# If you would like to submit a bug report, please visit:
#   https://bugreport.java.com/bugreport/crash.jsp
#

---------------  S U M M A R Y ------------

Command Line: -Dfile.encoding=Cp1252 -XX:+ShowCodeDetailsInExceptionMessages crystalsimulation.Main

Host: 11th Gen Intel(R) Core(TM) i7-1165G7 @ 2.80GHz, 8 cores, 15G,  Windows 10 , 64 bit Build 19041 (10.0.19041.1466)
Time: Wed Jan 26 09:51:13 2022 Eastern Standard Time elapsed time: 329.345428 seconds (0d 0h 5m 29s)

---------------  T H R E A D  ---------------

Current thread (0x000001fd2ccac7f0):  VMThread "VM Thread" [stack: 0x0000008b2e500000,0x0000008b2e600000] [id=9620]

Stack: [0x0000008b2e500000,0x0000008b2e600000],  sp=0x0000008b2e5fe650,  free space=1017k
Native frames: (J=compiled Java code, j=interpreted, Vv=VM code, C=native code)
C  [igxelpicd64.dll+0x282c4c]


siginfo: EXCEPTION_ACCESS_VIOLATION (0xc0000005), reading address 0x00000000000356f8


Register to memory mapping:

RIP=0x00007ff905362c4c igxelpicd64.dll
RAX=0x000001fd2f9e4ef0 points into unknown readable memory: 0x000000000001fa99 | 99 fa 01 00 00 00 00 00
RBX=0x000001fd2f1f01e0 points into unknown readable memory: 0xffffffffffffffff | ff ff ff ff ff ff ff ff
RCX=0x0 is NULL
RDX=0x0000000000000002 is an unknown value
RSP=0x0000008b2e5fe650 points into unknown readable memory: 0x000001fd2f1f01e0 | e0 01 1f 2f fd 01 00 00
RBP=0x0000000000000016 is an unknown value
RSI=0x000001fd2f3001e0 points into unknown readable memory: 0x0000000000000000 | 00 00 00 00 00 00 00 00
RDI=0x0 is NULL
R8 =0x0000000000000014 is an unknown value
R9 =0x0 is NULL
R10=0x0 is NULL
R11=0x0000000000000246 is an unknown value
R12=0x000001fd2f9e5328 points into unknown readable memory: 0x000001fd2fe31e70 | 70 1e e3 2f fd 01 00 00
R13=0x0 is NULL
R14=0x000001fd2f9e4d60 points into unknown readable memory: 0x000001fd2e20e9f0 | f0 e9 20 2e fd 01 00 00
R15=0x0 is NULL


Registers:
RAX=0x000001fd2f9e4ef0, RBX=0x000001fd2f1f01e0, RCX=0x0000000000000000, RDX=0x0000000000000002
RSP=0x0000008b2e5fe650, RBP=0x0000000000000016, RSI=0x000001fd2f3001e0, RDI=0x0000000000000000
R8 =0x0000000000000014, R9 =0x0000000000000000, R10=0x0000000000000000, R11=0x0000000000000246
R12=0x000001fd2f9e5328, R13=0x0000000000000000, R14=0x000001fd2f9e4d60, R15=0x0000000000000000
RIP=0x00007ff905362c4c, EFLAGS=0x0000000000010206

Top of Stack: (sp=0x0000008b2e5fe650)
0x0000008b2e5fe650:   000001fd2f1f01e0 00007ff99c8fd859
0x0000008b2e5fe660:   0000008b2e5fe6e8 0000000000000000
0x0000008b2e5fe670:   0000000000000054 000001fd2f1f01e0
0x0000008b2e5fe680:   0000008b2e5fe8a0 00007ff99d7b0ba4
0x0000008b2e5fe690:   0000008b2e5fe800 0000000000000000
0x0000008b2e5fe6a0:   000001fd07ef0b54 000001fd2fa95b78
0x0000008b2e5fe6b0:   000000000001faaa 0000000000000000
0x0000008b2e5fe6c0:   0000000000000014 0000000000000000
0x0000008b2e5fe6d0:   0000000000000000 0000008b2e5fe7f0
0x0000008b2e5fe6e0:   000001fd2f3001e0 00007ff90519769c
0x0000008b2e5fe6f0:   000001fd00000016 000001fd2fe31e70
0x0000008b2e5fe700:   0000008b2da2f000 00007ff99d72d200
0x0000008b2e5fe710:   0000008b000009e4 0000b80234c50000
0x0000008b2e5fe720:   0000000000000000 000001fd07ee0000
0x0000008b2e5fe730:   00007ff99d7778c0 00000004f46857d4
0x0000008b2e5fe740:   00000000000004b4 000001fd07ee1c04 

Instructions: (pc=0x00007ff905362c4c)
0x00007ff905362b4c:   41 bf 20 00 00 00 48 8b 04 38 4d 8b 3c 07 0f b6
0x00007ff905362b5c:   bc 24 b0 00 00 00 4c 3b 3d d7 f8 cb 00 41 0f 44
0x00007ff905362b6c:   e9 89 ac 24 a0 00 00 00 48 85 c9 0f 84 d4 07 00
0x00007ff905362b7c:   00 0f 1f 00 4c 8b f1 4c 8d a1 c8 05 00 00 49 8b
0x00007ff905362b8c:   04 24 48 89 84 24 a8 00 00 00 40 84 ff 74 10 48
0x00007ff905362b9c:   8b d1 48 8b 09 e8 ea 8d e3 ff e9 4f 07 00 00 8b
0x00007ff905362bac:   96 d0 01 00 00 48 8b 05 58 dd bb 00 83 b8 64 03
0x00007ff905362bbc:   00 00 02 0f 85 19 02 00 00 83 fa 10 73 0e 48 8d
0x00007ff905362bcc:   42 04 48 8d 04 c2 48 8d 04 c1 eb 60 8d 4a f0 8b
0x00007ff905362bdc:   c1 c1 e8 04 83 f8 03 73 1d 0f ae e8 83 e1 0f 4d
0x00007ff905362bec:   8b 84 c6 80 05 00 00 4d 85 c0 74 25 48 8d 0c c9
0x00007ff905362bfc:   49 8d 04 c8 eb 36 49 8b 86 98 05 00 00 48 85 c0
0x00007ff905362c0c:   74 0f 66 90 39 10 74 2f 48 8b 40 50 48 85 c0 75
0x00007ff905362c1c:   f3 41 80 be a0 05 00 00 00 74 22 8b c2 83 e0 0f
0x00007ff905362c2c:   48 8d 04 c0 48 8d 40 20 49 8d 04 c6 48 85 c0 74
0x00007ff905362c3c:   0c 48 8b 48 08 eb 09 48 83 c0 08 eb ef 49 8b c9
0x00007ff905362c4c:   49 3b 8f f8 56 03 00 0f 86 85 01 00 00 83 fa 10
0x00007ff905362c5c:   73 0a 48 8d 42 04 48 8d 04 c2 eb 5c 8d 4a f0 8b
0x00007ff905362c6c:   c1 c1 e8 04 83 f8 03 73 1d 0f ae e8 83 e1 0f 4d
0x00007ff905362c7c:   8b 84 c6 80 05 00 00 4d 85 c0 74 25 48 8d 0c c9
0x00007ff905362c8c:   49 8d 04 c8 eb 36 49 8b 86 98 05 00 00 48 85 c0
0x00007ff905362c9c:   74 0f 66 90 39 10 74 2f 48 8b 40 50 48 85 c0 75
0x00007ff905362cac:   f3 41 80 be a0 05 00 00 00 74 22 8b c2 83 e0 0f
0x00007ff905362cbc:   48 8d 04 c0 48 8d 40 20 49 8d 04 c6 48 85 c0 74
0x00007ff905362ccc:   0c 48 8b 48 08 eb 09 48 83 c0 08 eb ef 49 8b c9
0x00007ff905362cdc:   49 3b 8e 40 06 00 00 0f 86 f5 00 00 00 48 8b 86
0x00007ff905362cec:   80 02 00 00 49 89 04 24 4c 89 b6 80 02 00 00 ff
0x00007ff905362cfc:   86 88 02 00 00 ba 01 00 00 00 49 8b 4e 08 e8 41
0x00007ff905362d0c:   28 59 00 0f b7 c8 48 2b c1 48 05 00 00 01 00 48
0x00007ff905362d1c:   01 86 90 02 00 00 ba 01 00 00 00 49 8b 4e 08 e8
0x00007ff905362d2c:   20 28 59 00 48 01 86 a0 02 00 00 85 ed 74 75 49
0x00007ff905362d3c:   8b 9f 58 4f 03 00 0f 57 c0 f3 0f 7f 44 24 30 c7 


Stack slot to memory mapping:
stack at sp + 0 slots: 0x000001fd2f1f01e0 points into unknown readable memory: 0xffffffffffffffff | ff ff ff ff ff ff ff ff
stack at sp + 1 slots: 0x00007ff99c8fd859 USER32.dll
stack at sp + 2 slots: 0x0000008b2e5fe6e8 points into unknown readable memory: 0x00007ff90519769c | 9c 76 19 05 f9 7f 00 00
stack at sp + 3 slots: 0x0 is NULL
stack at sp + 4 slots: 0x0000000000000054 is an unknown value
stack at sp + 5 slots: 0x000001fd2f1f01e0 points into unknown readable memory: 0xffffffffffffffff | ff ff ff ff ff ff ff ff
stack at sp + 6 slots: 0x0000008b2e5fe8a0 points into unknown readable memory: 0x0000000000000000 | 00 00 00 00 00 00 00 00
stack at sp + 7 slots: 0x00007ff99d7b0ba4 ntdll.dll

VM_Operation (0x0000008b302feb90): Exit, mode: safepoint, requested by thread 0x000001fd2d909e30


---------------  P R O C E S S  ---------------

Threads class SMR info:
_java_thread_list=0x000001fd2f9bdea0, length=16, elements={
0x000001fd2ccaf5e0, 0x000001fd2ccb00f0, 0x000001fd2ccbf9d0, 0x000001fd2ccc04e0,
0x000001fd2ccc6e20, 0x000001fd2ccd4f50, 0x000001fd2ccc97b0, 0x000001fd2ccc9dc0,
0x000001fd2ccd7480, 0x000001fd2d90ae20, 0x000001fd2d90b370, 0x000001fd2d907e50,
0x000001fd2d90a380, 0x000001fd2d909e30, 0x000001fd2d90a8d0, 0x000001fd2fd27090
}

Java Threads: ( => current thread )
  0x000001fd2ccaf5e0 JavaThread "Reference Handler" daemon [_thread_blocked, id=2448, stack(0x0000008b2e600000,0x0000008b2e700000)]
  0x000001fd2ccb00f0 JavaThread "Finalizer" daemon [_thread_blocked, id=22940, stack(0x0000008b2e700000,0x0000008b2e800000)]
  0x000001fd2ccbf9d0 JavaThread "Signal Dispatcher" daemon [_thread_blocked, id=25020, stack(0x0000008b2e800000,0x0000008b2e900000)]
  0x000001fd2ccc04e0 JavaThread "Attach Listener" daemon [_thread_blocked, id=25304, stack(0x0000008b2e900000,0x0000008b2ea00000)]
  0x000001fd2ccc6e20 JavaThread "Service Thread" daemon [_thread_blocked, id=9740, stack(0x0000008b2ea00000,0x0000008b2eb00000)]
  0x000001fd2ccd4f50 JavaThread "Monitor Deflation Thread" daemon [_thread_blocked, id=19832, stack(0x0000008b2eb00000,0x0000008b2ec00000)]
  0x000001fd2ccc97b0 JavaThread "C2 CompilerThread0" daemon [_thread_blocked, id=23264, stack(0x0000008b2ec00000,0x0000008b2ed00000)]
  0x000001fd2ccc9dc0 JavaThread "C1 CompilerThread0" daemon [_thread_blocked, id=23964, stack(0x0000008b2ed00000,0x0000008b2ee00000)]
  0x000001fd2ccd7480 JavaThread "Sweeper thread" daemon [_thread_blocked, id=16120, stack(0x0000008b2ee00000,0x0000008b2ef00000)]
  0x000001fd2d90ae20 JavaThread "Notification Thread" daemon [_thread_blocked, id=19232, stack(0x0000008b2ef00000,0x0000008b2f000000)]
  0x000001fd2d90b370 JavaThread "Common-Cleaner" daemon [_thread_blocked, id=24940, stack(0x0000008b2f100000,0x0000008b2f200000)]
  0x000001fd2d907e50 JavaThread "Java2D Disposer" daemon [_thread_blocked, id=21076, stack(0x0000008b2f200000,0x0000008b2f300000)]
  0x000001fd2d90a380 JavaThread "HighResTimerThread" daemon [_thread_blocked, id=6060, stack(0x0000008b30000000,0x0000008b30100000)]
  0x000001fd2d909e30 JavaThread "main-FPSAWTAnimator#00-Timer0" [_thread_blocked, id=12936, stack(0x0000008b30200000,0x0000008b30300000)]
  0x000001fd2d90a8d0 JavaThread "DestroyJavaVM" [_thread_blocked, id=22908, stack(0x0000008b2df00000,0x0000008b2e000000)]
  0x000001fd2fd27090 JavaThread "AWT-Shutdown" [_thread_blocked, id=23196, stack(0x0000008b30100000,0x0000008b30200000)]

Other Threads:
=>0x000001fd2ccac7f0 VMThread "VM Thread" [stack: 0x0000008b2e500000,0x0000008b2e600000] [id=9620]
  0x000001fd0a1ed920 GCTaskThread "GC Thread#0" [stack: 0x0000008b2e000000,0x0000008b2e100000] [id=6532]
  0x000001fd2f4f96b0 GCTaskThread "GC Thread#1" [stack: 0x0000008b2f900000,0x0000008b2fa00000] [id=24336]
  0x000001fd2f4fb5a0 GCTaskThread "GC Thread#2" [stack: 0x0000008b2fa00000,0x0000008b2fb00000] [id=23688]
  0x000001fd2f4fa030 GCTaskThread "GC Thread#3" [stack: 0x0000008b2fb00000,0x0000008b2fc00000] [id=12128]
  0x000001fd2f4fac70 GCTaskThread "GC Thread#4" [stack: 0x0000008b2fc00000,0x0000008b2fd00000] [id=22888]
  0x000001fd2f4fa340 GCTaskThread "GC Thread#5" [stack: 0x0000008b2fd00000,0x0000008b2fe00000] [id=11532]
  0x000001fd2f4faf80 GCTaskThread "GC Thread#6" [stack: 0x0000008b2fe00000,0x0000008b2ff00000] [id=20484]
  0x000001fd2f4fb290 GCTaskThread "GC Thread#7" [stack: 0x0000008b2ff00000,0x0000008b30000000] [id=7624]
  0x000001fd0a1ffd70 ConcurrentGCThread "G1 Main Marker" terminated
  0x000001fd0a200770 ConcurrentGCThread "G1 Conc#0" [stack: 0x0000008b2e200000,0x0000008b2e300000] [id=3012]
  0x000001fd2cb620c0 ConcurrentGCThread "G1 Refine#0" terminated
  0x000001fd2cb62ad0 ConcurrentGCThread "G1 Service" terminated

Threads with active compile tasks:

VM state: at safepoint (shutting down)

VM Mutex/Monitor currently owned by a thread:  ([mutex/lock_event])
[0x000001fd0a19a660] Threads_lock - owner thread: 0x000001fd2ccac7f0
[0x000001fd0a199580] Heap_lock - owner thread: 0x000001fd2d909e30

Heap address: 0x0000000703a00000, size: 4038 MB, Compressed Oops mode: Zero based, Oop shift amount: 3

CDS archive(s) mapped at: [0x0000000800000000-0x0000000800bb0000-0x0000000800bb0000), size 12255232, SharedBaseAddress: 0x0000000800000000, ArchiveRelocationMode: 0.
Compressed class space mapped at: 0x0000000800c00000-0x0000000840c00000, reserved size: 1073741824
Narrow klass base: 0x0000000800000000, Narrow klass shift: 3, Narrow klass range: 0x100000000

GC Precious Log:
 CPUs: 8 total, 8 available
 Memory: 16149M
 Large Page Support: Disabled
 NUMA Support: Disabled
 Compressed Oops: Enabled (Zero based)
 Heap Region Size: 2M
 Heap Min Capacity: 8M
 Heap Initial Capacity: 254M
 Heap Max Capacity: 4038M
 Pre-touch: Disabled
 Parallel Workers: 8
 Concurrent Workers: 2
 Concurrent Refinement Workers: 8
 Periodic GC: Disabled

Heap:
 garbage-first heap   total 260096K, used 142624K [0x0000000703a00000, 0x0000000800000000)
  region size 2048K, 69 young (141312K), 1 survivors (2048K)
 Metaspace       used 12747K, committed 12928K, reserved 1064960K
  class space    used 883K, committed 960K, reserved 1048576K

Heap Regions: E=young(eden), S=young(survivor), O=old, HS=humongous(starts), HC=humongous(continues), CS=collection set, F=free, OA=open archive, CA=closed archive, TAMS=top-at-mark-start (previous, next)
|   0|0x0000000703a00000, 0x0000000703c00000, 0x0000000703c00000|100%| O|  |TAMS 0x0000000703a00000, 0x0000000703a00000| Untracked 
|   1|0x0000000703c00000, 0x0000000703e00000, 0x0000000703e00000|100%| O|  |TAMS 0x0000000703c00000, 0x0000000703c00000| Untracked 
|   2|0x0000000703e00000, 0x0000000703f31a00, 0x0000000704000000| 59%| O|  |TAMS 0x0000000703e00000, 0x0000000703e00000| Untracked 
|   3|0x0000000704000000, 0x0000000704000000, 0x0000000704200000|  0%| F|  |TAMS 0x0000000704000000, 0x0000000704000000| Untracked 
|   4|0x0000000704200000, 0x0000000704200000, 0x0000000704400000|  0%| F|  |TAMS 0x0000000704200000, 0x0000000704200000| Untracked 
|   5|0x0000000704400000, 0x0000000704400000, 0x0000000704600000|  0%| F|  |TAMS 0x0000000704400000, 0x0000000704400000| Untracked 
|   6|0x0000000704600000, 0x0000000704600000, 0x0000000704800000|  0%| F|  |TAMS 0x0000000704600000, 0x0000000704600000| Untracked 
|   7|0x0000000704800000, 0x0000000704800000, 0x0000000704a00000|  0%| F|  |TAMS 0x0000000704800000, 0x0000000704800000| Untracked 
|   8|0x0000000704a00000, 0x0000000704a00000, 0x0000000704c00000|  0%| F|  |TAMS 0x0000000704a00000, 0x0000000704a00000| Untracked 
|   9|0x0000000704c00000, 0x0000000704c00000, 0x0000000704e00000|  0%| F|  |TAMS 0x0000000704c00000, 0x0000000704c00000| Untracked 
|  10|0x0000000704e00000, 0x0000000704e00000, 0x0000000705000000|  0%| F|  |TAMS 0x0000000704e00000, 0x0000000704e00000| Untracked 
|  11|0x0000000705000000, 0x0000000705000000, 0x0000000705200000|  0%| F|  |TAMS 0x0000000705000000, 0x0000000705000000| Untracked 
|  12|0x0000000705200000, 0x0000000705200000, 0x0000000705400000|  0%| F|  |TAMS 0x0000000705200000, 0x0000000705200000| Untracked 
|  13|0x0000000705400000, 0x0000000705400000, 0x0000000705600000|  0%| F|  |TAMS 0x0000000705400000, 0x0000000705400000| Untracked 
|  14|0x0000000705600000, 0x0000000705600000, 0x0000000705800000|  0%| F|  |TAMS 0x0000000705600000, 0x0000000705600000| Untracked 
|  15|0x0000000705800000, 0x0000000705800000, 0x0000000705a00000|  0%| F|  |TAMS 0x0000000705800000, 0x0000000705800000| Untracked 
|  16|0x0000000705a00000, 0x0000000705a00000, 0x0000000705c00000|  0%| F|  |TAMS 0x0000000705a00000, 0x0000000705a00000| Untracked 
|  17|0x0000000705c00000, 0x0000000705c00000, 0x0000000705e00000|  0%| F|  |TAMS 0x0000000705c00000, 0x0000000705c00000| Untracked 
|  18|0x0000000705e00000, 0x0000000705e00000, 0x0000000706000000|  0%| F|  |TAMS 0x0000000705e00000, 0x0000000705e00000| Untracked 
|  19|0x0000000706000000, 0x0000000706000000, 0x0000000706200000|  0%| F|  |TAMS 0x0000000706000000, 0x0000000706000000| Untracked 
|  20|0x0000000706200000, 0x0000000706200000, 0x0000000706400000|  0%| F|  |TAMS 0x0000000706200000, 0x0000000706200000| Untracked 
|  21|0x0000000706400000, 0x0000000706400000, 0x0000000706600000|  0%| F|  |TAMS 0x0000000706400000, 0x0000000706400000| Untracked 
|  22|0x0000000706600000, 0x0000000706600000, 0x0000000706800000|  0%| F|  |TAMS 0x0000000706600000, 0x0000000706600000| Untracked 
|  23|0x0000000706800000, 0x0000000706800000, 0x0000000706a00000|  0%| F|  |TAMS 0x0000000706800000, 0x0000000706800000| Untracked 
|  24|0x0000000706a00000, 0x0000000706a00000, 0x0000000706c00000|  0%| F|  |TAMS 0x0000000706a00000, 0x0000000706a00000| Untracked 
|  25|0x0000000706c00000, 0x0000000706c00000, 0x0000000706e00000|  0%| F|  |TAMS 0x0000000706c00000, 0x0000000706c00000| Untracked 
|  26|0x0000000706e00000, 0x0000000706e00000, 0x0000000707000000|  0%| F|  |TAMS 0x0000000706e00000, 0x0000000706e00000| Untracked 
|  27|0x0000000707000000, 0x0000000707000000, 0x0000000707200000|  0%| F|  |TAMS 0x0000000707000000, 0x0000000707000000| Untracked 
|  28|0x0000000707200000, 0x0000000707200000, 0x0000000707400000|  0%| F|  |TAMS 0x0000000707200000, 0x0000000707200000| Untracked 
|  29|0x0000000707400000, 0x0000000707400000, 0x0000000707600000|  0%| F|  |TAMS 0x0000000707400000, 0x0000000707400000| Untracked 
|  30|0x0000000707600000, 0x0000000707600000, 0x0000000707800000|  0%| F|  |TAMS 0x0000000707600000, 0x0000000707600000| Untracked 
|  31|0x0000000707800000, 0x0000000707800000, 0x0000000707a00000|  0%| F|  |TAMS 0x0000000707800000, 0x0000000707800000| Untracked 
|  32|0x0000000707a00000, 0x0000000707a00000, 0x0000000707c00000|  0%| F|  |TAMS 0x0000000707a00000, 0x0000000707a00000| Untracked 
|  33|0x0000000707c00000, 0x0000000707c00000, 0x0000000707e00000|  0%| F|  |TAMS 0x0000000707c00000, 0x0000000707c00000| Untracked 
|  34|0x0000000707e00000, 0x0000000707e00000, 0x0000000708000000|  0%| F|  |TAMS 0x0000000707e00000, 0x0000000707e00000| Untracked 
|  35|0x0000000708000000, 0x0000000708000000, 0x0000000708200000|  0%| F|  |TAMS 0x0000000708000000, 0x0000000708000000| Untracked 
|  36|0x0000000708200000, 0x0000000708200000, 0x0000000708400000|  0%| F|  |TAMS 0x0000000708200000, 0x0000000708200000| Untracked 
|  37|0x0000000708400000, 0x0000000708400000, 0x0000000708600000|  0%| F|  |TAMS 0x0000000708400000, 0x0000000708400000| Untracked 
|  38|0x0000000708600000, 0x0000000708600000, 0x0000000708800000|  0%| F|  |TAMS 0x0000000708600000, 0x0000000708600000| Untracked 
|  39|0x0000000708800000, 0x0000000708800000, 0x0000000708a00000|  0%| F|  |TAMS 0x0000000708800000, 0x0000000708800000| Untracked 
|  40|0x0000000708a00000, 0x0000000708a00000, 0x0000000708c00000|  0%| F|  |TAMS 0x0000000708a00000, 0x0000000708a00000| Untracked 
|  41|0x0000000708c00000, 0x0000000708c00000, 0x0000000708e00000|  0%| F|  |TAMS 0x0000000708c00000, 0x0000000708c00000| Untracked 
|  42|0x0000000708e00000, 0x0000000708e00000, 0x0000000709000000|  0%| F|  |TAMS 0x0000000708e00000, 0x0000000708e00000| Untracked 
|  43|0x0000000709000000, 0x0000000709000000, 0x0000000709200000|  0%| F|  |TAMS 0x0000000709000000, 0x0000000709000000| Untracked 
|  44|0x0000000709200000, 0x0000000709200000, 0x0000000709400000|  0%| F|  |TAMS 0x0000000709200000, 0x0000000709200000| Untracked 
|  45|0x0000000709400000, 0x0000000709400000, 0x0000000709600000|  0%| F|  |TAMS 0x0000000709400000, 0x0000000709400000| Untracked 
|  46|0x0000000709600000, 0x0000000709600000, 0x0000000709800000|  0%| F|  |TAMS 0x0000000709600000, 0x0000000709600000| Untracked 
|  47|0x0000000709800000, 0x0000000709800000, 0x0000000709a00000|  0%| F|  |TAMS 0x0000000709800000, 0x0000000709800000| Untracked 
|  48|0x0000000709a00000, 0x0000000709a00000, 0x0000000709c00000|  0%| F|  |TAMS 0x0000000709a00000, 0x0000000709a00000| Untracked 
|  49|0x0000000709c00000, 0x0000000709c00000, 0x0000000709e00000|  0%| F|  |TAMS 0x0000000709c00000, 0x0000000709c00000| Untracked 
|  50|0x0000000709e00000, 0x0000000709e169d0, 0x000000070a000000|  4%| S|CS|TAMS 0x0000000709e00000, 0x0000000709e00000| Complete 
|  51|0x000000070a000000, 0x000000070a000000, 0x000000070a200000|  0%| F|  |TAMS 0x000000070a000000, 0x000000070a000000| Untracked 
|  52|0x000000070a200000, 0x000000070a200000, 0x000000070a400000|  0%| F|  |TAMS 0x000000070a200000, 0x000000070a200000| Untracked 
|  53|0x000000070a400000, 0x000000070a400000, 0x000000070a600000|  0%| F|  |TAMS 0x000000070a400000, 0x000000070a400000| Untracked 
|  54|0x000000070a600000, 0x000000070a600000, 0x000000070a800000|  0%| F|  |TAMS 0x000000070a600000, 0x000000070a600000| Untracked 
|  55|0x000000070a800000, 0x000000070a800000, 0x000000070aa00000|  0%| F|  |TAMS 0x000000070a800000, 0x000000070a800000| Untracked 
|  56|0x000000070aa00000, 0x000000070aa00000, 0x000000070ac00000|  0%| F|  |TAMS 0x000000070aa00000, 0x000000070aa00000| Untracked 
|  57|0x000000070ac00000, 0x000000070ac00000, 0x000000070ae00000|  0%| F|  |TAMS 0x000000070ac00000, 0x000000070ac00000| Untracked 
|  58|0x000000070ae00000, 0x000000070ae00000, 0x000000070b000000|  0%| F|  |TAMS 0x000000070ae00000, 0x000000070ae00000| Untracked 
|  59|0x000000070b000000, 0x000000070b000800, 0x000000070b200000|  0%| E|  |TAMS 0x000000070b000000, 0x000000070b000000| Complete 
|  60|0x000000070b200000, 0x000000070b400000, 0x000000070b400000|100%| E|CS|TAMS 0x000000070b200000, 0x000000070b200000| Complete 
|  61|0x000000070b400000, 0x000000070b600000, 0x000000070b600000|100%| E|CS|TAMS 0x000000070b400000, 0x000000070b400000| Complete 
|  62|0x000000070b600000, 0x000000070b800000, 0x000000070b800000|100%| E|CS|TAMS 0x000000070b600000, 0x000000070b600000| Complete 
|  63|0x000000070b800000, 0x000000070ba00000, 0x000000070ba00000|100%| E|CS|TAMS 0x000000070b800000, 0x000000070b800000| Complete 
|  64|0x000000070ba00000, 0x000000070bc00000, 0x000000070bc00000|100%| E|CS|TAMS 0x000000070ba00000, 0x000000070ba00000| Complete 
|  65|0x000000070bc00000, 0x000000070be00000, 0x000000070be00000|100%| E|CS|TAMS 0x000000070bc00000, 0x000000070bc00000| Complete 
|  66|0x000000070be00000, 0x000000070c000000, 0x000000070c000000|100%| E|CS|TAMS 0x000000070be00000, 0x000000070be00000| Complete 
|  67|0x000000070c000000, 0x000000070c200000, 0x000000070c200000|100%| E|CS|TAMS 0x000000070c000000, 0x000000070c000000| Complete 
|  68|0x000000070c200000, 0x000000070c400000, 0x000000070c400000|100%| E|CS|TAMS 0x000000070c200000, 0x000000070c200000| Complete 
|  69|0x000000070c400000, 0x000000070c600000, 0x000000070c600000|100%| E|CS|TAMS 0x000000070c400000, 0x000000070c400000| Complete 
|  70|0x000000070c600000, 0x000000070c800000, 0x000000070c800000|100%| E|CS|TAMS 0x000000070c600000, 0x000000070c600000| Complete 
|  71|0x000000070c800000, 0x000000070ca00000, 0x000000070ca00000|100%| E|CS|TAMS 0x000000070c800000, 0x000000070c800000| Complete 
|  72|0x000000070ca00000, 0x000000070cc00000, 0x000000070cc00000|100%| E|CS|TAMS 0x000000070ca00000, 0x000000070ca00000| Complete 
|  73|0x000000070cc00000, 0x000000070ce00000, 0x000000070ce00000|100%| E|CS|TAMS 0x000000070cc00000, 0x000000070cc00000| Complete 
|  74|0x000000070ce00000, 0x000000070d000000, 0x000000070d000000|100%| E|CS|TAMS 0x000000070ce00000, 0x000000070ce00000| Complete 
|  75|0x000000070d000000, 0x000000070d200000, 0x000000070d200000|100%| E|CS|TAMS 0x000000070d000000, 0x000000070d000000| Complete 
|  76|0x000000070d200000, 0x000000070d400000, 0x000000070d400000|100%| E|CS|TAMS 0x000000070d200000, 0x000000070d200000| Complete 
|  77|0x000000070d400000, 0x000000070d600000, 0x000000070d600000|100%| E|CS|TAMS 0x000000070d400000, 0x000000070d400000| Complete 
|  78|0x000000070d600000, 0x000000070d800000, 0x000000070d800000|100%| E|CS|TAMS 0x000000070d600000, 0x000000070d600000| Complete 
|  79|0x000000070d800000, 0x000000070da00000, 0x000000070da00000|100%| E|CS|TAMS 0x000000070d800000, 0x000000070d800000| Complete 
|  80|0x000000070da00000, 0x000000070dc00000, 0x000000070dc00000|100%| E|CS|TAMS 0x000000070da00000, 0x000000070da00000| Complete 
|  81|0x000000070dc00000, 0x000000070de00000, 0x000000070de00000|100%| E|CS|TAMS 0x000000070dc00000, 0x000000070dc00000| Complete 
|  82|0x000000070de00000, 0x000000070e000000, 0x000000070e000000|100%| E|CS|TAMS 0x000000070de00000, 0x000000070de00000| Complete 
|  83|0x000000070e000000, 0x000000070e200000, 0x000000070e200000|100%| E|CS|TAMS 0x000000070e000000, 0x000000070e000000| Complete 
|  84|0x000000070e200000, 0x000000070e400000, 0x000000070e400000|100%| E|CS|TAMS 0x000000070e200000, 0x000000070e200000| Complete 
|  85|0x000000070e400000, 0x000000070e600000, 0x000000070e600000|100%| E|CS|TAMS 0x000000070e400000, 0x000000070e400000| Complete 
|  86|0x000000070e600000, 0x000000070e800000, 0x000000070e800000|100%| E|CS|TAMS 0x000000070e600000, 0x000000070e600000| Complete 
|  87|0x000000070e800000, 0x000000070ea00000, 0x000000070ea00000|100%| E|CS|TAMS 0x000000070e800000, 0x000000070e800000| Complete 
|  88|0x000000070ea00000, 0x000000070ec00000, 0x000000070ec00000|100%| E|CS|TAMS 0x000000070ea00000, 0x000000070ea00000| Complete 
|  89|0x000000070ec00000, 0x000000070ee00000, 0x000000070ee00000|100%| E|CS|TAMS 0x000000070ec00000, 0x000000070ec00000| Complete 
|  90|0x000000070ee00000, 0x000000070f000000, 0x000000070f000000|100%| E|CS|TAMS 0x000000070ee00000, 0x000000070ee00000| Complete 
|  91|0x000000070f000000, 0x000000070f200000, 0x000000070f200000|100%| E|CS|TAMS 0x000000070f000000, 0x000000070f000000| Complete 
|  92|0x000000070f200000, 0x000000070f400000, 0x000000070f400000|100%| E|CS|TAMS 0x000000070f200000, 0x000000070f200000| Complete 
|  93|0x000000070f400000, 0x000000070f600000, 0x000000070f600000|100%| E|CS|TAMS 0x000000070f400000, 0x000000070f400000| Complete 
|  94|0x000000070f600000, 0x000000070f800000, 0x000000070f800000|100%| E|CS|TAMS 0x000000070f600000, 0x000000070f600000| Complete 
|  95|0x000000070f800000, 0x000000070fa00000, 0x000000070fa00000|100%| E|CS|TAMS 0x000000070f800000, 0x000000070f800000| Complete 
|  96|0x000000070fa00000, 0x000000070fc00000, 0x000000070fc00000|100%| E|CS|TAMS 0x000000070fa00000, 0x000000070fa00000| Complete 
|  97|0x000000070fc00000, 0x000000070fe00000, 0x000000070fe00000|100%| E|CS|TAMS 0x000000070fc00000, 0x000000070fc00000| Complete 
|  98|0x000000070fe00000, 0x0000000710000000, 0x0000000710000000|100%| E|CS|TAMS 0x000000070fe00000, 0x000000070fe00000| Complete 
|  99|0x0000000710000000, 0x0000000710200000, 0x0000000710200000|100%| E|CS|TAMS 0x0000000710000000, 0x0000000710000000| Complete 
| 100|0x0000000710200000, 0x0000000710400000, 0x0000000710400000|100%| E|CS|TAMS 0x0000000710200000, 0x0000000710200000| Complete 
| 101|0x0000000710400000, 0x0000000710600000, 0x0000000710600000|100%| E|CS|TAMS 0x0000000710400000, 0x0000000710400000| Complete 
| 102|0x0000000710600000, 0x0000000710800000, 0x0000000710800000|100%| E|CS|TAMS 0x0000000710600000, 0x0000000710600000| Complete 
| 103|0x0000000710800000, 0x0000000710a00000, 0x0000000710a00000|100%| E|CS|TAMS 0x0000000710800000, 0x0000000710800000| Complete 
| 104|0x0000000710a00000, 0x0000000710c00000, 0x0000000710c00000|100%| E|CS|TAMS 0x0000000710a00000, 0x0000000710a00000| Complete 
| 105|0x0000000710c00000, 0x0000000710e00000, 0x0000000710e00000|100%| E|CS|TAMS 0x0000000710c00000, 0x0000000710c00000| Complete 
| 106|0x0000000710e00000, 0x0000000711000000, 0x0000000711000000|100%| E|CS|TAMS 0x0000000710e00000, 0x0000000710e00000| Complete 
| 107|0x0000000711000000, 0x0000000711200000, 0x0000000711200000|100%| E|CS|TAMS 0x0000000711000000, 0x0000000711000000| Complete 
| 108|0x0000000711200000, 0x0000000711400000, 0x0000000711400000|100%| E|CS|TAMS 0x0000000711200000, 0x0000000711200000| Complete 
| 109|0x0000000711400000, 0x0000000711600000, 0x0000000711600000|100%| E|CS|TAMS 0x0000000711400000, 0x0000000711400000| Complete 
| 110|0x0000000711600000, 0x0000000711800000, 0x0000000711800000|100%| E|CS|TAMS 0x0000000711600000, 0x0000000711600000| Complete 
| 111|0x0000000711800000, 0x0000000711a00000, 0x0000000711a00000|100%| E|CS|TAMS 0x0000000711800000, 0x0000000711800000| Complete 
| 112|0x0000000711a00000, 0x0000000711c00000, 0x0000000711c00000|100%| E|CS|TAMS 0x0000000711a00000, 0x0000000711a00000| Complete 
| 113|0x0000000711c00000, 0x0000000711e00000, 0x0000000711e00000|100%| E|CS|TAMS 0x0000000711c00000, 0x0000000711c00000| Complete 
| 114|0x0000000711e00000, 0x0000000712000000, 0x0000000712000000|100%| E|CS|TAMS 0x0000000711e00000, 0x0000000711e00000| Complete 
| 115|0x0000000712000000, 0x0000000712200000, 0x0000000712200000|100%| E|CS|TAMS 0x0000000712000000, 0x0000000712000000| Complete 
| 116|0x0000000712200000, 0x0000000712400000, 0x0000000712400000|100%| E|CS|TAMS 0x0000000712200000, 0x0000000712200000| Complete 
| 117|0x0000000712400000, 0x0000000712600000, 0x0000000712600000|100%| E|CS|TAMS 0x0000000712400000, 0x0000000712400000| Complete 
| 118|0x0000000712600000, 0x0000000712800000, 0x0000000712800000|100%| E|CS|TAMS 0x0000000712600000, 0x0000000712600000| Complete 
| 119|0x0000000712800000, 0x0000000712a00000, 0x0000000712a00000|100%| E|CS|TAMS 0x0000000712800000, 0x0000000712800000| Complete 
| 120|0x0000000712a00000, 0x0000000712c00000, 0x0000000712c00000|100%| E|CS|TAMS 0x0000000712a00000, 0x0000000712a00000| Complete 
| 121|0x0000000712c00000, 0x0000000712e00000, 0x0000000712e00000|100%| E|CS|TAMS 0x0000000712c00000, 0x0000000712c00000| Complete 
| 122|0x0000000712e00000, 0x0000000713000000, 0x0000000713000000|100%| E|CS|TAMS 0x0000000712e00000, 0x0000000712e00000| Complete 
| 123|0x0000000713000000, 0x0000000713200000, 0x0000000713200000|100%| E|CS|TAMS 0x0000000713000000, 0x0000000713000000| Complete 
| 124|0x0000000713200000, 0x0000000713400000, 0x0000000713400000|100%| E|CS|TAMS 0x0000000713200000, 0x0000000713200000| Complete 
| 125|0x0000000713400000, 0x0000000713600000, 0x0000000713600000|100%| E|CS|TAMS 0x0000000713400000, 0x0000000713400000| Complete 
| 126|0x0000000713600000, 0x0000000713800000, 0x0000000713800000|100%| E|CS|TAMS 0x0000000713600000, 0x0000000713600000| Complete 

Card table byte_map: [0x000001fd21450000,0x000001fd21c40000] _byte_map_base: 0x000001fd1dc33000

Marking Bits (Prev, Next): (CMBitMap*) 0x000001fd0a1eef30, (CMBitMap*) 0x000001fd0a1eef70
 Prev Bits: [0x000001fd22430000, 0x000001fd26348000)
 Next Bits: [0x000001fd26350000, 0x000001fd2a268000)

Polling page: 0x000001fd081b0000

Metaspace:

Usage:
  Non-class:     11.59 MB used.
      Class:    883.34 KB used.
       Both:     12.45 MB used.

Virtual space:
  Non-class space:       16.00 MB reserved,      11.69 MB ( 73%) committed,  2 nodes.
      Class space:        1.00 GB reserved,     960.00 KB ( <1%) committed,  1 nodes.
              Both:        1.02 GB reserved,      12.62 MB (  1%) committed. 

Chunk freelists:
   Non-Class:  3.55 MB
       Class:  2.94 MB
        Both:  6.48 MB

MaxMetaspaceSize: 17179869184.00 GB
CompressedClassSpaceSize: 1.00 GB
 - commit_granule_bytes: 65536.
 - commit_granule_words: 8192.
 - virtual_space_node_default_size: 1048576.
 - enlarge_chunks_in_place: 1.
 - new_chunks_are_fully_committed: 0.
 - uncommit_free_chunks: 1.
 - use_allocation_guard: 0.
 - handle_deallocations: 1.


Internal statistics:

num_allocs_failed_limit: 0.
num_arena_births: 86.
num_arena_deaths: 0.
num_vsnodes_births: 3.
num_vsnodes_deaths: 0.
num_space_committed: 198.
num_space_uncommitted: 0.
num_chunks_returned_to_freelist: 0.
num_chunks_taken_from_freelist: 348.
num_chunk_merges: 0.
num_chunk_splits: 281.
num_chunks_enlarged: 230.
num_purges: 0.

CodeHeap 'non-profiled nmethods': size=120000Kb used=1214Kb max_used=1214Kb free=118785Kb
 bounds [0x000001fd193f0000, 0x000001fd19660000, 0x000001fd20920000]
CodeHeap 'profiled nmethods': size=120000Kb used=3634Kb max_used=3634Kb free=116365Kb
 bounds [0x000001fd11ec0000, 0x000001fd12250000, 0x000001fd193f0000]
CodeHeap 'non-nmethods': size=5760Kb used=1540Kb max_used=1580Kb free=4220Kb
 bounds [0x000001fd11920000, 0x000001fd11b90000, 0x000001fd11ec0000]
 total_blobs=2875 nmethods=1948 adapters=840
 compilation: enabled
              stopped_count=0, restarted_count=0
 full_count=0

Compilation events (20 events):
Event: 238.558 Thread 0x000001fd2ccc97b0 1939       4       processing.opengl.PGraphicsOpenGL::lightSpecular (38 bytes)
Event: 238.559 Thread 0x000001fd2ccc97b0 nmethod 1939 0x000001fd19513c10 code [0x000001fd19513da0, 0x000001fd19513ec8]
Event: 272.706 Thread 0x000001fd2ccc97b0 1940       4       processing.opengl.PShader::setLineAttribute (17 bytes)
Event: 272.722 Thread 0x000001fd2ccc97b0 nmethod 1940 0x000001fd19514010 code [0x000001fd195141e0, 0x000001fd19514998]
Event: 272.722 Thread 0x000001fd2ccc97b0 1941       4       processing.opengl.PGraphicsOpenGL::unbindLineBuffers (23 bytes)
Event: 272.729 Thread 0x000001fd2ccc97b0 nmethod 1941 0x000001fd19515290 code [0x000001fd19515460, 0x000001fd195158f8]
Event: 274.571 Thread 0x000001fd2ccc97b0 1942       4       jogamp.opengl.GLContextImpl::release (6 bytes)
Event: 274.572 Thread 0x000001fd2ccc97b0 nmethod 1942 0x000001fd19515f10 code [0x000001fd195160a0, 0x000001fd19516148]
Event: 274.572 Thread 0x000001fd2ccc97b0 1943       4       processing.opengl.PGL::beginRender (426 bytes)
Event: 274.573 Thread 0x000001fd2ccc97b0 nmethod 1943 0x000001fd19516210 code [0x000001fd195163a0, 0x000001fd195164d8]
Event: 274.608 Thread 0x000001fd2ccc97b0 1944       4       processing.opengl.PGraphicsOpenGL::camera (391 bytes)
Event: 274.618 Thread 0x000001fd2ccc97b0 nmethod 1944 0x000001fd19516610 code [0x000001fd19516840, 0x000001fd195171d8]
Event: 274.618 Thread 0x000001fd2ccc97b0 1945       4       processing.core.PMatrix3D::invert (819 bytes)
Event: 274.623 Thread 0x000001fd2ccc97b0 nmethod 1945 0x000001fd19517610 code [0x000001fd19517820, 0x000001fd19517de8]
Event: 280.544 Thread 0x000001fd2ccc97b0 1946   !   4       jogamp.opengl.GLContextImpl::makeCurrent (986 bytes)
Event: 280.573 Thread 0x000001fd2ccc97b0 nmethod 1946 0x000001fd19517f10 code [0x000001fd195181e0, 0x000001fd195193e0]
Event: 280.793 Thread 0x000001fd2ccc97b0 1947       4       processing.opengl.PGraphicsOpenGL$InGeometry::addBox (956 bytes)
Event: 280.877 Thread 0x000001fd2ccc97b0 nmethod 1947 0x000001fd1951a310 code [0x000001fd1951a720, 0x000001fd1951d080]
Event: 329.261 Thread 0x000001fd2ccc9dc0 1948       3       java.lang.ClassLoader::findNative (21 bytes)
Event: 329.262 Thread 0x000001fd2ccc9dc0 nmethod 1948 0x000001fd1224c490 code [0x000001fd1224c660, 0x000001fd1224c878]

GC Heap History (20 events):
Event: 140.868 GC heap before
{Heap before GC invocations=9 (full 0):
 garbage-first heap   total 260096K, used 154728K [0x0000000703a00000, 0x0000000800000000)
  region size 2048K, 76 young (155648K), 3 survivors (6144K)
 Metaspace       used 12705K, committed 12864K, reserved 1064960K
  class space    used 879K, committed 960K, reserved 1048576K
}
Event: 140.873 GC heap after
{Heap after GC invocations=10 (full 0):
 garbage-first heap   total 260096K, used 5195K [0x0000000703a00000, 0x0000000800000000)
  region size 2048K, 3 young (6144K), 3 survivors (6144K)
 Metaspace       used 12705K, committed 12864K, reserved 1064960K
  class space    used 879K, committed 960K, reserved 1048576K
}
Event: 159.469 GC heap before
{Heap before GC invocations=10 (full 0):
 garbage-first heap   total 260096K, used 154699K [0x0000000703a00000, 0x0000000800000000)
  region size 2048K, 76 young (155648K), 3 survivors (6144K)
 Metaspace       used 12705K, committed 12864K, reserved 1064960K
  class space    used 879K, committed 960K, reserved 1048576K
}
Event: 159.475 GC heap after
{Heap after GC invocations=11 (full 0):
 garbage-first heap   total 260096K, used 5200K [0x0000000703a00000, 0x0000000800000000)
  region size 2048K, 3 young (6144K), 3 survivors (6144K)
 Metaspace       used 12705K, committed 12864K, reserved 1064960K
  class space    used 879K, committed 960K, reserved 1048576K
}
Event: 176.801 GC heap before
{Heap before GC invocations=11 (full 0):
 garbage-first heap   total 260096K, used 154704K [0x0000000703a00000, 0x0000000800000000)
  region size 2048K, 76 young (155648K), 3 survivors (6144K)
 Metaspace       used 12705K, committed 12864K, reserved 1064960K
  class space    used 879K, committed 960K, reserved 1048576K
}
Event: 176.805 GC heap after
{Heap after GC invocations=12 (full 0):
 garbage-first heap   total 260096K, used 5445K [0x0000000703a00000, 0x0000000800000000)
  region size 2048K, 3 young (6144K), 3 survivors (6144K)
 Metaspace       used 12705K, committed 12864K, reserved 1064960K
  class space    used 879K, committed 960K, reserved 1048576K
}
Event: 194.386 GC heap before
{Heap before GC invocations=12 (full 0):
 garbage-first heap   total 260096K, used 154949K [0x0000000703a00000, 0x0000000800000000)
  region size 2048K, 76 young (155648K), 3 survivors (6144K)
 Metaspace       used 12705K, committed 12864K, reserved 1064960K
  class space    used 879K, committed 960K, reserved 1048576K
}
Event: 194.391 GC heap after
{Heap after GC invocations=13 (full 0):
 garbage-first heap   total 260096K, used 5222K [0x0000000703a00000, 0x0000000800000000)
  region size 2048K, 3 young (6144K), 3 survivors (6144K)
 Metaspace       used 12705K, committed 12864K, reserved 1064960K
  class space    used 879K, committed 960K, reserved 1048576K
}
Event: 212.607 GC heap before
{Heap before GC invocations=13 (full 0):
 garbage-first heap   total 260096K, used 154726K [0x0000000703a00000, 0x0000000800000000)
  region size 2048K, 76 young (155648K), 3 survivors (6144K)
 Metaspace       used 12705K, committed 12864K, reserved 1064960K
  class space    used 879K, committed 960K, reserved 1048576K
}
Event: 212.613 GC heap after
{Heap after GC invocations=14 (full 0):
 garbage-first heap   total 260096K, used 5342K [0x0000000703a00000, 0x0000000800000000)
  region size 2048K, 3 young (6144K), 3 survivors (6144K)
 Metaspace       used 12705K, committed 12864K, reserved 1064960K
  class space    used 879K, committed 960K, reserved 1048576K
}
Event: 232.068 GC heap before
{Heap before GC invocations=14 (full 0):
 garbage-first heap   total 260096K, used 154846K [0x0000000703a00000, 0x0000000800000000)
  region size 2048K, 76 young (155648K), 3 survivors (6144K)
 Metaspace       used 12705K, committed 12864K, reserved 1064960K
  class space    used 879K, committed 960K, reserved 1048576K
}
Event: 232.073 GC heap after
{Heap after GC invocations=15 (full 0):
 garbage-first heap   total 260096K, used 5454K [0x0000000703a00000, 0x0000000800000000)
  region size 2048K, 3 young (6144K), 3 survivors (6144K)
 Metaspace       used 12705K, committed 12864K, reserved 1064960K
  class space    used 879K, committed 960K, reserved 1048576K
}
Event: 251.133 GC heap before
{Heap before GC invocations=15 (full 0):
 garbage-first heap   total 260096K, used 154958K [0x0000000703a00000, 0x0000000800000000)
  region size 2048K, 76 young (155648K), 3 survivors (6144K)
 Metaspace       used 12705K, committed 12864K, reserved 1064960K
  class space    used 879K, committed 960K, reserved 1048576K
}
Event: 251.140 GC heap after
{Heap after GC invocations=16 (full 0):
 garbage-first heap   total 260096K, used 5495K [0x0000000703a00000, 0x0000000800000000)
  region size 2048K, 2 young (4096K), 2 survivors (4096K)
 Metaspace       used 12705K, committed 12864K, reserved 1064960K
  class space    used 879K, committed 960K, reserved 1048576K
}
Event: 271.254 GC heap before
{Heap before GC invocations=16 (full 0):
 garbage-first heap   total 260096K, used 157047K [0x0000000703a00000, 0x0000000800000000)
  region size 2048K, 76 young (155648K), 2 survivors (4096K)
 Metaspace       used 12705K, committed 12864K, reserved 1064960K
  class space    used 879K, committed 960K, reserved 1048576K
}
Event: 271.256 GC heap after
{Heap after GC invocations=17 (full 0):
 garbage-first heap   total 260096K, used 5430K [0x0000000703a00000, 0x0000000800000000)
  region size 2048K, 1 young (2048K), 1 survivors (2048K)
 Metaspace       used 12705K, committed 12864K, reserved 1064960K
  class space    used 879K, committed 960K, reserved 1048576K
}
Event: 291.711 GC heap before
{Heap before GC invocations=17 (full 0):
 garbage-first heap   total 260096K, used 159030K [0x0000000703a00000, 0x0000000800000000)
  region size 2048K, 76 young (155648K), 1 survivors (2048K)
 Metaspace       used 12705K, committed 12864K, reserved 1064960K
  class space    used 879K, committed 960K, reserved 1048576K
}
Event: 291.712 GC heap after
{Heap after GC invocations=18 (full 0):
 garbage-first heap   total 260096K, used 5390K [0x0000000703a00000, 0x0000000800000000)
  region size 2048K, 1 young (2048K), 1 survivors (2048K)
 Metaspace       used 12705K, committed 12864K, reserved 1064960K
  class space    used 879K, committed 960K, reserved 1048576K
}
Event: 312.146 GC heap before
{Heap before GC invocations=18 (full 0):
 garbage-first heap   total 260096K, used 158990K [0x0000000703a00000, 0x0000000800000000)
  region size 2048K, 76 young (155648K), 1 survivors (2048K)
 Metaspace       used 12705K, committed 12864K, reserved 1064960K
  class space    used 879K, committed 960K, reserved 1048576K
}
Event: 312.147 GC heap after
{Heap after GC invocations=19 (full 0):
 garbage-first heap   total 260096K, used 5408K [0x0000000703a00000, 0x0000000800000000)
  region size 2048K, 1 young (2048K), 1 survivors (2048K)
 Metaspace       used 12705K, committed 12864K, reserved 1064960K
  class space    used 879K, committed 960K, reserved 1048576K
}

Deoptimization events (20 events):
Event: 329.247 Thread 0x000001fd2d9098e0 Uncommon trap: trap_request=0xffffffde fr.pc=0x000001fd194c77ec relative=0x00000000000002cc
Event: 329.247 Thread 0x000001fd2d9098e0 Uncommon trap: reason=class_check action=maybe_recompile pc=0x000001fd194c77ec method=jogamp.opengl.GLDrawableImpl.lockSurface()I @ 4 c2
Event: 329.247 Thread 0x000001fd2d9098e0 DEOPT PACKING pc=0x000001fd194c77ec sp=0x0000008b2f3fefc0
Event: 329.247 Thread 0x000001fd2d9098e0 DEOPT UNPACKING pc=0x000001fd1196f92e sp=0x0000008b2f3fef78 mode 2
Event: 329.247 Thread 0x000001fd2d9098e0 Uncommon trap: trap_request=0xffffffde fr.pc=0x000001fd195188e8 relative=0x0000000000000708
Event: 329.247 Thread 0x000001fd2d9098e0 Uncommon trap: reason=class_check action=maybe_recompile pc=0x000001fd195188e8 method=jogamp.opengl.GLDrawableImpl.lockSurface()I @ 4 c2
Event: 329.247 Thread 0x000001fd2d9098e0 DEOPT PACKING pc=0x000001fd195188e8 sp=0x0000008b2f3fef70
Event: 329.247 Thread 0x000001fd2d9098e0 DEOPT UNPACKING pc=0x000001fd1196f92e sp=0x0000008b2f3fee98 mode 2
Event: 329.247 Thread 0x000001fd2d9098e0 Uncommon trap: trap_request=0xffffffde fr.pc=0x000001fd194f7178 relative=0x0000000000000138
Event: 329.247 Thread 0x000001fd2d9098e0 Uncommon trap: reason=class_check action=maybe_recompile pc=0x000001fd194f7178 method=jogamp.opengl.GLDrawableImpl.getHandle()J @ 4 c2
Event: 329.247 Thread 0x000001fd2d9098e0 DEOPT PACKING pc=0x000001fd194f7178 sp=0x0000008b2f3feee0
Event: 329.247 Thread 0x000001fd2d9098e0 DEOPT UNPACKING pc=0x000001fd1196f92e sp=0x0000008b2f3feda8 mode 2
Event: 329.248 Thread 0x000001fd2d9098e0 Uncommon trap: trap_request=0xffffff45 fr.pc=0x000001fd194ef030 relative=0x0000000000000cd0
Event: 329.248 Thread 0x000001fd2d9098e0 Uncommon trap: reason=unstable_if action=reinterpret pc=0x000001fd194ef030 method=jogamp.opengl.GLContextImpl.release(Z)V @ 161 c2
Event: 329.248 Thread 0x000001fd2d9098e0 DEOPT PACKING pc=0x000001fd194ef030 sp=0x0000008b2f3fef60
Event: 329.248 Thread 0x000001fd2d9098e0 DEOPT UNPACKING pc=0x000001fd1196f92e sp=0x0000008b2f3fef68 mode 2
Event: 329.270 Thread 0x000001fd2fd265f0 Uncommon trap: trap_request=0xffffff45 fr.pc=0x000001fd194ea604 relative=0x0000000000000064
Event: 329.270 Thread 0x000001fd2fd265f0 Uncommon trap: reason=unstable_if action=reinterpret pc=0x000001fd194ea604 method=java.util.ArrayList.clear()V @ 29 c2
Event: 329.270 Thread 0x000001fd2fd265f0 DEOPT PACKING pc=0x000001fd194ea604 sp=0x0000008b305febc0
Event: 329.270 Thread 0x000001fd2fd265f0 DEOPT UNPACKING pc=0x000001fd1196f92e sp=0x0000008b305feb40 mode 2

Classes unloaded (0 events):
No events

Classes redefined (0 events):
No events

Internal exceptions (16 events):
Event: 0.135 Thread 0x000001fd0a19caa0 Exception <a 'java/lang/ClassNotFoundException'{0x000000071343ffb8}: sun/awt/resources/spi/awtProvider> (0x000000071343ffb8) 
thrown [t:\workspace\open\src\hotspot\share\classfile\systemDictionary.cpp, line 256]
Event: 0.168 Thread 0x000001fd0a19caa0 Exception <a 'java/io/FileNotFoundException'{0x000000071349be20}> (0x000000071349be20) 
thrown [t:\workspace\open\src\hotspot\share\prims\jni.cpp, line 579]
Event: 0.183 Thread 0x000001fd0a19caa0 Exception <a 'java/io/FileNotFoundException'{0x00000007134ca730}> (0x00000007134ca730) 
thrown [t:\workspace\open\src\hotspot\share\prims\jni.cpp, line 579]
Event: 0.184 Thread 0x000001fd0a19caa0 Exception <a 'java/lang/NoSuchMethodError'{0x00000007134cba38}: 'java.lang.Object java.lang.invoke.DirectMethodHandle$Holder.invokeStatic(java.lang.Object)'> (0x00000007134cba38) 
thrown [t:\workspace\open\src\hotspot\share\interpreter\linkResolver.cpp, line 790]
Event: 0.190 Thread 0x000001fd0a19caa0 Exception <a 'java/lang/NoSuchMethodError'{0x00000007134d9a98}: 'void java.lang.invoke.DirectMethodHandle$Holder.invokeSpecial(java.lang.Object, java.lang.Object, java.lang.Object)'> (0x00000007134d9a98) 
thrown [t:\workspace\open\src\hotspot\share\interpreter\linkResolver.cpp, line 790]
Event: 0.241 Thread 0x000001fd0a19caa0 Exception <a 'java/lang/NoSuchMethodError'{0x0000000713579a60}: 'java.lang.Object java.lang.invoke.DirectMethodHandle$Holder.invokeStaticInit(java.lang.Object)'> (0x0000000713579a60) 
thrown [t:\workspace\open\src\hotspot\share\interpreter\linkResolver.cpp, line 790]
Event: 0.373 Thread 0x000001fd0a19caa0 Exception <a 'java/lang/NoSuchMethodError'{0x000000071314b660}: 'java.lang.Object java.lang.invoke.DirectMethodHandle$Holder.invokeInterface(java.lang.Object, java.lang.Object)'> (0x000000071314b660) 
thrown [t:\workspace\open\src\hotspot\share\interpreter\linkResolver.cpp, line 790]
Event: 0.373 Thread 0x000001fd0a19caa0 Exception <a 'java/lang/IncompatibleClassChangeError'{0x000000071314f180}: Found class java.lang.Object, but interface was expected> (0x000000071314f180) 
thrown [t:\workspace\open\src\hotspot\share\interpreter\linkResolver.cpp, line 857]
Event: 0.400 Thread 0x000001fd0a19caa0 Exception <a 'java/lang/NoSuchMethodError'{0x0000000712e18d30}: 'java.lang.Object java.lang.invoke.DirectMethodHandle$Holder.invokeStaticInit(java.lang.Object, int, int, int, int)'> (0x0000000712e18d30) 
thrown [t:\workspace\open\src\hotspot\share\interpreter\linkResolver.cpp, line 790]
Event: 0.430 Thread 0x000001fd0a19caa0 Exception <a 'java/lang/NoSuchMethodError'{0x0000000712e73068}: 'java.lang.Object java.lang.invoke.DirectMethodHandle$Holder.invokeStaticInit(java.lang.Object, java.lang.Object, int, int, int, int)'> (0x0000000712e73068) 
thrown [t:\workspace\open\src\hotspot\share\interpreter\linkResolver.cpp, line 790]
Event: 0.672 Thread 0x000001fd0a19caa0 Exception <a 'java/lang/NoSuchMethodError'{0x0000000712e916c8}: 'void java.lang.invoke.DirectMethodHandle$Holder.invokeStatic(java.lang.Object, long)'> (0x0000000712e916c8) 
thrown [t:\workspace\open\src\hotspot\share\interpreter\linkResolver.cpp, line 790]
Event: 0.673 Thread 0x000001fd0a19caa0 Exception <a 'java/lang/NoSuchMethodError'{0x0000000712e96ed8}: 'java.lang.Object java.lang.invoke.DirectMethodHandle$Holder.newInvokeSpecial(java.lang.Object, long)'> (0x0000000712e96ed8) 
thrown [t:\workspace\open\src\hotspot\share\interpreter\linkResolver.cpp, line 790]
Event: 0.676 Thread 0x000001fd0a19caa0 Exception <a 'java/lang/NoSuchMethodError'{0x0000000712ea1970}: 'java.lang.Object java.lang.invoke.DirectMethodHandle$Holder.invokeStaticInit(java.lang.Object, java.lang.Object, long, java.lang.Object)'> (0x0000000712ea1970) 
thrown [t:\workspace\open\src\hotspot\share\interpreter\linkResolver.cpp, line 790]
Event: 0.677 Thread 0x000001fd0a19caa0 Exception <a 'java/lang/NoSuchMethodError'{0x0000000712ea8280}: 'java.lang.Object java.lang.invoke.DirectMethodHandle$Holder.newInvokeSpecial(java.lang.Object, java.lang.Object, long)'> (0x0000000712ea8280) 
thrown [t:\workspace\open\src\hotspot\share\interpreter\linkResolver.cpp, line 790]
Event: 0.678 Thread 0x000001fd0a19caa0 Exception <a 'java/lang/NoSuchMethodError'{0x0000000712eabff0}: 'java.lang.Object java.lang.invoke.Invokers$Holder.linkToTargetMethod(java.lang.Object, long, java.lang.Object)'> (0x0000000712eabff0) 
thrown [t:\workspace\open\src\hotspot\share\interpreter\linkResolver.cpp, line 790]
Event: 329.224 Thread 0x000001fd2d908e40 Exception <a 'java/lang/InterruptedException'{0x000000070b500800}> (0x000000070b500800) 
thrown [t:\workspace\open\src\hotspot\share\runtime\objectMonitor.cpp, line 1705]

Events (20 events):
Event: 271.254 Executing  VM operation: G1CollectForAllocation
Event: 271.256 Executing  VM operation: G1CollectForAllocation done
Event: 291.711 Executing  VM operation: G1CollectForAllocation
Event: 291.712 Executing  VM operation: G1CollectForAllocation done
Event: 312.146 Executing  VM operation: G1CollectForAllocation
Event: 312.147 Executing  VM operation: G1CollectForAllocation done
Event: 329.225 Thread 0x000001fd2fd240c0 Thread added: 0x000001fd2fd240c0
Event: 329.225 Thread 0x000001fd2d908e40 Thread exited: 0x000001fd2d908e40
Event: 329.225 Thread 0x000001fd2fd24b60 Thread added: 0x000001fd2fd24b60
Event: 329.225 Thread 0x000001fd2fd265f0 Thread added: 0x000001fd2fd265f0
Event: 329.225 loading class java/nio/channels/ClosedChannelException
Event: 329.226 loading class java/nio/channels/ClosedChannelException done
Event: 329.226 Thread 0x000001fd2fd27090 Thread added: 0x000001fd2fd27090
Event: 329.226 Thread 0x000001fd2fd240c0 Thread exited: 0x000001fd2fd240c0
Event: 329.227 Thread 0x000001fd2d909390 Thread exited: 0x000001fd2d909390
Event: 329.229 Thread 0x000001fd2d9083a0 Thread exited: 0x000001fd2d9083a0
Event: 329.264 Thread 0x000001fd2d9098e0 Thread exited: 0x000001fd2d9098e0
Event: 329.271 Thread 0x000001fd2fd265f0 Thread exited: 0x000001fd2fd265f0
Event: 329.327 Thread 0x000001fd2fd24b60 Thread exited: 0x000001fd2fd24b60
Event: 329.327 Executing  VM operation: Exit


Dynamic libraries:
0x00007ff649b00000 - 0x00007ff649b10000 	C:\Program Files\Java\jdk-16.0.2\bin\javaw.exe
0x00007ff99d710000 - 0x00007ff99d905000 	C:\windows\SYSTEM32\ntdll.dll
0x00007ff99caa0000 - 0x00007ff99cb5e000 	C:\windows\System32\KERNEL32.DLL
0x00007ff99b0e0000 - 0x00007ff99b3a8000 	C:\windows\System32\KERNELBASE.dll
0x00007ff99b4c0000 - 0x00007ff99b5c0000 	C:\windows\System32\ucrtbase.dll
0x00007ff980ea0000 - 0x00007ff980eb9000 	C:\Program Files\Java\jdk-16.0.2\bin\VCRUNTIME140.dll
0x00007ff980f90000 - 0x00007ff980fa8000 	C:\Program Files\Java\jdk-16.0.2\bin\jli.dll
0x00007ff99cde0000 - 0x00007ff99ce8e000 	C:\windows\System32\ADVAPI32.dll
0x00007ff99cb60000 - 0x00007ff99cbfe000 	C:\windows\System32\msvcrt.dll
0x00007ff99b900000 - 0x00007ff99b99c000 	C:\windows\System32\sechost.dll
0x00007ff99cc00000 - 0x00007ff99cd25000 	C:\windows\System32\RPCRT4.dll
0x00007ff99c8e0000 - 0x00007ff99ca81000 	C:\windows\System32\USER32.dll
0x00007ff99b5c0000 - 0x00007ff99b5e2000 	C:\windows\System32\win32u.dll
0x00007ff99b9b0000 - 0x00007ff99b9db000 	C:\windows\System32\GDI32.dll
0x00007ff979310000 - 0x00007ff9795aa000 	C:\windows\WinSxS\amd64_microsoft.windows.common-controls_6595b64144ccf1df_6.0.19041.1110_none_60b5254171f9507e\COMCTL32.dll
0x00007ff99afa0000 - 0x00007ff99b0ad000 	C:\windows\System32\gdi32full.dll
0x00007ff99aeb0000 - 0x00007ff99af4d000 	C:\windows\System32\msvcp_win.dll
0x00007ff992520000 - 0x00007ff99252a000 	C:\windows\SYSTEM32\VERSION.dll
0x00007ff99cf60000 - 0x00007ff99cf90000 	C:\windows\System32\IMM32.DLL
0x00007ff981ec0000 - 0x00007ff981ecc000 	C:\Program Files\Java\jdk-16.0.2\bin\vcruntime140_1.dll
0x00007ff967540000 - 0x00007ff9675d1000 	C:\Program Files\Java\jdk-16.0.2\bin\msvcp140.dll
0x00007ff909780000 - 0x00007ff90a32b000 	C:\Program Files\Java\jdk-16.0.2\bin\server\jvm.dll
0x00007ff99ca90000 - 0x00007ff99ca98000 	C:\windows\System32\PSAPI.DLL
0x00007ff980e90000 - 0x00007ff980e99000 	C:\windows\SYSTEM32\WSOCK32.dll
0x00007ff99d110000 - 0x00007ff99d17b000 	C:\windows\System32\WS2_32.dll
0x00007ff976510000 - 0x00007ff976537000 	C:\windows\SYSTEM32\WINMM.dll
0x00007ff9996a0000 - 0x00007ff9996b2000 	C:\windows\SYSTEM32\kernel.appcore.dll
0x00007ff97d6f0000 - 0x00007ff97d6fa000 	C:\Program Files\Java\jdk-16.0.2\bin\jimage.dll
0x00007ff9993a0000 - 0x00007ff999584000 	C:\windows\SYSTEM32\DBGHELP.DLL
0x00007ff981ee0000 - 0x00007ff981f0c000 	C:\windows\SYSTEM32\dbgcore.DLL
0x00007ff99ae20000 - 0x00007ff99aea2000 	C:\windows\System32\bcryptPrimitives.dll
0x00007ff974ed0000 - 0x00007ff974ef5000 	C:\Program Files\Java\jdk-16.0.2\bin\java.dll
0x00007ff99bb60000 - 0x00007ff99c2a4000 	C:\windows\System32\SHELL32.dll
0x00007ff998b30000 - 0x00007ff9992c5000 	C:\windows\SYSTEM32\windows.storage.dll
0x00007ff99c2b0000 - 0x00007ff99c605000 	C:\windows\System32\combase.dll
0x00007ff99a800000 - 0x00007ff99a82e000 	C:\windows\SYSTEM32\Wldp.dll
0x00007ff99ceb0000 - 0x00007ff99cf5d000 	C:\windows\System32\SHCORE.dll
0x00007ff99c740000 - 0x00007ff99c795000 	C:\windows\System32\shlwapi.dll
0x00007ff99ad60000 - 0x00007ff99ad7f000 	C:\windows\SYSTEM32\profapi.dll
0x00007ff976df0000 - 0x00007ff976e09000 	C:\Program Files\Java\jdk-16.0.2\bin\net.dll
0x00007ff995870000 - 0x00007ff99597c000 	C:\windows\SYSTEM32\WINHTTP.dll
0x00007ff99a560000 - 0x00007ff99a5ca000 	C:\windows\system32\mswsock.dll
0x00007ff974f10000 - 0x00007ff974f23000 	C:\Program Files\Java\jdk-16.0.2\bin\nio.dll
0x00007ff974360000 - 0x00007ff974378000 	C:\Program Files\Java\jdk-16.0.2\bin\zip.dll
0x00007ff97a2f0000 - 0x00007ff97a300000 	C:\Program Files\Java\jdk-16.0.2\bin\verify.dll
0x00007ff915000000 - 0x00007ff915180000 	C:\Program Files\Java\jdk-16.0.2\bin\awt.dll
0x00007ff99d600000 - 0x00007ff99d6cd000 	C:\windows\System32\OLEAUT32.dll
0x00007ff998270000 - 0x00007ff998300000 	C:\windows\SYSTEM32\apphelp.dll
0x00007ff9983d0000 - 0x00007ff99846e000 	C:\windows\system32\uxtheme.dll
0x00007ff99cf90000 - 0x00007ff99d0a5000 	C:\windows\System32\MSCTF.dll
0x00007ff99c610000 - 0x00007ff99c73a000 	C:\windows\System32\ole32.dll
0x00007ff998560000 - 0x00007ff99858f000 	C:\windows\system32\DWMAPI.DLL
0x00007ff95ea10000 - 0x00007ff95eb35000 	C:\windows\system32\opengl32.dll
0x00007ff9615f0000 - 0x00007ff96161c000 	C:\windows\SYSTEM32\GLU32.dll
0x00007ff99a750000 - 0x00007ff99a768000 	C:\windows\SYSTEM32\CRYPTSP.dll
0x00007ff999ee0000 - 0x00007ff999f14000 	C:\windows\system32\rsaenh.dll
0x00007ff99b0b0000 - 0x00007ff99b0d7000 	C:\windows\System32\bcrypt.dll
0x00007ff99ace0000 - 0x00007ff99ad0e000 	C:\windows\SYSTEM32\USERENV.dll
0x00007ff99a770000 - 0x00007ff99a77c000 	C:\windows\SYSTEM32\CRYPTBASE.dll
0x00007ff99a250000 - 0x00007ff99a28b000 	C:\windows\SYSTEM32\IPHLPAPI.DLL
0x00007ff99b9a0000 - 0x00007ff99b9a8000 	C:\windows\System32\NSI.dll
0x00007ff992f50000 - 0x00007ff992f67000 	C:\windows\SYSTEM32\dhcpcsvc6.DLL
0x00007ff993190000 - 0x00007ff9931ad000 	C:\windows\SYSTEM32\dhcpcsvc.DLL
0x00007ff99a2e0000 - 0x00007ff99a3ab000 	C:\windows\SYSTEM32\DNSAPI.dll
0x00000000637c0000 - 0x00000000637cd000 	C:\Users\sethr\AppData\Local\Temp\jogamp_0000\file_cache\jln15630379544467953772\jln14099409335902089101\natives\windows-amd64\gluegen-rt.dll
0x00007ff9976e0000 - 0x00007ff9976e7000 	C:\Program Files\Java\jdk-16.0.2\bin\jawt.dll
0x000000006a440000 - 0x000000006a44d000 	C:\Users\sethr\AppData\Local\Temp\jogamp_0000\file_cache\jln15630379544467953772\jln14099409335902089101\natives\windows-amd64\nativewindow_awt.dll
0x000000006c100000 - 0x000000006c10f000 	C:\Users\sethr\AppData\Local\Temp\jogamp_0000\file_cache\jln15630379544467953772\jln14099409335902089101\natives\windows-amd64\nativewindow_win32.dll
0x000000006cbc0000 - 0x000000006cbd3000 	C:\Users\sethr\AppData\Local\Temp\jogamp_0000\file_cache\jln15630379544467953772\jln14099409335902089101\natives\windows-amd64\newt.dll
0x00007ff994e80000 - 0x00007ff994f2e000 	C:\windows\SYSTEM32\mscms.dll
0x00007ff994e60000 - 0x00007ff994e71000 	C:\windows\SYSTEM32\ColorAdapterClient.dll
0x00007ff9932f0000 - 0x00007ff993333000 	C:\windows\SYSTEM32\icm32.dll
0x00007ff99d180000 - 0x00007ff99d5f2000 	C:\windows\System32\setupapi.dll
0x00007ff99af50000 - 0x00007ff99af9e000 	C:\windows\System32\cfgmgr32.dll
0x00007ff99ab50000 - 0x00007ff99ab84000 	C:\windows\SYSTEM32\DEVOBJ.dll
0x00007ff99b460000 - 0x00007ff99b4c0000 	C:\windows\System32\WINTRUST.dll
0x00007ff99b5f0000 - 0x00007ff99b746000 	C:\windows\System32\CRYPT32.dll
0x00007ff99a990000 - 0x00007ff99a9a2000 	C:\windows\SYSTEM32\MSASN1.dll
0x0000000064500000 - 0x00000000645b1000 	C:\Users\sethr\AppData\Local\Temp\jogamp_0000\file_cache\jln15630379544467953772\jln14099409335902089101\natives\windows-amd64\jogl_desktop.dll
0x0000000064340000 - 0x00000000643a2000 	C:\Users\sethr\AppData\Local\Temp\jogamp_0000\file_cache\jln15630379544467953772\jln14099409335902089101\natives\windows-amd64\jogl_mobile.dll
0x00007ff99cd30000 - 0x00007ff99cdd9000 	C:\windows\System32\clbcatq.dll
0x00007ff9050e0000 - 0x00007ff9060e0000 	C:\windows\System32\DriverStore\FileRepository\iigd_dch.inf_amd64_14d6d9e2312c79ae\igxelpicd64.dll
0x00007ff999710000 - 0x00007ff999804000 	C:\windows\system32\dxgi.dll
0x00007ff908f40000 - 0x00007ff9093a4000 	C:\windows\System32\DriverStore\FileRepository\iigd_dch.inf_amd64_14d6d9e2312c79ae\igdml64.dll
0x00007ff98f480000 - 0x00007ff98f83d000 	C:\windows\System32\DriverStore\FileRepository\iigd_dch.inf_amd64_14d6d9e2312c79ae\igdgmm64.dll
0x00007ff982590000 - 0x00007ff9857c8000 	C:\windows\System32\DriverStore\FileRepository\iigd_dch.inf_amd64_14d6d9e2312c79ae\igc64.dll
0x00007ff99abe0000 - 0x00007ff99ac2b000 	C:\windows\SYSTEM32\powrprof.dll
0x00007ff99abc0000 - 0x00007ff99abd2000 	C:\windows\SYSTEM32\UMPDC.dll
0x00007ff979210000 - 0x00007ff979309000 	C:\windows\SYSTEM32\textinputframework.dll
0x00007ff997cd0000 - 0x00007ff99802e000 	C:\windows\System32\CoreUIComponents.dll
0x00007ff998030000 - 0x00007ff998122000 	C:\windows\System32\CoreMessaging.dll
0x00007ff999b10000 - 0x00007ff999b43000 	C:\windows\SYSTEM32\ntmarta.dll
0x00007ff997520000 - 0x00007ff997674000 	C:\windows\SYSTEM32\wintypes.dll
0x00007ff962050000 - 0x00007ff9620b6000 	C:\windows\system32\Oleacc.dll

dbghelp: loaded successfully - version: 4.0.5 - missing functions: none
symbol engine: initialized successfully - sym options: 0x614 - pdb path: .;C:\Program Files\Java\jdk-16.0.2\bin;C:\windows\SYSTEM32;C:\windows\WinSxS\amd64_microsoft.windows.common-controls_6595b64144ccf1df_6.0.19041.1110_none_60b5254171f9507e;C:\Program Files\Java\jdk-16.0.2\bin\server;C:\Users\sethr\AppData\Local\Temp\jogamp_0000\file_cache\jln15630379544467953772\jln14099409335902089101\natives\windows-amd64;C:\windows\System32\DriverStore\FileRepository\iigd_dch.inf_amd64_14d6d9e2312c79ae

VM Arguments:
jvm_args: -Dfile.encoding=Cp1252 -XX:+ShowCodeDetailsInExceptionMessages 
java_command: crystalsimulation.Main
java_class_path (initial): C:\Users\sethr\eclipse-workspace\crystalsimulation\target\classes;C:\Users\sethr\.m2\repository\org\processing\core\3.3.6\core-3.3.6.jar;C:\Users\sethr\.m2\repository\org\jogamp\gluegen\gluegen-rt-main\2.3.2\gluegen-rt-main-2.3.2.jar;C:\Users\sethr\.m2\repository\org\jogamp\gluegen\gluegen-rt\2.3.2\gluegen-rt-2.3.2.jar;C:\Users\sethr\.m2\repository\org\jogamp\gluegen\gluegen-rt\2.3.2\gluegen-rt-2.3.2-natives-android-aarch64.jar;C:\Users\sethr\.m2\repository\org\jogamp\gluegen\gluegen-rt\2.3.2\gluegen-rt-2.3.2-natives-android-armv6.jar;C:\Users\sethr\.m2\repository\org\jogamp\gluegen\gluegen-rt\2.3.2\gluegen-rt-2.3.2-natives-linux-amd64.jar;C:\Users\sethr\.m2\repository\org\jogamp\gluegen\gluegen-rt\2.3.2\gluegen-rt-2.3.2-natives-linux-armv6.jar;C:\Users\sethr\.m2\repository\org\jogamp\gluegen\gluegen-rt\2.3.2\gluegen-rt-2.3.2-natives-linux-armv6hf.jar;C:\Users\sethr\.m2\repository\org\jogamp\gluegen\gluegen-rt\2.3.2\gluegen-rt-2.3.2-natives-linux-i586.jar;C:\Users\sethr\.m2\repository\org\jogamp\gluegen\gluegen-rt\2.3.2\gluegen-rt-2.3.2-natives-macosx-universal.jar;C:\Users\sethr\.m2\repository\org\jogamp\gluegen\gluegen-rt\2.3.2\gluegen-rt-2.3.2-natives-solaris-amd64.jar;C:\Users\sethr\.m2\repository\org\jogamp\gluegen\gluegen-rt\2.3.2\gluegen-rt-2.3.2-natives-solaris-i586.jar;C:\Users\sethr\.m2\repository\org\jogamp\gluegen\gluegen-rt\2.3.2\gluegen-rt-2.3.2-natives-windows-amd64.jar;C:\Users\sethr\.m2\repository\org\jogamp\gluegen\gluegen-rt\2.3.2\gluegen-rt-2.3.2-natives-windows-i586.jar;C:\Users\sethr\.m2\repository\org\jogamp\jogl\jogl-all-main\2.3.2\jogl-all-main-2.3.2.jar;C:\Users\sethr\.m2\repository\org\jogamp\jogl\jogl-all\2.3.2\jogl-all-2.3.2.jar;C:\Users\sethr\.m2\repository\org\jogamp\jogl\jogl-all\2.3.2\jogl-all-2.3.2-natives-android-aarch64.jar;C:\Users\sethr\.m2\repository\org\jogamp\jogl\jogl-all\2.3.2\jogl-all-2.3.2-natives-android-armv6.jar;C:\Users\sethr\.m2\repository\org\jogamp\jogl\jogl-all\2.3.2\jogl-all-2.3.2-nat
Launcher Type: SUN_STANDARD

[Global flags]
     intx CICompilerCount                          = 4                                         {product} {ergonomic}
     uint ConcGCThreads                            = 2                                         {product} {ergonomic}
     uint G1ConcRefinementThreads                  = 8                                         {product} {ergonomic}
   size_t G1HeapRegionSize                         = 2097152                                   {product} {ergonomic}
    uintx GCDrainStackTargetSize                   = 64                                        {product} {ergonomic}
   size_t InitialHeapSize                          = 266338304                                 {product} {ergonomic}
   size_t MarkStackSize                            = 4194304                                   {product} {ergonomic}
   size_t MaxHeapSize                              = 4234149888                                {product} {ergonomic}
   size_t MaxNewSize                               = 2539651072                                {product} {ergonomic}
   size_t MinHeapDeltaBytes                        = 2097152                                   {product} {ergonomic}
   size_t MinHeapSize                              = 8388608                                   {product} {ergonomic}
    uintx NonNMethodCodeHeapSize                   = 5839372                                {pd product} {ergonomic}
    uintx NonProfiledCodeHeapSize                  = 122909434                              {pd product} {ergonomic}
    uintx ProfiledCodeHeapSize                     = 122909434                              {pd product} {ergonomic}
    uintx ReservedCodeCacheSize                    = 251658240                              {pd product} {ergonomic}
     bool SegmentedCodeCache                       = true                                      {product} {ergonomic}
     bool ShowCodeDetailsInExceptionMessages       = true                                   {manageable} {command line}
   size_t SoftMaxHeapSize                          = 4234149888                             {manageable} {ergonomic}
     bool UseCompressedClassPointers               = true                           {product lp64_product} {ergonomic}
     bool UseCompressedOops                        = true                           {product lp64_product} {ergonomic}
     bool UseG1GC                                  = true                                      {product} {ergonomic}
     bool UseLargePagesIndividualAllocation        = false                                  {pd product} {ergonomic}

Logging:
Log output configuration:
 #0: stdout all=off uptime,level,tags
 #1: stderr all=off uptime,level,tags

Environment Variables:
PATH=C:\Program Files\Oculus\Support\oculus-runtime;C:\Program Files\Common Files\Oracle\Java\javapath;C:\windows\system32;C:\windows;C:\windows\System32\Wbem;C:\windows\System32\WindowsPowerShell\v1.0\;C:\windows\System32\OpenSSH\;C:\MinGW\mingw32\bin;C:\ProgramData\chocolatey\bin;C:\ProgramData\chocolatey\bin\make.exe;C:\Program Files\Git\cmd;C:\Program Files\nodejs\;C:\Users\sethr\AppData\Local\Programs\Python\Python39\Scripts\;C:\Users\sethr\AppData\Local\Programs\Python\Python39\;C:\Users\sethr\AppData\Local\Microsoft\WindowsApps;C:\Users\sethr\AppData\Local\Programs\Microsoft VS Code\bin;C:\Users\sethr\AppData\Local\GitHubDesktop\bin;C:\Users\sethr\AppData\Roaming\npm
USERNAME=sethr
OS=Windows_NT
PROCESSOR_IDENTIFIER=Intel64 Family 6 Model 140 Stepping 1, GenuineIntel



---------------  S Y S T E M  ---------------

OS:
 Windows 10 , 64 bit Build 19041 (10.0.19041.1466)
OS uptime: 2 days 4:05 hours

CPU: total 8 (initial active 8) (4 cores per cpu, 2 threads per core) family 6 model 140 stepping 1 microcode 0x86, cx8, cmov, fxsr, ht, mmx, 3dnowpref, sse, sse2, sse3, ssse3, sse4.1, sse4.2, popcnt, lzcnt, tsc, tscinvbit, avx, avx2, aes, erms, clmul, bmi1, bmi2, adx, avx512f, avx512dq, avx512cd, avx512bw, avx512vl, sha, fma, vzeroupper, avx512_vpopcntdq, avx512_vpclmulqdq, avx512_vaes, avx512_vnni, clflush, clflushopt, clwb, avx512_vmbi2, avx512_vmbi

Memory: 4k page, system-wide physical 16149M (7625M free)
TotalPageFile size 30485M (AvailPageFile size 16703M)
current process WorkingSet (physical memory assigned to process): 399M, peak: 423M
current process commit charge ("private bytes"): 472M, peak: 502M

vm_info: Java HotSpot(TM) 64-Bit Server VM (16.0.2+7-67) for windows-amd64 JRE (16.0.2+7-67), built on Jun  8 2021 23:24:19 by "mach5one" with MS VC++ 16.7 (VS2019)

END.
