#
# A fatal error has been detected by the Java Runtime Environment:
#
#  EXCEPTION_ACCESS_VIOLATION (0xc0000005) at pc=0x00007ff908a02c4c, pid=22884, tid=13612
#
# JRE version: Java(TM) SE Runtime Environment (16.0.2+7) (build 16.0.2+7-67)
# Java VM: Java HotSpot(TM) 64-Bit Server VM (16.0.2+7-67, mixed mode, sharing, tiered, compressed oops, compressed class ptrs, g1 gc, windows-amd64)
# Problematic frame:
# C  [igxelpicd64.dll+0x282c4c]
#
# No core dump will be written. Minidumps are not enabled by default on client versions of Windows
#
# If you would like to submit a bug report, please visit:
#   https://bugreport.java.com/bugreport/crash.jsp
#

---------------  S U M M A R Y ------------

Command Line: -Dfile.encoding=Cp1252 -XX:+ShowCodeDetailsInExceptionMessages crystalsimulation.Main

Host: 11th Gen Intel(R) Core(TM) i7-1165G7 @ 2.80GHz, 8 cores, 15G,  Windows 10 , 64 bit Build 19041 (10.0.19041.1466)
Time: Tue Jan 25 23:11:51 2022 Eastern Standard Time elapsed time: 38.392400 seconds (0d 0h 0m 38s)

---------------  T H R E A D  ---------------

Current thread (0x000001d40b40ac90):  VMThread "VM Thread" [stack: 0x0000004e77900000,0x0000004e77a00000] [id=13612]

Stack: [0x0000004e77900000,0x0000004e77a00000],  sp=0x0000004e779fe720,  free space=1017k
Native frames: (J=compiled Java code, j=interpreted, Vv=VM code, C=native code)
C  [igxelpicd64.dll+0x282c4c]


siginfo: EXCEPTION_ACCESS_VIOLATION (0xc0000005), reading address 0x00000000000356f8


Register to memory mapping:

RIP=0x00007ff908a02c4c igxelpicd64.dll
RAX=0x000001d40e50b690 points into unknown readable memory: 0x0000000000086e8d | 8d 6e 08 00 00 00 00 00
RBX=0x000001d40ca7d3b0 points into unknown readable memory: 0xffffffffffffffff | ff ff ff ff ff ff ff ff
RCX=0x0 is NULL
RDX=0x0000000000000002 is an unknown value
RSP=0x0000004e779fe720 points into unknown readable memory: 0x000001d40ca7d3b0 | b0 d3 a7 0c d4 01 00 00
RBP=0x0000000000000016 is an unknown value
RSI=0x000001d40dad0d30 points into unknown readable memory: 0x000401014b1f0700 | 00 07 1f 4b 01 01 04 00
RDI=0x0 is NULL
R8 =0x0000000000000014 is an unknown value
R9 =0x0 is NULL
R10=0x0 is NULL
R11=0x0000000000000246 is an unknown value
R12=0x000001d40e50bac8 points into unknown readable memory: 0x000001d40e50d490 | 90 d4 50 0e d4 01 00 00
R13=0x0 is NULL
R14=0x000001d40e50b500 points into unknown readable memory: 0x000001d40c636370 | 70 63 63 0c d4 01 00 00
R15=0x0 is NULL


Registers:
RAX=0x000001d40e50b690, RBX=0x000001d40ca7d3b0, RCX=0x0000000000000000, RDX=0x0000000000000002
RSP=0x0000004e779fe720, RBP=0x0000000000000016, RSI=0x000001d40dad0d30, RDI=0x0000000000000000
R8 =0x0000000000000014, R9 =0x0000000000000000, R10=0x0000000000000000, R11=0x0000000000000246
R12=0x000001d40e50bac8, R13=0x0000000000000000, R14=0x000001d40e50b500, R15=0x0000000000000000
RIP=0x00007ff908a02c4c, EFLAGS=0x0000000000010206

Top of Stack: (sp=0x0000004e779fe720)
0x0000004e779fe720:   000001d40ca7d3b0 00007ff99c8fd859
0x0000004e779fe730:   0000004e779fe7b8 0000000000000000
0x0000004e779fe740:   0000000000000054 000001d40ca7d3b0
0x0000004e779fe750:   0000000000000000 00007ff99d7b0ba4
0x0000004e779fe760:   000000007a000004 0000000000000000
0x0000004e779fe770:   0000000000000000 000001d40def9eb8
0x0000004e779fe780:   000000000008728e 0000000000000000
0x0000004e779fe790:   0000000000000014 0000000000000000
0x0000004e779fe7a0:   0000000000000000 0000004e779fe8c0
0x0000004e779fe7b0:   000001d40dad0d30 00007ff90883769c
0x0000004e779fe7c0:   000001d400000016 000001d40e50d490
0x0000004e779fe7d0:   0000000000000000 000000007a000000
0x0000004e779fe7e0:   0000004e00000958 0000b80219820000
0x0000004e779fe7f0:   0000000000000000 000001d466670000
0x0000004e779fe800:   0000000000000000 000000007a000004
0x0000004e779fe810:   00000000000004b4 0000000000000000 

Instructions: (pc=0x00007ff908a02c4c)
0x00007ff908a02b4c:   41 bf 20 00 00 00 48 8b 04 38 4d 8b 3c 07 0f b6
0x00007ff908a02b5c:   bc 24 b0 00 00 00 4c 3b 3d d7 f8 cb 00 41 0f 44
0x00007ff908a02b6c:   e9 89 ac 24 a0 00 00 00 48 85 c9 0f 84 d4 07 00
0x00007ff908a02b7c:   00 0f 1f 00 4c 8b f1 4c 8d a1 c8 05 00 00 49 8b
0x00007ff908a02b8c:   04 24 48 89 84 24 a8 00 00 00 40 84 ff 74 10 48
0x00007ff908a02b9c:   8b d1 48 8b 09 e8 ea 8d e3 ff e9 4f 07 00 00 8b
0x00007ff908a02bac:   96 d0 01 00 00 48 8b 05 58 dd bb 00 83 b8 64 03
0x00007ff908a02bbc:   00 00 02 0f 85 19 02 00 00 83 fa 10 73 0e 48 8d
0x00007ff908a02bcc:   42 04 48 8d 04 c2 48 8d 04 c1 eb 60 8d 4a f0 8b
0x00007ff908a02bdc:   c1 c1 e8 04 83 f8 03 73 1d 0f ae e8 83 e1 0f 4d
0x00007ff908a02bec:   8b 84 c6 80 05 00 00 4d 85 c0 74 25 48 8d 0c c9
0x00007ff908a02bfc:   49 8d 04 c8 eb 36 49 8b 86 98 05 00 00 48 85 c0
0x00007ff908a02c0c:   74 0f 66 90 39 10 74 2f 48 8b 40 50 48 85 c0 75
0x00007ff908a02c1c:   f3 41 80 be a0 05 00 00 00 74 22 8b c2 83 e0 0f
0x00007ff908a02c2c:   48 8d 04 c0 48 8d 40 20 49 8d 04 c6 48 85 c0 74
0x00007ff908a02c3c:   0c 48 8b 48 08 eb 09 48 83 c0 08 eb ef 49 8b c9
0x00007ff908a02c4c:   49 3b 8f f8 56 03 00 0f 86 85 01 00 00 83 fa 10
0x00007ff908a02c5c:   73 0a 48 8d 42 04 48 8d 04 c2 eb 5c 8d 4a f0 8b
0x00007ff908a02c6c:   c1 c1 e8 04 83 f8 03 73 1d 0f ae e8 83 e1 0f 4d
0x00007ff908a02c7c:   8b 84 c6 80 05 00 00 4d 85 c0 74 25 48 8d 0c c9
0x00007ff908a02c8c:   49 8d 04 c8 eb 36 49 8b 86 98 05 00 00 48 85 c0
0x00007ff908a02c9c:   74 0f 66 90 39 10 74 2f 48 8b 40 50 48 85 c0 75
0x00007ff908a02cac:   f3 41 80 be a0 05 00 00 00 74 22 8b c2 83 e0 0f
0x00007ff908a02cbc:   48 8d 04 c0 48 8d 40 20 49 8d 04 c6 48 85 c0 74
0x00007ff908a02ccc:   0c 48 8b 48 08 eb 09 48 83 c0 08 eb ef 49 8b c9
0x00007ff908a02cdc:   49 3b 8e 40 06 00 00 0f 86 f5 00 00 00 48 8b 86
0x00007ff908a02cec:   80 02 00 00 49 89 04 24 4c 89 b6 80 02 00 00 ff
0x00007ff908a02cfc:   86 88 02 00 00 ba 01 00 00 00 49 8b 4e 08 e8 41
0x00007ff908a02d0c:   28 59 00 0f b7 c8 48 2b c1 48 05 00 00 01 00 48
0x00007ff908a02d1c:   01 86 90 02 00 00 ba 01 00 00 00 49 8b 4e 08 e8
0x00007ff908a02d2c:   20 28 59 00 48 01 86 a0 02 00 00 85 ed 74 75 49
0x00007ff908a02d3c:   8b 9f 58 4f 03 00 0f 57 c0 f3 0f 7f 44 24 30 c7 


Stack slot to memory mapping:
stack at sp + 0 slots: 0x000001d40ca7d3b0 points into unknown readable memory: 0xffffffffffffffff | ff ff ff ff ff ff ff ff
stack at sp + 1 slots: 0x00007ff99c8fd859 USER32.dll
stack at sp + 2 slots: 0x0000004e779fe7b8 points into unknown readable memory: 0x00007ff90883769c | 9c 76 83 08 f9 7f 00 00
stack at sp + 3 slots: 0x0 is NULL
stack at sp + 4 slots: 0x0000000000000054 is an unknown value
stack at sp + 5 slots: 0x000001d40ca7d3b0 points into unknown readable memory: 0xffffffffffffffff | ff ff ff ff ff ff ff ff
stack at sp + 6 slots: 0x0 is NULL
stack at sp + 7 slots: 0x00007ff99d7b0ba4 ntdll.dll

VM_Operation (0x0000004e796fe700): Exit, mode: safepoint, requested by thread 0x000001d40c132850


---------------  P R O C E S S  ---------------

Threads class SMR info:
_java_thread_list=0x000001d40e4a9720, length=16, elements={
0x000001d40b40d680, 0x000001d40b40e190, 0x000001d40b41fd10, 0x000001d40b424740,
0x000001d40b427060, 0x000001d40b44b6e0, 0x000001d40b455520, 0x000001d40c0090a0,
0x000001d40c0115f0, 0x000001d40c133840, 0x000001d40c1332f0, 0x000001d40c131860,
0x000001d40c133d90, 0x000001d40c132850, 0x000001d40c130dc0, 0x000001d40e53a690
}

Java Threads: ( => current thread )
  0x000001d40b40d680 JavaThread "Reference Handler" daemon [_thread_blocked, id=25436, stack(0x0000004e77a00000,0x0000004e77b00000)]
  0x000001d40b40e190 JavaThread "Finalizer" daemon [_thread_blocked, id=22880, stack(0x0000004e77b00000,0x0000004e77c00000)]
  0x000001d40b41fd10 JavaThread "Signal Dispatcher" daemon [_thread_blocked, id=24804, stack(0x0000004e77c00000,0x0000004e77d00000)]
  0x000001d40b424740 JavaThread "Attach Listener" daemon [_thread_blocked, id=11396, stack(0x0000004e77d00000,0x0000004e77e00000)]
  0x000001d40b427060 JavaThread "Service Thread" daemon [_thread_blocked, id=25540, stack(0x0000004e77e00000,0x0000004e77f00000)]
  0x000001d40b44b6e0 JavaThread "Monitor Deflation Thread" daemon [_thread_blocked, id=23492, stack(0x0000004e77f00000,0x0000004e78000000)]
  0x000001d40b455520 JavaThread "C2 CompilerThread0" daemon [_thread_blocked, id=24944, stack(0x0000004e78000000,0x0000004e78100000)]
  0x000001d40c0090a0 JavaThread "C1 CompilerThread0" daemon [_thread_blocked, id=23024, stack(0x0000004e78100000,0x0000004e78200000)]
  0x000001d40c0115f0 JavaThread "Sweeper thread" daemon [_thread_blocked, id=22900, stack(0x0000004e78200000,0x0000004e78300000)]
  0x000001d40c133840 JavaThread "Notification Thread" daemon [_thread_blocked, id=19476, stack(0x0000004e78300000,0x0000004e78400000)]
  0x000001d40c1332f0 JavaThread "Common-Cleaner" daemon [_thread_blocked, id=1968, stack(0x0000004e78500000,0x0000004e78600000)]
  0x000001d40c131860 JavaThread "Java2D Disposer" daemon [_thread_blocked, id=19740, stack(0x0000004e78600000,0x0000004e78700000)]
  0x000001d40c133d90 JavaThread "HighResTimerThread" daemon [_thread_blocked, id=18832, stack(0x0000004e78700000,0x0000004e78800000)]
  0x000001d40c132850 JavaThread "main-FPSAWTAnimator#00-Timer0" [_thread_blocked, id=20656, stack(0x0000004e79600000,0x0000004e79700000)]
  0x000001d40c130dc0 JavaThread "DestroyJavaVM" [_thread_blocked, id=18892, stack(0x0000004e77300000,0x0000004e77400000)]
  0x000001d40e53a690 JavaThread "AWT-Shutdown" [_thread_blocked, id=5924, stack(0x0000004e78900000,0x0000004e78a00000)]

Other Threads:
=>0x000001d40b40ac90 VMThread "VM Thread" [stack: 0x0000004e77900000,0x0000004e77a00000] [id=13612]
  0x000001d4669ae400 GCTaskThread "GC Thread#0" [stack: 0x0000004e77400000,0x0000004e77500000] [id=22948]
  0x000001d40dc5c6a0 GCTaskThread "GC Thread#1" [stack: 0x0000004e78f00000,0x0000004e79000000] [id=11900]
  0x000001d40dc5df70 GCTaskThread "GC Thread#2" [stack: 0x0000004e79000000,0x0000004e79100000] [id=19932]
  0x000001d40dc5e590 GCTaskThread "GC Thread#3" [stack: 0x0000004e79100000,0x0000004e79200000] [id=24092]
  0x000001d40dc5d020 GCTaskThread "GC Thread#4" [stack: 0x0000004e79200000,0x0000004e79300000] [id=14264]
  0x000001d40dc5d330 GCTaskThread "GC Thread#5" [stack: 0x0000004e79300000,0x0000004e79400000] [id=19232]
  0x000001d40dc5cd10 GCTaskThread "GC Thread#6" [stack: 0x0000004e79400000,0x0000004e79500000] [id=7440]
  0x000001d40dc5d640 GCTaskThread "GC Thread#7" [stack: 0x0000004e79500000,0x0000004e79600000] [id=4888]
  0x000001d4669c03b0 ConcurrentGCThread "G1 Main Marker" terminated
  0x000001d4669c14d0 ConcurrentGCThread "G1 Conc#0" [stack: 0x0000004e77600000,0x0000004e77700000] [id=17000]
  0x000001d466a39ac0 ConcurrentGCThread "G1 Refine#0" terminated
  0x000001d40b2c2610 ConcurrentGCThread "G1 Service" terminated

Threads with active compile tasks:

VM state: at safepoint (shutting down)

VM Mutex/Monitor currently owned by a thread:  ([mutex/lock_event])
[0x000001d46695b7c0] Threads_lock - owner thread: 0x000001d40b40ac90
[0x000001d46695a9b0] Heap_lock - owner thread: 0x000001d40c132850

Heap address: 0x0000000703a00000, size: 4038 MB, Compressed Oops mode: Zero based, Oop shift amount: 3

CDS archive(s) mapped at: [0x0000000800000000-0x0000000800bb0000-0x0000000800bb0000), size 12255232, SharedBaseAddress: 0x0000000800000000, ArchiveRelocationMode: 0.
Compressed class space mapped at: 0x0000000800c00000-0x0000000840c00000, reserved size: 1073741824
Narrow klass base: 0x0000000800000000, Narrow klass shift: 3, Narrow klass range: 0x100000000

GC Precious Log:
 CPUs: 8 total, 8 available
 Memory: 16149M
 Large Page Support: Disabled
 NUMA Support: Disabled
 Compressed Oops: Enabled (Zero based)
 Heap Region Size: 2M
 Heap Min Capacity: 8M
 Heap Initial Capacity: 254M
 Heap Max Capacity: 4038M
 Pre-touch: Disabled
 Parallel Workers: 8
 Concurrent Workers: 2
 Concurrent Refinement Workers: 8
 Periodic GC: Disabled

Heap:
 garbage-first heap   total 260096K, used 52506K [0x0000000703a00000, 0x0000000800000000)
  region size 2048K, 27 young (55296K), 3 survivors (6144K)
 Metaspace       used 12706K, committed 12864K, reserved 1064960K
  class space    used 883K, committed 960K, reserved 1048576K

Heap Regions: E=young(eden), S=young(survivor), O=old, HS=humongous(starts), HC=humongous(continues), CS=collection set, F=free, OA=open archive, CA=closed archive, TAMS=top-at-mark-start (previous, next)
|   0|0x0000000703a00000, 0x0000000703a00000, 0x0000000703c00000|  0%| F|  |TAMS 0x0000000703a00000, 0x0000000703a00000| Untracked 
|   1|0x0000000703c00000, 0x0000000703c00000, 0x0000000703e00000|  0%| F|  |TAMS 0x0000000703c00000, 0x0000000703c00000| Untracked 
|   2|0x0000000703e00000, 0x0000000703e00000, 0x0000000704000000|  0%| F|  |TAMS 0x0000000703e00000, 0x0000000703e00000| Untracked 
|   3|0x0000000704000000, 0x0000000704000000, 0x0000000704200000|  0%| F|  |TAMS 0x0000000704000000, 0x0000000704000000| Untracked 
|   4|0x0000000704200000, 0x0000000704200000, 0x0000000704400000|  0%| F|  |TAMS 0x0000000704200000, 0x0000000704200000| Untracked 
|   5|0x0000000704400000, 0x0000000704400000, 0x0000000704600000|  0%| F|  |TAMS 0x0000000704400000, 0x0000000704400000| Untracked 
|   6|0x0000000704600000, 0x0000000704600000, 0x0000000704800000|  0%| F|  |TAMS 0x0000000704600000, 0x0000000704600000| Untracked 
|   7|0x0000000704800000, 0x0000000704800000, 0x0000000704a00000|  0%| F|  |TAMS 0x0000000704800000, 0x0000000704800000| Untracked 
|   8|0x0000000704a00000, 0x0000000704a00000, 0x0000000704c00000|  0%| F|  |TAMS 0x0000000704a00000, 0x0000000704a00000| Untracked 
|   9|0x0000000704c00000, 0x0000000704c00000, 0x0000000704e00000|  0%| F|  |TAMS 0x0000000704c00000, 0x0000000704c00000| Untracked 
|  10|0x0000000704e00000, 0x0000000704e00000, 0x0000000705000000|  0%| F|  |TAMS 0x0000000704e00000, 0x0000000704e00000| Untracked 
|  11|0x0000000705000000, 0x0000000705000000, 0x0000000705200000|  0%| F|  |TAMS 0x0000000705000000, 0x0000000705000000| Untracked 
|  12|0x0000000705200000, 0x0000000705200000, 0x0000000705400000|  0%| F|  |TAMS 0x0000000705200000, 0x0000000705200000| Untracked 
|  13|0x0000000705400000, 0x0000000705400000, 0x0000000705600000|  0%| F|  |TAMS 0x0000000705400000, 0x0000000705400000| Untracked 
|  14|0x0000000705600000, 0x0000000705600000, 0x0000000705800000|  0%| F|  |TAMS 0x0000000705600000, 0x0000000705600000| Untracked 
|  15|0x0000000705800000, 0x0000000705800000, 0x0000000705a00000|  0%| F|  |TAMS 0x0000000705800000, 0x0000000705800000| Untracked 
|  16|0x0000000705a00000, 0x0000000705a00000, 0x0000000705c00000|  0%| F|  |TAMS 0x0000000705a00000, 0x0000000705a00000| Untracked 
|  17|0x0000000705c00000, 0x0000000705c00000, 0x0000000705e00000|  0%| F|  |TAMS 0x0000000705c00000, 0x0000000705c00000| Untracked 
|  18|0x0000000705e00000, 0x0000000705e00000, 0x0000000706000000|  0%| F|  |TAMS 0x0000000705e00000, 0x0000000705e00000| Untracked 
|  19|0x0000000706000000, 0x0000000706000000, 0x0000000706200000|  0%| F|  |TAMS 0x0000000706000000, 0x0000000706000000| Untracked 
|  20|0x0000000706200000, 0x0000000706200000, 0x0000000706400000|  0%| F|  |TAMS 0x0000000706200000, 0x0000000706200000| Untracked 
|  21|0x0000000706400000, 0x0000000706400000, 0x0000000706600000|  0%| F|  |TAMS 0x0000000706400000, 0x0000000706400000| Untracked 
|  22|0x0000000706600000, 0x0000000706600000, 0x0000000706800000|  0%| F|  |TAMS 0x0000000706600000, 0x0000000706600000| Untracked 
|  23|0x0000000706800000, 0x0000000706800000, 0x0000000706a00000|  0%| F|  |TAMS 0x0000000706800000, 0x0000000706800000| Untracked 
|  24|0x0000000706a00000, 0x0000000706a00000, 0x0000000706c00000|  0%| F|  |TAMS 0x0000000706a00000, 0x0000000706a00000| Untracked 
|  25|0x0000000706c00000, 0x0000000706c00000, 0x0000000706e00000|  0%| F|  |TAMS 0x0000000706c00000, 0x0000000706c00000| Untracked 
|  26|0x0000000706e00000, 0x0000000706e00000, 0x0000000707000000|  0%| F|  |TAMS 0x0000000706e00000, 0x0000000706e00000| Untracked 
|  27|0x0000000707000000, 0x0000000707000000, 0x0000000707200000|  0%| F|  |TAMS 0x0000000707000000, 0x0000000707000000| Untracked 
|  28|0x0000000707200000, 0x0000000707200000, 0x0000000707400000|  0%| F|  |TAMS 0x0000000707200000, 0x0000000707200000| Untracked 
|  29|0x0000000707400000, 0x0000000707400000, 0x0000000707600000|  0%| F|  |TAMS 0x0000000707400000, 0x0000000707400000| Untracked 
|  30|0x0000000707600000, 0x0000000707600000, 0x0000000707800000|  0%| F|  |TAMS 0x0000000707600000, 0x0000000707600000| Untracked 
|  31|0x0000000707800000, 0x0000000707800000, 0x0000000707a00000|  0%| F|  |TAMS 0x0000000707800000, 0x0000000707800000| Untracked 
|  32|0x0000000707a00000, 0x0000000707a00000, 0x0000000707c00000|  0%| F|  |TAMS 0x0000000707a00000, 0x0000000707a00000| Untracked 
|  33|0x0000000707c00000, 0x0000000707c00000, 0x0000000707e00000|  0%| F|  |TAMS 0x0000000707c00000, 0x0000000707c00000| Untracked 
|  34|0x0000000707e00000, 0x0000000707e00000, 0x0000000708000000|  0%| F|  |TAMS 0x0000000707e00000, 0x0000000707e00000| Untracked 
|  35|0x0000000708000000, 0x0000000708000000, 0x0000000708200000|  0%| F|  |TAMS 0x0000000708000000, 0x0000000708000000| Untracked 
|  36|0x0000000708200000, 0x0000000708200000, 0x0000000708400000|  0%| F|  |TAMS 0x0000000708200000, 0x0000000708200000| Untracked 
|  37|0x0000000708400000, 0x0000000708400000, 0x0000000708600000|  0%| F|  |TAMS 0x0000000708400000, 0x0000000708400000| Untracked 
|  38|0x0000000708600000, 0x0000000708600000, 0x0000000708800000|  0%| F|  |TAMS 0x0000000708600000, 0x0000000708600000| Untracked 
|  39|0x0000000708800000, 0x0000000708800000, 0x0000000708a00000|  0%| F|  |TAMS 0x0000000708800000, 0x0000000708800000| Untracked 
|  40|0x0000000708a00000, 0x0000000708a00000, 0x0000000708c00000|  0%| F|  |TAMS 0x0000000708a00000, 0x0000000708a00000| Untracked 
|  41|0x0000000708c00000, 0x0000000708c00000, 0x0000000708e00000|  0%| F|  |TAMS 0x0000000708c00000, 0x0000000708c00000| Untracked 
|  42|0x0000000708e00000, 0x0000000708e00000, 0x0000000709000000|  0%| F|  |TAMS 0x0000000708e00000, 0x0000000708e00000| Untracked 
|  43|0x0000000709000000, 0x0000000709000000, 0x0000000709200000|  0%| F|  |TAMS 0x0000000709000000, 0x0000000709000000| Untracked 
|  44|0x0000000709200000, 0x0000000709200000, 0x0000000709400000|  0%| F|  |TAMS 0x0000000709200000, 0x0000000709200000| Untracked 
|  45|0x0000000709400000, 0x0000000709400000, 0x0000000709600000|  0%| F|  |TAMS 0x0000000709400000, 0x0000000709400000| Untracked 
|  46|0x0000000709600000, 0x0000000709600000, 0x0000000709800000|  0%| F|  |TAMS 0x0000000709600000, 0x0000000709600000| Untracked 
|  47|0x0000000709800000, 0x0000000709800000, 0x0000000709a00000|  0%| F|  |TAMS 0x0000000709800000, 0x0000000709800000| Untracked 
|  48|0x0000000709a00000, 0x0000000709b46a60, 0x0000000709c00000| 63%| S|CS|TAMS 0x0000000709a00000, 0x0000000709a00000| Complete 
|  49|0x0000000709c00000, 0x0000000709e00000, 0x0000000709e00000|100%| S|CS|TAMS 0x0000000709c00000, 0x0000000709c00000| Complete 
|  50|0x0000000709e00000, 0x000000070a000000, 0x000000070a000000|100%| S|CS|TAMS 0x0000000709e00000, 0x0000000709e00000| Complete 
|  51|0x000000070a000000, 0x000000070a000000, 0x000000070a200000|  0%| F|  |TAMS 0x000000070a000000, 0x000000070a000000| Untracked 
|  52|0x000000070a200000, 0x000000070a200000, 0x000000070a400000|  0%| F|  |TAMS 0x000000070a200000, 0x000000070a200000| Untracked 
|  53|0x000000070a400000, 0x000000070a400000, 0x000000070a600000|  0%| F|  |TAMS 0x000000070a400000, 0x000000070a400000| Untracked 
|  54|0x000000070a600000, 0x000000070a600000, 0x000000070a800000|  0%| F|  |TAMS 0x000000070a600000, 0x000000070a600000| Untracked 
|  55|0x000000070a800000, 0x000000070a800000, 0x000000070aa00000|  0%| F|  |TAMS 0x000000070a800000, 0x000000070a800000| Untracked 
|  56|0x000000070aa00000, 0x000000070aa00000, 0x000000070ac00000|  0%| F|  |TAMS 0x000000070aa00000, 0x000000070aa00000| Untracked 
|  57|0x000000070ac00000, 0x000000070ac00000, 0x000000070ae00000|  0%| F|  |TAMS 0x000000070ac00000, 0x000000070ac00000| Untracked 
|  58|0x000000070ae00000, 0x000000070ae00000, 0x000000070b000000|  0%| F|  |TAMS 0x000000070ae00000, 0x000000070ae00000| Untracked 
|  59|0x000000070b000000, 0x000000070b000000, 0x000000070b200000|  0%| F|  |TAMS 0x000000070b000000, 0x000000070b000000| Untracked 
|  60|0x000000070b200000, 0x000000070b200000, 0x000000070b400000|  0%| F|  |TAMS 0x000000070b200000, 0x000000070b200000| Untracked 
|  61|0x000000070b400000, 0x000000070b400000, 0x000000070b600000|  0%| F|  |TAMS 0x000000070b400000, 0x000000070b400000| Untracked 
|  62|0x000000070b600000, 0x000000070b600000, 0x000000070b800000|  0%| F|  |TAMS 0x000000070b600000, 0x000000070b600000| Untracked 
|  63|0x000000070b800000, 0x000000070b800000, 0x000000070ba00000|  0%| F|  |TAMS 0x000000070b800000, 0x000000070b800000| Untracked 
|  64|0x000000070ba00000, 0x000000070ba00000, 0x000000070bc00000|  0%| F|  |TAMS 0x000000070ba00000, 0x000000070ba00000| Untracked 
|  65|0x000000070bc00000, 0x000000070bc00000, 0x000000070be00000|  0%| F|  |TAMS 0x000000070bc00000, 0x000000070bc00000| Untracked 
|  66|0x000000070be00000, 0x000000070be00000, 0x000000070c000000|  0%| F|  |TAMS 0x000000070be00000, 0x000000070be00000| Untracked 
|  67|0x000000070c000000, 0x000000070c000000, 0x000000070c200000|  0%| F|  |TAMS 0x000000070c000000, 0x000000070c000000| Untracked 
|  68|0x000000070c200000, 0x000000070c200000, 0x000000070c400000|  0%| F|  |TAMS 0x000000070c200000, 0x000000070c200000| Untracked 
|  69|0x000000070c400000, 0x000000070c400000, 0x000000070c600000|  0%| F|  |TAMS 0x000000070c400000, 0x000000070c400000| Untracked 
|  70|0x000000070c600000, 0x000000070c600000, 0x000000070c800000|  0%| F|  |TAMS 0x000000070c600000, 0x000000070c600000| Untracked 
|  71|0x000000070c800000, 0x000000070c800000, 0x000000070ca00000|  0%| F|  |TAMS 0x000000070c800000, 0x000000070c800000| Untracked 
|  72|0x000000070ca00000, 0x000000070ca00000, 0x000000070cc00000|  0%| F|  |TAMS 0x000000070ca00000, 0x000000070ca00000| Untracked 
|  73|0x000000070cc00000, 0x000000070cc00000, 0x000000070ce00000|  0%| F|  |TAMS 0x000000070cc00000, 0x000000070cc00000| Untracked 
|  74|0x000000070ce00000, 0x000000070ce00000, 0x000000070d000000|  0%| F|  |TAMS 0x000000070ce00000, 0x000000070ce00000| Untracked 
|  75|0x000000070d000000, 0x000000070d000000, 0x000000070d200000|  0%| F|  |TAMS 0x000000070d000000, 0x000000070d000000| Untracked 
|  76|0x000000070d200000, 0x000000070d200000, 0x000000070d400000|  0%| F|  |TAMS 0x000000070d200000, 0x000000070d200000| Untracked 
|  77|0x000000070d400000, 0x000000070d400000, 0x000000070d600000|  0%| F|  |TAMS 0x000000070d400000, 0x000000070d400000| Untracked 
|  78|0x000000070d600000, 0x000000070d600000, 0x000000070d800000|  0%| F|  |TAMS 0x000000070d600000, 0x000000070d600000| Untracked 
|  79|0x000000070d800000, 0x000000070d800000, 0x000000070da00000|  0%| F|  |TAMS 0x000000070d800000, 0x000000070d800000| Untracked 
|  80|0x000000070da00000, 0x000000070da00000, 0x000000070dc00000|  0%| F|  |TAMS 0x000000070da00000, 0x000000070da00000| Untracked 
|  81|0x000000070dc00000, 0x000000070dc00000, 0x000000070de00000|  0%| F|  |TAMS 0x000000070dc00000, 0x000000070dc00000| Untracked 
|  82|0x000000070de00000, 0x000000070de00000, 0x000000070e000000|  0%| F|  |TAMS 0x000000070de00000, 0x000000070de00000| Untracked 
|  83|0x000000070e000000, 0x000000070e000000, 0x000000070e200000|  0%| F|  |TAMS 0x000000070e000000, 0x000000070e000000| Untracked 
|  84|0x000000070e200000, 0x000000070e200000, 0x000000070e400000|  0%| F|  |TAMS 0x000000070e200000, 0x000000070e200000| Untracked 
|  85|0x000000070e400000, 0x000000070e400000, 0x000000070e600000|  0%| F|  |TAMS 0x000000070e400000, 0x000000070e400000| Untracked 
|  86|0x000000070e600000, 0x000000070e600000, 0x000000070e800000|  0%| F|  |TAMS 0x000000070e600000, 0x000000070e600000| Untracked 
|  87|0x000000070e800000, 0x000000070e800000, 0x000000070ea00000|  0%| F|  |TAMS 0x000000070e800000, 0x000000070e800000| Untracked 
|  88|0x000000070ea00000, 0x000000070ea00000, 0x000000070ec00000|  0%| F|  |TAMS 0x000000070ea00000, 0x000000070ea00000| Untracked 
|  89|0x000000070ec00000, 0x000000070ec00000, 0x000000070ee00000|  0%| F|  |TAMS 0x000000070ec00000, 0x000000070ec00000| Untracked 
|  90|0x000000070ee00000, 0x000000070ee00000, 0x000000070f000000|  0%| F|  |TAMS 0x000000070ee00000, 0x000000070ee00000| Untracked 
|  91|0x000000070f000000, 0x000000070f000000, 0x000000070f200000|  0%| F|  |TAMS 0x000000070f000000, 0x000000070f000000| Untracked 
|  92|0x000000070f200000, 0x000000070f200000, 0x000000070f400000|  0%| F|  |TAMS 0x000000070f200000, 0x000000070f200000| Untracked 
|  93|0x000000070f400000, 0x000000070f400000, 0x000000070f600000|  0%| F|  |TAMS 0x000000070f400000, 0x000000070f400000| Untracked 
|  94|0x000000070f600000, 0x000000070f600000, 0x000000070f800000|  0%| F|  |TAMS 0x000000070f600000, 0x000000070f600000| Untracked 
|  95|0x000000070f800000, 0x000000070f800000, 0x000000070fa00000|  0%| F|  |TAMS 0x000000070f800000, 0x000000070f800000| Untracked 
|  96|0x000000070fa00000, 0x000000070fa00000, 0x000000070fc00000|  0%| F|  |TAMS 0x000000070fa00000, 0x000000070fa00000| Untracked 
|  97|0x000000070fc00000, 0x000000070fc00000, 0x000000070fe00000|  0%| F|  |TAMS 0x000000070fc00000, 0x000000070fc00000| Untracked 
|  98|0x000000070fe00000, 0x000000070fe00000, 0x0000000710000000|  0%| F|  |TAMS 0x000000070fe00000, 0x000000070fe00000| Untracked 
|  99|0x0000000710000000, 0x0000000710000000, 0x0000000710200000|  0%| F|  |TAMS 0x0000000710000000, 0x0000000710000000| Untracked 
| 100|0x0000000710200000, 0x0000000710200000, 0x0000000710400000|  0%| F|  |TAMS 0x0000000710200000, 0x0000000710200000| Untracked 
| 101|0x0000000710400000, 0x0000000710400000, 0x0000000710600000|  0%| F|  |TAMS 0x0000000710400000, 0x0000000710400000| Untracked 
| 102|0x0000000710600000, 0x0000000710600000, 0x0000000710800000|  0%| F|  |TAMS 0x0000000710600000, 0x0000000710600000| Untracked 
| 103|0x0000000710800000, 0x00000007109fd6d0, 0x0000000710a00000| 99%| E|  |TAMS 0x0000000710800000, 0x0000000710800000| Complete 
| 104|0x0000000710a00000, 0x0000000710c00000, 0x0000000710c00000|100%| E|CS|TAMS 0x0000000710a00000, 0x0000000710a00000| Complete 
| 105|0x0000000710c00000, 0x0000000710e00000, 0x0000000710e00000|100%| E|CS|TAMS 0x0000000710c00000, 0x0000000710c00000| Complete 
| 106|0x0000000710e00000, 0x0000000711000000, 0x0000000711000000|100%| E|CS|TAMS 0x0000000710e00000, 0x0000000710e00000| Complete 
| 107|0x0000000711000000, 0x0000000711200000, 0x0000000711200000|100%| E|CS|TAMS 0x0000000711000000, 0x0000000711000000| Complete 
| 108|0x0000000711200000, 0x0000000711400000, 0x0000000711400000|100%| E|CS|TAMS 0x0000000711200000, 0x0000000711200000| Complete 
| 109|0x0000000711400000, 0x0000000711600000, 0x0000000711600000|100%| E|CS|TAMS 0x0000000711400000, 0x0000000711400000| Complete 
| 110|0x0000000711600000, 0x0000000711800000, 0x0000000711800000|100%| E|CS|TAMS 0x0000000711600000, 0x0000000711600000| Complete 
| 111|0x0000000711800000, 0x0000000711a00000, 0x0000000711a00000|100%| E|CS|TAMS 0x0000000711800000, 0x0000000711800000| Complete 
| 112|0x0000000711a00000, 0x0000000711c00000, 0x0000000711c00000|100%| E|CS|TAMS 0x0000000711a00000, 0x0000000711a00000| Complete 
| 113|0x0000000711c00000, 0x0000000711e00000, 0x0000000711e00000|100%| E|CS|TAMS 0x0000000711c00000, 0x0000000711c00000| Complete 
| 114|0x0000000711e00000, 0x0000000712000000, 0x0000000712000000|100%| E|CS|TAMS 0x0000000711e00000, 0x0000000711e00000| Complete 
| 115|0x0000000712000000, 0x0000000712200000, 0x0000000712200000|100%| E|CS|TAMS 0x0000000712000000, 0x0000000712000000| Complete 
| 116|0x0000000712200000, 0x0000000712400000, 0x0000000712400000|100%| E|CS|TAMS 0x0000000712200000, 0x0000000712200000| Complete 
| 117|0x0000000712400000, 0x0000000712600000, 0x0000000712600000|100%| E|CS|TAMS 0x0000000712400000, 0x0000000712400000| Complete 
| 118|0x0000000712600000, 0x0000000712800000, 0x0000000712800000|100%| E|CS|TAMS 0x0000000712600000, 0x0000000712600000| Complete 
| 119|0x0000000712800000, 0x0000000712a00000, 0x0000000712a00000|100%| E|CS|TAMS 0x0000000712800000, 0x0000000712800000| Complete 
| 120|0x0000000712a00000, 0x0000000712c00000, 0x0000000712c00000|100%| E|CS|TAMS 0x0000000712a00000, 0x0000000712a00000| Complete 
| 121|0x0000000712c00000, 0x0000000712e00000, 0x0000000712e00000|100%| E|CS|TAMS 0x0000000712c00000, 0x0000000712c00000| Complete 
| 122|0x0000000712e00000, 0x0000000713000000, 0x0000000713000000|100%| E|CS|TAMS 0x0000000712e00000, 0x0000000712e00000| Complete 
| 123|0x0000000713000000, 0x0000000713200000, 0x0000000713200000|100%| E|CS|TAMS 0x0000000713000000, 0x0000000713000000| Complete 
| 124|0x0000000713200000, 0x0000000713400000, 0x0000000713400000|100%| E|CS|TAMS 0x0000000713200000, 0x0000000713200000| Complete 
| 125|0x0000000713400000, 0x0000000713600000, 0x0000000713600000|100%| E|CS|TAMS 0x0000000713400000, 0x0000000713400000| Complete 
| 126|0x0000000713600000, 0x0000000713800000, 0x0000000713800000|100%| E|CS|TAMS 0x0000000713600000, 0x0000000713600000| Complete 

Card table byte_map: [0x000001d400000000,0x000001d4007f0000] _byte_map_base: 0x000001d3fc7e3000

Marking Bits (Prev, Next): (CMBitMap*) 0x000001d4669afd90, (CMBitMap*) 0x000001d4669afdd0
 Prev Bits: [0x000001d400fe0000, 0x000001d404ef8000)
 Next Bits: [0x000001d404f00000, 0x000001d408e18000)

Polling page: 0x000001d466a40000

Metaspace:

Usage:
  Non-class:     11.55 MB used.
      Class:    883.34 KB used.
       Both:     12.41 MB used.

Virtual space:
  Non-class space:       16.00 MB reserved,      11.62 MB ( 73%) committed,  2 nodes.
      Class space:        1.00 GB reserved,     960.00 KB ( <1%) committed,  1 nodes.
              Both:        1.02 GB reserved,      12.56 MB (  1%) committed. 

Chunk freelists:
   Non-Class:  3.56 MB
       Class:  2.94 MB
        Both:  6.50 MB

MaxMetaspaceSize: 17179869184.00 GB
CompressedClassSpaceSize: 1.00 GB
 - commit_granule_bytes: 65536.
 - commit_granule_words: 8192.
 - virtual_space_node_default_size: 1048576.
 - enlarge_chunks_in_place: 1.
 - new_chunks_are_fully_committed: 0.
 - uncommit_free_chunks: 1.
 - use_allocation_guard: 0.
 - handle_deallocations: 1.


Internal statistics:

num_allocs_failed_limit: 0.
num_arena_births: 86.
num_arena_deaths: 0.
num_vsnodes_births: 3.
num_vsnodes_deaths: 0.
num_space_committed: 197.
num_space_uncommitted: 0.
num_chunks_returned_to_freelist: 0.
num_chunks_taken_from_freelist: 347.
num_chunk_merges: 0.
num_chunk_splits: 280.
num_chunks_enlarged: 229.
num_purges: 0.

CodeHeap 'non-profiled nmethods': size=120000Kb used=805Kb max_used=805Kb free=119194Kb
 bounds [0x000001d477380000, 0x000001d4775f0000, 0x000001d47e8b0000]
CodeHeap 'profiled nmethods': size=120000Kb used=3533Kb max_used=3533Kb free=116467Kb
 bounds [0x000001d46fe50000, 0x000001d4701d0000, 0x000001d477380000]
CodeHeap 'non-nmethods': size=5760Kb used=1541Kb max_used=1568Kb free=4218Kb
 bounds [0x000001d46f8b0000, 0x000001d46fb20000, 0x000001d46fe50000]
 total_blobs=2732 nmethods=1805 adapters=840
 compilation: enabled
              stopped_count=0, restarted_count=0
 full_count=0

Compilation events (20 events):
Event: 35.008 Thread 0x000001d40b455520 1796       4       java.util.TaskQueue::getMin (7 bytes)
Event: 35.009 Thread 0x000001d40b455520 nmethod 1796 0x000001d477447010 code [0x000001d4774471a0, 0x000001d477447258]
Event: 35.214 Thread 0x000001d40b455520 1797       4       processing.core.PMatrix3D::determinant (388 bytes)
Event: 35.215 Thread 0x000001d40b455520 nmethod 1797 0x000001d477447310 code [0x000001d477447480, 0x000001d477447678]
Event: 35.257 Thread 0x000001d40b455520 1798       4       java.util.Arrays::rangeCheck (74 bytes)
Event: 35.257 Thread 0x000001d40b455520 nmethod 1798 0x000001d477447710 code [0x000001d4774478a0, 0x000001d477447958]
Event: 35.848 Thread 0x000001d40b455520 1799       4       processing.opengl.PJOGL::disableVertexAttribArray (11 bytes)
Event: 35.849 Thread 0x000001d40b455520 nmethod 1799 0x000001d477447a10 code [0x000001d477447ba0, 0x000001d477447cc8]
Event: 36.793 Thread 0x000001d40b455520 1800   !   4       java.nio.DirectIntBufferU::put (37 bytes)
Event: 36.795 Thread 0x000001d40b455520 nmethod 1800 0x000001d477447e10 code [0x000001d477447fa0, 0x000001d4774480d8]
Event: 36.921 Thread 0x000001d40b455520 1801   !   4       jogamp.common.util.locks.RecursiveLockImpl01Unfairish::unlock (196 bytes)
Event: 36.926 Thread 0x000001d40b455520 nmethod 1801 0x000001d477448290 code [0x000001d477448440, 0x000001d477448aa8]
Event: 37.227 Thread 0x000001d40b455520 1802       4       processing.opengl.PGraphicsOpenGL$TessGeometry::clear (112 bytes)
Event: 37.228 Thread 0x000001d40b455520 nmethod 1802 0x000001d477448d90 code [0x000001d477448f20, 0x000001d477449038]
Event: 37.254 Thread 0x000001d40b455520 1803       4       processing.opengl.PGraphicsOpenGL::report (75 bytes)
Event: 37.257 Thread 0x000001d40b455520 nmethod 1803 0x000001d477449110 code [0x000001d4774492c0, 0x000001d477449468]
Event: 38.311 Thread 0x000001d40c0090a0 1805       3       jdk.internal.loader.NativeLibraries::find (72 bytes)
Event: 38.312 Thread 0x000001d40c0090a0 nmethod 1805 0x000001d4701c2210 code [0x000001d4701c2440, 0x000001d4701c2cd8]
Event: 38.312 Thread 0x000001d40c0090a0 1804       3       java.lang.ClassLoader::findNative (21 bytes)
Event: 38.312 Thread 0x000001d40c0090a0 nmethod 1804 0x000001d4701c2f10 code [0x000001d4701c30e0, 0x000001d4701c32f8]

GC Heap History (10 events):
Event: 1.328 GC heap before
{Heap before GC invocations=0 (full 0):
 garbage-first heap   total 260096K, used 22528K [0x0000000703a00000, 0x0000000800000000)
  region size 2048K, 11 young (22528K), 0 survivors (0K)
 Metaspace       used 11191K, committed 11328K, reserved 1064960K
  class space    used 804K, committed 832K, reserved 1048576K
}
Event: 1.337 GC heap after
{Heap after GC invocations=1 (full 0):
 garbage-first heap   total 260096K, used 2754K [0x0000000703a00000, 0x0000000800000000)
  region size 2048K, 2 young (4096K), 2 survivors (4096K)
 Metaspace       used 11191K, committed 11328K, reserved 1064960K
  class space    used 804K, committed 832K, reserved 1048576K
}
Event: 2.167 GC heap before
{Heap before GC invocations=1 (full 0):
 garbage-first heap   total 260096K, used 37570K [0x0000000703a00000, 0x0000000800000000)
  region size 2048K, 20 young (40960K), 2 survivors (4096K)
 Metaspace       used 12218K, committed 12416K, reserved 1064960K
  class space    used 878K, committed 960K, reserved 1048576K
}
Event: 2.171 GC heap after
{Heap after GC invocations=2 (full 0):
 garbage-first heap   total 260096K, used 5112K [0x0000000703a00000, 0x0000000800000000)
  region size 2048K, 3 young (6144K), 3 survivors (6144K)
 Metaspace       used 12218K, committed 12416K, reserved 1064960K
  class space    used 878K, committed 960K, reserved 1048576K
}
Event: 13.699 GC heap before
{Heap before GC invocations=2 (full 0):
 garbage-first heap   total 260096K, used 154616K [0x0000000703a00000, 0x0000000800000000)
  region size 2048K, 76 young (155648K), 3 survivors (6144K)
 Metaspace       used 12623K, committed 12800K, reserved 1064960K
  class space    used 879K, committed 960K, reserved 1048576K
}
Event: 13.703 GC heap after
{Heap after GC invocations=3 (full 0):
 garbage-first heap   total 260096K, used 5201K [0x0000000703a00000, 0x0000000800000000)
  region size 2048K, 3 young (6144K), 3 survivors (6144K)
 Metaspace       used 12623K, committed 12800K, reserved 1064960K
  class space    used 879K, committed 960K, reserved 1048576K
}
Event: 23.753 GC heap before
{Heap before GC invocations=3 (full 0):
 garbage-first heap   total 260096K, used 154705K [0x0000000703a00000, 0x0000000800000000)
  region size 2048K, 76 young (155648K), 3 survivors (6144K)
 Metaspace       used 12651K, committed 12864K, reserved 1064960K
  class space    used 879K, committed 960K, reserved 1048576K
}
Event: 23.757 GC heap after
{Heap after GC invocations=4 (full 0):
 garbage-first heap   total 260096K, used 5405K [0x0000000703a00000, 0x0000000800000000)
  region size 2048K, 3 young (6144K), 3 survivors (6144K)
 Metaspace       used 12651K, committed 12864K, reserved 1064960K
  class space    used 879K, committed 960K, reserved 1048576K
}
Event: 33.863 GC heap before
{Heap before GC invocations=4 (full 0):
 garbage-first heap   total 260096K, used 154909K [0x0000000703a00000, 0x0000000800000000)
  region size 2048K, 76 young (155648K), 3 survivors (6144K)
 Metaspace       used 12663K, committed 12864K, reserved 1064960K
  class space    used 879K, committed 960K, reserved 1048576K
}
Event: 33.866 GC heap after
{Heap after GC invocations=5 (full 0):
 garbage-first heap   total 260096K, used 5402K [0x0000000703a00000, 0x0000000800000000)
  region size 2048K, 3 young (6144K), 3 survivors (6144K)
 Metaspace       used 12663K, committed 12864K, reserved 1064960K
  class space    used 879K, committed 960K, reserved 1048576K
}

Deoptimization events (20 events):
Event: 2.912 Thread 0x000001d40c132850 DEOPT PACKING pc=0x000001d477417bb4 sp=0x0000004e796fe770
Event: 2.912 Thread 0x000001d40c132850 DEOPT UNPACKING pc=0x000001d46f8ff92e sp=0x0000004e796fe608 mode 2
Event: 3.403 Thread 0x000001d40c132850 DEOPT PACKING pc=0x000001d4700af34d sp=0x0000004e796fe890
Event: 3.404 Thread 0x000001d40c132850 DEOPT UNPACKING pc=0x000001d46f8fe77e sp=0x0000004e796fdd60 mode 0
Event: 3.841 Thread 0x000001d40c132850 Uncommon trap: trap_request=0xffffff76 fr.pc=0x000001d4773f87e8 relative=0x0000000000000348
Event: 3.841 Thread 0x000001d40c132850 Uncommon trap: reason=predicate action=maybe_recompile pc=0x000001d4773f87e8 method=java.util.ArrayList.remove(Ljava/lang/Object;)Z @ 42 c2
Event: 3.841 Thread 0x000001d40c132850 DEOPT PACKING pc=0x000001d4773f87e8 sp=0x0000004e796fe830
Event: 3.841 Thread 0x000001d40c132850 DEOPT UNPACKING pc=0x000001d46f8ff92e sp=0x0000004e796fe7e0 mode 2
Event: 25.122 Thread 0x000001d40c132850 Uncommon trap: trap_request=0xffffff45 fr.pc=0x000001d477425444 relative=0x0000000000000aa4
Event: 25.122 Thread 0x000001d40c132850 Uncommon trap: reason=unstable_if action=reinterpret pc=0x000001d477425444 method=processing.opengl.PGraphicsOpenGL$TessGeometry.lineIndexCheck(I)V @ 13 c2
Event: 25.122 Thread 0x000001d40c132850 DEOPT PACKING pc=0x000001d477425444 sp=0x0000004e796fe5a0
Event: 25.122 Thread 0x000001d40c132850 DEOPT UNPACKING pc=0x000001d46f8ff92e sp=0x0000004e796fe438 mode 2
Event: 38.293 Thread 0x000001d40e53c120 Uncommon trap: trap_request=0xffffff45 fr.pc=0x000001d4773e7800 relative=0x0000000000000060
Event: 38.293 Thread 0x000001d40e53c120 Uncommon trap: reason=unstable_if action=reinterpret pc=0x000001d4773e7800 method=java.util.HashMap.keySet()Ljava/util/Set; @ 6 c2
Event: 38.293 Thread 0x000001d40e53c120 DEOPT PACKING pc=0x000001d4773e7800 sp=0x0000004e79bff400
Event: 38.293 Thread 0x000001d40e53c120 DEOPT UNPACKING pc=0x000001d46f8ff92e sp=0x0000004e79bff398 mode 2
Event: 38.293 Thread 0x000001d40c132300 Uncommon trap: trap_request=0xffffff45 fr.pc=0x000001d4773e80a0 relative=0x0000000000000200
Event: 38.293 Thread 0x000001d40c132300 Uncommon trap: reason=unstable_if action=reinterpret pc=0x000001d4773e80a0 method=java.util.HashMap$HashIterator.<init>(Ljava/util/HashMap;)V @ 38 c2
Event: 38.293 Thread 0x000001d40c132300 DEOPT PACKING pc=0x000001d4773e80a0 sp=0x0000004e78bfef10
Event: 38.294 Thread 0x000001d40c132300 DEOPT UNPACKING pc=0x000001d46f8ff92e sp=0x0000004e78bfeeb8 mode 2

Classes unloaded (0 events):
No events

Classes redefined (0 events):
No events

Internal exceptions (16 events):
Event: 0.137 Thread 0x000001d46695e350 Exception <a 'java/lang/ClassNotFoundException'{0x000000071343e5e0}: sun/awt/resources/spi/awtProvider> (0x000000071343e5e0) 
thrown [t:\workspace\open\src\hotspot\share\classfile\systemDictionary.cpp, line 256]
Event: 0.163 Thread 0x000001d46695e350 Exception <a 'java/io/FileNotFoundException'{0x000000071349a448}> (0x000000071349a448) 
thrown [t:\workspace\open\src\hotspot\share\prims\jni.cpp, line 579]
Event: 0.171 Thread 0x000001d46695e350 Exception <a 'java/io/FileNotFoundException'{0x00000007134c8d58}> (0x00000007134c8d58) 
thrown [t:\workspace\open\src\hotspot\share\prims\jni.cpp, line 579]
Event: 0.172 Thread 0x000001d46695e350 Exception <a 'java/lang/NoSuchMethodError'{0x00000007134ca060}: 'java.lang.Object java.lang.invoke.DirectMethodHandle$Holder.invokeStatic(java.lang.Object)'> (0x00000007134ca060) 
thrown [t:\workspace\open\src\hotspot\share\interpreter\linkResolver.cpp, line 790]
Event: 0.176 Thread 0x000001d46695e350 Exception <a 'java/lang/NoSuchMethodError'{0x00000007134d80c0}: 'void java.lang.invoke.DirectMethodHandle$Holder.invokeSpecial(java.lang.Object, java.lang.Object, java.lang.Object)'> (0x00000007134d80c0) 
thrown [t:\workspace\open\src\hotspot\share\interpreter\linkResolver.cpp, line 790]
Event: 0.221 Thread 0x000001d46695e350 Exception <a 'java/lang/NoSuchMethodError'{0x0000000713577ff8}: 'java.lang.Object java.lang.invoke.DirectMethodHandle$Holder.invokeStaticInit(java.lang.Object)'> (0x0000000713577ff8) 
thrown [t:\workspace\open\src\hotspot\share\interpreter\linkResolver.cpp, line 790]
Event: 0.334 Thread 0x000001d46695e350 Exception <a 'java/lang/NoSuchMethodError'{0x000000071314b090}: 'java.lang.Object java.lang.invoke.DirectMethodHandle$Holder.invokeInterface(java.lang.Object, java.lang.Object)'> (0x000000071314b090) 
thrown [t:\workspace\open\src\hotspot\share\interpreter\linkResolver.cpp, line 790]
Event: 0.334 Thread 0x000001d46695e350 Exception <a 'java/lang/IncompatibleClassChangeError'{0x000000071314ebb0}: Found class java.lang.Object, but interface was expected> (0x000000071314ebb0) 
thrown [t:\workspace\open\src\hotspot\share\interpreter\linkResolver.cpp, line 857]
Event: 0.361 Thread 0x000001d46695e350 Exception <a 'java/lang/NoSuchMethodError'{0x0000000712e1a1b0}: 'java.lang.Object java.lang.invoke.DirectMethodHandle$Holder.invokeStaticInit(java.lang.Object, int, int, int, int)'> (0x0000000712e1a1b0) 
thrown [t:\workspace\open\src\hotspot\share\interpreter\linkResolver.cpp, line 790]
Event: 0.384 Thread 0x000001d46695e350 Exception <a 'java/lang/NoSuchMethodError'{0x0000000712e787e8}: 'java.lang.Object java.lang.invoke.DirectMethodHandle$Holder.invokeStaticInit(java.lang.Object, java.lang.Object, int, int, int, int)'> (0x0000000712e787e8) 
thrown [t:\workspace\open\src\hotspot\share\interpreter\linkResolver.cpp, line 790]
Event: 0.441 Thread 0x000001d46695e350 Exception <a 'java/lang/NoSuchMethodError'{0x0000000712e96ef8}: 'void java.lang.invoke.DirectMethodHandle$Holder.invokeStatic(java.lang.Object, long)'> (0x0000000712e96ef8) 
thrown [t:\workspace\open\src\hotspot\share\interpreter\linkResolver.cpp, line 790]
Event: 0.443 Thread 0x000001d46695e350 Exception <a 'java/lang/NoSuchMethodError'{0x0000000712e9c708}: 'java.lang.Object java.lang.invoke.DirectMethodHandle$Holder.newInvokeSpecial(java.lang.Object, long)'> (0x0000000712e9c708) 
thrown [t:\workspace\open\src\hotspot\share\interpreter\linkResolver.cpp, line 790]
Event: 0.446 Thread 0x000001d46695e350 Exception <a 'java/lang/NoSuchMethodError'{0x0000000712ea71a0}: 'java.lang.Object java.lang.invoke.DirectMethodHandle$Holder.invokeStaticInit(java.lang.Object, java.lang.Object, long, java.lang.Object)'> (0x0000000712ea71a0) 
thrown [t:\workspace\open\src\hotspot\share\interpreter\linkResolver.cpp, line 790]
Event: 0.448 Thread 0x000001d46695e350 Exception <a 'java/lang/NoSuchMethodError'{0x0000000712eadab0}: 'java.lang.Object java.lang.invoke.DirectMethodHandle$Holder.newInvokeSpecial(java.lang.Object, java.lang.Object, long)'> (0x0000000712eadab0) 
thrown [t:\workspace\open\src\hotspot\share\interpreter\linkResolver.cpp, line 790]
Event: 0.448 Thread 0x000001d46695e350 Exception <a 'java/lang/NoSuchMethodError'{0x0000000712eb1820}: 'java.lang.Object java.lang.invoke.Invokers$Holder.linkToTargetMethod(java.lang.Object, long, java.lang.Object)'> (0x0000000712eb1820) 
thrown [t:\workspace\open\src\hotspot\share\interpreter\linkResolver.cpp, line 790]
Event: 38.270 Thread 0x000001d40c131310 Exception <a 'java/lang/InterruptedException'{0x0000000710a00000}> (0x0000000710a00000) 
thrown [t:\workspace\open\src\hotspot\share\runtime\objectMonitor.cpp, line 1705]

Events (20 events):
Event: 33.863 Executing  VM operation: G1CollectForAllocation
Event: 33.866 Executing  VM operation: G1CollectForAllocation done
Event: 35.867 Executing  VM operation: Cleanup
Event: 35.867 Executing  VM operation: Cleanup done
Event: 36.868 Executing  VM operation: Cleanup
Event: 36.868 Executing  VM operation: Cleanup done
Event: 38.270 Thread 0x000001d40e53cbc0 Thread added: 0x000001d40e53cbc0
Event: 38.271 Thread 0x000001d40c131310 Thread exited: 0x000001d40c131310
Event: 38.271 Thread 0x000001d40e53c120 Thread added: 0x000001d40e53c120
Event: 38.271 Thread 0x000001d40e53abe0 Thread added: 0x000001d40e53abe0
Event: 38.272 loading class java/nio/channels/ClosedChannelException
Event: 38.272 Thread 0x000001d40e53a690 Thread added: 0x000001d40e53a690
Event: 38.272 loading class java/nio/channels/ClosedChannelException done
Event: 38.272 Thread 0x000001d40e53cbc0 Thread exited: 0x000001d40e53cbc0
Event: 38.272 Thread 0x000001d40c1342e0 Thread exited: 0x000001d40c1342e0
Event: 38.276 Thread 0x000001d40c132da0 Thread exited: 0x000001d40c132da0
Event: 38.320 Thread 0x000001d40c132300 Thread exited: 0x000001d40c132300
Event: 38.327 Thread 0x000001d40e53c120 Thread exited: 0x000001d40e53c120
Event: 38.373 Thread 0x000001d40e53abe0 Thread exited: 0x000001d40e53abe0
Event: 38.373 Executing  VM operation: Exit


Dynamic libraries:
0x00007ff649b00000 - 0x00007ff649b10000 	C:\Program Files\Java\jdk-16.0.2\bin\javaw.exe
0x00007ff99d710000 - 0x00007ff99d905000 	C:\windows\SYSTEM32\ntdll.dll
0x00007ff99caa0000 - 0x00007ff99cb5e000 	C:\windows\System32\KERNEL32.DLL
0x00007ff99b0e0000 - 0x00007ff99b3a8000 	C:\windows\System32\KERNELBASE.dll
0x00007ff99b4c0000 - 0x00007ff99b5c0000 	C:\windows\System32\ucrtbase.dll
0x00007ff968b40000 - 0x00007ff968b58000 	C:\Program Files\Java\jdk-16.0.2\bin\jli.dll
0x00007ff967c30000 - 0x00007ff967c49000 	C:\Program Files\Java\jdk-16.0.2\bin\VCRUNTIME140.dll
0x00007ff99cde0000 - 0x00007ff99ce8e000 	C:\windows\System32\ADVAPI32.dll
0x00007ff99cb60000 - 0x00007ff99cbfe000 	C:\windows\System32\msvcrt.dll
0x00007ff99b900000 - 0x00007ff99b99c000 	C:\windows\System32\sechost.dll
0x00007ff99cc00000 - 0x00007ff99cd25000 	C:\windows\System32\RPCRT4.dll
0x00007ff99c8e0000 - 0x00007ff99ca81000 	C:\windows\System32\USER32.dll
0x00007ff99b5c0000 - 0x00007ff99b5e2000 	C:\windows\System32\win32u.dll
0x00007ff99b9b0000 - 0x00007ff99b9db000 	C:\windows\System32\GDI32.dll
0x00007ff979310000 - 0x00007ff9795aa000 	C:\windows\WinSxS\amd64_microsoft.windows.common-controls_6595b64144ccf1df_6.0.19041.1110_none_60b5254171f9507e\COMCTL32.dll
0x00007ff99afa0000 - 0x00007ff99b0ad000 	C:\windows\System32\gdi32full.dll
0x00007ff99aeb0000 - 0x00007ff99af4d000 	C:\windows\System32\msvcp_win.dll
0x00007ff992520000 - 0x00007ff99252a000 	C:\windows\SYSTEM32\VERSION.dll
0x00007ff99cf60000 - 0x00007ff99cf90000 	C:\windows\System32\IMM32.DLL
0x00007ff971480000 - 0x00007ff97148c000 	C:\Program Files\Java\jdk-16.0.2\bin\vcruntime140_1.dll
0x00007ff9424e0000 - 0x00007ff942571000 	C:\Program Files\Java\jdk-16.0.2\bin\msvcp140.dll
0x00007ff909780000 - 0x00007ff90a32b000 	C:\Program Files\Java\jdk-16.0.2\bin\server\jvm.dll
0x00007ff99ca90000 - 0x00007ff99ca98000 	C:\windows\System32\PSAPI.DLL
0x00007ff967490000 - 0x00007ff967499000 	C:\windows\SYSTEM32\WSOCK32.dll
0x00007ff976510000 - 0x00007ff976537000 	C:\windows\SYSTEM32\WINMM.dll
0x00007ff99d110000 - 0x00007ff99d17b000 	C:\windows\System32\WS2_32.dll
0x00007ff9996a0000 - 0x00007ff9996b2000 	C:\windows\SYSTEM32\kernel.appcore.dll
0x00007ff967480000 - 0x00007ff96748a000 	C:\Program Files\Java\jdk-16.0.2\bin\jimage.dll
0x00007ff9993a0000 - 0x00007ff999584000 	C:\windows\SYSTEM32\DBGHELP.DLL
0x00007ff981ee0000 - 0x00007ff981f0c000 	C:\windows\SYSTEM32\dbgcore.DLL
0x00007ff99ae20000 - 0x00007ff99aea2000 	C:\windows\System32\bcryptPrimitives.dll
0x00007ff967410000 - 0x00007ff967435000 	C:\Program Files\Java\jdk-16.0.2\bin\java.dll
0x00007ff99bb60000 - 0x00007ff99c2a4000 	C:\windows\System32\SHELL32.dll
0x00007ff998b30000 - 0x00007ff9992c5000 	C:\windows\SYSTEM32\windows.storage.dll
0x00007ff99c2b0000 - 0x00007ff99c605000 	C:\windows\System32\combase.dll
0x00007ff99a800000 - 0x00007ff99a82e000 	C:\windows\SYSTEM32\Wldp.dll
0x00007ff99ceb0000 - 0x00007ff99cf5d000 	C:\windows\System32\SHCORE.dll
0x00007ff99c740000 - 0x00007ff99c795000 	C:\windows\System32\shlwapi.dll
0x00007ff99ad60000 - 0x00007ff99ad7f000 	C:\windows\SYSTEM32\profapi.dll
0x00007ff966bb0000 - 0x00007ff966bc9000 	C:\Program Files\Java\jdk-16.0.2\bin\net.dll
0x00007ff995870000 - 0x00007ff99597c000 	C:\windows\SYSTEM32\WINHTTP.dll
0x00007ff99a560000 - 0x00007ff99a5ca000 	C:\windows\system32\mswsock.dll
0x00007ff966000000 - 0x00007ff966013000 	C:\Program Files\Java\jdk-16.0.2\bin\nio.dll
0x00007ff964020000 - 0x00007ff964038000 	C:\Program Files\Java\jdk-16.0.2\bin\zip.dll
0x00007ff967470000 - 0x00007ff967480000 	C:\Program Files\Java\jdk-16.0.2\bin\verify.dll
0x00007ff918f10000 - 0x00007ff919090000 	C:\Program Files\Java\jdk-16.0.2\bin\awt.dll
0x00007ff99d600000 - 0x00007ff99d6cd000 	C:\windows\System32\OLEAUT32.dll
0x00007ff998270000 - 0x00007ff998300000 	C:\windows\SYSTEM32\apphelp.dll
0x00007ff9983d0000 - 0x00007ff99846e000 	C:\windows\system32\uxtheme.dll
0x00007ff99cf90000 - 0x00007ff99d0a5000 	C:\windows\System32\MSCTF.dll
0x00007ff99c610000 - 0x00007ff99c73a000 	C:\windows\System32\ole32.dll
0x00007ff998560000 - 0x00007ff99858f000 	C:\windows\system32\DWMAPI.DLL
0x00007ff95ea10000 - 0x00007ff95eb35000 	C:\windows\system32\opengl32.dll
0x00007ff9615f0000 - 0x00007ff96161c000 	C:\windows\SYSTEM32\GLU32.dll
0x00007ff99a750000 - 0x00007ff99a768000 	C:\windows\SYSTEM32\CRYPTSP.dll
0x00007ff999ee0000 - 0x00007ff999f14000 	C:\windows\system32\rsaenh.dll
0x00007ff99b0b0000 - 0x00007ff99b0d7000 	C:\windows\System32\bcrypt.dll
0x00007ff99ace0000 - 0x00007ff99ad0e000 	C:\windows\SYSTEM32\USERENV.dll
0x00007ff99a770000 - 0x00007ff99a77c000 	C:\windows\SYSTEM32\CRYPTBASE.dll
0x00007ff99a250000 - 0x00007ff99a28b000 	C:\windows\SYSTEM32\IPHLPAPI.DLL
0x00007ff99b9a0000 - 0x00007ff99b9a8000 	C:\windows\System32\NSI.dll
0x00007ff992f50000 - 0x00007ff992f67000 	C:\windows\SYSTEM32\dhcpcsvc6.DLL
0x00007ff993190000 - 0x00007ff9931ad000 	C:\windows\SYSTEM32\dhcpcsvc.DLL
0x00007ff99a2e0000 - 0x00007ff99a3ab000 	C:\windows\SYSTEM32\DNSAPI.dll
0x00000000637c0000 - 0x00000000637cd000 	C:\Users\sethr\AppData\Local\Temp\jogamp_0000\file_cache\jln15497663363756788286\jln10333602302933358441\natives\windows-amd64\gluegen-rt.dll
0x00007ff9930e0000 - 0x00007ff9930e7000 	C:\Program Files\Java\jdk-16.0.2\bin\jawt.dll
0x000000006a440000 - 0x000000006a44d000 	C:\Users\sethr\AppData\Local\Temp\jogamp_0000\file_cache\jln15497663363756788286\jln10333602302933358441\natives\windows-amd64\nativewindow_awt.dll
0x000000006c100000 - 0x000000006c10f000 	C:\Users\sethr\AppData\Local\Temp\jogamp_0000\file_cache\jln15497663363756788286\jln10333602302933358441\natives\windows-amd64\nativewindow_win32.dll
0x000000006cbc0000 - 0x000000006cbd3000 	C:\Users\sethr\AppData\Local\Temp\jogamp_0000\file_cache\jln15497663363756788286\jln10333602302933358441\natives\windows-amd64\newt.dll
0x00007ff994e80000 - 0x00007ff994f2e000 	C:\windows\SYSTEM32\mscms.dll
0x00007ff994e60000 - 0x00007ff994e71000 	C:\windows\SYSTEM32\ColorAdapterClient.dll
0x00007ff9932f0000 - 0x00007ff993333000 	C:\windows\SYSTEM32\icm32.dll
0x00007ff99d180000 - 0x00007ff99d5f2000 	C:\windows\System32\setupapi.dll
0x00007ff99af50000 - 0x00007ff99af9e000 	C:\windows\System32\cfgmgr32.dll
0x00007ff99ab50000 - 0x00007ff99ab84000 	C:\windows\SYSTEM32\DEVOBJ.dll
0x00007ff99b460000 - 0x00007ff99b4c0000 	C:\windows\System32\WINTRUST.dll
0x00007ff99b5f0000 - 0x00007ff99b746000 	C:\windows\System32\CRYPT32.dll
0x00007ff99a990000 - 0x00007ff99a9a2000 	C:\windows\SYSTEM32\MSASN1.dll
0x0000000064500000 - 0x00000000645b1000 	C:\Users\sethr\AppData\Local\Temp\jogamp_0000\file_cache\jln15497663363756788286\jln10333602302933358441\natives\windows-amd64\jogl_desktop.dll
0x0000000064340000 - 0x00000000643a2000 	C:\Users\sethr\AppData\Local\Temp\jogamp_0000\file_cache\jln15497663363756788286\jln10333602302933358441\natives\windows-amd64\jogl_mobile.dll
0x00007ff99cd30000 - 0x00007ff99cdd9000 	C:\windows\System32\clbcatq.dll
0x00007ff908780000 - 0x00007ff909780000 	C:\windows\System32\DriverStore\FileRepository\iigd_dch.inf_amd64_14d6d9e2312c79ae\igxelpicd64.dll
0x00007ff999710000 - 0x00007ff999804000 	C:\windows\system32\dxgi.dll
0x00007ff914f00000 - 0x00007ff915364000 	C:\windows\System32\DriverStore\FileRepository\iigd_dch.inf_amd64_14d6d9e2312c79ae\igdml64.dll
0x00007ff98f480000 - 0x00007ff98f83d000 	C:\windows\System32\DriverStore\FileRepository\iigd_dch.inf_amd64_14d6d9e2312c79ae\igdgmm64.dll
0x00007ff982590000 - 0x00007ff9857c8000 	C:\windows\System32\DriverStore\FileRepository\iigd_dch.inf_amd64_14d6d9e2312c79ae\igc64.dll
0x00007ff99abe0000 - 0x00007ff99ac2b000 	C:\windows\SYSTEM32\powrprof.dll
0x00007ff99abc0000 - 0x00007ff99abd2000 	C:\windows\SYSTEM32\UMPDC.dll
0x00007ff979210000 - 0x00007ff979309000 	C:\windows\SYSTEM32\textinputframework.dll
0x00007ff997cd0000 - 0x00007ff99802e000 	C:\windows\System32\CoreUIComponents.dll
0x00007ff998030000 - 0x00007ff998122000 	C:\windows\System32\CoreMessaging.dll
0x00007ff997520000 - 0x00007ff997674000 	C:\windows\SYSTEM32\wintypes.dll
0x00007ff999b10000 - 0x00007ff999b43000 	C:\windows\SYSTEM32\ntmarta.dll
0x00007ff962050000 - 0x00007ff9620b6000 	C:\windows\system32\Oleacc.dll

dbghelp: loaded successfully - version: 4.0.5 - missing functions: none
symbol engine: initialized successfully - sym options: 0x614 - pdb path: .;C:\Program Files\Java\jdk-16.0.2\bin;C:\windows\SYSTEM32;C:\windows\WinSxS\amd64_microsoft.windows.common-controls_6595b64144ccf1df_6.0.19041.1110_none_60b5254171f9507e;C:\Program Files\Java\jdk-16.0.2\bin\server;C:\Users\sethr\AppData\Local\Temp\jogamp_0000\file_cache\jln15497663363756788286\jln10333602302933358441\natives\windows-amd64;C:\windows\System32\DriverStore\FileRepository\iigd_dch.inf_amd64_14d6d9e2312c79ae

VM Arguments:
jvm_args: -Dfile.encoding=Cp1252 -XX:+ShowCodeDetailsInExceptionMessages 
java_command: crystalsimulation.Main
java_class_path (initial): C:\Users\sethr\eclipse-workspace\crystalsimulation\target\classes;C:\Users\sethr\.m2\repository\org\processing\core\3.3.6\core-3.3.6.jar;C:\Users\sethr\.m2\repository\org\jogamp\gluegen\gluegen-rt-main\2.3.2\gluegen-rt-main-2.3.2.jar;C:\Users\sethr\.m2\repository\org\jogamp\gluegen\gluegen-rt\2.3.2\gluegen-rt-2.3.2.jar;C:\Users\sethr\.m2\repository\org\jogamp\gluegen\gluegen-rt\2.3.2\gluegen-rt-2.3.2-natives-android-aarch64.jar;C:\Users\sethr\.m2\repository\org\jogamp\gluegen\gluegen-rt\2.3.2\gluegen-rt-2.3.2-natives-android-armv6.jar;C:\Users\sethr\.m2\repository\org\jogamp\gluegen\gluegen-rt\2.3.2\gluegen-rt-2.3.2-natives-linux-amd64.jar;C:\Users\sethr\.m2\repository\org\jogamp\gluegen\gluegen-rt\2.3.2\gluegen-rt-2.3.2-natives-linux-armv6.jar;C:\Users\sethr\.m2\repository\org\jogamp\gluegen\gluegen-rt\2.3.2\gluegen-rt-2.3.2-natives-linux-armv6hf.jar;C:\Users\sethr\.m2\repository\org\jogamp\gluegen\gluegen-rt\2.3.2\gluegen-rt-2.3.2-natives-linux-i586.jar;C:\Users\sethr\.m2\repository\org\jogamp\gluegen\gluegen-rt\2.3.2\gluegen-rt-2.3.2-natives-macosx-universal.jar;C:\Users\sethr\.m2\repository\org\jogamp\gluegen\gluegen-rt\2.3.2\gluegen-rt-2.3.2-natives-solaris-amd64.jar;C:\Users\sethr\.m2\repository\org\jogamp\gluegen\gluegen-rt\2.3.2\gluegen-rt-2.3.2-natives-solaris-i586.jar;C:\Users\sethr\.m2\repository\org\jogamp\gluegen\gluegen-rt\2.3.2\gluegen-rt-2.3.2-natives-windows-amd64.jar;C:\Users\sethr\.m2\repository\org\jogamp\gluegen\gluegen-rt\2.3.2\gluegen-rt-2.3.2-natives-windows-i586.jar;C:\Users\sethr\.m2\repository\org\jogamp\jogl\jogl-all-main\2.3.2\jogl-all-main-2.3.2.jar;C:\Users\sethr\.m2\repository\org\jogamp\jogl\jogl-all\2.3.2\jogl-all-2.3.2.jar;C:\Users\sethr\.m2\repository\org\jogamp\jogl\jogl-all\2.3.2\jogl-all-2.3.2-natives-android-aarch64.jar;C:\Users\sethr\.m2\repository\org\jogamp\jogl\jogl-all\2.3.2\jogl-all-2.3.2-natives-android-armv6.jar;C:\Users\sethr\.m2\repository\org\jogamp\jogl\jogl-all\2.3.2\jogl-all-2.3.2-nat
Launcher Type: SUN_STANDARD

[Global flags]
     intx CICompilerCount                          = 4                                         {product} {ergonomic}
     uint ConcGCThreads                            = 2                                         {product} {ergonomic}
     uint G1ConcRefinementThreads                  = 8                                         {product} {ergonomic}
   size_t G1HeapRegionSize                         = 2097152                                   {product} {ergonomic}
    uintx GCDrainStackTargetSize                   = 64                                        {product} {ergonomic}
   size_t InitialHeapSize                          = 266338304                                 {product} {ergonomic}
   size_t MarkStackSize                            = 4194304                                   {product} {ergonomic}
   size_t MaxHeapSize                              = 4234149888                                {product} {ergonomic}
   size_t MaxNewSize                               = 2539651072                                {product} {ergonomic}
   size_t MinHeapDeltaBytes                        = 2097152                                   {product} {ergonomic}
   size_t MinHeapSize                              = 8388608                                   {product} {ergonomic}
    uintx NonNMethodCodeHeapSize                   = 5839372                                {pd product} {ergonomic}
    uintx NonProfiledCodeHeapSize                  = 122909434                              {pd product} {ergonomic}
    uintx ProfiledCodeHeapSize                     = 122909434                              {pd product} {ergonomic}
    uintx ReservedCodeCacheSize                    = 251658240                              {pd product} {ergonomic}
     bool SegmentedCodeCache                       = true                                      {product} {ergonomic}
     bool ShowCodeDetailsInExceptionMessages       = true                                   {manageable} {command line}
   size_t SoftMaxHeapSize                          = 4234149888                             {manageable} {ergonomic}
     bool UseCompressedClassPointers               = true                           {product lp64_product} {ergonomic}
     bool UseCompressedOops                        = true                           {product lp64_product} {ergonomic}
     bool UseG1GC                                  = true                                      {product} {ergonomic}
     bool UseLargePagesIndividualAllocation        = false                                  {pd product} {ergonomic}

Logging:
Log output configuration:
 #0: stdout all=off uptime,level,tags
 #1: stderr all=off uptime,level,tags

Environment Variables:
PATH=C:\Program Files\Oculus\Support\oculus-runtime;C:\Program Files\Common Files\Oracle\Java\javapath;C:\windows\system32;C:\windows;C:\windows\System32\Wbem;C:\windows\System32\WindowsPowerShell\v1.0\;C:\windows\System32\OpenSSH\;C:\MinGW\mingw32\bin;C:\ProgramData\chocolatey\bin;C:\ProgramData\chocolatey\bin\make.exe;C:\Program Files\Git\cmd;C:\Program Files\nodejs\;C:\Users\sethr\AppData\Local\Programs\Python\Python39\Scripts\;C:\Users\sethr\AppData\Local\Programs\Python\Python39\;C:\Users\sethr\AppData\Local\Microsoft\WindowsApps;C:\Users\sethr\AppData\Local\Programs\Microsoft VS Code\bin;C:\Users\sethr\AppData\Local\GitHubDesktop\bin;C:\Users\sethr\AppData\Roaming\npm
USERNAME=sethr
OS=Windows_NT
PROCESSOR_IDENTIFIER=Intel64 Family 6 Model 140 Stepping 1, GenuineIntel



---------------  S Y S T E M  ---------------

OS:
 Windows 10 , 64 bit Build 19041 (10.0.19041.1466)
OS uptime: 1 days 17:25 hours

CPU: total 8 (initial active 8) (4 cores per cpu, 2 threads per core) family 6 model 140 stepping 1 microcode 0x86, cx8, cmov, fxsr, ht, mmx, 3dnowpref, sse, sse2, sse3, ssse3, sse4.1, sse4.2, popcnt, lzcnt, tsc, tscinvbit, avx, avx2, aes, erms, clmul, bmi1, bmi2, adx, avx512f, avx512dq, avx512cd, avx512bw, avx512vl, sha, fma, vzeroupper, avx512_vpopcntdq, avx512_vpclmulqdq, avx512_vaes, avx512_vnni, clflush, clflushopt, clwb, avx512_vmbi2, avx512_vmbi

Memory: 4k page, system-wide physical 16149M (8587M free)
TotalPageFile size 30485M (AvailPageFile size 17994M)
current process WorkingSet (physical memory assigned to process): 394M, peak: 398M
current process commit charge ("private bytes"): 474M, peak: 493M

vm_info: Java HotSpot(TM) 64-Bit Server VM (16.0.2+7-67) for windows-amd64 JRE (16.0.2+7-67), built on Jun  8 2021 23:24:19 by "mach5one" with MS VC++ 16.7 (VS2019)

END.
