#
# A fatal error has been detected by the Java Runtime Environment:
#
#  EXCEPTION_ACCESS_VIOLATION (0xc0000005) at pc=0x00007ffbd5ed2c4c, pid=43704, tid=37824
#
# JRE version: Java(TM) SE Runtime Environment (16.0.2+7) (build 16.0.2+7-67)
# Java VM: Java HotSpot(TM) 64-Bit Server VM (16.0.2+7-67, mixed mode, sharing, tiered, compressed oops, compressed class ptrs, g1 gc, windows-amd64)
# Problematic frame:
# C  [igxelpicd64.dll+0x282c4c]
#
# No core dump will be written. Minidumps are not enabled by default on client versions of Windows
#
# If you would like to submit a bug report, please visit:
#   https://bugreport.java.com/bugreport/crash.jsp
#

---------------  S U M M A R Y ------------

Command Line: -Dfile.encoding=Cp1252 -XX:+ShowCodeDetailsInExceptionMessages crystalsimulation.Main

Host: 11th Gen Intel(R) Core(TM) i7-1165G7 @ 2.80GHz, 8 cores, 15G,  Windows 10 , 64 bit Build 19041 (10.0.19041.1889)
Time: Tue Nov  1 14:07:47 2022 Eastern Daylight Time elapsed time: 58.503269 seconds (0d 0h 0m 58s)

---------------  T H R E A D  ---------------

Current thread (0x0000024c6ee5c980):  VMThread "VM Thread" [stack: 0x00000053b0c00000,0x00000053b0d00000] [id=37824]

Stack: [0x00000053b0c00000,0x00000053b0d00000],  sp=0x00000053b0cfdff0,  free space=1015k
Native frames: (J=compiled Java code, j=interpreted, Vv=VM code, C=native code)
C  [igxelpicd64.dll+0x282c4c]


siginfo: EXCEPTION_ACCESS_VIOLATION (0xc0000005), reading address 0x00000000000356f8


Register to memory mapping:

RIP=0x00007ffbd5ed2c4c igxelpicd64.dll
RAX=0x0000024c6f970530 points into unknown readable memory: 0x0000000000135a5f | 5f 5a 13 00 00 00 00 00
RBX=0x0000024c702d97d0 points into unknown readable memory: 0xffffffffffffffff | ff ff ff ff ff ff ff ff
RCX=0x0 is NULL
RDX=0x0000000000000002 is an unknown value
RSP=0x00000053b0cfdff0 points into unknown readable memory: 0x0000024c702d97d0 | d0 97 2d 70 4c 02 00 00
RBP=0x0000000000000016 is an unknown value
RSI=0x0000024c704d8430 points into unknown readable memory: 0x0000000000000000 | 00 00 00 00 00 00 00 00
RDI=0x0 is NULL
R8 =0x0000000000000014 is an unknown value
R9 =0x0 is NULL
R10=0x0 is NULL
R11=0x0000000000000246 is an unknown value
R12=0x0000024c6f970968 points into unknown readable memory: 0x0000024c71756260 | 60 62 75 71 4c 02 00 00
R13=0x0 is NULL
R14=0x0000024c6f9703a0 points into unknown readable memory: 0x0000024c7042ece0 | e0 ec 42 70 4c 02 00 00
R15=0x0 is NULL


Registers:
RAX=0x0000024c6f970530, RBX=0x0000024c702d97d0, RCX=0x0000000000000000, RDX=0x0000000000000002
RSP=0x00000053b0cfdff0, RBP=0x0000000000000016, RSI=0x0000024c704d8430, RDI=0x0000000000000000
R8 =0x0000000000000014, R9 =0x0000000000000000, R10=0x0000000000000000, R11=0x0000000000000246
R12=0x0000024c6f970968, R13=0x0000000000000000, R14=0x0000024c6f9703a0, R15=0x0000000000000000
RIP=0x00007ffbd5ed2c4c, EFLAGS=0x0000000000010206

Top of Stack: (sp=0x00000053b0cfdff0)
0x00000053b0cfdff0:   0000024c702d97d0 00007ffc6628d479
0x00000053b0cfe000:   00000053b0cfe088 0000000000000000
0x00000053b0cfe010:   0000000000000054 0000024c702d97d0
0x00000053b0cfe020:   0000000000000000 00007ffc67bb0ef4
0x00000053b0cfe030:   000000007a000004 0000000000000000
0x00000053b0cfe040:   0000000000000000 0000024c71845238
0x00000053b0cfe050:   0000000000135e60 0000000000000000
0x00000053b0cfe060:   0000000000000015 0000000000000000
0x00000053b0cfe070:   0000000000000000 00000053b0cfe190
0x00000053b0cfe080:   0000024c704d8430 00007ffbd5d0769c
0x00000053b0cfe090:   0000024c00000016 0000024c71756260
0x00000053b0cfe0a0:   0000000000000000 000000007a000000
0x00000053b0cfe0b0:   0000005300000958 0000b80219890000
0x00000053b0cfe0c0:   0000000000000000 0000024c4a090000
0x00000053b0cfe0d0:   0000000000000000 000000007a000004
0x00000053b0cfe0e0:   00000000000004b4 0000000000000000 

Instructions: (pc=0x00007ffbd5ed2c4c)
0x00007ffbd5ed2b4c:   41 bf 20 00 00 00 48 8b 04 38 4d 8b 3c 07 0f b6
0x00007ffbd5ed2b5c:   bc 24 b0 00 00 00 4c 3b 3d d7 f8 cb 00 41 0f 44
0x00007ffbd5ed2b6c:   e9 89 ac 24 a0 00 00 00 48 85 c9 0f 84 d4 07 00
0x00007ffbd5ed2b7c:   00 0f 1f 00 4c 8b f1 4c 8d a1 c8 05 00 00 49 8b
0x00007ffbd5ed2b8c:   04 24 48 89 84 24 a8 00 00 00 40 84 ff 74 10 48
0x00007ffbd5ed2b9c:   8b d1 48 8b 09 e8 ea 8d e3 ff e9 4f 07 00 00 8b
0x00007ffbd5ed2bac:   96 d0 01 00 00 48 8b 05 58 dd bb 00 83 b8 64 03
0x00007ffbd5ed2bbc:   00 00 02 0f 85 19 02 00 00 83 fa 10 73 0e 48 8d
0x00007ffbd5ed2bcc:   42 04 48 8d 04 c2 48 8d 04 c1 eb 60 8d 4a f0 8b
0x00007ffbd5ed2bdc:   c1 c1 e8 04 83 f8 03 73 1d 0f ae e8 83 e1 0f 4d
0x00007ffbd5ed2bec:   8b 84 c6 80 05 00 00 4d 85 c0 74 25 48 8d 0c c9
0x00007ffbd5ed2bfc:   49 8d 04 c8 eb 36 49 8b 86 98 05 00 00 48 85 c0
0x00007ffbd5ed2c0c:   74 0f 66 90 39 10 74 2f 48 8b 40 50 48 85 c0 75
0x00007ffbd5ed2c1c:   f3 41 80 be a0 05 00 00 00 74 22 8b c2 83 e0 0f
0x00007ffbd5ed2c2c:   48 8d 04 c0 48 8d 40 20 49 8d 04 c6 48 85 c0 74
0x00007ffbd5ed2c3c:   0c 48 8b 48 08 eb 09 48 83 c0 08 eb ef 49 8b c9
0x00007ffbd5ed2c4c:   49 3b 8f f8 56 03 00 0f 86 85 01 00 00 83 fa 10
0x00007ffbd5ed2c5c:   73 0a 48 8d 42 04 48 8d 04 c2 eb 5c 8d 4a f0 8b
0x00007ffbd5ed2c6c:   c1 c1 e8 04 83 f8 03 73 1d 0f ae e8 83 e1 0f 4d
0x00007ffbd5ed2c7c:   8b 84 c6 80 05 00 00 4d 85 c0 74 25 48 8d 0c c9
0x00007ffbd5ed2c8c:   49 8d 04 c8 eb 36 49 8b 86 98 05 00 00 48 85 c0
0x00007ffbd5ed2c9c:   74 0f 66 90 39 10 74 2f 48 8b 40 50 48 85 c0 75
0x00007ffbd5ed2cac:   f3 41 80 be a0 05 00 00 00 74 22 8b c2 83 e0 0f
0x00007ffbd5ed2cbc:   48 8d 04 c0 48 8d 40 20 49 8d 04 c6 48 85 c0 74
0x00007ffbd5ed2ccc:   0c 48 8b 48 08 eb 09 48 83 c0 08 eb ef 49 8b c9
0x00007ffbd5ed2cdc:   49 3b 8e 40 06 00 00 0f 86 f5 00 00 00 48 8b 86
0x00007ffbd5ed2cec:   80 02 00 00 49 89 04 24 4c 89 b6 80 02 00 00 ff
0x00007ffbd5ed2cfc:   86 88 02 00 00 ba 01 00 00 00 49 8b 4e 08 e8 41
0x00007ffbd5ed2d0c:   28 59 00 0f b7 c8 48 2b c1 48 05 00 00 01 00 48
0x00007ffbd5ed2d1c:   01 86 90 02 00 00 ba 01 00 00 00 49 8b 4e 08 e8
0x00007ffbd5ed2d2c:   20 28 59 00 48 01 86 a0 02 00 00 85 ed 74 75 49
0x00007ffbd5ed2d3c:   8b 9f 58 4f 03 00 0f 57 c0 f3 0f 7f 44 24 30 c7 


Stack slot to memory mapping:
stack at sp + 0 slots: 0x0000024c702d97d0 points into unknown readable memory: 0xffffffffffffffff | ff ff ff ff ff ff ff ff
stack at sp + 1 slots: 0x00007ffc6628d479 USER32.dll
stack at sp + 2 slots: 0x00000053b0cfe088 points into unknown readable memory: 0x00007ffbd5d0769c | 9c 76 d0 d5 fb 7f 00 00
stack at sp + 3 slots: 0x0 is NULL
stack at sp + 4 slots: 0x0000000000000054 is an unknown value
stack at sp + 5 slots: 0x0000024c702d97d0 points into unknown readable memory: 0xffffffffffffffff | ff ff ff ff ff ff ff ff
stack at sp + 6 slots: 0x0 is NULL
stack at sp + 7 slots: 0x00007ffc67bb0ef4 ntdll.dll

VM_Operation (0x00000053b2bfeb80): Exit, mode: safepoint, requested by thread 0x0000024c6fd7b650


---------------  P R O C E S S  ---------------

Threads class SMR info:
_java_thread_list=0x0000024c71e584f0, length=16, elements={
0x0000024c6ee62390, 0x0000024c6ee62ea0, 0x0000024c6ee73df0, 0x0000024c6ee76710,
0x0000024c6ee79030, 0x0000024c6ee7ad50, 0x0000024c6ee7ee90, 0x0000024c6ee894c0,
0x0000024c6ee91a10, 0x0000024c6f90a780, 0x0000024c6f910570, 0x0000024c6fd79670,
0x0000024c6fd78bd0, 0x0000024c6fd7b650, 0x0000024c6fd78680, 0x0000024c6f86e490
}

Java Threads: ( => current thread )
  0x0000024c6ee62390 JavaThread "Reference Handler" daemon [_thread_blocked, id=21608, stack(0x00000053b0d00000,0x00000053b0e00000)]
  0x0000024c6ee62ea0 JavaThread "Finalizer" daemon [_thread_blocked, id=14896, stack(0x00000053b0e00000,0x00000053b0f00000)]
  0x0000024c6ee73df0 JavaThread "Signal Dispatcher" daemon [_thread_blocked, id=34904, stack(0x00000053b0f00000,0x00000053b1000000)]
  0x0000024c6ee76710 JavaThread "Attach Listener" daemon [_thread_blocked, id=6248, stack(0x00000053b1000000,0x00000053b1100000)]
  0x0000024c6ee79030 JavaThread "Service Thread" daemon [_thread_blocked, id=37488, stack(0x00000053b1100000,0x00000053b1200000)]
  0x0000024c6ee7ad50 JavaThread "Monitor Deflation Thread" daemon [_thread_blocked, id=35424, stack(0x00000053b1200000,0x00000053b1300000)]
  0x0000024c6ee7ee90 JavaThread "C2 CompilerThread0" daemon [_thread_blocked, id=31696, stack(0x00000053b1300000,0x00000053b1400000)]
  0x0000024c6ee894c0 JavaThread "C1 CompilerThread0" daemon [_thread_blocked, id=20524, stack(0x00000053b1400000,0x00000053b1500000)]
  0x0000024c6ee91a10 JavaThread "Sweeper thread" daemon [_thread_blocked, id=5284, stack(0x00000053b1500000,0x00000053b1600000)]
  0x0000024c6f90a780 JavaThread "Notification Thread" daemon [_thread_blocked, id=3396, stack(0x00000053b1600000,0x00000053b1700000)]
  0x0000024c6f910570 JavaThread "Common-Cleaner" daemon [_thread_blocked, id=12536, stack(0x00000053b1800000,0x00000053b1900000)]
  0x0000024c6fd79670 JavaThread "Java2D Disposer" daemon [_thread_blocked, id=41024, stack(0x00000053b1a00000,0x00000053b1b00000)]
  0x0000024c6fd78bd0 JavaThread "HighResTimerThread" daemon [_thread_blocked, id=12576, stack(0x00000053b2900000,0x00000053b2a00000)]
  0x0000024c6fd7b650 JavaThread "main-FPSAWTAnimator#00-Timer0" [_thread_blocked, id=22968, stack(0x00000053b2b00000,0x00000053b2c00000)]
  0x0000024c6fd78680 JavaThread "DestroyJavaVM" [_thread_blocked, id=21848, stack(0x00000053b0600000,0x00000053b0700000)]
  0x0000024c6f86e490 JavaThread "AWT-Shutdown" [_thread_blocked, id=40148, stack(0x00000053b2a00000,0x00000053b2b00000)]

Other Threads:
=>0x0000024c6ee5c980 VMThread "VM Thread" [stack: 0x00000053b0c00000,0x00000053b0d00000] [id=37824]
  0x0000024c4a3cee60 GCTaskThread "GC Thread#0" [stack: 0x00000053b0700000,0x00000053b0800000] [id=37060]
  0x0000024c715b0fa0 GCTaskThread "GC Thread#1" [stack: 0x00000053b2300000,0x00000053b2400000] [id=27412]
  0x0000024c715b1f40 GCTaskThread "GC Thread#2" [stack: 0x00000053b2400000,0x00000053b2500000] [id=41672]
  0x0000024c715b2250 GCTaskThread "GC Thread#3" [stack: 0x00000053b2500000,0x00000053b2600000] [id=2544]
  0x0000024c715b1610 GCTaskThread "GC Thread#4" [stack: 0x00000053b2600000,0x00000053b2700000] [id=19872]
  0x0000024c715b1920 GCTaskThread "GC Thread#5" [stack: 0x00000053b2700000,0x00000053b2800000] [id=2736]
  0x0000024c715b1c30 GCTaskThread "GC Thread#6" [stack: 0x00000053b2800000,0x00000053b2900000] [id=31184]
  0x0000024c7048b210 GCTaskThread "GC Thread#7" [stack: 0x00000053b1900000,0x00000053b1a00000] [id=7504]
  0x0000024c4a3e12b0 ConcurrentGCThread "G1 Main Marker" terminated
  0x0000024c4a3e1cb0 ConcurrentGCThread "G1 Conc#0" [stack: 0x00000053b0900000,0x00000053b0a00000] [id=17628]
  0x0000024c4a458450 ConcurrentGCThread "G1 Refine#0" terminated
  0x0000024c6ed120c0 ConcurrentGCThread "G1 Service" terminated

Threads with active compile tasks:

VM state: at safepoint (shutting down)

VM Mutex/Monitor currently owned by a thread:  ([mutex/lock_event])
[0x0000024c4a379a30] Threads_lock - owner thread: 0x0000024c6ee5c980
[0x0000024c4a37a4e0] Heap_lock - owner thread: 0x0000024c6fd7b650

Heap address: 0x0000000703a00000, size: 4038 MB, Compressed Oops mode: Zero based, Oop shift amount: 3

CDS archive(s) mapped at: [0x0000000800000000-0x0000000800bb0000-0x0000000800bb0000), size 12255232, SharedBaseAddress: 0x0000000800000000, ArchiveRelocationMode: 0.
Compressed class space mapped at: 0x0000000800c00000-0x0000000840c00000, reserved size: 1073741824
Narrow klass base: 0x0000000800000000, Narrow klass shift: 3, Narrow klass range: 0x100000000

GC Precious Log:
 CPUs: 8 total, 8 available
 Memory: 16149M
 Large Page Support: Disabled
 NUMA Support: Disabled
 Compressed Oops: Enabled (Zero based)
 Heap Region Size: 2M
 Heap Min Capacity: 8M
 Heap Initial Capacity: 254M
 Heap Max Capacity: 4038M
 Pre-touch: Disabled
 Parallel Workers: 8
 Concurrent Workers: 2
 Concurrent Refinement Workers: 8
 Periodic GC: Disabled

Heap:
 garbage-first heap   total 452608K, used 211756K [0x0000000703a00000, 0x0000000800000000)
  region size 2048K, 102 young (208896K), 1 survivors (2048K)
 Metaspace       used 12860K, committed 12992K, reserved 1064960K
  class space    used 887K, committed 960K, reserved 1048576K

Heap Regions: E=young(eden), S=young(survivor), O=old, HS=humongous(starts), HC=humongous(continues), CS=collection set, F=free, OA=open archive, CA=closed archive, TAMS=top-at-mark-start (previous, next)
|   0|0x0000000703a00000, 0x0000000703c00000, 0x0000000703c00000|100%| O|  |TAMS 0x0000000703a00000, 0x0000000703a00000| Untracked 
|   1|0x0000000703c00000, 0x0000000703e00000, 0x0000000703e00000|100%| O|  |TAMS 0x0000000703c00000, 0x0000000703c00000| Untracked 
|   2|0x0000000703e00000, 0x0000000704000000, 0x0000000704000000|100%| O|  |TAMS 0x0000000703e00000, 0x0000000703e00000| Untracked 
|   3|0x0000000704000000, 0x00000007040c3800, 0x0000000704200000| 38%| O|  |TAMS 0x0000000704000000, 0x0000000704000000| Untracked 
|   4|0x0000000704200000, 0x0000000704200000, 0x0000000704400000|  0%| F|  |TAMS 0x0000000704200000, 0x0000000704200000| Untracked 
|   5|0x0000000704400000, 0x0000000704400000, 0x0000000704600000|  0%| F|  |TAMS 0x0000000704400000, 0x0000000704400000| Untracked 
|   6|0x0000000704600000, 0x0000000704600000, 0x0000000704800000|  0%| F|  |TAMS 0x0000000704600000, 0x0000000704600000| Untracked 
|   7|0x0000000704800000, 0x0000000704800000, 0x0000000704a00000|  0%| F|  |TAMS 0x0000000704800000, 0x0000000704800000| Untracked 
|   8|0x0000000704a00000, 0x0000000704a00000, 0x0000000704c00000|  0%| F|  |TAMS 0x0000000704a00000, 0x0000000704a00000| Untracked 
|   9|0x0000000704c00000, 0x0000000704c00000, 0x0000000704e00000|  0%| F|  |TAMS 0x0000000704c00000, 0x0000000704c00000| Untracked 
|  10|0x0000000704e00000, 0x0000000704e00000, 0x0000000705000000|  0%| F|  |TAMS 0x0000000704e00000, 0x0000000704e00000| Untracked 
|  11|0x0000000705000000, 0x0000000705000000, 0x0000000705200000|  0%| F|  |TAMS 0x0000000705000000, 0x0000000705000000| Untracked 
|  12|0x0000000705200000, 0x0000000705200000, 0x0000000705400000|  0%| F|  |TAMS 0x0000000705200000, 0x0000000705200000| Untracked 
|  13|0x0000000705400000, 0x0000000705400000, 0x0000000705600000|  0%| F|  |TAMS 0x0000000705400000, 0x0000000705400000| Untracked 
|  14|0x0000000705600000, 0x0000000705600000, 0x0000000705800000|  0%| F|  |TAMS 0x0000000705600000, 0x0000000705600000| Untracked 
|  15|0x0000000705800000, 0x0000000705800000, 0x0000000705a00000|  0%| F|  |TAMS 0x0000000705800000, 0x0000000705800000| Untracked 
|  16|0x0000000705a00000, 0x0000000705a00000, 0x0000000705c00000|  0%| F|  |TAMS 0x0000000705a00000, 0x0000000705a00000| Untracked 
|  17|0x0000000705c00000, 0x0000000705c00000, 0x0000000705e00000|  0%| F|  |TAMS 0x0000000705c00000, 0x0000000705c00000| Untracked 
|  18|0x0000000705e00000, 0x0000000705e00000, 0x0000000706000000|  0%| F|  |TAMS 0x0000000705e00000, 0x0000000705e00000| Untracked 
|  19|0x0000000706000000, 0x0000000706000000, 0x0000000706200000|  0%| F|  |TAMS 0x0000000706000000, 0x0000000706000000| Untracked 
|  20|0x0000000706200000, 0x0000000706200000, 0x0000000706400000|  0%| F|  |TAMS 0x0000000706200000, 0x0000000706200000| Untracked 
|  21|0x0000000706400000, 0x0000000706400000, 0x0000000706600000|  0%| F|  |TAMS 0x0000000706400000, 0x0000000706400000| Untracked 
|  22|0x0000000706600000, 0x0000000706600000, 0x0000000706800000|  0%| F|  |TAMS 0x0000000706600000, 0x0000000706600000| Untracked 
|  23|0x0000000706800000, 0x0000000706800000, 0x0000000706a00000|  0%| F|  |TAMS 0x0000000706800000, 0x0000000706800000| Untracked 
|  24|0x0000000706a00000, 0x0000000706a00000, 0x0000000706c00000|  0%| F|  |TAMS 0x0000000706a00000, 0x0000000706a00000| Untracked 
|  25|0x0000000706c00000, 0x0000000706c00000, 0x0000000706e00000|  0%| F|  |TAMS 0x0000000706c00000, 0x0000000706c00000| Untracked 
|  26|0x0000000706e00000, 0x0000000706e00000, 0x0000000707000000|  0%| F|  |TAMS 0x0000000706e00000, 0x0000000706e00000| Untracked 
|  27|0x0000000707000000, 0x0000000707000000, 0x0000000707200000|  0%| F|  |TAMS 0x0000000707000000, 0x0000000707000000| Untracked 
|  28|0x0000000707200000, 0x0000000707200000, 0x0000000707400000|  0%| F|  |TAMS 0x0000000707200000, 0x0000000707200000| Untracked 
|  29|0x0000000707400000, 0x0000000707400000, 0x0000000707600000|  0%| F|  |TAMS 0x0000000707400000, 0x0000000707400000| Untracked 
|  30|0x0000000707600000, 0x0000000707600000, 0x0000000707800000|  0%| F|  |TAMS 0x0000000707600000, 0x0000000707600000| Untracked 
|  31|0x0000000707800000, 0x0000000707800000, 0x0000000707a00000|  0%| F|  |TAMS 0x0000000707800000, 0x0000000707800000| Untracked 
|  32|0x0000000707a00000, 0x0000000707a00000, 0x0000000707c00000|  0%| F|  |TAMS 0x0000000707a00000, 0x0000000707a00000| Untracked 
|  33|0x0000000707c00000, 0x0000000707c00000, 0x0000000707e00000|  0%| F|  |TAMS 0x0000000707c00000, 0x0000000707c00000| Untracked 
|  34|0x0000000707e00000, 0x0000000707e00000, 0x0000000708000000|  0%| F|  |TAMS 0x0000000707e00000, 0x0000000707e00000| Untracked 
|  35|0x0000000708000000, 0x0000000708000000, 0x0000000708200000|  0%| F|  |TAMS 0x0000000708000000, 0x0000000708000000| Untracked 
|  36|0x0000000708200000, 0x0000000708200000, 0x0000000708400000|  0%| F|  |TAMS 0x0000000708200000, 0x0000000708200000| Untracked 
|  37|0x0000000708400000, 0x0000000708400000, 0x0000000708600000|  0%| F|  |TAMS 0x0000000708400000, 0x0000000708400000| Untracked 
|  38|0x0000000708600000, 0x0000000708600000, 0x0000000708800000|  0%| F|  |TAMS 0x0000000708600000, 0x0000000708600000| Untracked 
|  39|0x0000000708800000, 0x0000000708800000, 0x0000000708a00000|  0%| F|  |TAMS 0x0000000708800000, 0x0000000708800000| Untracked 
|  40|0x0000000708a00000, 0x0000000708a00000, 0x0000000708c00000|  0%| F|  |TAMS 0x0000000708a00000, 0x0000000708a00000| Untracked 
|  41|0x0000000708c00000, 0x0000000708c00000, 0x0000000708e00000|  0%| F|  |TAMS 0x0000000708c00000, 0x0000000708c00000| Untracked 
|  42|0x0000000708e00000, 0x0000000708e00000, 0x0000000709000000|  0%| F|  |TAMS 0x0000000708e00000, 0x0000000708e00000| Untracked 
|  43|0x0000000709000000, 0x0000000709000000, 0x0000000709200000|  0%| F|  |TAMS 0x0000000709000000, 0x0000000709000000| Untracked 
|  44|0x0000000709200000, 0x0000000709200000, 0x0000000709400000|  0%| F|  |TAMS 0x0000000709200000, 0x0000000709200000| Untracked 
|  45|0x0000000709400000, 0x0000000709400000, 0x0000000709600000|  0%| F|  |TAMS 0x0000000709400000, 0x0000000709400000| Untracked 
|  46|0x0000000709600000, 0x0000000709600000, 0x0000000709800000|  0%| F|  |TAMS 0x0000000709600000, 0x0000000709600000| Untracked 
|  47|0x0000000709800000, 0x0000000709800000, 0x0000000709a00000|  0%| F|  |TAMS 0x0000000709800000, 0x0000000709800000| Untracked 
|  48|0x0000000709a00000, 0x0000000709a00000, 0x0000000709c00000|  0%| F|  |TAMS 0x0000000709a00000, 0x0000000709a00000| Untracked 
|  49|0x0000000709c00000, 0x0000000709c00000, 0x0000000709e00000|  0%| F|  |TAMS 0x0000000709c00000, 0x0000000709c00000| Untracked 
|  50|0x0000000709e00000, 0x0000000709e00000, 0x000000070a000000|  0%| F|  |TAMS 0x0000000709e00000, 0x0000000709e00000| Untracked 
|  51|0x000000070a000000, 0x000000070a000000, 0x000000070a200000|  0%| F|  |TAMS 0x000000070a000000, 0x000000070a000000| Untracked 
|  52|0x000000070a200000, 0x000000070a200000, 0x000000070a400000|  0%| F|  |TAMS 0x000000070a200000, 0x000000070a200000| Untracked 
|  53|0x000000070a400000, 0x000000070a400000, 0x000000070a600000|  0%| F|  |TAMS 0x000000070a400000, 0x000000070a400000| Untracked 
|  54|0x000000070a600000, 0x000000070a600000, 0x000000070a800000|  0%| F|  |TAMS 0x000000070a600000, 0x000000070a600000| Untracked 
|  55|0x000000070a800000, 0x000000070a800000, 0x000000070aa00000|  0%| F|  |TAMS 0x000000070a800000, 0x000000070a800000| Untracked 
|  56|0x000000070aa00000, 0x000000070aa00000, 0x000000070ac00000|  0%| F|  |TAMS 0x000000070aa00000, 0x000000070aa00000| Untracked 
|  57|0x000000070ac00000, 0x000000070ac00000, 0x000000070ae00000|  0%| F|  |TAMS 0x000000070ac00000, 0x000000070ac00000| Untracked 
|  58|0x000000070ae00000, 0x000000070ae00000, 0x000000070b000000|  0%| F|  |TAMS 0x000000070ae00000, 0x000000070ae00000| Untracked 
|  59|0x000000070b000000, 0x000000070b000000, 0x000000070b200000|  0%| F|  |TAMS 0x000000070b000000, 0x000000070b000000| Untracked 
|  60|0x000000070b200000, 0x000000070b200000, 0x000000070b400000|  0%| F|  |TAMS 0x000000070b200000, 0x000000070b200000| Untracked 
|  61|0x000000070b400000, 0x000000070b400000, 0x000000070b600000|  0%| F|  |TAMS 0x000000070b400000, 0x000000070b400000| Untracked 
|  62|0x000000070b600000, 0x000000070b600000, 0x000000070b800000|  0%| F|  |TAMS 0x000000070b600000, 0x000000070b600000| Untracked 
|  63|0x000000070b800000, 0x000000070b800000, 0x000000070ba00000|  0%| F|  |TAMS 0x000000070b800000, 0x000000070b800000| Untracked 
|  64|0x000000070ba00000, 0x000000070ba00000, 0x000000070bc00000|  0%| F|  |TAMS 0x000000070ba00000, 0x000000070ba00000| Untracked 
|  65|0x000000070bc00000, 0x000000070bc00000, 0x000000070be00000|  0%| F|  |TAMS 0x000000070bc00000, 0x000000070bc00000| Untracked 
|  66|0x000000070be00000, 0x000000070be00000, 0x000000070c000000|  0%| F|  |TAMS 0x000000070be00000, 0x000000070be00000| Untracked 
|  67|0x000000070c000000, 0x000000070c000000, 0x000000070c200000|  0%| F|  |TAMS 0x000000070c000000, 0x000000070c000000| Untracked 
|  68|0x000000070c200000, 0x000000070c200000, 0x000000070c400000|  0%| F|  |TAMS 0x000000070c200000, 0x000000070c200000| Untracked 
|  69|0x000000070c400000, 0x000000070c400000, 0x000000070c600000|  0%| F|  |TAMS 0x000000070c400000, 0x000000070c400000| Untracked 
|  70|0x000000070c600000, 0x000000070c600000, 0x000000070c800000|  0%| F|  |TAMS 0x000000070c600000, 0x000000070c600000| Untracked 
|  71|0x000000070c800000, 0x000000070c800000, 0x000000070ca00000|  0%| F|  |TAMS 0x000000070c800000, 0x000000070c800000| Untracked 
|  72|0x000000070ca00000, 0x000000070ca00000, 0x000000070cc00000|  0%| F|  |TAMS 0x000000070ca00000, 0x000000070ca00000| Untracked 
|  73|0x000000070cc00000, 0x000000070cc00000, 0x000000070ce00000|  0%| F|  |TAMS 0x000000070cc00000, 0x000000070cc00000| Untracked 
|  74|0x000000070ce00000, 0x000000070ce00000, 0x000000070d000000|  0%| F|  |TAMS 0x000000070ce00000, 0x000000070ce00000| Untracked 
|  75|0x000000070d000000, 0x000000070d000000, 0x000000070d200000|  0%| F|  |TAMS 0x000000070d000000, 0x000000070d000000| Untracked 
|  76|0x000000070d200000, 0x000000070d200000, 0x000000070d400000|  0%| F|  |TAMS 0x000000070d200000, 0x000000070d200000| Untracked 
|  77|0x000000070d400000, 0x000000070d400000, 0x000000070d600000|  0%| F|  |TAMS 0x000000070d400000, 0x000000070d400000| Untracked 
|  78|0x000000070d600000, 0x000000070d600000, 0x000000070d800000|  0%| F|  |TAMS 0x000000070d600000, 0x000000070d600000| Untracked 
|  79|0x000000070d800000, 0x000000070d800000, 0x000000070da00000|  0%| F|  |TAMS 0x000000070d800000, 0x000000070d800000| Untracked 
|  80|0x000000070da00000, 0x000000070da00000, 0x000000070dc00000|  0%| F|  |TAMS 0x000000070da00000, 0x000000070da00000| Untracked 
|  81|0x000000070dc00000, 0x000000070dc00000, 0x000000070de00000|  0%| F|  |TAMS 0x000000070dc00000, 0x000000070dc00000| Untracked 
|  82|0x000000070de00000, 0x000000070de00000, 0x000000070e000000|  0%| F|  |TAMS 0x000000070de00000, 0x000000070de00000| Untracked 
|  83|0x000000070e000000, 0x000000070e000000, 0x000000070e200000|  0%| F|  |TAMS 0x000000070e000000, 0x000000070e000000| Untracked 
|  84|0x000000070e200000, 0x000000070e200000, 0x000000070e400000|  0%| F|  |TAMS 0x000000070e200000, 0x000000070e200000| Untracked 
|  85|0x000000070e400000, 0x000000070e400000, 0x000000070e600000|  0%| F|  |TAMS 0x000000070e400000, 0x000000070e400000| Untracked 
|  86|0x000000070e600000, 0x000000070e600000, 0x000000070e800000|  0%| F|  |TAMS 0x000000070e600000, 0x000000070e600000| Untracked 
|  87|0x000000070e800000, 0x000000070e800000, 0x000000070ea00000|  0%| F|  |TAMS 0x000000070e800000, 0x000000070e800000| Untracked 
|  88|0x000000070ea00000, 0x000000070ea078f0, 0x000000070ec00000|  1%| S|CS|TAMS 0x000000070ea00000, 0x000000070ea00000| Complete 
|  89|0x000000070ec00000, 0x000000070ec00000, 0x000000070ee00000|  0%| F|  |TAMS 0x000000070ec00000, 0x000000070ec00000| Untracked 
|  90|0x000000070ee00000, 0x000000070ee00000, 0x000000070f000000|  0%| F|  |TAMS 0x000000070ee00000, 0x000000070ee00000| Untracked 
|  91|0x000000070f000000, 0x000000070f000000, 0x000000070f200000|  0%| F|  |TAMS 0x000000070f000000, 0x000000070f000000| Untracked 
|  92|0x000000070f200000, 0x000000070f200000, 0x000000070f400000|  0%| F|  |TAMS 0x000000070f200000, 0x000000070f200000| Untracked 
|  93|0x000000070f400000, 0x000000070f400000, 0x000000070f600000|  0%| F|  |TAMS 0x000000070f400000, 0x000000070f400000| Untracked 
|  94|0x000000070f600000, 0x000000070f600000, 0x000000070f800000|  0%| F|  |TAMS 0x000000070f600000, 0x000000070f600000| Untracked 
|  95|0x000000070f800000, 0x000000070f800000, 0x000000070fa00000|  0%| F|  |TAMS 0x000000070f800000, 0x000000070f800000| Untracked 
|  96|0x000000070fa00000, 0x000000070fa00000, 0x000000070fc00000|  0%| F|  |TAMS 0x000000070fa00000, 0x000000070fa00000| Untracked 
|  97|0x000000070fc00000, 0x000000070fc00000, 0x000000070fe00000|  0%| F|  |TAMS 0x000000070fc00000, 0x000000070fc00000| Untracked 
|  98|0x000000070fe00000, 0x000000070fe00000, 0x0000000710000000|  0%| F|  |TAMS 0x000000070fe00000, 0x000000070fe00000| Untracked 
|  99|0x0000000710000000, 0x0000000710000000, 0x0000000710200000|  0%| F|  |TAMS 0x0000000710000000, 0x0000000710000000| Untracked 
| 100|0x0000000710200000, 0x0000000710200000, 0x0000000710400000|  0%| F|  |TAMS 0x0000000710200000, 0x0000000710200000| Untracked 
| 101|0x0000000710400000, 0x0000000710400000, 0x0000000710600000|  0%| F|  |TAMS 0x0000000710400000, 0x0000000710400000| Untracked 
| 102|0x0000000710600000, 0x0000000710600000, 0x0000000710800000|  0%| F|  |TAMS 0x0000000710600000, 0x0000000710600000| Untracked 
| 103|0x0000000710800000, 0x0000000710800000, 0x0000000710a00000|  0%| F|  |TAMS 0x0000000710800000, 0x0000000710800000| Untracked 
| 104|0x0000000710a00000, 0x0000000710a00000, 0x0000000710c00000|  0%| F|  |TAMS 0x0000000710a00000, 0x0000000710a00000| Untracked 
| 105|0x0000000710c00000, 0x0000000710c00000, 0x0000000710e00000|  0%| F|  |TAMS 0x0000000710c00000, 0x0000000710c00000| Untracked 
| 106|0x0000000710e00000, 0x0000000710e00000, 0x0000000711000000|  0%| F|  |TAMS 0x0000000710e00000, 0x0000000710e00000| Untracked 
| 107|0x0000000711000000, 0x0000000711000000, 0x0000000711200000|  0%| F|  |TAMS 0x0000000711000000, 0x0000000711000000| Untracked 
| 108|0x0000000711200000, 0x0000000711200000, 0x0000000711400000|  0%| F|  |TAMS 0x0000000711200000, 0x0000000711200000| Untracked 
| 109|0x0000000711400000, 0x0000000711400000, 0x0000000711600000|  0%| F|  |TAMS 0x0000000711400000, 0x0000000711400000| Untracked 
| 110|0x0000000711600000, 0x0000000711600000, 0x0000000711800000|  0%| F|  |TAMS 0x0000000711600000, 0x0000000711600000| Untracked 
| 111|0x0000000711800000, 0x0000000711800000, 0x0000000711a00000|  0%| F|  |TAMS 0x0000000711800000, 0x0000000711800000| Untracked 
| 112|0x0000000711a00000, 0x0000000711a00000, 0x0000000711c00000|  0%| F|  |TAMS 0x0000000711a00000, 0x0000000711a00000| Untracked 
| 113|0x0000000711c00000, 0x0000000711c00000, 0x0000000711e00000|  0%| F|  |TAMS 0x0000000711c00000, 0x0000000711c00000| Untracked 
| 114|0x0000000711e00000, 0x0000000711e00000, 0x0000000712000000|  0%| F|  |TAMS 0x0000000711e00000, 0x0000000711e00000| Untracked 
| 115|0x0000000712000000, 0x0000000712000000, 0x0000000712200000|  0%| F|  |TAMS 0x0000000712000000, 0x0000000712000000| Untracked 
| 116|0x0000000712200000, 0x0000000712200000, 0x0000000712400000|  0%| F|  |TAMS 0x0000000712200000, 0x0000000712200000| Untracked 
| 117|0x0000000712400000, 0x0000000712400000, 0x0000000712600000|  0%| F|  |TAMS 0x0000000712400000, 0x0000000712400000| Untracked 
| 118|0x0000000712600000, 0x0000000712600000, 0x0000000712800000|  0%| F|  |TAMS 0x0000000712600000, 0x0000000712600000| Untracked 
| 119|0x0000000712800000, 0x0000000712800000, 0x0000000712a00000|  0%| F|  |TAMS 0x0000000712800000, 0x0000000712800000| Untracked 
| 120|0x0000000712a00000, 0x0000000712c00000, 0x0000000712c00000|100%| E|  |TAMS 0x0000000712a00000, 0x0000000712a00000| Complete 
| 121|0x0000000712c00000, 0x0000000712e00000, 0x0000000712e00000|100%| E|CS|TAMS 0x0000000712c00000, 0x0000000712c00000| Complete 
| 122|0x0000000712e00000, 0x0000000713000000, 0x0000000713000000|100%| E|CS|TAMS 0x0000000712e00000, 0x0000000712e00000| Complete 
| 123|0x0000000713000000, 0x0000000713200000, 0x0000000713200000|100%| E|CS|TAMS 0x0000000713000000, 0x0000000713000000| Complete 
| 124|0x0000000713200000, 0x0000000713400000, 0x0000000713400000|100%| E|CS|TAMS 0x0000000713200000, 0x0000000713200000| Complete 
| 125|0x0000000713400000, 0x0000000713600000, 0x0000000713600000|100%| E|CS|TAMS 0x0000000713400000, 0x0000000713400000| Complete 
| 126|0x0000000713600000, 0x0000000713800000, 0x0000000713800000|100%| E|CS|TAMS 0x0000000713600000, 0x0000000713600000| Complete 
| 127|0x0000000713800000, 0x0000000713a00000, 0x0000000713a00000|100%| E|CS|TAMS 0x0000000713800000, 0x0000000713800000| Complete 
| 128|0x0000000713a00000, 0x0000000713c00000, 0x0000000713c00000|100%| E|CS|TAMS 0x0000000713a00000, 0x0000000713a00000| Complete 
| 129|0x0000000713c00000, 0x0000000713e00000, 0x0000000713e00000|100%| E|CS|TAMS 0x0000000713c00000, 0x0000000713c00000| Complete 
| 130|0x0000000713e00000, 0x0000000714000000, 0x0000000714000000|100%| E|CS|TAMS 0x0000000713e00000, 0x0000000713e00000| Complete 
| 131|0x0000000714000000, 0x0000000714200000, 0x0000000714200000|100%| E|CS|TAMS 0x0000000714000000, 0x0000000714000000| Complete 
| 132|0x0000000714200000, 0x0000000714400000, 0x0000000714400000|100%| E|CS|TAMS 0x0000000714200000, 0x0000000714200000| Complete 
| 133|0x0000000714400000, 0x0000000714600000, 0x0000000714600000|100%| E|CS|TAMS 0x0000000714400000, 0x0000000714400000| Complete 
| 134|0x0000000714600000, 0x0000000714800000, 0x0000000714800000|100%| E|CS|TAMS 0x0000000714600000, 0x0000000714600000| Complete 
| 135|0x0000000714800000, 0x0000000714a00000, 0x0000000714a00000|100%| E|CS|TAMS 0x0000000714800000, 0x0000000714800000| Complete 
| 136|0x0000000714a00000, 0x0000000714c00000, 0x0000000714c00000|100%| E|CS|TAMS 0x0000000714a00000, 0x0000000714a00000| Complete 
| 137|0x0000000714c00000, 0x0000000714e00000, 0x0000000714e00000|100%| E|CS|TAMS 0x0000000714c00000, 0x0000000714c00000| Complete 
| 138|0x0000000714e00000, 0x0000000715000000, 0x0000000715000000|100%| E|CS|TAMS 0x0000000714e00000, 0x0000000714e00000| Complete 
| 139|0x0000000715000000, 0x0000000715200000, 0x0000000715200000|100%| E|CS|TAMS 0x0000000715000000, 0x0000000715000000| Complete 
| 140|0x0000000715200000, 0x0000000715400000, 0x0000000715400000|100%| E|CS|TAMS 0x0000000715200000, 0x0000000715200000| Complete 
| 141|0x0000000715400000, 0x0000000715600000, 0x0000000715600000|100%| E|CS|TAMS 0x0000000715400000, 0x0000000715400000| Complete 
| 142|0x0000000715600000, 0x0000000715800000, 0x0000000715800000|100%| E|CS|TAMS 0x0000000715600000, 0x0000000715600000| Complete 
| 143|0x0000000715800000, 0x0000000715a00000, 0x0000000715a00000|100%| E|CS|TAMS 0x0000000715800000, 0x0000000715800000| Complete 
| 144|0x0000000715a00000, 0x0000000715c00000, 0x0000000715c00000|100%| E|CS|TAMS 0x0000000715a00000, 0x0000000715a00000| Complete 
| 145|0x0000000715c00000, 0x0000000715e00000, 0x0000000715e00000|100%| E|CS|TAMS 0x0000000715c00000, 0x0000000715c00000| Complete 
| 146|0x0000000715e00000, 0x0000000716000000, 0x0000000716000000|100%| E|CS|TAMS 0x0000000715e00000, 0x0000000715e00000| Complete 
| 147|0x0000000716000000, 0x0000000716200000, 0x0000000716200000|100%| E|CS|TAMS 0x0000000716000000, 0x0000000716000000| Complete 
| 148|0x0000000716200000, 0x0000000716400000, 0x0000000716400000|100%| E|CS|TAMS 0x0000000716200000, 0x0000000716200000| Complete 
| 149|0x0000000716400000, 0x0000000716600000, 0x0000000716600000|100%| E|CS|TAMS 0x0000000716400000, 0x0000000716400000| Complete 
| 150|0x0000000716600000, 0x0000000716800000, 0x0000000716800000|100%| E|CS|TAMS 0x0000000716600000, 0x0000000716600000| Complete 
| 151|0x0000000716800000, 0x0000000716a00000, 0x0000000716a00000|100%| E|CS|TAMS 0x0000000716800000, 0x0000000716800000| Complete 
| 152|0x0000000716a00000, 0x0000000716c00000, 0x0000000716c00000|100%| E|CS|TAMS 0x0000000716a00000, 0x0000000716a00000| Complete 
| 153|0x0000000716c00000, 0x0000000716e00000, 0x0000000716e00000|100%| E|CS|TAMS 0x0000000716c00000, 0x0000000716c00000| Complete 
| 154|0x0000000716e00000, 0x0000000717000000, 0x0000000717000000|100%| E|CS|TAMS 0x0000000716e00000, 0x0000000716e00000| Complete 
| 155|0x0000000717000000, 0x0000000717200000, 0x0000000717200000|100%| E|CS|TAMS 0x0000000717000000, 0x0000000717000000| Complete 
| 156|0x0000000717200000, 0x0000000717400000, 0x0000000717400000|100%| E|CS|TAMS 0x0000000717200000, 0x0000000717200000| Complete 
| 157|0x0000000717400000, 0x0000000717600000, 0x0000000717600000|100%| E|CS|TAMS 0x0000000717400000, 0x0000000717400000| Complete 
| 158|0x0000000717600000, 0x0000000717800000, 0x0000000717800000|100%| E|CS|TAMS 0x0000000717600000, 0x0000000717600000| Complete 
| 159|0x0000000717800000, 0x0000000717a00000, 0x0000000717a00000|100%| E|CS|TAMS 0x0000000717800000, 0x0000000717800000| Complete 
| 160|0x0000000717a00000, 0x0000000717c00000, 0x0000000717c00000|100%| E|CS|TAMS 0x0000000717a00000, 0x0000000717a00000| Complete 
| 161|0x0000000717c00000, 0x0000000717e00000, 0x0000000717e00000|100%| E|CS|TAMS 0x0000000717c00000, 0x0000000717c00000| Complete 
| 162|0x0000000717e00000, 0x0000000718000000, 0x0000000718000000|100%| E|CS|TAMS 0x0000000717e00000, 0x0000000717e00000| Complete 
| 163|0x0000000718000000, 0x0000000718200000, 0x0000000718200000|100%| E|CS|TAMS 0x0000000718000000, 0x0000000718000000| Complete 
| 164|0x0000000718200000, 0x0000000718400000, 0x0000000718400000|100%| E|CS|TAMS 0x0000000718200000, 0x0000000718200000| Complete 
| 165|0x0000000718400000, 0x0000000718600000, 0x0000000718600000|100%| E|CS|TAMS 0x0000000718400000, 0x0000000718400000| Complete 
| 166|0x0000000718600000, 0x0000000718800000, 0x0000000718800000|100%| E|CS|TAMS 0x0000000718600000, 0x0000000718600000| Complete 
| 167|0x0000000718800000, 0x0000000718a00000, 0x0000000718a00000|100%| E|CS|TAMS 0x0000000718800000, 0x0000000718800000| Complete 
| 168|0x0000000718a00000, 0x0000000718c00000, 0x0000000718c00000|100%| E|CS|TAMS 0x0000000718a00000, 0x0000000718a00000| Complete 
| 169|0x0000000718c00000, 0x0000000718e00000, 0x0000000718e00000|100%| E|CS|TAMS 0x0000000718c00000, 0x0000000718c00000| Complete 
| 170|0x0000000718e00000, 0x0000000719000000, 0x0000000719000000|100%| E|CS|TAMS 0x0000000718e00000, 0x0000000718e00000| Complete 
| 171|0x0000000719000000, 0x0000000719200000, 0x0000000719200000|100%| E|CS|TAMS 0x0000000719000000, 0x0000000719000000| Complete 
| 172|0x0000000719200000, 0x0000000719400000, 0x0000000719400000|100%| E|CS|TAMS 0x0000000719200000, 0x0000000719200000| Complete 
| 173|0x0000000719400000, 0x0000000719600000, 0x0000000719600000|100%| E|CS|TAMS 0x0000000719400000, 0x0000000719400000| Complete 
| 174|0x0000000719600000, 0x0000000719800000, 0x0000000719800000|100%| E|CS|TAMS 0x0000000719600000, 0x0000000719600000| Complete 
| 175|0x0000000719800000, 0x0000000719a00000, 0x0000000719a00000|100%| E|CS|TAMS 0x0000000719800000, 0x0000000719800000| Complete 
| 176|0x0000000719a00000, 0x0000000719c00000, 0x0000000719c00000|100%| E|CS|TAMS 0x0000000719a00000, 0x0000000719a00000| Complete 
| 177|0x0000000719c00000, 0x0000000719e00000, 0x0000000719e00000|100%| E|CS|TAMS 0x0000000719c00000, 0x0000000719c00000| Complete 
| 178|0x0000000719e00000, 0x000000071a000000, 0x000000071a000000|100%| E|CS|TAMS 0x0000000719e00000, 0x0000000719e00000| Complete 
| 179|0x000000071a000000, 0x000000071a200000, 0x000000071a200000|100%| E|CS|TAMS 0x000000071a000000, 0x000000071a000000| Complete 
| 180|0x000000071a200000, 0x000000071a400000, 0x000000071a400000|100%| E|CS|TAMS 0x000000071a200000, 0x000000071a200000| Complete 
| 181|0x000000071a400000, 0x000000071a600000, 0x000000071a600000|100%| E|CS|TAMS 0x000000071a400000, 0x000000071a400000| Complete 
| 182|0x000000071a600000, 0x000000071a800000, 0x000000071a800000|100%| E|CS|TAMS 0x000000071a600000, 0x000000071a600000| Complete 
| 183|0x000000071a800000, 0x000000071aa00000, 0x000000071aa00000|100%| E|CS|TAMS 0x000000071a800000, 0x000000071a800000| Complete 
| 184|0x000000071aa00000, 0x000000071ac00000, 0x000000071ac00000|100%| E|CS|TAMS 0x000000071aa00000, 0x000000071aa00000| Complete 
| 185|0x000000071ac00000, 0x000000071ae00000, 0x000000071ae00000|100%| E|CS|TAMS 0x000000071ac00000, 0x000000071ac00000| Complete 
| 186|0x000000071ae00000, 0x000000071b000000, 0x000000071b000000|100%| E|CS|TAMS 0x000000071ae00000, 0x000000071ae00000| Complete 
| 187|0x000000071b000000, 0x000000071b200000, 0x000000071b200000|100%| E|CS|TAMS 0x000000071b000000, 0x000000071b000000| Complete 
| 188|0x000000071b200000, 0x000000071b400000, 0x000000071b400000|100%| E|CS|TAMS 0x000000071b200000, 0x000000071b200000| Complete 
| 189|0x000000071b400000, 0x000000071b600000, 0x000000071b600000|100%| E|CS|TAMS 0x000000071b400000, 0x000000071b400000| Complete 
| 190|0x000000071b600000, 0x000000071b800000, 0x000000071b800000|100%| E|CS|TAMS 0x000000071b600000, 0x000000071b600000| Complete 
| 191|0x000000071b800000, 0x000000071ba00000, 0x000000071ba00000|100%| E|CS|TAMS 0x000000071b800000, 0x000000071b800000| Complete 
| 192|0x000000071ba00000, 0x000000071bc00000, 0x000000071bc00000|100%| E|CS|TAMS 0x000000071ba00000, 0x000000071ba00000| Complete 
| 193|0x000000071bc00000, 0x000000071be00000, 0x000000071be00000|100%| E|CS|TAMS 0x000000071bc00000, 0x000000071bc00000| Complete 
| 194|0x000000071be00000, 0x000000071c000000, 0x000000071c000000|100%| E|CS|TAMS 0x000000071be00000, 0x000000071be00000| Complete 
| 195|0x000000071c000000, 0x000000071c200000, 0x000000071c200000|100%| E|CS|TAMS 0x000000071c000000, 0x000000071c000000| Complete 
| 196|0x000000071c200000, 0x000000071c400000, 0x000000071c400000|100%| E|CS|TAMS 0x000000071c200000, 0x000000071c200000| Complete 
| 197|0x000000071c400000, 0x000000071c600000, 0x000000071c600000|100%| E|CS|TAMS 0x000000071c400000, 0x000000071c400000| Complete 
| 198|0x000000071c600000, 0x000000071c800000, 0x000000071c800000|100%| E|CS|TAMS 0x000000071c600000, 0x000000071c600000| Complete 
| 199|0x000000071c800000, 0x000000071ca00000, 0x000000071ca00000|100%| E|CS|TAMS 0x000000071c800000, 0x000000071c800000| Complete 
| 200|0x000000071ca00000, 0x000000071cc00000, 0x000000071cc00000|100%| E|CS|TAMS 0x000000071ca00000, 0x000000071ca00000| Complete 
| 201|0x000000071cc00000, 0x000000071ce00000, 0x000000071ce00000|100%| E|CS|TAMS 0x000000071cc00000, 0x000000071cc00000| Complete 
| 202|0x000000071ce00000, 0x000000071d000000, 0x000000071d000000|100%| E|CS|TAMS 0x000000071ce00000, 0x000000071ce00000| Complete 
| 203|0x000000071d000000, 0x000000071d200000, 0x000000071d200000|100%| E|CS|TAMS 0x000000071d000000, 0x000000071d000000| Complete 
| 204|0x000000071d200000, 0x000000071d400000, 0x000000071d400000|100%| E|CS|TAMS 0x000000071d200000, 0x000000071d200000| Complete 
| 205|0x000000071d400000, 0x000000071d600000, 0x000000071d600000|100%| E|CS|TAMS 0x000000071d400000, 0x000000071d400000| Complete 
| 206|0x000000071d600000, 0x000000071d800000, 0x000000071d800000|100%| E|CS|TAMS 0x000000071d600000, 0x000000071d600000| Complete 
| 207|0x000000071d800000, 0x000000071da00000, 0x000000071da00000|100%| E|CS|TAMS 0x000000071d800000, 0x000000071d800000| Complete 
| 208|0x000000071da00000, 0x000000071dc00000, 0x000000071dc00000|100%| E|CS|TAMS 0x000000071da00000, 0x000000071da00000| Complete 
| 209|0x000000071dc00000, 0x000000071de00000, 0x000000071de00000|100%| E|CS|TAMS 0x000000071dc00000, 0x000000071dc00000| Complete 
| 210|0x000000071de00000, 0x000000071e000000, 0x000000071e000000|100%| E|CS|TAMS 0x000000071de00000, 0x000000071de00000| Complete 
| 211|0x000000071e000000, 0x000000071e200000, 0x000000071e200000|100%| E|CS|TAMS 0x000000071e000000, 0x000000071e000000| Complete 
| 212|0x000000071e200000, 0x000000071e400000, 0x000000071e400000|100%| E|CS|TAMS 0x000000071e200000, 0x000000071e200000| Complete 
| 213|0x000000071e400000, 0x000000071e600000, 0x000000071e600000|100%| E|CS|TAMS 0x000000071e400000, 0x000000071e400000| Complete 
| 214|0x000000071e600000, 0x000000071e800000, 0x000000071e800000|100%| E|CS|TAMS 0x000000071e600000, 0x000000071e600000| Complete 
| 215|0x000000071e800000, 0x000000071ea00000, 0x000000071ea00000|100%| E|CS|TAMS 0x000000071e800000, 0x000000071e800000| Complete 
| 216|0x000000071ea00000, 0x000000071ec00000, 0x000000071ec00000|100%| E|CS|TAMS 0x000000071ea00000, 0x000000071ea00000| Complete 
| 217|0x000000071ec00000, 0x000000071ee00000, 0x000000071ee00000|100%| E|CS|TAMS 0x000000071ec00000, 0x000000071ec00000| Complete 
| 218|0x000000071ee00000, 0x000000071f000000, 0x000000071f000000|100%| E|CS|TAMS 0x000000071ee00000, 0x000000071ee00000| Complete 
| 219|0x000000071f000000, 0x000000071f200000, 0x000000071f200000|100%| E|CS|TAMS 0x000000071f000000, 0x000000071f000000| Complete 
| 220|0x000000071f200000, 0x000000071f400000, 0x000000071f400000|100%| E|CS|TAMS 0x000000071f200000, 0x000000071f200000| Complete 

Card table byte_map: [0x0000024c63560000,0x0000024c63d50000] _byte_map_base: 0x0000024c5fd43000

Marking Bits (Prev, Next): (CMBitMap*) 0x0000024c4a3d0470, (CMBitMap*) 0x0000024c4a3d04b0
 Prev Bits: [0x0000024c64540000, 0x0000024c68458000)
 Next Bits: [0x0000024c68460000, 0x0000024c6c378000)

Polling page: 0x0000024c4a460000

Metaspace:

Usage:
  Non-class:     11.69 MB used.
      Class:    887.92 KB used.
       Both:     12.56 MB used.

Virtual space:
  Non-class space:       16.00 MB reserved,      11.75 MB ( 73%) committed,  2 nodes.
      Class space:        1.00 GB reserved,     960.00 KB ( <1%) committed,  1 nodes.
              Both:        1.02 GB reserved,      12.69 MB (  1%) committed. 

Chunk freelists:
   Non-Class:  3.75 MB
       Class:  2.94 MB
        Both:  6.69 MB

MaxMetaspaceSize: 17179869184.00 GB
CompressedClassSpaceSize: 1.00 GB
 - commit_granule_bytes: 65536.
 - commit_granule_words: 8192.
 - virtual_space_node_default_size: 1048576.
 - enlarge_chunks_in_place: 1.
 - new_chunks_are_fully_committed: 0.
 - uncommit_free_chunks: 1.
 - use_allocation_guard: 0.
 - handle_deallocations: 1.


Internal statistics:

num_allocs_failed_limit: 0.
num_arena_births: 86.
num_arena_deaths: 0.
num_vsnodes_births: 3.
num_vsnodes_deaths: 0.
num_space_committed: 199.
num_space_uncommitted: 0.
num_chunks_returned_to_freelist: 0.
num_chunks_taken_from_freelist: 348.
num_chunk_merges: 0.
num_chunk_splits: 282.
num_chunks_enlarged: 231.
num_purges: 0.

CodeHeap 'non-profiled nmethods': size=120000Kb used=975Kb max_used=975Kb free=119025Kb
 bounds [0x0000024c5ade0000, 0x0000024c5b050000, 0x0000024c62310000]
CodeHeap 'profiled nmethods': size=120000Kb used=3670Kb max_used=3670Kb free=116329Kb
 bounds [0x0000024c538b0000, 0x0000024c53c50000, 0x0000024c5ade0000]
CodeHeap 'non-nmethods': size=5760Kb used=1556Kb max_used=1590Kb free=4203Kb
 bounds [0x0000024c53310000, 0x0000024c53580000, 0x0000024c538b0000]
 total_blobs=2891 nmethods=1942 adapters=862
 compilation: enabled
              stopped_count=0, restarted_count=0
 full_count=0

Compilation events (20 events):
Event: 55.900 Thread 0x0000024c6ee894c0 1933       1       processing.opengl.PGL::presentMode (5 bytes)
Event: 55.900 Thread 0x0000024c6ee894c0 nmethod 1933 0x0000024c5aed2610 code [0x0000024c5aed27a0, 0x0000024c5aed2878]
Event: 55.973 Thread 0x0000024c6ee894c0 1934       1       com.jogamp.newt.event.MouseEvent::getButton (5 bytes)
Event: 55.973 Thread 0x0000024c6ee894c0 nmethod 1934 0x0000024c5aed2910 code [0x0000024c5aed2aa0, 0x0000024c5aed2b78]
Event: 55.973 Thread 0x0000024c6ee894c0 1935       1       com.jogamp.newt.event.MouseEvent::getClickCount (5 bytes)
Event: 55.973 Thread 0x0000024c6ee894c0 nmethod 1935 0x0000024c5aed2c10 code [0x0000024c5aed2da0, 0x0000024c5aed2e78]
Event: 55.992 Thread 0x0000024c6ee894c0 1936       1       processing.event.MouseEvent::getButton (5 bytes)
Event: 55.992 Thread 0x0000024c6ee894c0 nmethod 1936 0x0000024c5aed2f10 code [0x0000024c5aed30a0, 0x0000024c5aed3178]
Event: 55.993 Thread 0x0000024c6ee894c0 1937       1       com.jogamp.nativewindow.util.Point::getX (5 bytes)
Event: 55.993 Thread 0x0000024c6ee894c0 nmethod 1937 0x0000024c5aed3210 code [0x0000024c5aed33a0, 0x0000024c5aed3478]
Event: 56.005 Thread 0x0000024c6ee894c0 1938       1       com.jogamp.newt.event.MouseEvent$PointerType::getPointerClass (5 bytes)
Event: 56.005 Thread 0x0000024c6ee894c0 nmethod 1938 0x0000024c5aed3510 code [0x0000024c5aed36a0, 0x0000024c5aed3778]
Event: 56.005 Thread 0x0000024c6ee894c0 1939       3       com.jogamp.newt.event.MouseEvent::getX (7 bytes)
Event: 56.005 Thread 0x0000024c6ee894c0 nmethod 1939 0x0000024c53c44e10 code [0x0000024c53c44fa0, 0x0000024c53c450d8]
Event: 56.005 Thread 0x0000024c6ee894c0 1940       3       com.jogamp.newt.event.MouseEvent::getY (7 bytes)
Event: 56.005 Thread 0x0000024c6ee894c0 nmethod 1940 0x0000024c53c45190 code [0x0000024c53c45320, 0x0000024c53c45458]
Event: 57.606 Thread 0x0000024c6ee7ee90 1941       4       jogamp.newt.DisplayImpl$7::run (8 bytes)
Event: 57.607 Thread 0x0000024c6ee7ee90 nmethod 1941 0x0000024c5aed3810 code [0x0000024c5aed39a0, 0x0000024c5aed3aa8]
Event: 58.381 Thread 0x0000024c6ee894c0 1942       3       java.lang.ClassLoader::findNative (21 bytes)
Event: 58.382 Thread 0x0000024c6ee894c0 nmethod 1942 0x0000024c53c45510 code [0x0000024c53c456e0, 0x0000024c53c458f8]

GC Heap History (20 events):
Event: 55.478 GC heap before
{Heap before GC invocations=235 (full 0):
 garbage-first heap   total 452608K, used 275234K [0x0000000703a00000, 0x0000000800000000)
  region size 2048K, 132 young (270336K), 1 survivors (2048K)
 Metaspace       used 12817K, committed 12992K, reserved 1064960K
  class space    used 884K, committed 960K, reserved 1048576K
}
Event: 55.479 GC heap after
{Heap after GC invocations=236 (full 0):
 garbage-first heap   total 452608K, used 6948K [0x0000000703a00000, 0x0000000800000000)
  region size 2048K, 1 young (2048K), 1 survivors (2048K)
 Metaspace       used 12817K, committed 12992K, reserved 1064960K
  class space    used 884K, committed 960K, reserved 1048576K
}
Event: 55.782 GC heap before
{Heap before GC invocations=236 (full 0):
 garbage-first heap   total 452608K, used 275236K [0x0000000703a00000, 0x0000000800000000)
  region size 2048K, 132 young (270336K), 1 survivors (2048K)
 Metaspace       used 12817K, committed 12992K, reserved 1064960K
  class space    used 884K, committed 960K, reserved 1048576K
}
Event: 55.783 GC heap after
{Heap after GC invocations=237 (full 0):
 garbage-first heap   total 452608K, used 6948K [0x0000000703a00000, 0x0000000800000000)
  region size 2048K, 1 young (2048K), 1 survivors (2048K)
 Metaspace       used 12817K, committed 12992K, reserved 1064960K
  class space    used 884K, committed 960K, reserved 1048576K
}
Event: 56.098 GC heap before
{Heap before GC invocations=237 (full 0):
 garbage-first heap   total 452608K, used 275236K [0x0000000703a00000, 0x0000000800000000)
  region size 2048K, 132 young (270336K), 1 survivors (2048K)
 Metaspace       used 12817K, committed 12992K, reserved 1064960K
  class space    used 884K, committed 960K, reserved 1048576K
}
Event: 56.099 GC heap after
{Heap after GC invocations=238 (full 0):
 garbage-first heap   total 452608K, used 6948K [0x0000000703a00000, 0x0000000800000000)
  region size 2048K, 1 young (2048K), 1 survivors (2048K)
 Metaspace       used 12817K, committed 12992K, reserved 1064960K
  class space    used 884K, committed 960K, reserved 1048576K
}
Event: 56.371 GC heap before
{Heap before GC invocations=238 (full 0):
 garbage-first heap   total 452608K, used 275236K [0x0000000703a00000, 0x0000000800000000)
  region size 2048K, 132 young (270336K), 1 survivors (2048K)
 Metaspace       used 12817K, committed 12992K, reserved 1064960K
  class space    used 884K, committed 960K, reserved 1048576K
}
Event: 56.374 GC heap after
{Heap after GC invocations=239 (full 0):
 garbage-first heap   total 452608K, used 6950K [0x0000000703a00000, 0x0000000800000000)
  region size 2048K, 1 young (2048K), 1 survivors (2048K)
 Metaspace       used 12817K, committed 12992K, reserved 1064960K
  class space    used 884K, committed 960K, reserved 1048576K
}
Event: 56.641 GC heap before
{Heap before GC invocations=239 (full 0):
 garbage-first heap   total 452608K, used 275238K [0x0000000703a00000, 0x0000000800000000)
  region size 2048K, 132 young (270336K), 1 survivors (2048K)
 Metaspace       used 12817K, committed 12992K, reserved 1064960K
  class space    used 884K, committed 960K, reserved 1048576K
}
Event: 56.643 GC heap after
{Heap after GC invocations=240 (full 0):
 garbage-first heap   total 452608K, used 6951K [0x0000000703a00000, 0x0000000800000000)
  region size 2048K, 1 young (2048K), 1 survivors (2048K)
 Metaspace       used 12817K, committed 12992K, reserved 1064960K
  class space    used 884K, committed 960K, reserved 1048576K
}
Event: 56.909 GC heap before
{Heap before GC invocations=240 (full 0):
 garbage-first heap   total 452608K, used 275239K [0x0000000703a00000, 0x0000000800000000)
  region size 2048K, 132 young (270336K), 1 survivors (2048K)
 Metaspace       used 12817K, committed 12992K, reserved 1064960K
  class space    used 884K, committed 960K, reserved 1048576K
}
Event: 56.910 GC heap after
{Heap after GC invocations=241 (full 0):
 garbage-first heap   total 452608K, used 6953K [0x0000000703a00000, 0x0000000800000000)
  region size 2048K, 1 young (2048K), 1 survivors (2048K)
 Metaspace       used 12817K, committed 12992K, reserved 1064960K
  class space    used 884K, committed 960K, reserved 1048576K
}
Event: 57.165 GC heap before
{Heap before GC invocations=241 (full 0):
 garbage-first heap   total 452608K, used 275241K [0x0000000703a00000, 0x0000000800000000)
  region size 2048K, 132 young (270336K), 1 survivors (2048K)
 Metaspace       used 12817K, committed 12992K, reserved 1064960K
  class space    used 884K, committed 960K, reserved 1048576K
}
Event: 57.166 GC heap after
{Heap after GC invocations=242 (full 0):
 garbage-first heap   total 452608K, used 6953K [0x0000000703a00000, 0x0000000800000000)
  region size 2048K, 1 young (2048K), 1 survivors (2048K)
 Metaspace       used 12817K, committed 12992K, reserved 1064960K
  class space    used 884K, committed 960K, reserved 1048576K
}
Event: 57.470 GC heap before
{Heap before GC invocations=242 (full 0):
 garbage-first heap   total 452608K, used 275241K [0x0000000703a00000, 0x0000000800000000)
  region size 2048K, 132 young (270336K), 1 survivors (2048K)
 Metaspace       used 12817K, committed 12992K, reserved 1064960K
  class space    used 884K, committed 960K, reserved 1048576K
}
Event: 57.471 GC heap after
{Heap after GC invocations=243 (full 0):
 garbage-first heap   total 452608K, used 6958K [0x0000000703a00000, 0x0000000800000000)
  region size 2048K, 1 young (2048K), 1 survivors (2048K)
 Metaspace       used 12817K, committed 12992K, reserved 1064960K
  class space    used 884K, committed 960K, reserved 1048576K
}
Event: 57.788 GC heap before
{Heap before GC invocations=243 (full 0):
 garbage-first heap   total 452608K, used 275246K [0x0000000703a00000, 0x0000000800000000)
  region size 2048K, 132 young (270336K), 1 survivors (2048K)
 Metaspace       used 12817K, committed 12992K, reserved 1064960K
  class space    used 884K, committed 960K, reserved 1048576K
}
Event: 57.789 GC heap after
{Heap after GC invocations=244 (full 0):
 garbage-first heap   total 452608K, used 6954K [0x0000000703a00000, 0x0000000800000000)
  region size 2048K, 1 young (2048K), 1 survivors (2048K)
 Metaspace       used 12817K, committed 12992K, reserved 1064960K
  class space    used 884K, committed 960K, reserved 1048576K
}
Event: 58.124 GC heap before
{Heap before GC invocations=244 (full 0):
 garbage-first heap   total 452608K, used 275242K [0x0000000703a00000, 0x0000000800000000)
  region size 2048K, 132 young (270336K), 1 survivors (2048K)
 Metaspace       used 12817K, committed 12992K, reserved 1064960K
  class space    used 884K, committed 960K, reserved 1048576K
}
Event: 58.125 GC heap after
{Heap after GC invocations=245 (full 0):
 garbage-first heap   total 452608K, used 6956K [0x0000000703a00000, 0x0000000800000000)
  region size 2048K, 1 young (2048K), 1 survivors (2048K)
 Metaspace       used 12817K, committed 12992K, reserved 1064960K
  class space    used 884K, committed 960K, reserved 1048576K
}

Deoptimization events (20 events):
Event: 1.979 Thread 0x0000024c6fd7b650 DEOPT PACKING pc=0x0000024c53b0a457 sp=0x00000053b2bfed00
Event: 1.979 Thread 0x0000024c6fd7b650 DEOPT UNPACKING pc=0x0000024c5335e77e sp=0x00000053b2bfe1e0 mode 0
Event: 2.010 Thread 0x0000024c6fd7b650 DEOPT PACKING pc=0x0000024c53b0a457 sp=0x00000053b2bfed00
Event: 2.010 Thread 0x0000024c6fd7b650 DEOPT UNPACKING pc=0x0000024c5335e77e sp=0x00000053b2bfe1e0 mode 0
Event: 2.029 Thread 0x0000024c6fd7b650 DEOPT PACKING pc=0x0000024c53aa9550 sp=0x00000053b2bfeb60
Event: 2.029 Thread 0x0000024c6fd7b650 DEOPT UNPACKING pc=0x0000024c5335e77e sp=0x00000053b2bfe030 mode 0
Event: 2.040 Thread 0x0000024c6fd7b650 DEOPT PACKING pc=0x0000024c53b0a457 sp=0x00000053b2bfed00
Event: 2.040 Thread 0x0000024c6fd7b650 DEOPT UNPACKING pc=0x0000024c5335e77e sp=0x00000053b2bfe1e0 mode 0
Event: 2.058 Thread 0x0000024c6fd7b650 DEOPT PACKING pc=0x0000024c53aa9550 sp=0x00000053b2bfeb60
Event: 2.058 Thread 0x0000024c6fd7b650 DEOPT UNPACKING pc=0x0000024c5335e77e sp=0x00000053b2bfe030 mode 0
Event: 2.075 Thread 0x0000024c6fd7b650 DEOPT PACKING pc=0x0000024c53aa97a8 sp=0x00000053b2bfeb60
Event: 2.075 Thread 0x0000024c6fd7b650 DEOPT UNPACKING pc=0x0000024c5335e77e sp=0x00000053b2bfe030 mode 0
Event: 2.076 Thread 0x0000024c6fd7b650 DEOPT PACKING pc=0x0000024c53aa97a8 sp=0x00000053b2bfeb60
Event: 2.076 Thread 0x0000024c6fd7b650 DEOPT UNPACKING pc=0x0000024c5335e77e sp=0x00000053b2bfe030 mode 0
Event: 2.098 Thread 0x0000024c6fd7b650 DEOPT PACKING pc=0x0000024c53aa94c1 sp=0x00000053b2bfeb60
Event: 2.098 Thread 0x0000024c6fd7b650 DEOPT UNPACKING pc=0x0000024c5335e77e sp=0x00000053b2bfe030 mode 0
Event: 2.099 Thread 0x0000024c6fd7b650 DEOPT PACKING pc=0x0000024c53aa9615 sp=0x00000053b2bfeb60
Event: 2.099 Thread 0x0000024c6fd7b650 DEOPT UNPACKING pc=0x0000024c5335e77e sp=0x00000053b2bfe030 mode 0
Event: 2.099 Thread 0x0000024c6fd7b650 DEOPT PACKING pc=0x0000024c53aa9636 sp=0x00000053b2bfeb60
Event: 2.099 Thread 0x0000024c6fd7b650 DEOPT UNPACKING pc=0x0000024c5335e77e sp=0x00000053b2bfe030 mode 0

Classes unloaded (0 events):
No events

Classes redefined (0 events):
No events

Internal exceptions (20 events):
Event: 1.525 Thread 0x0000024c6fd7b650 Exception <a 'java/lang/NullPointerException'{0x00000007126ab1b8}> (0x00000007126ab1b8) 
thrown [t:\workspace\open\src\hotspot\share\runtime\sharedRuntime.cpp, line 624]
Event: 1.525 Thread 0x0000024c6fd7b650 Implicit null exception at 0x0000024c53a923c5 to 0x0000024c53a92c9f
Event: 1.525 Thread 0x0000024c6fd7b650 Exception <a 'java/lang/NullPointerException'{0x00000007126ab620}> (0x00000007126ab620) 
thrown [t:\workspace\open\src\hotspot\share\runtime\sharedRuntime.cpp, line 624]
Event: 1.525 Thread 0x0000024c6fd7b650 Implicit null exception at 0x0000024c53a923c5 to 0x0000024c53a92c9f
Event: 1.525 Thread 0x0000024c6fd7b650 Exception <a 'java/lang/NullPointerException'{0x00000007126ab9c8}> (0x00000007126ab9c8) 
thrown [t:\workspace\open\src\hotspot\share\runtime\sharedRuntime.cpp, line 624]
Event: 1.525 Thread 0x0000024c6fd7b650 Implicit null exception at 0x0000024c53a923c5 to 0x0000024c53a92c9f
Event: 1.525 Thread 0x0000024c6fd7b650 Exception <a 'java/lang/NullPointerException'{0x00000007126abcd0}> (0x00000007126abcd0) 
thrown [t:\workspace\open\src\hotspot\share\runtime\sharedRuntime.cpp, line 624]
Event: 1.525 Thread 0x0000024c6fd7b650 Implicit null exception at 0x0000024c53a923c5 to 0x0000024c53a92c9f
Event: 1.525 Thread 0x0000024c6fd7b650 Exception <a 'java/lang/NullPointerException'{0x00000007126abfd8}> (0x00000007126abfd8) 
thrown [t:\workspace\open\src\hotspot\share\runtime\sharedRuntime.cpp, line 624]
Event: 1.525 Thread 0x0000024c6fd7b650 Implicit null exception at 0x0000024c53a923c5 to 0x0000024c53a92c9f
Event: 1.525 Thread 0x0000024c6fd7b650 Exception <a 'java/lang/NullPointerException'{0x00000007126ac2e0}> (0x00000007126ac2e0) 
thrown [t:\workspace\open\src\hotspot\share\runtime\sharedRuntime.cpp, line 624]
Event: 1.525 Thread 0x0000024c6fd7b650 Implicit null exception at 0x0000024c53a923c5 to 0x0000024c53a92c9f
Event: 1.525 Thread 0x0000024c6fd7b650 Exception <a 'java/lang/NullPointerException'{0x00000007126ac688}> (0x00000007126ac688) 
thrown [t:\workspace\open\src\hotspot\share\runtime\sharedRuntime.cpp, line 624]
Event: 1.525 Thread 0x0000024c6fd7b650 Implicit null exception at 0x0000024c53a923c5 to 0x0000024c53a92c9f
Event: 1.525 Thread 0x0000024c6fd7b650 Exception <a 'java/lang/NullPointerException'{0x00000007126aca30}> (0x00000007126aca30) 
thrown [t:\workspace\open\src\hotspot\share\runtime\sharedRuntime.cpp, line 624]
Event: 1.525 Thread 0x0000024c6fd7b650 Implicit null exception at 0x0000024c53a923c5 to 0x0000024c53a92c9f
Event: 1.525 Thread 0x0000024c6fd7b650 Exception <a 'java/lang/NullPointerException'{0x00000007126acd38}> (0x00000007126acd38) 
thrown [t:\workspace\open\src\hotspot\share\runtime\sharedRuntime.cpp, line 624]
Event: 1.525 Thread 0x0000024c6fd7b650 Implicit null exception at 0x0000024c53a923c5 to 0x0000024c53a92c9f
Event: 1.525 Thread 0x0000024c6fd7b650 Exception <a 'java/lang/NullPointerException'{0x00000007126ad040}> (0x00000007126ad040) 
thrown [t:\workspace\open\src\hotspot\share\runtime\sharedRuntime.cpp, line 624]
Event: 58.381 Thread 0x0000024c6fd7abb0 Exception <a 'java/lang/InterruptedException'{0x0000000712c00000}> (0x0000000712c00000) 
thrown [t:\workspace\open\src\hotspot\share\runtime\objectMonitor.cpp, line 1705]

Events (20 events):
Event: 57.470 Executing  VM operation: G1CollectForAllocation
Event: 57.471 Executing  VM operation: G1CollectForAllocation done
Event: 57.788 Executing  VM operation: G1CollectForAllocation
Event: 57.789 Executing  VM operation: G1CollectForAllocation done
Event: 58.124 Executing  VM operation: G1CollectForAllocation
Event: 58.125 Executing  VM operation: G1CollectForAllocation done
Event: 58.381 Thread 0x0000024c71ee4de0 Thread added: 0x0000024c71ee4de0
Event: 58.381 Thread 0x0000024c6fd7abb0 Thread exited: 0x0000024c6fd7abb0
Event: 58.381 Thread 0x0000024c71ee5330 Thread added: 0x0000024c71ee5330
Event: 58.381 Thread 0x0000024c71ee5dd0 Thread added: 0x0000024c71ee5dd0
Event: 58.382 loading class java/nio/channels/ClosedChannelException
Event: 58.382 Thread 0x0000024c6f86e490 Thread added: 0x0000024c6f86e490
Event: 58.382 loading class java/nio/channels/ClosedChannelException done
Event: 58.382 Thread 0x0000024c71ee5dd0 Thread exited: 0x0000024c71ee5dd0
Event: 58.382 Thread 0x0000024c6fd78130 Thread exited: 0x0000024c6fd78130
Event: 58.388 Thread 0x0000024c6fd7a110 Thread exited: 0x0000024c6fd7a110
Event: 58.415 Thread 0x0000024c6fd79120 Thread exited: 0x0000024c6fd79120
Event: 58.420 Thread 0x0000024c71ee4de0 Thread exited: 0x0000024c71ee4de0
Event: 58.482 Thread 0x0000024c71ee5330 Thread exited: 0x0000024c71ee5330
Event: 58.483 Executing  VM operation: Exit


Dynamic libraries:
0x00007ff7d3940000 - 0x00007ff7d3950000 	C:\Program Files\Java\jdk-16.0.2\bin\javaw.exe
0x00007ffc67b10000 - 0x00007ffc67d08000 	C:\windows\SYSTEM32\ntdll.dll
0x00007ffc66d90000 - 0x00007ffc66e4d000 	C:\windows\System32\KERNEL32.DLL
0x00007ffc655f0000 - 0x00007ffc658c2000 	C:\windows\System32\KERNELBASE.dll
0x00007ffc65960000 - 0x00007ffc65a60000 	C:\windows\System32\ucrtbase.dll
0x00007ffc56000000 - 0x00007ffc56018000 	C:\Program Files\Java\jdk-16.0.2\bin\jli.dll
0x00007ffc544c0000 - 0x00007ffc544d9000 	C:\Program Files\Java\jdk-16.0.2\bin\VCRUNTIME140.dll
0x00007ffc661c0000 - 0x00007ffc6626e000 	C:\windows\System32\ADVAPI32.dll
0x00007ffc674b0000 - 0x00007ffc6754e000 	C:\windows\System32\msvcrt.dll
0x00007ffc66120000 - 0x00007ffc661bc000 	C:\windows\System32\sechost.dll
0x00007ffc67550000 - 0x00007ffc67675000 	C:\windows\System32\RPCRT4.dll
0x00007ffc66270000 - 0x00007ffc6640d000 	C:\windows\System32\USER32.dll
0x00007ffc65290000 - 0x00007ffc652b2000 	C:\windows\System32\win32u.dll
0x00007ffc673f0000 - 0x00007ffc6741b000 	C:\windows\System32\GDI32.dll
0x00007ffc42f40000 - 0x00007ffc431da000 	C:\windows\WinSxS\amd64_microsoft.windows.common-controls_6595b64144ccf1df_6.0.19041.1110_none_60b5254171f9507e\COMCTL32.dll
0x00007ffc65a60000 - 0x00007ffc65b6f000 	C:\windows\System32\gdi32full.dll
0x00007ffc653f0000 - 0x00007ffc6548d000 	C:\windows\System32\msvcp_win.dll
0x00007ffc59f70000 - 0x00007ffc59f7a000 	C:\windows\SYSTEM32\VERSION.dll
0x00007ffc67aa0000 - 0x00007ffc67ad0000 	C:\windows\System32\IMM32.DLL
0x00007ffc5d940000 - 0x00007ffc5d94c000 	C:\Program Files\Java\jdk-16.0.2\bin\vcruntime140_1.dll
0x00007ffc12940000 - 0x00007ffc129d1000 	C:\Program Files\Java\jdk-16.0.2\bin\msvcp140.dll
0x00007ffbd82d0000 - 0x00007ffbd8e7b000 	C:\Program Files\Java\jdk-16.0.2\bin\server\jvm.dll
0x00007ffc65b70000 - 0x00007ffc65b78000 	C:\windows\System32\PSAPI.DLL
0x00007ffc42120000 - 0x00007ffc42147000 	C:\windows\SYSTEM32\WINMM.dll
0x00007ffc4b370000 - 0x00007ffc4b379000 	C:\windows\SYSTEM32\WSOCK32.dll
0x00007ffc67380000 - 0x00007ffc673eb000 	C:\windows\System32\WS2_32.dll
0x00007ffc63a70000 - 0x00007ffc63a82000 	C:\windows\SYSTEM32\kernel.appcore.dll
0x00007ffc55fa0000 - 0x00007ffc55faa000 	C:\Program Files\Java\jdk-16.0.2\bin\jimage.dll
0x00007ffc62fc0000 - 0x00007ffc631a4000 	C:\windows\SYSTEM32\DBGHELP.DLL
0x00007ffc52600000 - 0x00007ffc5262c000 	C:\windows\SYSTEM32\dbgcore.DLL
0x00007ffc658d0000 - 0x00007ffc65952000 	C:\windows\System32\bcryptPrimitives.dll
0x00007ffc53740000 - 0x00007ffc53765000 	C:\Program Files\Java\jdk-16.0.2\bin\java.dll
0x00007ffc66520000 - 0x00007ffc66c63000 	C:\windows\System32\SHELL32.dll
0x00007ffc632c0000 - 0x00007ffc63a51000 	C:\windows\SYSTEM32\windows.storage.dll
0x00007ffc66fc0000 - 0x00007ffc67314000 	C:\windows\System32\combase.dll
0x00007ffc64c10000 - 0x00007ffc64c40000 	C:\windows\SYSTEM32\Wldp.dll
0x00007ffc65b80000 - 0x00007ffc65c2d000 	C:\windows\System32\SHCORE.dll
0x00007ffc66f50000 - 0x00007ffc66fa5000 	C:\windows\System32\shlwapi.dll
0x00007ffc65160000 - 0x00007ffc6517f000 	C:\windows\SYSTEM32\profapi.dll
0x00007ffc53700000 - 0x00007ffc53719000 	C:\Program Files\Java\jdk-16.0.2\bin\net.dll
0x00007ffc601c0000 - 0x00007ffc602cd000 	C:\windows\SYSTEM32\WINHTTP.dll
0x00007ffc64970000 - 0x00007ffc649da000 	C:\windows\system32\mswsock.dll
0x00007ffc536e0000 - 0x00007ffc536f3000 	C:\Program Files\Java\jdk-16.0.2\bin\nio.dll
0x00007ffc533b0000 - 0x00007ffc533c8000 	C:\Program Files\Java\jdk-16.0.2\bin\zip.dll
0x00007ffc53840000 - 0x00007ffc53850000 	C:\Program Files\Java\jdk-16.0.2\bin\verify.dll
0x00007ffc05280000 - 0x00007ffc05400000 	C:\Program Files\Java\jdk-16.0.2\bin\awt.dll
0x00007ffc66e50000 - 0x00007ffc66f1d000 	C:\windows\System32\OLEAUT32.dll
0x00007ffc62630000 - 0x00007ffc626c1000 	C:\windows\SYSTEM32\apphelp.dll
0x00007ffc62800000 - 0x00007ffc6289e000 	C:\windows\system32\uxtheme.dll
0x00007ffc66c70000 - 0x00007ffc66d85000 	C:\windows\System32\MSCTF.dll
0x00007ffc67970000 - 0x00007ffc67a9a000 	C:\windows\System32\ole32.dll
0x00007ffc62910000 - 0x00007ffc6293f000 	C:\windows\system32\DWMAPI.DLL
0x00007ffc30590000 - 0x00007ffc306b7000 	C:\windows\system32\opengl32.dll
0x00007ffc36570000 - 0x00007ffc3659c000 	C:\windows\SYSTEM32\GLU32.dll
0x00007ffc64b70000 - 0x00007ffc64b88000 	C:\windows\SYSTEM32\CRYPTSP.dll
0x00007ffc64220000 - 0x00007ffc64254000 	C:\windows\system32\rsaenh.dll
0x00007ffc653c0000 - 0x00007ffc653e7000 	C:\windows\System32\bcrypt.dll
0x00007ffc65120000 - 0x00007ffc6514e000 	C:\windows\SYSTEM32\USERENV.dll
0x00007ffc64b60000 - 0x00007ffc64b6c000 	C:\windows\SYSTEM32\CRYPTBASE.dll
0x00007ffc645f0000 - 0x00007ffc6462b000 	C:\windows\SYSTEM32\IPHLPAPI.DLL
0x00007ffc66f20000 - 0x00007ffc66f28000 	C:\windows\System32\NSI.dll
0x00007ffc58bd0000 - 0x00007ffc58be7000 	C:\windows\SYSTEM32\dhcpcsvc6.DLL
0x00007ffc58bf0000 - 0x00007ffc58c0d000 	C:\windows\SYSTEM32\dhcpcsvc.DLL
0x00007ffc64680000 - 0x00007ffc6474a000 	C:\windows\SYSTEM32\DNSAPI.dll
0x00000000637c0000 - 0x00000000637cd000 	C:\Users\sethr\AppData\Local\Temp\jogamp_0000\file_cache\jln8857822471181371055\jln16062142979274480166\natives\windows-amd64\gluegen-rt.dll
0x00007ffc533a0000 - 0x00007ffc533a7000 	C:\Program Files\Java\jdk-16.0.2\bin\jawt.dll
0x000000006a440000 - 0x000000006a44d000 	C:\Users\sethr\AppData\Local\Temp\jogamp_0000\file_cache\jln8857822471181371055\jln16062142979274480166\natives\windows-amd64\nativewindow_awt.dll
0x000000006c100000 - 0x000000006c10f000 	C:\Users\sethr\AppData\Local\Temp\jogamp_0000\file_cache\jln8857822471181371055\jln16062142979274480166\natives\windows-amd64\nativewindow_win32.dll
0x000000006cbc0000 - 0x000000006cbd3000 	C:\Users\sethr\AppData\Local\Temp\jogamp_0000\file_cache\jln8857822471181371055\jln16062142979274480166\natives\windows-amd64\newt.dll
0x00007ffc5f610000 - 0x00007ffc5f6be000 	C:\windows\SYSTEM32\mscms.dll
0x00007ffc5f4c0000 - 0x00007ffc5f4d1000 	C:\windows\SYSTEM32\ColorAdapterClient.dll
0x00007ffc34800000 - 0x00007ffc34843000 	C:\windows\SYSTEM32\icm32.dll
0x00007ffc65cb0000 - 0x00007ffc6611f000 	C:\windows\System32\setupapi.dll
0x00007ffc65370000 - 0x00007ffc653be000 	C:\windows\System32\cfgmgr32.dll
0x00007ffc64f60000 - 0x00007ffc64f8c000 	C:\windows\SYSTEM32\DEVOBJ.dll
0x00007ffc65220000 - 0x00007ffc65289000 	C:\windows\System32\WINTRUST.dll
0x00007ffc65490000 - 0x00007ffc655e6000 	C:\windows\System32\CRYPT32.dll
0x00007ffc64da0000 - 0x00007ffc64db2000 	C:\windows\SYSTEM32\MSASN1.dll
0x0000000064500000 - 0x00000000645b1000 	C:\Users\sethr\AppData\Local\Temp\jogamp_0000\file_cache\jln8857822471181371055\jln16062142979274480166\natives\windows-amd64\jogl_desktop.dll
0x00007ffc26f90000 - 0x00007ffc2759b000 	C:\Program Files\Oculus\Support\oculus-runtime\libGLESv2.dll
0x00007ffc63ae0000 - 0x00007ffc63bd3000 	C:\windows\SYSTEM32\dxgi.dll
0x00007ffc27ab0000 - 0x00007ffc27ae8000 	C:\Program Files\Oculus\Support\oculus-runtime\libEGL.dll
0x0000000064340000 - 0x00000000643a2000 	C:\Users\sethr\AppData\Local\Temp\jogamp_0000\file_cache\jln8857822471181371055\jln16062142979274480166\natives\windows-amd64\jogl_mobile.dll
0x00007ffc66410000 - 0x00007ffc664bf000 	C:\windows\System32\clbcatq.dll
0x00007ffbd5c50000 - 0x00007ffbd6c50000 	C:\windows\System32\DriverStore\FileRepository\iigd_dch.inf_amd64_14d6d9e2312c79ae\igxelpicd64.dll
0x00007ffbd57e0000 - 0x00007ffbd5c44000 	C:\windows\System32\DriverStore\FileRepository\iigd_dch.inf_amd64_14d6d9e2312c79ae\igdml64.dll
0x00007ffc4e000000 - 0x00007ffc4e3bd000 	C:\windows\System32\DriverStore\FileRepository\iigd_dch.inf_amd64_14d6d9e2312c79ae\igdgmm64.dll
0x00007ffc47cd0000 - 0x00007ffc4af08000 	C:\windows\System32\DriverStore\FileRepository\iigd_dch.inf_amd64_14d6d9e2312c79ae\igc64.dll
0x00007ffc64fe0000 - 0x00007ffc6502b000 	C:\windows\SYSTEM32\powrprof.dll
0x00007ffc64fc0000 - 0x00007ffc64fd2000 	C:\windows\SYSTEM32\UMPDC.dll
0x00007ffc46860000 - 0x00007ffc46959000 	C:\windows\SYSTEM32\textinputframework.dll
0x00007ffc62500000 - 0x00007ffc625f2000 	C:\windows\System32\CoreMessaging.dll
0x00007ffc621a0000 - 0x00007ffc624fe000 	C:\windows\System32\CoreUIComponents.dll
0x00007ffc64340000 - 0x00007ffc64373000 	C:\windows\SYSTEM32\ntmarta.dll
0x00007ffc61bc0000 - 0x00007ffc61d14000 	C:\windows\SYSTEM32\wintypes.dll
0x00007ffc2f790000 - 0x00007ffc2f7f6000 	C:\windows\system32\Oleacc.dll

dbghelp: loaded successfully - version: 4.0.5 - missing functions: none
symbol engine: initialized successfully - sym options: 0x614 - pdb path: .;C:\Program Files\Java\jdk-16.0.2\bin;C:\windows\SYSTEM32;C:\windows\WinSxS\amd64_microsoft.windows.common-controls_6595b64144ccf1df_6.0.19041.1110_none_60b5254171f9507e;C:\Program Files\Java\jdk-16.0.2\bin\server;C:\Users\sethr\AppData\Local\Temp\jogamp_0000\file_cache\jln8857822471181371055\jln16062142979274480166\natives\windows-amd64;C:\Program Files\Oculus\Support\oculus-runtime;C:\windows\System32\DriverStore\FileRepository\iigd_dch.inf_amd64_14d6d9e2312c79ae

VM Arguments:
jvm_args: -Dfile.encoding=Cp1252 -XX:+ShowCodeDetailsInExceptionMessages 
java_command: crystalsimulation.Main
java_class_path (initial): C:\Users\sethr\eclipse-workspace\crystalsimulation\target\classes;C:\Users\sethr\.m2\repository\org\processing\core\3.3.6\core-3.3.6.jar;C:\Users\sethr\.m2\repository\org\jogamp\gluegen\gluegen-rt-main\2.3.2\gluegen-rt-main-2.3.2.jar;C:\Users\sethr\.m2\repository\org\jogamp\gluegen\gluegen-rt\2.3.2\gluegen-rt-2.3.2.jar;C:\Users\sethr\.m2\repository\org\jogamp\gluegen\gluegen-rt\2.3.2\gluegen-rt-2.3.2-natives-android-aarch64.jar;C:\Users\sethr\.m2\repository\org\jogamp\gluegen\gluegen-rt\2.3.2\gluegen-rt-2.3.2-natives-android-armv6.jar;C:\Users\sethr\.m2\repository\org\jogamp\gluegen\gluegen-rt\2.3.2\gluegen-rt-2.3.2-natives-linux-amd64.jar;C:\Users\sethr\.m2\repository\org\jogamp\gluegen\gluegen-rt\2.3.2\gluegen-rt-2.3.2-natives-linux-armv6.jar;C:\Users\sethr\.m2\repository\org\jogamp\gluegen\gluegen-rt\2.3.2\gluegen-rt-2.3.2-natives-linux-armv6hf.jar;C:\Users\sethr\.m2\repository\org\jogamp\gluegen\gluegen-rt\2.3.2\gluegen-rt-2.3.2-natives-linux-i586.jar;C:\Users\sethr\.m2\repository\org\jogamp\gluegen\gluegen-rt\2.3.2\gluegen-rt-2.3.2-natives-macosx-universal.jar;C:\Users\sethr\.m2\repository\org\jogamp\gluegen\gluegen-rt\2.3.2\gluegen-rt-2.3.2-natives-solaris-amd64.jar;C:\Users\sethr\.m2\repository\org\jogamp\gluegen\gluegen-rt\2.3.2\gluegen-rt-2.3.2-natives-solaris-i586.jar;C:\Users\sethr\.m2\repository\org\jogamp\gluegen\gluegen-rt\2.3.2\gluegen-rt-2.3.2-natives-windows-amd64.jar;C:\Users\sethr\.m2\repository\org\jogamp\gluegen\gluegen-rt\2.3.2\gluegen-rt-2.3.2-natives-windows-i586.jar;C:\Users\sethr\.m2\repository\org\jogamp\jogl\jogl-all-main\2.3.2\jogl-all-main-2.3.2.jar;C:\Users\sethr\.m2\repository\org\jogamp\jogl\jogl-all\2.3.2\jogl-all-2.3.2.jar;C:\Users\sethr\.m2\repository\org\jogamp\jogl\jogl-all\2.3.2\jogl-all-2.3.2-natives-android-aarch64.jar;C:\Users\sethr\.m2\repository\org\jogamp\jogl\jogl-all\2.3.2\jogl-all-2.3.2-natives-android-armv6.jar;C:\Users\sethr\.m2\repository\org\jogamp\jogl\jogl-all\2.3.2\jogl-all-2.3.2-nat
Launcher Type: SUN_STANDARD

[Global flags]
     intx CICompilerCount                          = 4                                         {product} {ergonomic}
     uint ConcGCThreads                            = 2                                         {product} {ergonomic}
     uint G1ConcRefinementThreads                  = 8                                         {product} {ergonomic}
   size_t G1HeapRegionSize                         = 2097152                                   {product} {ergonomic}
    uintx GCDrainStackTargetSize                   = 64                                        {product} {ergonomic}
   size_t InitialHeapSize                          = 266338304                                 {product} {ergonomic}
   size_t MarkStackSize                            = 4194304                                   {product} {ergonomic}
   size_t MaxHeapSize                              = 4234149888                                {product} {ergonomic}
   size_t MaxNewSize                               = 2539651072                                {product} {ergonomic}
   size_t MinHeapDeltaBytes                        = 2097152                                   {product} {ergonomic}
   size_t MinHeapSize                              = 8388608                                   {product} {ergonomic}
    uintx NonNMethodCodeHeapSize                   = 5839372                                {pd product} {ergonomic}
    uintx NonProfiledCodeHeapSize                  = 122909434                              {pd product} {ergonomic}
    uintx ProfiledCodeHeapSize                     = 122909434                              {pd product} {ergonomic}
    uintx ReservedCodeCacheSize                    = 251658240                              {pd product} {ergonomic}
     bool SegmentedCodeCache                       = true                                      {product} {ergonomic}
     bool ShowCodeDetailsInExceptionMessages       = true                                   {manageable} {command line}
   size_t SoftMaxHeapSize                          = 4234149888                             {manageable} {ergonomic}
     bool UseCompressedClassPointers               = true                           {product lp64_product} {ergonomic}
     bool UseCompressedOops                        = true                           {product lp64_product} {ergonomic}
     bool UseG1GC                                  = true                                      {product} {ergonomic}
     bool UseLargePagesIndividualAllocation        = false                                  {pd product} {ergonomic}

Logging:
Log output configuration:
 #0: stdout all=off uptime,level,tags
 #1: stderr all=off uptime,level,tags

Environment Variables:
PATH=C:\Program Files\Oculus\Support\oculus-runtime;C:\Program Files\Common Files\Oracle\Java\javapath;C:\Program Files (x86)\Common Files\Oracle\Java\javapath;C:\windows\system32;C:\windows;C:\windows\System32\Wbem;C:\windows\System32\WindowsPowerShell\v1.0\;C:\windows\System32\OpenSSH\;C:\MinGW\mingw32\bin;C:\ProgramData\chocolatey\bin;C:\ProgramData\chocolatey\bin\make.exe;C:\Program Files\Git\cmd;C:\Program Files\nodejs\;C:\Users\sethr\AppData\Local\Programs\Python\Python39\Scripts\;C:\Users\sethr\AppData\Local\Programs\Python\Python39\;C:\Users\sethr\AppData\Local\Microsoft\WindowsApps;C:\Users\sethr\AppData\Local\Programs\Microsoft VS Code\bin;C:\Users\sethr\AppData\Local\GitHubDesktop\bin;C:\Users\sethr\AppData\Roaming\npm
USERNAME=sethr
OS=Windows_NT
PROCESSOR_IDENTIFIER=Intel64 Family 6 Model 140 Stepping 1, GenuineIntel



---------------  S Y S T E M  ---------------

OS:
 Windows 10 , 64 bit Build 19041 (10.0.19041.1889)
OS uptime: 13 days 13:45 hours

CPU: total 8 (initial active 8) (4 cores per cpu, 2 threads per core) family 6 model 140 stepping 1 microcode 0x9a, cx8, cmov, fxsr, ht, mmx, 3dnowpref, sse, sse2, sse3, ssse3, sse4.1, sse4.2, popcnt, lzcnt, tsc, tscinvbit, avx, avx2, aes, erms, clmul, bmi1, bmi2, adx, avx512f, avx512dq, avx512cd, avx512bw, avx512vl, sha, fma, vzeroupper, avx512_vpopcntdq, avx512_vpclmulqdq, avx512_vaes, avx512_vnni, clflush, clflushopt, clwb, avx512_vmbi2, avx512_vmbi

Memory: 4k page, system-wide physical 16149M (5068M free)
TotalPageFile size 27581M (AvailPageFile size 3990M)
current process WorkingSet (physical memory assigned to process): 591M, peak: 605M
current process commit charge ("private bytes"): 669M, peak: 688M

vm_info: Java HotSpot(TM) 64-Bit Server VM (16.0.2+7-67) for windows-amd64 JRE (16.0.2+7-67), built on Jun  8 2021 23:24:19 by "mach5one" with MS VC++ 16.7 (VS2019)

END.
