#
# A fatal error has been detected by the Java Runtime Environment:
#
#  EXCEPTION_ACCESS_VIOLATION (0xc0000005) at pc=0x00007ff908a02c4c, pid=20460, tid=23844
#
# JRE version: Java(TM) SE Runtime Environment (16.0.2+7) (build 16.0.2+7-67)
# Java VM: Java HotSpot(TM) 64-Bit Server VM (16.0.2+7-67, mixed mode, sharing, tiered, compressed oops, compressed class ptrs, g1 gc, windows-amd64)
# Problematic frame:
# C  [igxelpicd64.dll+0x282c4c]
#
# No core dump will be written. Minidumps are not enabled by default on client versions of Windows
#
# If you would like to submit a bug report, please visit:
#   https://bugreport.java.com/bugreport/crash.jsp
#

---------------  S U M M A R Y ------------

Command Line: -Dfile.encoding=Cp1252 -XX:+ShowCodeDetailsInExceptionMessages crystalsimulation.Main

Host: 11th Gen Intel(R) Core(TM) i7-1165G7 @ 2.80GHz, 8 cores, 15G,  Windows 10 , 64 bit Build 19041 (10.0.19041.1466)
Time: Tue Jan 25 19:30:04 2022 Eastern Standard Time elapsed time: 5.681826 seconds (0d 0h 0m 5s)

---------------  T H R E A D  ---------------

Current thread (0x00000263f3f5b000):  VMThread "VM Thread" [stack: 0x0000007526200000,0x0000007526300000] [id=23844]

Stack: [0x0000007526200000,0x0000007526300000],  sp=0x00000075262fe570,  free space=1017k
Native frames: (J=compiled Java code, j=interpreted, Vv=VM code, C=native code)
C  [igxelpicd64.dll+0x282c4c]


siginfo: EXCEPTION_ACCESS_VIOLATION (0xc0000005), reading address 0x00000000000356f8


Register to memory mapping:

RIP=0x00007ff908a02c4c igxelpicd64.dll
RAX=0x00000263f7510ff0 points into unknown readable memory: 0x00000000000019c1 | c1 19 00 00 00 00 00 00
RBX=0x00000263f542f4e0 points into unknown readable memory: 0xffffffffffffffff | ff ff ff ff ff ff ff ff
RCX=0x0 is NULL
RDX=0x0000000000000002 is an unknown value
RSP=0x00000075262fe570 points into unknown readable memory: 0x00000263f542f4e0 | e0 f4 42 f5 63 02 00 00
RBP=0x0000000000000016 is an unknown value
RSI=0x00000263f6ccbe60 points into unknown readable memory: 0x0000000000000000 | 00 00 00 00 00 00 00 00
RDI=0x0 is NULL
R8 =0x0000000000000014 is an unknown value
R9 =0x0 is NULL
R10=0x0 is NULL
R11=0x0000000000000246 is an unknown value
R12=0x00000263f7511428 points into unknown readable memory: 0x00000263f7512df0 | f0 2d 51 f7 63 02 00 00
R13=0x0 is NULL
R14=0x00000263f7510e60 points into unknown readable memory: 0x00000263f5530d50 | 50 0d 53 f5 63 02 00 00
R15=0x0 is NULL


Registers:
RAX=0x00000263f7510ff0, RBX=0x00000263f542f4e0, RCX=0x0000000000000000, RDX=0x0000000000000002
RSP=0x00000075262fe570, RBP=0x0000000000000016, RSI=0x00000263f6ccbe60, RDI=0x0000000000000000
R8 =0x0000000000000014, R9 =0x0000000000000000, R10=0x0000000000000000, R11=0x0000000000000246
R12=0x00000263f7511428, R13=0x0000000000000000, R14=0x00000263f7510e60, R15=0x0000000000000000
RIP=0x00007ff908a02c4c, EFLAGS=0x0000000000010206

Top of Stack: (sp=0x00000075262fe570)
0x00000075262fe570:   00000263f542f4e0 00007ff99c8fd859
0x00000075262fe580:   00000075262fe608 0000000000000000
0x00000075262fe590:   0000000000000054 00000263f542f4e0
0x00000075262fe5a0:   00000075262fe7c0 00007ff99d7b0ba4
0x00000075262fe5b0:   00000075262fe720 0000000000000000
0x00000075262fe5c0:   00000263cf1e0b54 00000263f73b4ff8
0x00000075262fe5d0:   00000000000019d3 0000000000000000
0x00000075262fe5e0:   0000000000000014 0000000000000000
0x00000075262fe5f0:   0000000000000000 00000075262fe710
0x00000075262fe600:   00000263f6ccbe60 00007ff90883769c
0x00000075262fe610:   0000026300000016 00000263f7512df0
0x00000075262fe620:   0000007525766000 00007ff99d72d200
0x00000075262fe630:   00000075000009e4 0000b802196a0000
0x00000075262fe640:   0000000000000000 00000263cf1d0000
0x00000075262fe650:   00007ff99d7778c0 00000004f46857d4
0x00000075262fe660:   00000000000004b4 00000263cf1d1c04 

Instructions: (pc=0x00007ff908a02c4c)
0x00007ff908a02b4c:   41 bf 20 00 00 00 48 8b 04 38 4d 8b 3c 07 0f b6
0x00007ff908a02b5c:   bc 24 b0 00 00 00 4c 3b 3d d7 f8 cb 00 41 0f 44
0x00007ff908a02b6c:   e9 89 ac 24 a0 00 00 00 48 85 c9 0f 84 d4 07 00
0x00007ff908a02b7c:   00 0f 1f 00 4c 8b f1 4c 8d a1 c8 05 00 00 49 8b
0x00007ff908a02b8c:   04 24 48 89 84 24 a8 00 00 00 40 84 ff 74 10 48
0x00007ff908a02b9c:   8b d1 48 8b 09 e8 ea 8d e3 ff e9 4f 07 00 00 8b
0x00007ff908a02bac:   96 d0 01 00 00 48 8b 05 58 dd bb 00 83 b8 64 03
0x00007ff908a02bbc:   00 00 02 0f 85 19 02 00 00 83 fa 10 73 0e 48 8d
0x00007ff908a02bcc:   42 04 48 8d 04 c2 48 8d 04 c1 eb 60 8d 4a f0 8b
0x00007ff908a02bdc:   c1 c1 e8 04 83 f8 03 73 1d 0f ae e8 83 e1 0f 4d
0x00007ff908a02bec:   8b 84 c6 80 05 00 00 4d 85 c0 74 25 48 8d 0c c9
0x00007ff908a02bfc:   49 8d 04 c8 eb 36 49 8b 86 98 05 00 00 48 85 c0
0x00007ff908a02c0c:   74 0f 66 90 39 10 74 2f 48 8b 40 50 48 85 c0 75
0x00007ff908a02c1c:   f3 41 80 be a0 05 00 00 00 74 22 8b c2 83 e0 0f
0x00007ff908a02c2c:   48 8d 04 c0 48 8d 40 20 49 8d 04 c6 48 85 c0 74
0x00007ff908a02c3c:   0c 48 8b 48 08 eb 09 48 83 c0 08 eb ef 49 8b c9
0x00007ff908a02c4c:   49 3b 8f f8 56 03 00 0f 86 85 01 00 00 83 fa 10
0x00007ff908a02c5c:   73 0a 48 8d 42 04 48 8d 04 c2 eb 5c 8d 4a f0 8b
0x00007ff908a02c6c:   c1 c1 e8 04 83 f8 03 73 1d 0f ae e8 83 e1 0f 4d
0x00007ff908a02c7c:   8b 84 c6 80 05 00 00 4d 85 c0 74 25 48 8d 0c c9
0x00007ff908a02c8c:   49 8d 04 c8 eb 36 49 8b 86 98 05 00 00 48 85 c0
0x00007ff908a02c9c:   74 0f 66 90 39 10 74 2f 48 8b 40 50 48 85 c0 75
0x00007ff908a02cac:   f3 41 80 be a0 05 00 00 00 74 22 8b c2 83 e0 0f
0x00007ff908a02cbc:   48 8d 04 c0 48 8d 40 20 49 8d 04 c6 48 85 c0 74
0x00007ff908a02ccc:   0c 48 8b 48 08 eb 09 48 83 c0 08 eb ef 49 8b c9
0x00007ff908a02cdc:   49 3b 8e 40 06 00 00 0f 86 f5 00 00 00 48 8b 86
0x00007ff908a02cec:   80 02 00 00 49 89 04 24 4c 89 b6 80 02 00 00 ff
0x00007ff908a02cfc:   86 88 02 00 00 ba 01 00 00 00 49 8b 4e 08 e8 41
0x00007ff908a02d0c:   28 59 00 0f b7 c8 48 2b c1 48 05 00 00 01 00 48
0x00007ff908a02d1c:   01 86 90 02 00 00 ba 01 00 00 00 49 8b 4e 08 e8
0x00007ff908a02d2c:   20 28 59 00 48 01 86 a0 02 00 00 85 ed 74 75 49
0x00007ff908a02d3c:   8b 9f 58 4f 03 00 0f 57 c0 f3 0f 7f 44 24 30 c7 


Stack slot to memory mapping:
stack at sp + 0 slots: 0x00000263f542f4e0 points into unknown readable memory: 0xffffffffffffffff | ff ff ff ff ff ff ff ff
stack at sp + 1 slots: 0x00007ff99c8fd859 USER32.dll
stack at sp + 2 slots: 0x00000075262fe608 points into unknown readable memory: 0x00007ff90883769c | 9c 76 83 08 f9 7f 00 00
stack at sp + 3 slots: 0x0 is NULL
stack at sp + 4 slots: 0x0000000000000054 is an unknown value
stack at sp + 5 slots: 0x00000263f542f4e0 points into unknown readable memory: 0xffffffffffffffff | ff ff ff ff ff ff ff ff
stack at sp + 6 slots: 0x00000075262fe7c0 points into unknown readable memory: 0x0000000000000000 | 00 00 00 00 00 00 00 00
stack at sp + 7 slots: 0x00007ff99d7b0ba4 ntdll.dll

VM_Operation (0x00000075283fe2e0): Exit, mode: safepoint, requested by thread 0x00000263f6da2770


---------------  P R O C E S S  ---------------

Threads class SMR info:
_java_thread_list=0x00000263f71fe750, length=16, elements={
0x00000263f3f5f900, 0x00000263f3f60210, 0x00000263f3f719b0, 0x00000263f3f722c0,
0x00000263f3f74be0, 0x00000263f3f80520, 0x00000263f3f84710, 0x00000263f3f85720,
0x00000263f3f88870, 0x00000263f4a118e0, 0x00000263f4a148b0, 0x00000263f4a14e00,
0x00000263f4a12380, 0x00000263f6da7720, 0x00000263f6da2770, 0x00000263f6da5740
}

Java Threads: ( => current thread )
  0x00000263f3f5f900 JavaThread "Reference Handler" daemon [_thread_blocked, id=9392, stack(0x0000007526300000,0x0000007526400000)]
  0x00000263f3f60210 JavaThread "Finalizer" daemon [_thread_blocked, id=23940, stack(0x0000007526400000,0x0000007526500000)]
  0x00000263f3f719b0 JavaThread "Signal Dispatcher" daemon [_thread_blocked, id=25088, stack(0x0000007526500000,0x0000007526600000)]
  0x00000263f3f722c0 JavaThread "Attach Listener" daemon [_thread_blocked, id=13000, stack(0x0000007526600000,0x0000007526700000)]
  0x00000263f3f74be0 JavaThread "Service Thread" daemon [_thread_blocked, id=2504, stack(0x0000007526700000,0x0000007526800000)]
  0x00000263f3f80520 JavaThread "Monitor Deflation Thread" daemon [_thread_blocked, id=3692, stack(0x0000007526800000,0x0000007526900000)]
  0x00000263f3f84710 JavaThread "C2 CompilerThread0" daemon [_thread_blocked, id=23612, stack(0x0000007526900000,0x0000007526a00000)]
  0x00000263f3f85720 JavaThread "C1 CompilerThread0" daemon [_thread_blocked, id=16012, stack(0x0000007526a00000,0x0000007526b00000)]
  0x00000263f3f88870 JavaThread "Sweeper thread" daemon [_thread_blocked, id=23972, stack(0x0000007526b00000,0x0000007526c00000)]
  0x00000263f4a118e0 JavaThread "Notification Thread" daemon [_thread_blocked, id=18884, stack(0x0000007526c00000,0x0000007526d00000)]
  0x00000263f4a148b0 JavaThread "Common-Cleaner" daemon [_thread_blocked, id=4884, stack(0x0000007526e00000,0x0000007526f00000)]
  0x00000263f4a14e00 JavaThread "Java2D Disposer" daemon [_thread_blocked, id=23768, stack(0x0000007526f00000,0x0000007527000000)]
  0x00000263f4a12380 JavaThread "HighResTimerThread" daemon [_thread_blocked, id=5284, stack(0x0000007527f00000,0x0000007528000000)]
  0x00000263f6da7720 JavaThread "DestroyJavaVM" [_thread_blocked, id=5500, stack(0x0000007525c00000,0x0000007525d00000)]
  0x00000263f6da2770 JavaThread "main-FPSAWTAnimator#00-Timer0-FPSAWTAnimator#00-Timer1" [_thread_blocked, id=8428, stack(0x0000007528300000,0x0000007528400000)]
  0x00000263f6da5740 JavaThread "AWT-Shutdown" [_thread_blocked, id=14304, stack(0x0000007528000000,0x0000007528100000)]

Other Threads:
=>0x00000263f3f5b000 VMThread "VM Thread" [stack: 0x0000007526200000,0x0000007526300000] [id=23844]
  0x00000263d14bc300 GCTaskThread "GC Thread#0" [stack: 0x0000007525d00000,0x0000007525e00000] [id=14436]
  0x00000263f6eec550 GCTaskThread "GC Thread#1" [stack: 0x0000007527800000,0x0000007527900000] [id=21808]
  0x00000263f6eec240 GCTaskThread "GC Thread#2" [stack: 0x0000007527900000,0x0000007527a00000] [id=3608]
  0x00000263f6eed7b0 GCTaskThread "GC Thread#3" [stack: 0x0000007527a00000,0x0000007527b00000] [id=9296]
  0x00000263f6eebc20 GCTaskThread "GC Thread#4" [stack: 0x0000007527b00000,0x0000007527c00000] [id=23996]
  0x00000263f6eebf30 GCTaskThread "GC Thread#5" [stack: 0x0000007527c00000,0x0000007527d00000] [id=13884]
  0x00000263f6eed4a0 GCTaskThread "GC Thread#6" [stack: 0x0000007527d00000,0x0000007527e00000] [id=24580]
  0x00000263f6eecb70 GCTaskThread "GC Thread#7" [stack: 0x0000007527e00000,0x0000007527f00000] [id=8576]
  0x00000263d14cdfb0 ConcurrentGCThread "G1 Main Marker" terminated
  0x00000263d14ce9b0 ConcurrentGCThread "G1 Conc#0" [stack: 0x0000007525f00000,0x0000007526000000] [id=16624]
  0x00000263d1549c10 ConcurrentGCThread "G1 Refine#0" terminated
  0x00000263f3e12610 ConcurrentGCThread "G1 Service" terminated

Threads with active compile tasks:

VM state: at safepoint (shutting down)

VM Mutex/Monitor currently owned by a thread:  ([mutex/lock_event])
[0x00000263d1469760] Threads_lock - owner thread: 0x00000263f3f5b000
[0x00000263d14692e0] Heap_lock - owner thread: 0x00000263f6da2770

Heap address: 0x0000000703a00000, size: 4038 MB, Compressed Oops mode: Zero based, Oop shift amount: 3

CDS archive(s) mapped at: [0x0000000800000000-0x0000000800bb0000-0x0000000800bb0000), size 12255232, SharedBaseAddress: 0x0000000800000000, ArchiveRelocationMode: 0.
Compressed class space mapped at: 0x0000000800c00000-0x0000000840c00000, reserved size: 1073741824
Narrow klass base: 0x0000000800000000, Narrow klass shift: 3, Narrow klass range: 0x100000000

GC Precious Log:
 CPUs: 8 total, 8 available
 Memory: 16149M
 Large Page Support: Disabled
 NUMA Support: Disabled
 Compressed Oops: Enabled (Zero based)
 Heap Region Size: 2M
 Heap Min Capacity: 8M
 Heap Initial Capacity: 254M
 Heap Max Capacity: 4038M
 Pre-touch: Disabled
 Parallel Workers: 8
 Concurrent Workers: 2
 Concurrent Refinement Workers: 8
 Periodic GC: Disabled

Heap:
 garbage-first heap   total 260096K, used 60341K [0x0000000703a00000, 0x0000000800000000)
  region size 2048K, 31 young (63488K), 3 survivors (6144K)
 Metaspace       used 12379K, committed 12544K, reserved 1064960K
  class space    used 883K, committed 960K, reserved 1048576K

Heap Regions: E=young(eden), S=young(survivor), O=old, HS=humongous(starts), HC=humongous(continues), CS=collection set, F=free, OA=open archive, CA=closed archive, TAMS=top-at-mark-start (previous, next)
|   0|0x0000000703a00000, 0x0000000703a00000, 0x0000000703c00000|  0%| F|  |TAMS 0x0000000703a00000, 0x0000000703a00000| Untracked 
|   1|0x0000000703c00000, 0x0000000703c00000, 0x0000000703e00000|  0%| F|  |TAMS 0x0000000703c00000, 0x0000000703c00000| Untracked 
|   2|0x0000000703e00000, 0x0000000703e00000, 0x0000000704000000|  0%| F|  |TAMS 0x0000000703e00000, 0x0000000703e00000| Untracked 
|   3|0x0000000704000000, 0x0000000704000000, 0x0000000704200000|  0%| F|  |TAMS 0x0000000704000000, 0x0000000704000000| Untracked 
|   4|0x0000000704200000, 0x0000000704200000, 0x0000000704400000|  0%| F|  |TAMS 0x0000000704200000, 0x0000000704200000| Untracked 
|   5|0x0000000704400000, 0x0000000704400000, 0x0000000704600000|  0%| F|  |TAMS 0x0000000704400000, 0x0000000704400000| Untracked 
|   6|0x0000000704600000, 0x0000000704600000, 0x0000000704800000|  0%| F|  |TAMS 0x0000000704600000, 0x0000000704600000| Untracked 
|   7|0x0000000704800000, 0x0000000704800000, 0x0000000704a00000|  0%| F|  |TAMS 0x0000000704800000, 0x0000000704800000| Untracked 
|   8|0x0000000704a00000, 0x0000000704a00000, 0x0000000704c00000|  0%| F|  |TAMS 0x0000000704a00000, 0x0000000704a00000| Untracked 
|   9|0x0000000704c00000, 0x0000000704c00000, 0x0000000704e00000|  0%| F|  |TAMS 0x0000000704c00000, 0x0000000704c00000| Untracked 
|  10|0x0000000704e00000, 0x0000000704e00000, 0x0000000705000000|  0%| F|  |TAMS 0x0000000704e00000, 0x0000000704e00000| Untracked 
|  11|0x0000000705000000, 0x0000000705000000, 0x0000000705200000|  0%| F|  |TAMS 0x0000000705000000, 0x0000000705000000| Untracked 
|  12|0x0000000705200000, 0x0000000705200000, 0x0000000705400000|  0%| F|  |TAMS 0x0000000705200000, 0x0000000705200000| Untracked 
|  13|0x0000000705400000, 0x0000000705400000, 0x0000000705600000|  0%| F|  |TAMS 0x0000000705400000, 0x0000000705400000| Untracked 
|  14|0x0000000705600000, 0x0000000705600000, 0x0000000705800000|  0%| F|  |TAMS 0x0000000705600000, 0x0000000705600000| Untracked 
|  15|0x0000000705800000, 0x0000000705800000, 0x0000000705a00000|  0%| F|  |TAMS 0x0000000705800000, 0x0000000705800000| Untracked 
|  16|0x0000000705a00000, 0x0000000705a00000, 0x0000000705c00000|  0%| F|  |TAMS 0x0000000705a00000, 0x0000000705a00000| Untracked 
|  17|0x0000000705c00000, 0x0000000705c00000, 0x0000000705e00000|  0%| F|  |TAMS 0x0000000705c00000, 0x0000000705c00000| Untracked 
|  18|0x0000000705e00000, 0x0000000705e00000, 0x0000000706000000|  0%| F|  |TAMS 0x0000000705e00000, 0x0000000705e00000| Untracked 
|  19|0x0000000706000000, 0x0000000706000000, 0x0000000706200000|  0%| F|  |TAMS 0x0000000706000000, 0x0000000706000000| Untracked 
|  20|0x0000000706200000, 0x0000000706200000, 0x0000000706400000|  0%| F|  |TAMS 0x0000000706200000, 0x0000000706200000| Untracked 
|  21|0x0000000706400000, 0x0000000706400000, 0x0000000706600000|  0%| F|  |TAMS 0x0000000706400000, 0x0000000706400000| Untracked 
|  22|0x0000000706600000, 0x0000000706600000, 0x0000000706800000|  0%| F|  |TAMS 0x0000000706600000, 0x0000000706600000| Untracked 
|  23|0x0000000706800000, 0x0000000706800000, 0x0000000706a00000|  0%| F|  |TAMS 0x0000000706800000, 0x0000000706800000| Untracked 
|  24|0x0000000706a00000, 0x0000000706a00000, 0x0000000706c00000|  0%| F|  |TAMS 0x0000000706a00000, 0x0000000706a00000| Untracked 
|  25|0x0000000706c00000, 0x0000000706c00000, 0x0000000706e00000|  0%| F|  |TAMS 0x0000000706c00000, 0x0000000706c00000| Untracked 
|  26|0x0000000706e00000, 0x0000000706e00000, 0x0000000707000000|  0%| F|  |TAMS 0x0000000706e00000, 0x0000000706e00000| Untracked 
|  27|0x0000000707000000, 0x0000000707000000, 0x0000000707200000|  0%| F|  |TAMS 0x0000000707000000, 0x0000000707000000| Untracked 
|  28|0x0000000707200000, 0x0000000707200000, 0x0000000707400000|  0%| F|  |TAMS 0x0000000707200000, 0x0000000707200000| Untracked 
|  29|0x0000000707400000, 0x0000000707400000, 0x0000000707600000|  0%| F|  |TAMS 0x0000000707400000, 0x0000000707400000| Untracked 
|  30|0x0000000707600000, 0x0000000707600000, 0x0000000707800000|  0%| F|  |TAMS 0x0000000707600000, 0x0000000707600000| Untracked 
|  31|0x0000000707800000, 0x0000000707800000, 0x0000000707a00000|  0%| F|  |TAMS 0x0000000707800000, 0x0000000707800000| Untracked 
|  32|0x0000000707a00000, 0x0000000707a00000, 0x0000000707c00000|  0%| F|  |TAMS 0x0000000707a00000, 0x0000000707a00000| Untracked 
|  33|0x0000000707c00000, 0x0000000707c00000, 0x0000000707e00000|  0%| F|  |TAMS 0x0000000707c00000, 0x0000000707c00000| Untracked 
|  34|0x0000000707e00000, 0x0000000707e00000, 0x0000000708000000|  0%| F|  |TAMS 0x0000000707e00000, 0x0000000707e00000| Untracked 
|  35|0x0000000708000000, 0x0000000708000000, 0x0000000708200000|  0%| F|  |TAMS 0x0000000708000000, 0x0000000708000000| Untracked 
|  36|0x0000000708200000, 0x0000000708200000, 0x0000000708400000|  0%| F|  |TAMS 0x0000000708200000, 0x0000000708200000| Untracked 
|  37|0x0000000708400000, 0x0000000708400000, 0x0000000708600000|  0%| F|  |TAMS 0x0000000708400000, 0x0000000708400000| Untracked 
|  38|0x0000000708600000, 0x0000000708600000, 0x0000000708800000|  0%| F|  |TAMS 0x0000000708600000, 0x0000000708600000| Untracked 
|  39|0x0000000708800000, 0x0000000708800000, 0x0000000708a00000|  0%| F|  |TAMS 0x0000000708800000, 0x0000000708800000| Untracked 
|  40|0x0000000708a00000, 0x0000000708a00000, 0x0000000708c00000|  0%| F|  |TAMS 0x0000000708a00000, 0x0000000708a00000| Untracked 
|  41|0x0000000708c00000, 0x0000000708c00000, 0x0000000708e00000|  0%| F|  |TAMS 0x0000000708c00000, 0x0000000708c00000| Untracked 
|  42|0x0000000708e00000, 0x0000000708e00000, 0x0000000709000000|  0%| F|  |TAMS 0x0000000708e00000, 0x0000000708e00000| Untracked 
|  43|0x0000000709000000, 0x0000000709000000, 0x0000000709200000|  0%| F|  |TAMS 0x0000000709000000, 0x0000000709000000| Untracked 
|  44|0x0000000709200000, 0x0000000709200000, 0x0000000709400000|  0%| F|  |TAMS 0x0000000709200000, 0x0000000709200000| Untracked 
|  45|0x0000000709400000, 0x0000000709400000, 0x0000000709600000|  0%| F|  |TAMS 0x0000000709400000, 0x0000000709400000| Untracked 
|  46|0x0000000709600000, 0x0000000709600000, 0x0000000709800000|  0%| F|  |TAMS 0x0000000709600000, 0x0000000709600000| Untracked 
|  47|0x0000000709800000, 0x0000000709800000, 0x0000000709a00000|  0%| F|  |TAMS 0x0000000709800000, 0x0000000709800000| Untracked 
|  48|0x0000000709a00000, 0x0000000709a00000, 0x0000000709c00000|  0%| F|  |TAMS 0x0000000709a00000, 0x0000000709a00000| Untracked 
|  49|0x0000000709c00000, 0x0000000709c00000, 0x0000000709e00000|  0%| F|  |TAMS 0x0000000709c00000, 0x0000000709c00000| Untracked 
|  50|0x0000000709e00000, 0x0000000709e00000, 0x000000070a000000|  0%| F|  |TAMS 0x0000000709e00000, 0x0000000709e00000| Untracked 
|  51|0x000000070a000000, 0x000000070a000000, 0x000000070a200000|  0%| F|  |TAMS 0x000000070a000000, 0x000000070a000000| Untracked 
|  52|0x000000070a200000, 0x000000070a200000, 0x000000070a400000|  0%| F|  |TAMS 0x000000070a200000, 0x000000070a200000| Untracked 
|  53|0x000000070a400000, 0x000000070a400000, 0x000000070a600000|  0%| F|  |TAMS 0x000000070a400000, 0x000000070a400000| Untracked 
|  54|0x000000070a600000, 0x000000070a600000, 0x000000070a800000|  0%| F|  |TAMS 0x000000070a600000, 0x000000070a600000| Untracked 
|  55|0x000000070a800000, 0x000000070a800000, 0x000000070aa00000|  0%| F|  |TAMS 0x000000070a800000, 0x000000070a800000| Untracked 
|  56|0x000000070aa00000, 0x000000070aa00000, 0x000000070ac00000|  0%| F|  |TAMS 0x000000070aa00000, 0x000000070aa00000| Untracked 
|  57|0x000000070ac00000, 0x000000070ac00000, 0x000000070ae00000|  0%| F|  |TAMS 0x000000070ac00000, 0x000000070ac00000| Untracked 
|  58|0x000000070ae00000, 0x000000070ae00000, 0x000000070b000000|  0%| F|  |TAMS 0x000000070ae00000, 0x000000070ae00000| Untracked 
|  59|0x000000070b000000, 0x000000070b000000, 0x000000070b200000|  0%| F|  |TAMS 0x000000070b000000, 0x000000070b000000| Untracked 
|  60|0x000000070b200000, 0x000000070b200000, 0x000000070b400000|  0%| F|  |TAMS 0x000000070b200000, 0x000000070b200000| Untracked 
|  61|0x000000070b400000, 0x000000070b400000, 0x000000070b600000|  0%| F|  |TAMS 0x000000070b400000, 0x000000070b400000| Untracked 
|  62|0x000000070b600000, 0x000000070b600000, 0x000000070b800000|  0%| F|  |TAMS 0x000000070b600000, 0x000000070b600000| Untracked 
|  63|0x000000070b800000, 0x000000070b800000, 0x000000070ba00000|  0%| F|  |TAMS 0x000000070b800000, 0x000000070b800000| Untracked 
|  64|0x000000070ba00000, 0x000000070ba00000, 0x000000070bc00000|  0%| F|  |TAMS 0x000000070ba00000, 0x000000070ba00000| Untracked 
|  65|0x000000070bc00000, 0x000000070bc00000, 0x000000070be00000|  0%| F|  |TAMS 0x000000070bc00000, 0x000000070bc00000| Untracked 
|  66|0x000000070be00000, 0x000000070be00000, 0x000000070c000000|  0%| F|  |TAMS 0x000000070be00000, 0x000000070be00000| Untracked 
|  67|0x000000070c000000, 0x000000070c000000, 0x000000070c200000|  0%| F|  |TAMS 0x000000070c000000, 0x000000070c000000| Untracked 
|  68|0x000000070c200000, 0x000000070c200000, 0x000000070c400000|  0%| F|  |TAMS 0x000000070c200000, 0x000000070c200000| Untracked 
|  69|0x000000070c400000, 0x000000070c400000, 0x000000070c600000|  0%| F|  |TAMS 0x000000070c400000, 0x000000070c400000| Untracked 
|  70|0x000000070c600000, 0x000000070c600000, 0x000000070c800000|  0%| F|  |TAMS 0x000000070c600000, 0x000000070c600000| Untracked 
|  71|0x000000070c800000, 0x000000070c800000, 0x000000070ca00000|  0%| F|  |TAMS 0x000000070c800000, 0x000000070c800000| Untracked 
|  72|0x000000070ca00000, 0x000000070ca00000, 0x000000070cc00000|  0%| F|  |TAMS 0x000000070ca00000, 0x000000070ca00000| Untracked 
|  73|0x000000070cc00000, 0x000000070cc00000, 0x000000070ce00000|  0%| F|  |TAMS 0x000000070cc00000, 0x000000070cc00000| Untracked 
|  74|0x000000070ce00000, 0x000000070ce00000, 0x000000070d000000|  0%| F|  |TAMS 0x000000070ce00000, 0x000000070ce00000| Untracked 
|  75|0x000000070d000000, 0x000000070d000000, 0x000000070d200000|  0%| F|  |TAMS 0x000000070d000000, 0x000000070d000000| Untracked 
|  76|0x000000070d200000, 0x000000070d200000, 0x000000070d400000|  0%| F|  |TAMS 0x000000070d200000, 0x000000070d200000| Untracked 
|  77|0x000000070d400000, 0x000000070d400000, 0x000000070d600000|  0%| F|  |TAMS 0x000000070d400000, 0x000000070d400000| Untracked 
|  78|0x000000070d600000, 0x000000070d600000, 0x000000070d800000|  0%| F|  |TAMS 0x000000070d600000, 0x000000070d600000| Untracked 
|  79|0x000000070d800000, 0x000000070d800000, 0x000000070da00000|  0%| F|  |TAMS 0x000000070d800000, 0x000000070d800000| Untracked 
|  80|0x000000070da00000, 0x000000070da00000, 0x000000070dc00000|  0%| F|  |TAMS 0x000000070da00000, 0x000000070da00000| Untracked 
|  81|0x000000070dc00000, 0x000000070dc00000, 0x000000070de00000|  0%| F|  |TAMS 0x000000070dc00000, 0x000000070dc00000| Untracked 
|  82|0x000000070de00000, 0x000000070de00000, 0x000000070e000000|  0%| F|  |TAMS 0x000000070de00000, 0x000000070de00000| Untracked 
|  83|0x000000070e000000, 0x000000070e000000, 0x000000070e200000|  0%| F|  |TAMS 0x000000070e000000, 0x000000070e000000| Untracked 
|  84|0x000000070e200000, 0x000000070e200000, 0x000000070e400000|  0%| F|  |TAMS 0x000000070e200000, 0x000000070e200000| Untracked 
|  85|0x000000070e400000, 0x000000070e400000, 0x000000070e600000|  0%| F|  |TAMS 0x000000070e400000, 0x000000070e400000| Untracked 
|  86|0x000000070e600000, 0x000000070e600000, 0x000000070e800000|  0%| F|  |TAMS 0x000000070e600000, 0x000000070e600000| Untracked 
|  87|0x000000070e800000, 0x000000070e800000, 0x000000070ea00000|  0%| F|  |TAMS 0x000000070e800000, 0x000000070e800000| Untracked 
|  88|0x000000070ea00000, 0x000000070ea00000, 0x000000070ec00000|  0%| F|  |TAMS 0x000000070ea00000, 0x000000070ea00000| Untracked 
|  89|0x000000070ec00000, 0x000000070ec00000, 0x000000070ee00000|  0%| F|  |TAMS 0x000000070ec00000, 0x000000070ec00000| Untracked 
|  90|0x000000070ee00000, 0x000000070ee00000, 0x000000070f000000|  0%| F|  |TAMS 0x000000070ee00000, 0x000000070ee00000| Untracked 
|  91|0x000000070f000000, 0x000000070f000000, 0x000000070f200000|  0%| F|  |TAMS 0x000000070f000000, 0x000000070f000000| Untracked 
|  92|0x000000070f200000, 0x000000070f200000, 0x000000070f400000|  0%| F|  |TAMS 0x000000070f200000, 0x000000070f200000| Untracked 
|  93|0x000000070f400000, 0x000000070f400000, 0x000000070f600000|  0%| F|  |TAMS 0x000000070f400000, 0x000000070f400000| Untracked 
|  94|0x000000070f600000, 0x000000070f600000, 0x000000070f800000|  0%| F|  |TAMS 0x000000070f600000, 0x000000070f600000| Untracked 
|  95|0x000000070f800000, 0x000000070f800000, 0x000000070fa00000|  0%| F|  |TAMS 0x000000070f800000, 0x000000070f800000| Untracked 
|  96|0x000000070fa00000, 0x000000070fc00000, 0x000000070fc00000|100%| E|  |TAMS 0x000000070fa00000, 0x000000070fa00000| Complete 
|  97|0x000000070fc00000, 0x000000070fe00000, 0x000000070fe00000|100%| E|CS|TAMS 0x000000070fc00000, 0x000000070fc00000| Complete 
|  98|0x000000070fe00000, 0x0000000710000000, 0x0000000710000000|100%| E|CS|TAMS 0x000000070fe00000, 0x000000070fe00000| Complete 
|  99|0x0000000710000000, 0x0000000710200000, 0x0000000710200000|100%| E|CS|TAMS 0x0000000710000000, 0x0000000710000000| Complete 
| 100|0x0000000710200000, 0x0000000710400000, 0x0000000710400000|100%| E|CS|TAMS 0x0000000710200000, 0x0000000710200000| Complete 
| 101|0x0000000710400000, 0x0000000710600000, 0x0000000710600000|100%| E|CS|TAMS 0x0000000710400000, 0x0000000710400000| Complete 
| 102|0x0000000710600000, 0x0000000710800000, 0x0000000710800000|100%| E|CS|TAMS 0x0000000710600000, 0x0000000710600000| Complete 
| 103|0x0000000710800000, 0x0000000710a00000, 0x0000000710a00000|100%| E|CS|TAMS 0x0000000710800000, 0x0000000710800000| Complete 
| 104|0x0000000710a00000, 0x0000000710aed770, 0x0000000710c00000| 46%| S|CS|TAMS 0x0000000710a00000, 0x0000000710a00000| Complete 
| 105|0x0000000710c00000, 0x0000000710e00000, 0x0000000710e00000|100%| S|CS|TAMS 0x0000000710c00000, 0x0000000710c00000| Complete 
| 106|0x0000000710e00000, 0x0000000711000000, 0x0000000711000000|100%| S|CS|TAMS 0x0000000710e00000, 0x0000000710e00000| Complete 
| 107|0x0000000711000000, 0x0000000711200000, 0x0000000711200000|100%| E|CS|TAMS 0x0000000711000000, 0x0000000711000000| Complete 
| 108|0x0000000711200000, 0x0000000711400000, 0x0000000711400000|100%| E|CS|TAMS 0x0000000711200000, 0x0000000711200000| Complete 
| 109|0x0000000711400000, 0x0000000711600000, 0x0000000711600000|100%| E|CS|TAMS 0x0000000711400000, 0x0000000711400000| Complete 
| 110|0x0000000711600000, 0x0000000711800000, 0x0000000711800000|100%| E|CS|TAMS 0x0000000711600000, 0x0000000711600000| Complete 
| 111|0x0000000711800000, 0x0000000711a00000, 0x0000000711a00000|100%| E|CS|TAMS 0x0000000711800000, 0x0000000711800000| Complete 
| 112|0x0000000711a00000, 0x0000000711c00000, 0x0000000711c00000|100%| E|CS|TAMS 0x0000000711a00000, 0x0000000711a00000| Complete 
| 113|0x0000000711c00000, 0x0000000711e00000, 0x0000000711e00000|100%| E|CS|TAMS 0x0000000711c00000, 0x0000000711c00000| Complete 
| 114|0x0000000711e00000, 0x0000000712000000, 0x0000000712000000|100%| E|CS|TAMS 0x0000000711e00000, 0x0000000711e00000| Complete 
| 115|0x0000000712000000, 0x0000000712200000, 0x0000000712200000|100%| E|CS|TAMS 0x0000000712000000, 0x0000000712000000| Complete 
| 116|0x0000000712200000, 0x0000000712400000, 0x0000000712400000|100%| E|CS|TAMS 0x0000000712200000, 0x0000000712200000| Complete 
| 117|0x0000000712400000, 0x0000000712600000, 0x0000000712600000|100%| E|CS|TAMS 0x0000000712400000, 0x0000000712400000| Complete 
| 118|0x0000000712600000, 0x0000000712800000, 0x0000000712800000|100%| E|CS|TAMS 0x0000000712600000, 0x0000000712600000| Complete 
| 119|0x0000000712800000, 0x0000000712a00000, 0x0000000712a00000|100%| E|CS|TAMS 0x0000000712800000, 0x0000000712800000| Complete 
| 120|0x0000000712a00000, 0x0000000712c00000, 0x0000000712c00000|100%| E|CS|TAMS 0x0000000712a00000, 0x0000000712a00000| Complete 
| 121|0x0000000712c00000, 0x0000000712e00000, 0x0000000712e00000|100%| E|CS|TAMS 0x0000000712c00000, 0x0000000712c00000| Complete 
| 122|0x0000000712e00000, 0x0000000713000000, 0x0000000713000000|100%| E|CS|TAMS 0x0000000712e00000, 0x0000000712e00000| Complete 
| 123|0x0000000713000000, 0x0000000713200000, 0x0000000713200000|100%| E|CS|TAMS 0x0000000713000000, 0x0000000713000000| Complete 
| 124|0x0000000713200000, 0x0000000713400000, 0x0000000713400000|100%| E|CS|TAMS 0x0000000713200000, 0x0000000713200000| Complete 
| 125|0x0000000713400000, 0x0000000713600000, 0x0000000713600000|100%| E|CS|TAMS 0x0000000713400000, 0x0000000713400000| Complete 
| 126|0x0000000713600000, 0x0000000713800000, 0x0000000713800000|100%| E|CS|TAMS 0x0000000713600000, 0x0000000713600000| Complete 

Card table byte_map: [0x00000263e8710000,0x00000263e8f00000] _byte_map_base: 0x00000263e4ef3000

Marking Bits (Prev, Next): (CMBitMap*) 0x00000263d14bd910, (CMBitMap*) 0x00000263d14bd950
 Prev Bits: [0x00000263e96f0000, 0x00000263ed608000)
 Next Bits: [0x00000263ed610000, 0x00000263f1528000)

Polling page: 0x00000263d0c50000

Metaspace:

Usage:
  Non-class:     11.23 MB used.
      Class:    883.34 KB used.
       Both:     12.09 MB used.

Virtual space:
  Non-class space:       16.00 MB reserved,      11.31 MB ( 71%) committed,  2 nodes.
      Class space:        1.00 GB reserved,     960.00 KB ( <1%) committed,  1 nodes.
              Both:        1.02 GB reserved,      12.25 MB (  1%) committed. 

Chunk freelists:
   Non-Class:  3.86 MB
       Class:  2.94 MB
        Both:  6.80 MB

MaxMetaspaceSize: 17179869184.00 GB
CompressedClassSpaceSize: 1.00 GB
 - commit_granule_bytes: 65536.
 - commit_granule_words: 8192.
 - virtual_space_node_default_size: 1048576.
 - enlarge_chunks_in_place: 1.
 - new_chunks_are_fully_committed: 0.
 - uncommit_free_chunks: 1.
 - use_allocation_guard: 0.
 - handle_deallocations: 1.


Internal statistics:

num_allocs_failed_limit: 0.
num_arena_births: 86.
num_arena_deaths: 0.
num_vsnodes_births: 3.
num_vsnodes_deaths: 0.
num_space_committed: 192.
num_space_uncommitted: 0.
num_chunks_returned_to_freelist: 0.
num_chunks_taken_from_freelist: 338.
num_chunk_merges: 0.
num_chunk_splits: 270.
num_chunks_enlarged: 221.
num_purges: 0.

CodeHeap 'non-profiled nmethods': size=120000Kb used=685Kb max_used=685Kb free=119314Kb
 bounds [0x00000263e06c0000, 0x00000263e0930000, 0x00000263e7bf0000]
CodeHeap 'profiled nmethods': size=120000Kb used=2710Kb max_used=2710Kb free=117289Kb
 bounds [0x00000263d9190000, 0x00000263d9440000, 0x00000263e06c0000]
CodeHeap 'non-nmethods': size=5760Kb used=1541Kb max_used=1562Kb free=4218Kb
 bounds [0x00000263d8bf0000, 0x00000263d8e60000, 0x00000263d9190000]
 total_blobs=2434 nmethods=1507 adapters=840
 compilation: enabled
              stopped_count=0, restarted_count=0
 full_count=0

Compilation events (20 events):
Event: 4.711 Thread 0x00000263f3f85720 1497       3       processing.opengl.PGL::updateFloatBuffer (95 bytes)
Event: 4.712 Thread 0x00000263f3f85720 nmethod 1497 0x00000263d9431790 code [0x00000263d9431a60, 0x00000263d9432ae8]
Event: 4.734 Thread 0x00000263f3f85720 1498       3       jogamp.newt.driver.windows.DisplayDriver::dispatchMessagesNative (4 bytes)
Event: 4.734 Thread 0x00000263f3f85720 nmethod 1498 0x00000263d9433090 code [0x00000263d9433240, 0x00000263d9433368]
Event: 4.767 Thread 0x00000263f3f85720 1500       3       jogamp.common.util.Int32Bitfield::check (49 bytes)
Event: 4.767 Thread 0x00000263f3f85720 nmethod 1500 0x00000263d9433410 code [0x00000263d9433680, 0x00000263d9433e78]
Event: 4.787 Thread 0x00000263f3f85720 1501       1       com.jogamp.newt.event.NEWTEvent::getWhen (5 bytes)
Event: 4.788 Thread 0x00000263f3f85720 nmethod 1501 0x00000263e076a890 code [0x00000263e076aa20, 0x00000263e076aaf8]
Event: 4.847 Thread 0x00000263f3f84710 1502       4       java.util.HashMap::get (19 bytes)
Event: 4.849 Thread 0x00000263f3f84710 nmethod 1502 0x00000263e076ab90 code [0x00000263e076ad20, 0x00000263e076afb8]
Event: 4.907 Thread 0x00000263f3f85720 1503  s    3       jogamp.common.util.SyncedBitfield::get (11 bytes)
Event: 4.907 Thread 0x00000263f3f85720 nmethod 1503 0x00000263d9434190 code [0x00000263d9434340, 0x00000263d94345c8]
Event: 4.907 Thread 0x00000263f3f85720 1504       3       jogamp.common.util.Int32Bitfield::get (24 bytes)
Event: 4.907 Thread 0x00000263f3f85720 nmethod 1504 0x00000263d9434690 code [0x00000263d9434840, 0x00000263d9434a08]
Event: 4.925 Thread 0x00000263f3f85720 1505       3       processing.opengl.PGraphicsOpenGL$InGeometry::getNumEdgeIndices (87 bytes)
Event: 4.925 Thread 0x00000263f3f85720 nmethod 1505 0x00000263d9434a90 code [0x00000263d9434c60, 0x00000263d9435198]
Event: 5.411 Thread 0x00000263f3f84710 1506       4       java.nio.Buffer::rewind (12 bytes)
Event: 5.412 Thread 0x00000263f3f84710 nmethod 1506 0x00000263e076b210 code [0x00000263e076b380, 0x00000263e076b418]
Event: 5.604 Thread 0x00000263f3f85720 1507       3       java.lang.ClassLoader::findNative (21 bytes)
Event: 5.604 Thread 0x00000263f3f85720 nmethod 1507 0x00000263d9435410 code [0x00000263d94355e0, 0x00000263d94357f8]

GC Heap History (4 events):
Event: 0.783 GC heap before
{Heap before GC invocations=0 (full 0):
 garbage-first heap   total 260096K, used 22528K [0x0000000703a00000, 0x0000000800000000)
  region size 2048K, 11 young (22528K), 0 survivors (0K)
 Metaspace       used 11194K, committed 11328K, reserved 1064960K
  class space    used 804K, committed 832K, reserved 1048576K
}
Event: 0.789 GC heap after
{Heap after GC invocations=1 (full 0):
 garbage-first heap   total 260096K, used 2770K [0x0000000703a00000, 0x0000000800000000)
  region size 2048K, 2 young (4096K), 2 survivors (4096K)
 Metaspace       used 11194K, committed 11328K, reserved 1064960K
  class space    used 804K, committed 832K, reserved 1048576K
}
Event: 1.205 GC heap before
{Heap before GC invocations=1 (full 0):
 garbage-first heap   total 260096K, used 39634K [0x0000000703a00000, 0x0000000800000000)
  region size 2048K, 20 young (40960K), 2 survivors (4096K)
 Metaspace       used 12128K, committed 12288K, reserved 1064960K
  class space    used 876K, committed 960K, reserved 1048576K
}
Event: 1.207 GC heap after
{Heap after GC invocations=2 (full 0):
 garbage-first heap   total 260096K, used 5045K [0x0000000703a00000, 0x0000000800000000)
  region size 2048K, 3 young (6144K), 3 survivors (6144K)
 Metaspace       used 12128K, committed 12288K, reserved 1064960K
  class space    used 876K, committed 960K, reserved 1048576K
}

Deoptimization events (20 events):
Event: 1.364 Thread 0x00000263f4a128d0 Uncommon trap: trap_request=0xffffff45 fr.pc=0x00000263e0724d6c relative=0x00000000000000cc
Event: 1.364 Thread 0x00000263f4a128d0 Uncommon trap: reason=unstable_if action=reinterpret pc=0x00000263e0724d6c method=java.util.HashMap$HashIterator.<init>(Ljava/util/HashMap;)V @ 38 c2
Event: 1.364 Thread 0x00000263f4a128d0 DEOPT PACKING pc=0x00000263e0724d6c sp=0x00000075270feda0
Event: 1.364 Thread 0x00000263f4a128d0 DEOPT UNPACKING pc=0x00000263d8c3f92e sp=0x00000075270fec70 mode 2
Event: 1.424 Thread 0x00000263f6da2770 DEOPT PACKING pc=0x00000263d937b928 sp=0x00000075283fe210
Event: 1.424 Thread 0x00000263f6da2770 DEOPT UNPACKING pc=0x00000263d8c3e77e sp=0x00000075283fd6e0 mode 0
Event: 1.460 Thread 0x00000263f6da2770 DEOPT PACKING pc=0x00000263d937b845 sp=0x00000075283fe210
Event: 1.460 Thread 0x00000263f6da2770 DEOPT UNPACKING pc=0x00000263d8c3e77e sp=0x00000075283fd6e0 mode 0
Event: 1.495 Thread 0x00000263f6da2770 DEOPT PACKING pc=0x00000263d937b845 sp=0x00000075283fe210
Event: 1.495 Thread 0x00000263f6da2770 DEOPT UNPACKING pc=0x00000263d8c3e77e sp=0x00000075283fd6e0 mode 0
Event: 2.992 Thread 0x00000263f6da2770 DEOPT PACKING pc=0x00000263d93e8a75 sp=0x00000075283fe480
Event: 2.992 Thread 0x00000263f6da2770 DEOPT UNPACKING pc=0x00000263d8c3e77e sp=0x00000075283fd950 mode 0
Event: 3.384 Thread 0x00000263f6da2770 Uncommon trap: trap_request=0xffffff45 fr.pc=0x00000263e0739a60 relative=0x0000000000000ce0
Event: 3.384 Thread 0x00000263f6da2770 Uncommon trap: reason=unstable_if action=reinterpret pc=0x00000263e0739a60 method=processing.core.PVector.normalize()Lprocessing/core/PVector; @ 8 c2
Event: 3.384 Thread 0x00000263f6da2770 DEOPT PACKING pc=0x00000263e0739a60 sp=0x00000075283fe430
Event: 3.384 Thread 0x00000263f6da2770 DEOPT UNPACKING pc=0x00000263d8c3f92e sp=0x00000075283fe340 mode 2
Event: 5.594 Thread 0x00000263f4a138c0 Uncommon trap: trap_request=0xffffff45 fr.pc=0x00000263e07249a0 relative=0x0000000000000200
Event: 5.594 Thread 0x00000263f4a138c0 Uncommon trap: reason=unstable_if action=reinterpret pc=0x00000263e07249a0 method=java.util.HashMap$HashIterator.<init>(Ljava/util/HashMap;)V @ 38 c2
Event: 5.594 Thread 0x00000263f4a138c0 DEOPT PACKING pc=0x00000263e07249a0 sp=0x00000075274ff300
Event: 5.594 Thread 0x00000263f4a138c0 DEOPT UNPACKING pc=0x00000263d8c3f92e sp=0x00000075274ff2a8 mode 2

Classes unloaded (0 events):
No events

Classes redefined (0 events):
No events

Internal exceptions (16 events):
Event: 0.059 Thread 0x00000263d146c1d0 Exception <a 'java/lang/ClassNotFoundException'{0x0000000713440540}: sun/awt/resources/spi/awtProvider> (0x0000000713440540) 
thrown [t:\workspace\open\src\hotspot\share\classfile\systemDictionary.cpp, line 256]
Event: 0.075 Thread 0x00000263d146c1d0 Exception <a 'java/io/FileNotFoundException'{0x000000071349c310}> (0x000000071349c310) 
thrown [t:\workspace\open\src\hotspot\share\prims\jni.cpp, line 579]
Event: 0.079 Thread 0x00000263d146c1d0 Exception <a 'java/io/FileNotFoundException'{0x00000007134cabb8}> (0x00000007134cabb8) 
thrown [t:\workspace\open\src\hotspot\share\prims\jni.cpp, line 579]
Event: 0.079 Thread 0x00000263d146c1d0 Exception <a 'java/lang/NoSuchMethodError'{0x00000007134cbec0}: 'java.lang.Object java.lang.invoke.DirectMethodHandle$Holder.invokeStatic(java.lang.Object)'> (0x00000007134cbec0) 
thrown [t:\workspace\open\src\hotspot\share\interpreter\linkResolver.cpp, line 790]
Event: 0.082 Thread 0x00000263d146c1d0 Exception <a 'java/lang/NoSuchMethodError'{0x00000007134d9f20}: 'void java.lang.invoke.DirectMethodHandle$Holder.invokeSpecial(java.lang.Object, java.lang.Object, java.lang.Object)'> (0x00000007134d9f20) 
thrown [t:\workspace\open\src\hotspot\share\interpreter\linkResolver.cpp, line 790]
Event: 0.108 Thread 0x00000263d146c1d0 Exception <a 'java/lang/NoSuchMethodError'{0x0000000713579f68}: 'java.lang.Object java.lang.invoke.DirectMethodHandle$Holder.invokeStaticInit(java.lang.Object)'> (0x0000000713579f68) 
thrown [t:\workspace\open\src\hotspot\share\interpreter\linkResolver.cpp, line 790]
Event: 0.174 Thread 0x00000263d146c1d0 Exception <a 'java/lang/NoSuchMethodError'{0x000000071314b780}: 'java.lang.Object java.lang.invoke.DirectMethodHandle$Holder.invokeInterface(java.lang.Object, java.lang.Object)'> (0x000000071314b780) 
thrown [t:\workspace\open\src\hotspot\share\interpreter\linkResolver.cpp, line 790]
Event: 0.174 Thread 0x00000263d146c1d0 Exception <a 'java/lang/IncompatibleClassChangeError'{0x000000071314f2a0}: Found class java.lang.Object, but interface was expected> (0x000000071314f2a0) 
thrown [t:\workspace\open\src\hotspot\share\interpreter\linkResolver.cpp, line 857]
Event: 0.191 Thread 0x00000263d146c1d0 Exception <a 'java/lang/NoSuchMethodError'{0x0000000712e18d68}: 'java.lang.Object java.lang.invoke.DirectMethodHandle$Holder.invokeStaticInit(java.lang.Object, int, int, int, int)'> (0x0000000712e18d68) 
thrown [t:\workspace\open\src\hotspot\share\interpreter\linkResolver.cpp, line 790]
Event: 0.209 Thread 0x00000263d146c1d0 Exception <a 'java/lang/NoSuchMethodError'{0x0000000712e72b10}: 'java.lang.Object java.lang.invoke.DirectMethodHandle$Holder.invokeStaticInit(java.lang.Object, java.lang.Object, int, int, int, int)'> (0x0000000712e72b10) 
thrown [t:\workspace\open\src\hotspot\share\interpreter\linkResolver.cpp, line 790]
Event: 0.242 Thread 0x00000263d146c1d0 Exception <a 'java/lang/NoSuchMethodError'{0x0000000712e91220}: 'void java.lang.invoke.DirectMethodHandle$Holder.invokeStatic(java.lang.Object, long)'> (0x0000000712e91220) 
thrown [t:\workspace\open\src\hotspot\share\interpreter\linkResolver.cpp, line 790]
Event: 0.243 Thread 0x00000263d146c1d0 Exception <a 'java/lang/NoSuchMethodError'{0x0000000712e96a30}: 'java.lang.Object java.lang.invoke.DirectMethodHandle$Holder.newInvokeSpecial(java.lang.Object, long)'> (0x0000000712e96a30) 
thrown [t:\workspace\open\src\hotspot\share\interpreter\linkResolver.cpp, line 790]
Event: 0.245 Thread 0x00000263d146c1d0 Exception <a 'java/lang/NoSuchMethodError'{0x0000000712ea14c8}: 'java.lang.Object java.lang.invoke.DirectMethodHandle$Holder.invokeStaticInit(java.lang.Object, java.lang.Object, long, java.lang.Object)'> (0x0000000712ea14c8) 
thrown [t:\workspace\open\src\hotspot\share\interpreter\linkResolver.cpp, line 790]
Event: 0.245 Thread 0x00000263d146c1d0 Exception <a 'java/lang/NoSuchMethodError'{0x0000000712ea7dd8}: 'java.lang.Object java.lang.invoke.DirectMethodHandle$Holder.newInvokeSpecial(java.lang.Object, java.lang.Object, long)'> (0x0000000712ea7dd8) 
thrown [t:\workspace\open\src\hotspot\share\interpreter\linkResolver.cpp, line 790]
Event: 0.245 Thread 0x00000263d146c1d0 Exception <a 'java/lang/NoSuchMethodError'{0x0000000712eabb48}: 'java.lang.Object java.lang.invoke.Invokers$Holder.linkToTargetMethod(java.lang.Object, long, java.lang.Object)'> (0x0000000712eabb48) 
thrown [t:\workspace\open\src\hotspot\share\interpreter\linkResolver.cpp, line 790]
Event: 5.571 Thread 0x00000263f4a13370 Exception <a 'java/lang/InterruptedException'{0x000000070fd00800}> (0x000000070fd00800) 
thrown [t:\workspace\open\src\hotspot\share\runtime\objectMonitor.cpp, line 1705]

Events (20 events):
Event: 3.207 Executing  VM operation: Cleanup
Event: 3.208 Executing  VM operation: Cleanup done
Event: 4.208 Executing  VM operation: Cleanup
Event: 4.208 Executing  VM operation: Cleanup done
Event: 5.208 Executing  VM operation: Cleanup
Event: 5.208 Executing  VM operation: Cleanup done
Event: 5.571 Thread 0x00000263f6da5c90 Thread added: 0x00000263f6da5c90
Event: 5.571 Thread 0x00000263f4a13370 Thread exited: 0x00000263f4a13370
Event: 5.571 Thread 0x00000263f6da61e0 Thread added: 0x00000263f6da61e0
Event: 5.571 Thread 0x00000263f6da2220 Thread added: 0x00000263f6da2220
Event: 5.571 Thread 0x00000263f6da5740 Thread added: 0x00000263f6da5740
Event: 5.572 loading class java/nio/channels/ClosedChannelException
Event: 5.572 loading class java/nio/channels/ClosedChannelException done
Event: 5.572 Thread 0x00000263f6da61e0 Thread exited: 0x00000263f6da61e0
Event: 5.572 Thread 0x00000263f4a12e20 Thread exited: 0x00000263f4a12e20
Event: 5.575 Thread 0x00000263f4a14360 Thread exited: 0x00000263f4a14360
Event: 5.605 Thread 0x00000263f4a138c0 Thread exited: 0x00000263f4a138c0
Event: 5.607 Thread 0x00000263f6da2220 Thread exited: 0x00000263f6da2220
Event: 5.673 Thread 0x00000263f6da5c90 Thread exited: 0x00000263f6da5c90
Event: 5.673 Executing  VM operation: Exit


Dynamic libraries:
0x00007ff649b00000 - 0x00007ff649b10000 	C:\Program Files\Java\jdk-16.0.2\bin\javaw.exe
0x00007ff99d710000 - 0x00007ff99d905000 	C:\windows\SYSTEM32\ntdll.dll
0x00007ff99caa0000 - 0x00007ff99cb5e000 	C:\windows\System32\KERNEL32.DLL
0x00007ff99b0e0000 - 0x00007ff99b3a8000 	C:\windows\System32\KERNELBASE.dll
0x00007ff99b4c0000 - 0x00007ff99b5c0000 	C:\windows\System32\ucrtbase.dll
0x00007ff968b40000 - 0x00007ff968b58000 	C:\Program Files\Java\jdk-16.0.2\bin\jli.dll
0x00007ff967c30000 - 0x00007ff967c49000 	C:\Program Files\Java\jdk-16.0.2\bin\VCRUNTIME140.dll
0x00007ff99cde0000 - 0x00007ff99ce8e000 	C:\windows\System32\ADVAPI32.dll
0x00007ff99cb60000 - 0x00007ff99cbfe000 	C:\windows\System32\msvcrt.dll
0x00007ff99b900000 - 0x00007ff99b99c000 	C:\windows\System32\sechost.dll
0x00007ff99cc00000 - 0x00007ff99cd25000 	C:\windows\System32\RPCRT4.dll
0x00007ff99c8e0000 - 0x00007ff99ca81000 	C:\windows\System32\USER32.dll
0x00007ff99b5c0000 - 0x00007ff99b5e2000 	C:\windows\System32\win32u.dll
0x00007ff99b9b0000 - 0x00007ff99b9db000 	C:\windows\System32\GDI32.dll
0x00007ff979310000 - 0x00007ff9795aa000 	C:\windows\WinSxS\amd64_microsoft.windows.common-controls_6595b64144ccf1df_6.0.19041.1110_none_60b5254171f9507e\COMCTL32.dll
0x00007ff99afa0000 - 0x00007ff99b0ad000 	C:\windows\System32\gdi32full.dll
0x00007ff99aeb0000 - 0x00007ff99af4d000 	C:\windows\System32\msvcp_win.dll
0x00007ff992520000 - 0x00007ff99252a000 	C:\windows\SYSTEM32\VERSION.dll
0x00007ff99cf60000 - 0x00007ff99cf90000 	C:\windows\System32\IMM32.DLL
0x00007ff971480000 - 0x00007ff97148c000 	C:\Program Files\Java\jdk-16.0.2\bin\vcruntime140_1.dll
0x00007ff9424e0000 - 0x00007ff942571000 	C:\Program Files\Java\jdk-16.0.2\bin\msvcp140.dll
0x00007ff909780000 - 0x00007ff90a32b000 	C:\Program Files\Java\jdk-16.0.2\bin\server\jvm.dll
0x00007ff99ca90000 - 0x00007ff99ca98000 	C:\windows\System32\PSAPI.DLL
0x00007ff967490000 - 0x00007ff967499000 	C:\windows\SYSTEM32\WSOCK32.dll
0x00007ff99d110000 - 0x00007ff99d17b000 	C:\windows\System32\WS2_32.dll
0x00007ff976510000 - 0x00007ff976537000 	C:\windows\SYSTEM32\WINMM.dll
0x00007ff9996a0000 - 0x00007ff9996b2000 	C:\windows\SYSTEM32\kernel.appcore.dll
0x00007ff967480000 - 0x00007ff96748a000 	C:\Program Files\Java\jdk-16.0.2\bin\jimage.dll
0x00007ff9993a0000 - 0x00007ff999584000 	C:\windows\SYSTEM32\DBGHELP.DLL
0x00007ff981ee0000 - 0x00007ff981f0c000 	C:\windows\SYSTEM32\dbgcore.DLL
0x00007ff99ae20000 - 0x00007ff99aea2000 	C:\windows\System32\bcryptPrimitives.dll
0x00007ff967410000 - 0x00007ff967435000 	C:\Program Files\Java\jdk-16.0.2\bin\java.dll
0x00007ff99bb60000 - 0x00007ff99c2a4000 	C:\windows\System32\SHELL32.dll
0x00007ff998b30000 - 0x00007ff9992c5000 	C:\windows\SYSTEM32\windows.storage.dll
0x00007ff99c2b0000 - 0x00007ff99c605000 	C:\windows\System32\combase.dll
0x00007ff99a800000 - 0x00007ff99a82e000 	C:\windows\SYSTEM32\Wldp.dll
0x00007ff99ceb0000 - 0x00007ff99cf5d000 	C:\windows\System32\SHCORE.dll
0x00007ff99c740000 - 0x00007ff99c795000 	C:\windows\System32\shlwapi.dll
0x00007ff99ad60000 - 0x00007ff99ad7f000 	C:\windows\SYSTEM32\profapi.dll
0x00007ff966bb0000 - 0x00007ff966bc9000 	C:\Program Files\Java\jdk-16.0.2\bin\net.dll
0x00007ff995870000 - 0x00007ff99597c000 	C:\windows\SYSTEM32\WINHTTP.dll
0x00007ff99a560000 - 0x00007ff99a5ca000 	C:\windows\system32\mswsock.dll
0x00007ff966000000 - 0x00007ff966013000 	C:\Program Files\Java\jdk-16.0.2\bin\nio.dll
0x00007ff964020000 - 0x00007ff964038000 	C:\Program Files\Java\jdk-16.0.2\bin\zip.dll
0x00007ff967470000 - 0x00007ff967480000 	C:\Program Files\Java\jdk-16.0.2\bin\verify.dll
0x00007ff917660000 - 0x00007ff9177e0000 	C:\Program Files\Java\jdk-16.0.2\bin\awt.dll
0x00007ff99d600000 - 0x00007ff99d6cd000 	C:\windows\System32\OLEAUT32.dll
0x00007ff998270000 - 0x00007ff998300000 	C:\windows\SYSTEM32\apphelp.dll
0x00007ff9983d0000 - 0x00007ff99846e000 	C:\windows\system32\uxtheme.dll
0x00007ff99cf90000 - 0x00007ff99d0a5000 	C:\windows\System32\MSCTF.dll
0x00007ff99c610000 - 0x00007ff99c73a000 	C:\windows\System32\ole32.dll
0x00007ff998560000 - 0x00007ff99858f000 	C:\windows\system32\DWMAPI.DLL
0x00007ff95ea10000 - 0x00007ff95eb35000 	C:\windows\system32\opengl32.dll
0x00007ff9615f0000 - 0x00007ff96161c000 	C:\windows\SYSTEM32\GLU32.dll
0x00007ff99a750000 - 0x00007ff99a768000 	C:\windows\SYSTEM32\CRYPTSP.dll
0x00007ff999ee0000 - 0x00007ff999f14000 	C:\windows\system32\rsaenh.dll
0x00007ff99b0b0000 - 0x00007ff99b0d7000 	C:\windows\System32\bcrypt.dll
0x00007ff99ace0000 - 0x00007ff99ad0e000 	C:\windows\SYSTEM32\USERENV.dll
0x00007ff99a770000 - 0x00007ff99a77c000 	C:\windows\SYSTEM32\CRYPTBASE.dll
0x00007ff99a250000 - 0x00007ff99a28b000 	C:\windows\SYSTEM32\IPHLPAPI.DLL
0x00007ff99b9a0000 - 0x00007ff99b9a8000 	C:\windows\System32\NSI.dll
0x00007ff992f50000 - 0x00007ff992f67000 	C:\windows\SYSTEM32\dhcpcsvc6.DLL
0x00007ff993190000 - 0x00007ff9931ad000 	C:\windows\SYSTEM32\dhcpcsvc.DLL
0x00007ff99a2e0000 - 0x00007ff99a3ab000 	C:\windows\SYSTEM32\DNSAPI.dll
0x00000000637c0000 - 0x00000000637cd000 	C:\Users\sethr\AppData\Local\Temp\jogamp_0000\file_cache\jln17167314328321921241\jln7226517650274594385\natives\windows-amd64\gluegen-rt.dll
0x00007ff997680000 - 0x00007ff997687000 	C:\Program Files\Java\jdk-16.0.2\bin\jawt.dll
0x000000006a440000 - 0x000000006a44d000 	C:\Users\sethr\AppData\Local\Temp\jogamp_0000\file_cache\jln17167314328321921241\jln7226517650274594385\natives\windows-amd64\nativewindow_awt.dll
0x000000006c100000 - 0x000000006c10f000 	C:\Users\sethr\AppData\Local\Temp\jogamp_0000\file_cache\jln17167314328321921241\jln7226517650274594385\natives\windows-amd64\nativewindow_win32.dll
0x000000006cbc0000 - 0x000000006cbd3000 	C:\Users\sethr\AppData\Local\Temp\jogamp_0000\file_cache\jln17167314328321921241\jln7226517650274594385\natives\windows-amd64\newt.dll
0x00007ff994e80000 - 0x00007ff994f2e000 	C:\windows\SYSTEM32\mscms.dll
0x00007ff994e60000 - 0x00007ff994e71000 	C:\windows\SYSTEM32\ColorAdapterClient.dll
0x00007ff9932f0000 - 0x00007ff993333000 	C:\windows\SYSTEM32\icm32.dll
0x00007ff99d180000 - 0x00007ff99d5f2000 	C:\windows\System32\setupapi.dll
0x00007ff99af50000 - 0x00007ff99af9e000 	C:\windows\System32\cfgmgr32.dll
0x00007ff99ab50000 - 0x00007ff99ab84000 	C:\windows\SYSTEM32\DEVOBJ.dll
0x00007ff99b460000 - 0x00007ff99b4c0000 	C:\windows\System32\WINTRUST.dll
0x00007ff99b5f0000 - 0x00007ff99b746000 	C:\windows\System32\CRYPT32.dll
0x00007ff99a990000 - 0x00007ff99a9a2000 	C:\windows\SYSTEM32\MSASN1.dll
0x0000000064500000 - 0x00000000645b1000 	C:\Users\sethr\AppData\Local\Temp\jogamp_0000\file_cache\jln17167314328321921241\jln7226517650274594385\natives\windows-amd64\jogl_desktop.dll
0x0000000064340000 - 0x00000000643a2000 	C:\Users\sethr\AppData\Local\Temp\jogamp_0000\file_cache\jln17167314328321921241\jln7226517650274594385\natives\windows-amd64\jogl_mobile.dll
0x00007ff99cd30000 - 0x00007ff99cdd9000 	C:\windows\System32\clbcatq.dll
0x00007ff908780000 - 0x00007ff909780000 	C:\windows\System32\DriverStore\FileRepository\iigd_dch.inf_amd64_14d6d9e2312c79ae\igxelpicd64.dll
0x00007ff999710000 - 0x00007ff999804000 	C:\windows\system32\dxgi.dll
0x00007ff916960000 - 0x00007ff916dc4000 	C:\windows\System32\DriverStore\FileRepository\iigd_dch.inf_amd64_14d6d9e2312c79ae\igdml64.dll
0x00007ff98f480000 - 0x00007ff98f83d000 	C:\windows\System32\DriverStore\FileRepository\iigd_dch.inf_amd64_14d6d9e2312c79ae\igdgmm64.dll
0x00007ff982590000 - 0x00007ff9857c8000 	C:\windows\System32\DriverStore\FileRepository\iigd_dch.inf_amd64_14d6d9e2312c79ae\igc64.dll
0x00007ff99abe0000 - 0x00007ff99ac2b000 	C:\windows\SYSTEM32\powrprof.dll
0x00007ff99abc0000 - 0x00007ff99abd2000 	C:\windows\SYSTEM32\UMPDC.dll
0x00007ff979210000 - 0x00007ff979309000 	C:\windows\SYSTEM32\textinputframework.dll
0x00007ff997cd0000 - 0x00007ff99802e000 	C:\windows\System32\CoreUIComponents.dll
0x00007ff998030000 - 0x00007ff998122000 	C:\windows\System32\CoreMessaging.dll
0x00007ff997520000 - 0x00007ff997674000 	C:\windows\SYSTEM32\wintypes.dll
0x00007ff999b10000 - 0x00007ff999b43000 	C:\windows\SYSTEM32\ntmarta.dll
0x00007ff962050000 - 0x00007ff9620b6000 	C:\windows\system32\Oleacc.dll

dbghelp: loaded successfully - version: 4.0.5 - missing functions: none
symbol engine: initialized successfully - sym options: 0x614 - pdb path: .;C:\Program Files\Java\jdk-16.0.2\bin;C:\windows\SYSTEM32;C:\windows\WinSxS\amd64_microsoft.windows.common-controls_6595b64144ccf1df_6.0.19041.1110_none_60b5254171f9507e;C:\Program Files\Java\jdk-16.0.2\bin\server;C:\Users\sethr\AppData\Local\Temp\jogamp_0000\file_cache\jln17167314328321921241\jln7226517650274594385\natives\windows-amd64;C:\windows\System32\DriverStore\FileRepository\iigd_dch.inf_amd64_14d6d9e2312c79ae

VM Arguments:
jvm_args: -Dfile.encoding=Cp1252 -XX:+ShowCodeDetailsInExceptionMessages 
java_command: crystalsimulation.Main
java_class_path (initial): C:\Users\sethr\eclipse-workspace\crystalsimulation\target\classes;C:\Users\sethr\.m2\repository\org\processing\core\3.3.6\core-3.3.6.jar;C:\Users\sethr\.m2\repository\org\jogamp\gluegen\gluegen-rt-main\2.3.2\gluegen-rt-main-2.3.2.jar;C:\Users\sethr\.m2\repository\org\jogamp\gluegen\gluegen-rt\2.3.2\gluegen-rt-2.3.2.jar;C:\Users\sethr\.m2\repository\org\jogamp\gluegen\gluegen-rt\2.3.2\gluegen-rt-2.3.2-natives-android-aarch64.jar;C:\Users\sethr\.m2\repository\org\jogamp\gluegen\gluegen-rt\2.3.2\gluegen-rt-2.3.2-natives-android-armv6.jar;C:\Users\sethr\.m2\repository\org\jogamp\gluegen\gluegen-rt\2.3.2\gluegen-rt-2.3.2-natives-linux-amd64.jar;C:\Users\sethr\.m2\repository\org\jogamp\gluegen\gluegen-rt\2.3.2\gluegen-rt-2.3.2-natives-linux-armv6.jar;C:\Users\sethr\.m2\repository\org\jogamp\gluegen\gluegen-rt\2.3.2\gluegen-rt-2.3.2-natives-linux-armv6hf.jar;C:\Users\sethr\.m2\repository\org\jogamp\gluegen\gluegen-rt\2.3.2\gluegen-rt-2.3.2-natives-linux-i586.jar;C:\Users\sethr\.m2\repository\org\jogamp\gluegen\gluegen-rt\2.3.2\gluegen-rt-2.3.2-natives-macosx-universal.jar;C:\Users\sethr\.m2\repository\org\jogamp\gluegen\gluegen-rt\2.3.2\gluegen-rt-2.3.2-natives-solaris-amd64.jar;C:\Users\sethr\.m2\repository\org\jogamp\gluegen\gluegen-rt\2.3.2\gluegen-rt-2.3.2-natives-solaris-i586.jar;C:\Users\sethr\.m2\repository\org\jogamp\gluegen\gluegen-rt\2.3.2\gluegen-rt-2.3.2-natives-windows-amd64.jar;C:\Users\sethr\.m2\repository\org\jogamp\gluegen\gluegen-rt\2.3.2\gluegen-rt-2.3.2-natives-windows-i586.jar;C:\Users\sethr\.m2\repository\org\jogamp\jogl\jogl-all-main\2.3.2\jogl-all-main-2.3.2.jar;C:\Users\sethr\.m2\repository\org\jogamp\jogl\jogl-all\2.3.2\jogl-all-2.3.2.jar;C:\Users\sethr\.m2\repository\org\jogamp\jogl\jogl-all\2.3.2\jogl-all-2.3.2-natives-android-aarch64.jar;C:\Users\sethr\.m2\repository\org\jogamp\jogl\jogl-all\2.3.2\jogl-all-2.3.2-natives-android-armv6.jar;C:\Users\sethr\.m2\repository\org\jogamp\jogl\jogl-all\2.3.2\jogl-all-2.3.2-nat
Launcher Type: SUN_STANDARD

[Global flags]
     intx CICompilerCount                          = 4                                         {product} {ergonomic}
     uint ConcGCThreads                            = 2                                         {product} {ergonomic}
     uint G1ConcRefinementThreads                  = 8                                         {product} {ergonomic}
   size_t G1HeapRegionSize                         = 2097152                                   {product} {ergonomic}
    uintx GCDrainStackTargetSize                   = 64                                        {product} {ergonomic}
   size_t InitialHeapSize                          = 266338304                                 {product} {ergonomic}
   size_t MarkStackSize                            = 4194304                                   {product} {ergonomic}
   size_t MaxHeapSize                              = 4234149888                                {product} {ergonomic}
   size_t MaxNewSize                               = 2539651072                                {product} {ergonomic}
   size_t MinHeapDeltaBytes                        = 2097152                                   {product} {ergonomic}
   size_t MinHeapSize                              = 8388608                                   {product} {ergonomic}
    uintx NonNMethodCodeHeapSize                   = 5839372                                {pd product} {ergonomic}
    uintx NonProfiledCodeHeapSize                  = 122909434                              {pd product} {ergonomic}
    uintx ProfiledCodeHeapSize                     = 122909434                              {pd product} {ergonomic}
    uintx ReservedCodeCacheSize                    = 251658240                              {pd product} {ergonomic}
     bool SegmentedCodeCache                       = true                                      {product} {ergonomic}
     bool ShowCodeDetailsInExceptionMessages       = true                                   {manageable} {command line}
   size_t SoftMaxHeapSize                          = 4234149888                             {manageable} {ergonomic}
     bool UseCompressedClassPointers               = true                           {product lp64_product} {ergonomic}
     bool UseCompressedOops                        = true                           {product lp64_product} {ergonomic}
     bool UseG1GC                                  = true                                      {product} {ergonomic}
     bool UseLargePagesIndividualAllocation        = false                                  {pd product} {ergonomic}

Logging:
Log output configuration:
 #0: stdout all=off uptime,level,tags
 #1: stderr all=off uptime,level,tags

Environment Variables:
PATH=C:\Program Files\Oculus\Support\oculus-runtime;C:\Program Files\Common Files\Oracle\Java\javapath;C:\windows\system32;C:\windows;C:\windows\System32\Wbem;C:\windows\System32\WindowsPowerShell\v1.0\;C:\windows\System32\OpenSSH\;C:\MinGW\mingw32\bin;C:\ProgramData\chocolatey\bin;C:\ProgramData\chocolatey\bin\make.exe;C:\Program Files\Git\cmd;C:\Program Files\nodejs\;C:\Users\sethr\AppData\Local\Programs\Python\Python39\Scripts\;C:\Users\sethr\AppData\Local\Programs\Python\Python39\;C:\Users\sethr\AppData\Local\Microsoft\WindowsApps;C:\Users\sethr\AppData\Local\Programs\Microsoft VS Code\bin;C:\Users\sethr\AppData\Local\GitHubDesktop\bin;C:\Users\sethr\AppData\Roaming\npm
USERNAME=sethr
OS=Windows_NT
PROCESSOR_IDENTIFIER=Intel64 Family 6 Model 140 Stepping 1, GenuineIntel



---------------  S Y S T E M  ---------------

OS:
 Windows 10 , 64 bit Build 19041 (10.0.19041.1466)
OS uptime: 1 days 13:44 hours

CPU: total 8 (initial active 8) (4 cores per cpu, 2 threads per core) family 6 model 140 stepping 1 microcode 0x86, cx8, cmov, fxsr, ht, mmx, 3dnowpref, sse, sse2, sse3, ssse3, sse4.1, sse4.2, popcnt, lzcnt, tsc, tscinvbit, avx, avx2, aes, erms, clmul, bmi1, bmi2, adx, avx512f, avx512dq, avx512cd, avx512bw, avx512vl, sha, fma, vzeroupper, avx512_vpopcntdq, avx512_vpclmulqdq, avx512_vaes, avx512_vnni, clflush, clflushopt, clwb, avx512_vmbi2, avx512_vmbi

Memory: 4k page, system-wide physical 16149M (9669M free)
TotalPageFile size 30485M (AvailPageFile size 20282M)
current process WorkingSet (physical memory assigned to process): 291M, peak: 295M
current process commit charge ("private bytes"): 477M, peak: 493M

vm_info: Java HotSpot(TM) 64-Bit Server VM (16.0.2+7-67) for windows-amd64 JRE (16.0.2+7-67), built on Jun  8 2021 23:24:19 by "mach5one" with MS VC++ 16.7 (VS2019)

END.
