#
# A fatal error has been detected by the Java Runtime Environment:
#
#  EXCEPTION_ACCESS_VIOLATION (0xc0000005) at pc=0x00007ff905362c4c, pid=19724, tid=6072
#
# JRE version: Java(TM) SE Runtime Environment (16.0.2+7) (build 16.0.2+7-67)
# Java VM: Java HotSpot(TM) 64-Bit Server VM (16.0.2+7-67, mixed mode, sharing, tiered, compressed oops, compressed class ptrs, g1 gc, windows-amd64)
# Problematic frame:
# C  [igxelpicd64.dll+0x282c4c]
#
# No core dump will be written. Minidumps are not enabled by default on client versions of Windows
#
# If you would like to submit a bug report, please visit:
#   https://bugreport.java.com/bugreport/crash.jsp
#

---------------  S U M M A R Y ------------

Command Line: -Dfile.encoding=Cp1252 -XX:+ShowCodeDetailsInExceptionMessages crystalsimulation.Main

Host: 11th Gen Intel(R) Core(TM) i7-1165G7 @ 2.80GHz, 8 cores, 15G,  Windows 10 , 64 bit Build 19041 (10.0.19041.1466)
Time: Wed Jan 26 21:26:17 2022 Eastern Standard Time elapsed time: 42.229129 seconds (0d 0h 0m 42s)

---------------  T H R E A D  ---------------

Current thread (0x000002035905f7e0):  VMThread "VM Thread" [stack: 0x000000c06b600000,0x000000c06b700000] [id=6072]

Stack: [0x000000c06b600000,0x000000c06b700000],  sp=0x000000c06b6fe120,  free space=1016k
Native frames: (J=compiled Java code, j=interpreted, Vv=VM code, C=native code)
C  [igxelpicd64.dll+0x282c4c]


siginfo: EXCEPTION_ACCESS_VIOLATION (0xc0000005), reading address 0x00000000000356f8


Register to memory mapping:

RIP=0x00007ff905362c4c igxelpicd64.dll
RAX=0x000002035be57ff0 points into unknown readable memory: 0x0000000000140d57 | 57 0d 14 00 00 00 00 00
RBX=0x000002035a63e420 points into unknown readable memory: 0xffffffffffffffff | ff ff ff ff ff ff ff ff
RCX=0x0 is NULL
RDX=0x0000000000000002 is an unknown value
RSP=0x000000c06b6fe120 points into unknown readable memory: 0x000002035a63e420 | 20 e4 63 5a 03 02 00 00
RBP=0x0000000000000016 is an unknown value
RSI=0x000002035a6df400 points into unknown readable memory: 0x0000000000000000 | 00 00 00 00 00 00 00 00
RDI=0x0 is NULL
R8 =0x0000000000000014 is an unknown value
R9 =0x0 is NULL
R10=0x0 is NULL
R11=0x0000000000000246 is an unknown value
R12=0x000002035be58428 points into unknown readable memory: 0x000002035be538f0 | f0 38 e5 5b 03 02 00 00
R13=0x0 is NULL
R14=0x000002035be57e60 points into unknown readable memory: 0x000002035a788920 | 20 89 78 5a 03 02 00 00
R15=0x0 is NULL


Registers:
RAX=0x000002035be57ff0, RBX=0x000002035a63e420, RCX=0x0000000000000000, RDX=0x0000000000000002
RSP=0x000000c06b6fe120, RBP=0x0000000000000016, RSI=0x000002035a6df400, RDI=0x0000000000000000
R8 =0x0000000000000014, R9 =0x0000000000000000, R10=0x0000000000000000, R11=0x0000000000000246
R12=0x000002035be58428, R13=0x0000000000000000, R14=0x000002035be57e60, R15=0x0000000000000000
RIP=0x00007ff905362c4c, EFLAGS=0x0000000000010206

Top of Stack: (sp=0x000000c06b6fe120)
0x000000c06b6fe120:   000002035a63e420 00007ff99c8fd859
0x000000c06b6fe130:   000000c06b6fe1b8 0000000000000000
0x000000c06b6fe140:   0000000000000054 000002035a63e420
0x000000c06b6fe150:   0000000000000000 00007ff99d7b0ba4
0x000000c06b6fe160:   000000007a000004 0000000000000000
0x000000c06b6fe170:   0000000000000000 000002035b759478
0x000000c06b6fe180:   0000000000141159 0000000000000000
0x000000c06b6fe190:   0000000000000014 0000000000000000
0x000000c06b6fe1a0:   0000000000000000 000000c06b6fe2c0
0x000000c06b6fe1b0:   000002035a6df400 00007ff90519769c
0x000000c06b6fe1c0:   0000020300000016 000002035be538f0
0x000000c06b6fe1d0:   0000000000000000 000000007a000000
0x000000c06b6fe1e0:   000000c000000958 0000b802196a0000
0x000000c06b6fe1f0:   0000000000000000 00000203342a0000
0x000000c06b6fe200:   0000000000000000 000000007a000004
0x000000c06b6fe210:   00000000000004b4 0000000000000000 

Instructions: (pc=0x00007ff905362c4c)
0x00007ff905362b4c:   41 bf 20 00 00 00 48 8b 04 38 4d 8b 3c 07 0f b6
0x00007ff905362b5c:   bc 24 b0 00 00 00 4c 3b 3d d7 f8 cb 00 41 0f 44
0x00007ff905362b6c:   e9 89 ac 24 a0 00 00 00 48 85 c9 0f 84 d4 07 00
0x00007ff905362b7c:   00 0f 1f 00 4c 8b f1 4c 8d a1 c8 05 00 00 49 8b
0x00007ff905362b8c:   04 24 48 89 84 24 a8 00 00 00 40 84 ff 74 10 48
0x00007ff905362b9c:   8b d1 48 8b 09 e8 ea 8d e3 ff e9 4f 07 00 00 8b
0x00007ff905362bac:   96 d0 01 00 00 48 8b 05 58 dd bb 00 83 b8 64 03
0x00007ff905362bbc:   00 00 02 0f 85 19 02 00 00 83 fa 10 73 0e 48 8d
0x00007ff905362bcc:   42 04 48 8d 04 c2 48 8d 04 c1 eb 60 8d 4a f0 8b
0x00007ff905362bdc:   c1 c1 e8 04 83 f8 03 73 1d 0f ae e8 83 e1 0f 4d
0x00007ff905362bec:   8b 84 c6 80 05 00 00 4d 85 c0 74 25 48 8d 0c c9
0x00007ff905362bfc:   49 8d 04 c8 eb 36 49 8b 86 98 05 00 00 48 85 c0
0x00007ff905362c0c:   74 0f 66 90 39 10 74 2f 48 8b 40 50 48 85 c0 75
0x00007ff905362c1c:   f3 41 80 be a0 05 00 00 00 74 22 8b c2 83 e0 0f
0x00007ff905362c2c:   48 8d 04 c0 48 8d 40 20 49 8d 04 c6 48 85 c0 74
0x00007ff905362c3c:   0c 48 8b 48 08 eb 09 48 83 c0 08 eb ef 49 8b c9
0x00007ff905362c4c:   49 3b 8f f8 56 03 00 0f 86 85 01 00 00 83 fa 10
0x00007ff905362c5c:   73 0a 48 8d 42 04 48 8d 04 c2 eb 5c 8d 4a f0 8b
0x00007ff905362c6c:   c1 c1 e8 04 83 f8 03 73 1d 0f ae e8 83 e1 0f 4d
0x00007ff905362c7c:   8b 84 c6 80 05 00 00 4d 85 c0 74 25 48 8d 0c c9
0x00007ff905362c8c:   49 8d 04 c8 eb 36 49 8b 86 98 05 00 00 48 85 c0
0x00007ff905362c9c:   74 0f 66 90 39 10 74 2f 48 8b 40 50 48 85 c0 75
0x00007ff905362cac:   f3 41 80 be a0 05 00 00 00 74 22 8b c2 83 e0 0f
0x00007ff905362cbc:   48 8d 04 c0 48 8d 40 20 49 8d 04 c6 48 85 c0 74
0x00007ff905362ccc:   0c 48 8b 48 08 eb 09 48 83 c0 08 eb ef 49 8b c9
0x00007ff905362cdc:   49 3b 8e 40 06 00 00 0f 86 f5 00 00 00 48 8b 86
0x00007ff905362cec:   80 02 00 00 49 89 04 24 4c 89 b6 80 02 00 00 ff
0x00007ff905362cfc:   86 88 02 00 00 ba 01 00 00 00 49 8b 4e 08 e8 41
0x00007ff905362d0c:   28 59 00 0f b7 c8 48 2b c1 48 05 00 00 01 00 48
0x00007ff905362d1c:   01 86 90 02 00 00 ba 01 00 00 00 49 8b 4e 08 e8
0x00007ff905362d2c:   20 28 59 00 48 01 86 a0 02 00 00 85 ed 74 75 49
0x00007ff905362d3c:   8b 9f 58 4f 03 00 0f 57 c0 f3 0f 7f 44 24 30 c7 


Stack slot to memory mapping:
stack at sp + 0 slots: 0x000002035a63e420 points into unknown readable memory: 0xffffffffffffffff | ff ff ff ff ff ff ff ff
stack at sp + 1 slots: 0x00007ff99c8fd859 USER32.dll
stack at sp + 2 slots: 0x000000c06b6fe1b8 points into unknown readable memory: 0x00007ff90519769c | 9c 76 19 05 f9 7f 00 00
stack at sp + 3 slots: 0x0 is NULL
stack at sp + 4 slots: 0x0000000000000054 is an unknown value
stack at sp + 5 slots: 0x000002035a63e420 points into unknown readable memory: 0xffffffffffffffff | ff ff ff ff ff ff ff ff
stack at sp + 6 slots: 0x0 is NULL
stack at sp + 7 slots: 0x00007ff99d7b0ba4 ntdll.dll

VM_Operation (0x000000c06d3fe8f0): Exit, mode: safepoint, requested by thread 0x000002035b6b2af0


---------------  P R O C E S S  ---------------

Threads class SMR info:
_java_thread_list=0x000002035c13c9b0, length=16, elements={
0x00000203590621d0, 0x0000020359062ce0, 0x00000203590758a0, 0x00000203590783c0,
0x000002035907ccf0, 0x0000020359083070, 0x0000020359c100a0, 0x0000020359c31a10,
0x0000020359c32360, 0x0000020359d54c30, 0x0000020359d5b2c0, 0x0000020359ffd480,
0x000002035b6afb20, 0x000002035b6b2af0, 0x000002035b6b25a0, 0x000002035b6b1060
}

Java Threads: ( => current thread )
  0x00000203590621d0 JavaThread "Reference Handler" daemon [_thread_blocked, id=23144, stack(0x000000c06b700000,0x000000c06b800000)]
  0x0000020359062ce0 JavaThread "Finalizer" daemon [_thread_blocked, id=928, stack(0x000000c06b800000,0x000000c06b900000)]
  0x00000203590758a0 JavaThread "Signal Dispatcher" daemon [_thread_blocked, id=24232, stack(0x000000c06b900000,0x000000c06ba00000)]
  0x00000203590783c0 JavaThread "Attach Listener" daemon [_thread_blocked, id=24960, stack(0x000000c06ba00000,0x000000c06bb00000)]
  0x000002035907ccf0 JavaThread "Service Thread" daemon [_thread_blocked, id=6060, stack(0x000000c06bb00000,0x000000c06bc00000)]
  0x0000020359083070 JavaThread "Monitor Deflation Thread" daemon [_thread_blocked, id=10468, stack(0x000000c06bc00000,0x000000c06bd00000)]
  0x0000020359c100a0 JavaThread "C2 CompilerThread0" daemon [_thread_blocked, id=23064, stack(0x000000c06bd00000,0x000000c06be00000)]
  0x0000020359c31a10 JavaThread "C1 CompilerThread0" daemon [_thread_blocked, id=24256, stack(0x000000c06be00000,0x000000c06bf00000)]
  0x0000020359c32360 JavaThread "Sweeper thread" daemon [_thread_blocked, id=520, stack(0x000000c06bf00000,0x000000c06c000000)]
  0x0000020359d54c30 JavaThread "Notification Thread" daemon [_thread_blocked, id=11268, stack(0x000000c06c000000,0x000000c06c100000)]
  0x0000020359d5b2c0 JavaThread "Common-Cleaner" daemon [_thread_blocked, id=25024, stack(0x000000c06c200000,0x000000c06c300000)]
  0x0000020359ffd480 JavaThread "Java2D Disposer" daemon [_thread_blocked, id=24932, stack(0x000000c06c300000,0x000000c06c400000)]
  0x000002035b6afb20 JavaThread "HighResTimerThread" daemon [_thread_blocked, id=22256, stack(0x000000c06c400000,0x000000c06c500000)]
  0x000002035b6b2af0 JavaThread "main-FPSAWTAnimator#00-Timer0" [_thread_blocked, id=18796, stack(0x000000c06d300000,0x000000c06d400000)]
  0x000002035b6b25a0 JavaThread "DestroyJavaVM" [_thread_blocked, id=8056, stack(0x000000c06b000000,0x000000c06b100000)]
  0x000002035b6b1060 JavaThread "AWT-Shutdown" [_thread_blocked, id=16144, stack(0x000000c06c600000,0x000000c06c700000)]

Other Threads:
=>0x000002035905f7e0 VMThread "VM Thread" [stack: 0x000000c06b600000,0x000000c06b700000] [id=6072]
  0x000002033658ccc0 GCTaskThread "GC Thread#0" [stack: 0x000000c06b100000,0x000000c06b200000] [id=7928]
  0x000002035b81a830 GCTaskThread "GC Thread#1" [stack: 0x000000c06cc00000,0x000000c06cd00000] [id=12580]
  0x000002035b81b4c0 GCTaskThread "GC Thread#2" [stack: 0x000000c06cd00000,0x000000c06ce00000] [id=24132]
  0x000002035b81aea0 GCTaskThread "GC Thread#3" [stack: 0x000000c06ce00000,0x000000c06cf00000] [id=20556]
  0x000002035b81bae0 GCTaskThread "GC Thread#4" [stack: 0x000000c06cf00000,0x000000c06d000000] [id=21784]
  0x000002035b81b7d0 GCTaskThread "GC Thread#5" [stack: 0x000000c06d000000,0x000000c06d100000] [id=22404]
  0x000002035b81c100 GCTaskThread "GC Thread#6" [stack: 0x000000c06d100000,0x000000c06d200000] [id=18816]
  0x000002035b81c720 GCTaskThread "GC Thread#7" [stack: 0x000000c06d200000,0x000000c06d300000] [id=9152]
  0x000002033659f410 ConcurrentGCThread "G1 Main Marker" terminated
  0x000002033659fd90 ConcurrentGCThread "G1 Conc#0" [stack: 0x000000c06b300000,0x000000c06b400000] [id=6048]
  0x0000020358f124d0 ConcurrentGCThread "G1 Refine#0" terminated
  0x0000020358f12e60 ConcurrentGCThread "G1 Service" terminated

Threads with active compile tasks:

VM state: at safepoint (shutting down)

VM Mutex/Monitor currently owned by a thread:  ([mutex/lock_event])
[0x000002033653a060] Threads_lock - owner thread: 0x000002035905f7e0
[0x0000020336539370] Heap_lock - owner thread: 0x000002035b6b2af0

Heap address: 0x0000000703a00000, size: 4038 MB, Compressed Oops mode: Zero based, Oop shift amount: 3

CDS archive(s) mapped at: [0x0000000800000000-0x0000000800bb0000-0x0000000800bb0000), size 12255232, SharedBaseAddress: 0x0000000800000000, ArchiveRelocationMode: 0.
Compressed class space mapped at: 0x0000000800c00000-0x0000000840c00000, reserved size: 1073741824
Narrow klass base: 0x0000000800000000, Narrow klass shift: 3, Narrow klass range: 0x100000000

GC Precious Log:
 CPUs: 8 total, 8 available
 Memory: 16149M
 Large Page Support: Disabled
 NUMA Support: Disabled
 Compressed Oops: Enabled (Zero based)
 Heap Region Size: 2M
 Heap Min Capacity: 8M
 Heap Initial Capacity: 254M
 Heap Max Capacity: 4038M
 Pre-touch: Disabled
 Parallel Workers: 8
 Concurrent Workers: 2
 Concurrent Refinement Workers: 8
 Periodic GC: Disabled

Heap:
 garbage-first heap   total 376832K, used 47633K [0x0000000703a00000, 0x0000000800000000)
  region size 2048K, 22 young (45056K), 1 survivors (2048K)
 Metaspace       used 12763K, committed 12928K, reserved 1064960K
  class space    used 884K, committed 960K, reserved 1048576K

Heap Regions: E=young(eden), S=young(survivor), O=old, HS=humongous(starts), HC=humongous(continues), CS=collection set, F=free, OA=open archive, CA=closed archive, TAMS=top-at-mark-start (previous, next)
|   0|0x0000000703a00000, 0x0000000703c00000, 0x0000000703c00000|100%| O|  |TAMS 0x0000000703a00000, 0x0000000703a00000| Untracked 
|   1|0x0000000703c00000, 0x0000000703e00000, 0x0000000703e00000|100%| O|  |TAMS 0x0000000703c00000, 0x0000000703c00000| Untracked 
|   2|0x0000000703e00000, 0x0000000704000000, 0x0000000704000000|100%| O|  |TAMS 0x0000000703e00000, 0x0000000703e00000| Untracked 
|   3|0x0000000704000000, 0x0000000704076c00, 0x0000000704200000| 23%| O|  |TAMS 0x0000000704000000, 0x0000000704000000| Untracked 
|   4|0x0000000704200000, 0x0000000704200000, 0x0000000704400000|  0%| F|  |TAMS 0x0000000704200000, 0x0000000704200000| Untracked 
|   5|0x0000000704400000, 0x0000000704400000, 0x0000000704600000|  0%| F|  |TAMS 0x0000000704400000, 0x0000000704400000| Untracked 
|   6|0x0000000704600000, 0x0000000704600000, 0x0000000704800000|  0%| F|  |TAMS 0x0000000704600000, 0x0000000704600000| Untracked 
|   7|0x0000000704800000, 0x0000000704800000, 0x0000000704a00000|  0%| F|  |TAMS 0x0000000704800000, 0x0000000704800000| Untracked 
|   8|0x0000000704a00000, 0x0000000704a00000, 0x0000000704c00000|  0%| F|  |TAMS 0x0000000704a00000, 0x0000000704a00000| Untracked 
|   9|0x0000000704c00000, 0x0000000704c00000, 0x0000000704e00000|  0%| F|  |TAMS 0x0000000704c00000, 0x0000000704c00000| Untracked 
|  10|0x0000000704e00000, 0x0000000704e00000, 0x0000000705000000|  0%| F|  |TAMS 0x0000000704e00000, 0x0000000704e00000| Untracked 
|  11|0x0000000705000000, 0x0000000705000000, 0x0000000705200000|  0%| F|  |TAMS 0x0000000705000000, 0x0000000705000000| Untracked 
|  12|0x0000000705200000, 0x0000000705200000, 0x0000000705400000|  0%| F|  |TAMS 0x0000000705200000, 0x0000000705200000| Untracked 
|  13|0x0000000705400000, 0x0000000705400000, 0x0000000705600000|  0%| F|  |TAMS 0x0000000705400000, 0x0000000705400000| Untracked 
|  14|0x0000000705600000, 0x0000000705600000, 0x0000000705800000|  0%| F|  |TAMS 0x0000000705600000, 0x0000000705600000| Untracked 
|  15|0x0000000705800000, 0x0000000705800000, 0x0000000705a00000|  0%| F|  |TAMS 0x0000000705800000, 0x0000000705800000| Untracked 
|  16|0x0000000705a00000, 0x0000000705a00000, 0x0000000705c00000|  0%| F|  |TAMS 0x0000000705a00000, 0x0000000705a00000| Untracked 
|  17|0x0000000705c00000, 0x0000000705c00000, 0x0000000705e00000|  0%| F|  |TAMS 0x0000000705c00000, 0x0000000705c00000| Untracked 
|  18|0x0000000705e00000, 0x0000000705e00000, 0x0000000706000000|  0%| F|  |TAMS 0x0000000705e00000, 0x0000000705e00000| Untracked 
|  19|0x0000000706000000, 0x0000000706000000, 0x0000000706200000|  0%| F|  |TAMS 0x0000000706000000, 0x0000000706000000| Untracked 
|  20|0x0000000706200000, 0x0000000706200000, 0x0000000706400000|  0%| F|  |TAMS 0x0000000706200000, 0x0000000706200000| Untracked 
|  21|0x0000000706400000, 0x0000000706400000, 0x0000000706600000|  0%| F|  |TAMS 0x0000000706400000, 0x0000000706400000| Untracked 
|  22|0x0000000706600000, 0x0000000706600000, 0x0000000706800000|  0%| F|  |TAMS 0x0000000706600000, 0x0000000706600000| Untracked 
|  23|0x0000000706800000, 0x0000000706800000, 0x0000000706a00000|  0%| F|  |TAMS 0x0000000706800000, 0x0000000706800000| Untracked 
|  24|0x0000000706a00000, 0x0000000706a00000, 0x0000000706c00000|  0%| F|  |TAMS 0x0000000706a00000, 0x0000000706a00000| Untracked 
|  25|0x0000000706c00000, 0x0000000706c00000, 0x0000000706e00000|  0%| F|  |TAMS 0x0000000706c00000, 0x0000000706c00000| Untracked 
|  26|0x0000000706e00000, 0x0000000706e00000, 0x0000000707000000|  0%| F|  |TAMS 0x0000000706e00000, 0x0000000706e00000| Untracked 
|  27|0x0000000707000000, 0x0000000707000000, 0x0000000707200000|  0%| F|  |TAMS 0x0000000707000000, 0x0000000707000000| Untracked 
|  28|0x0000000707200000, 0x0000000707200000, 0x0000000707400000|  0%| F|  |TAMS 0x0000000707200000, 0x0000000707200000| Untracked 
|  29|0x0000000707400000, 0x0000000707400000, 0x0000000707600000|  0%| F|  |TAMS 0x0000000707400000, 0x0000000707400000| Untracked 
|  30|0x0000000707600000, 0x0000000707600000, 0x0000000707800000|  0%| F|  |TAMS 0x0000000707600000, 0x0000000707600000| Untracked 
|  31|0x0000000707800000, 0x0000000707800000, 0x0000000707a00000|  0%| F|  |TAMS 0x0000000707800000, 0x0000000707800000| Untracked 
|  32|0x0000000707a00000, 0x0000000707a00000, 0x0000000707c00000|  0%| F|  |TAMS 0x0000000707a00000, 0x0000000707a00000| Untracked 
|  33|0x0000000707c00000, 0x0000000707c00000, 0x0000000707e00000|  0%| F|  |TAMS 0x0000000707c00000, 0x0000000707c00000| Untracked 
|  34|0x0000000707e00000, 0x0000000707e00000, 0x0000000708000000|  0%| F|  |TAMS 0x0000000707e00000, 0x0000000707e00000| Untracked 
|  35|0x0000000708000000, 0x0000000708000000, 0x0000000708200000|  0%| F|  |TAMS 0x0000000708000000, 0x0000000708000000| Untracked 
|  36|0x0000000708200000, 0x0000000708200000, 0x0000000708400000|  0%| F|  |TAMS 0x0000000708200000, 0x0000000708200000| Untracked 
|  37|0x0000000708400000, 0x0000000708400000, 0x0000000708600000|  0%| F|  |TAMS 0x0000000708400000, 0x0000000708400000| Untracked 
|  38|0x0000000708600000, 0x0000000708600000, 0x0000000708800000|  0%| F|  |TAMS 0x0000000708600000, 0x0000000708600000| Untracked 
|  39|0x0000000708800000, 0x0000000708800000, 0x0000000708a00000|  0%| F|  |TAMS 0x0000000708800000, 0x0000000708800000| Untracked 
|  40|0x0000000708a00000, 0x0000000708a00000, 0x0000000708c00000|  0%| F|  |TAMS 0x0000000708a00000, 0x0000000708a00000| Untracked 
|  41|0x0000000708c00000, 0x0000000708c00000, 0x0000000708e00000|  0%| F|  |TAMS 0x0000000708c00000, 0x0000000708c00000| Untracked 
|  42|0x0000000708e00000, 0x0000000708e00000, 0x0000000709000000|  0%| F|  |TAMS 0x0000000708e00000, 0x0000000708e00000| Untracked 
|  43|0x0000000709000000, 0x0000000709000000, 0x0000000709200000|  0%| F|  |TAMS 0x0000000709000000, 0x0000000709000000| Untracked 
|  44|0x0000000709200000, 0x0000000709200000, 0x0000000709400000|  0%| F|  |TAMS 0x0000000709200000, 0x0000000709200000| Untracked 
|  45|0x0000000709400000, 0x0000000709400000, 0x0000000709600000|  0%| F|  |TAMS 0x0000000709400000, 0x0000000709400000| Untracked 
|  46|0x0000000709600000, 0x0000000709600000, 0x0000000709800000|  0%| F|  |TAMS 0x0000000709600000, 0x0000000709600000| Untracked 
|  47|0x0000000709800000, 0x0000000709800000, 0x0000000709a00000|  0%| F|  |TAMS 0x0000000709800000, 0x0000000709800000| Untracked 
|  48|0x0000000709a00000, 0x0000000709a00000, 0x0000000709c00000|  0%| F|  |TAMS 0x0000000709a00000, 0x0000000709a00000| Untracked 
|  49|0x0000000709c00000, 0x0000000709c00000, 0x0000000709e00000|  0%| F|  |TAMS 0x0000000709c00000, 0x0000000709c00000| Untracked 
|  50|0x0000000709e00000, 0x0000000709e00000, 0x000000070a000000|  0%| F|  |TAMS 0x0000000709e00000, 0x0000000709e00000| Untracked 
|  51|0x000000070a000000, 0x000000070a000000, 0x000000070a200000|  0%| F|  |TAMS 0x000000070a000000, 0x000000070a000000| Untracked 
|  52|0x000000070a200000, 0x000000070a200000, 0x000000070a400000|  0%| F|  |TAMS 0x000000070a200000, 0x000000070a200000| Untracked 
|  53|0x000000070a400000, 0x000000070a400000, 0x000000070a600000|  0%| F|  |TAMS 0x000000070a400000, 0x000000070a400000| Untracked 
|  54|0x000000070a600000, 0x000000070a600000, 0x000000070a800000|  0%| F|  |TAMS 0x000000070a600000, 0x000000070a600000| Untracked 
|  55|0x000000070a800000, 0x000000070a800000, 0x000000070aa00000|  0%| F|  |TAMS 0x000000070a800000, 0x000000070a800000| Untracked 
|  56|0x000000070aa00000, 0x000000070aa00000, 0x000000070ac00000|  0%| F|  |TAMS 0x000000070aa00000, 0x000000070aa00000| Untracked 
|  57|0x000000070ac00000, 0x000000070ac00000, 0x000000070ae00000|  0%| F|  |TAMS 0x000000070ac00000, 0x000000070ac00000| Untracked 
|  58|0x000000070ae00000, 0x000000070ae00000, 0x000000070b000000|  0%| F|  |TAMS 0x000000070ae00000, 0x000000070ae00000| Untracked 
|  59|0x000000070b000000, 0x000000070b000000, 0x000000070b200000|  0%| F|  |TAMS 0x000000070b000000, 0x000000070b000000| Untracked 
|  60|0x000000070b200000, 0x000000070b200000, 0x000000070b400000|  0%| F|  |TAMS 0x000000070b200000, 0x000000070b200000| Untracked 
|  61|0x000000070b400000, 0x000000070b400000, 0x000000070b600000|  0%| F|  |TAMS 0x000000070b400000, 0x000000070b400000| Untracked 
|  62|0x000000070b600000, 0x000000070b600000, 0x000000070b800000|  0%| F|  |TAMS 0x000000070b600000, 0x000000070b600000| Untracked 
|  63|0x000000070b800000, 0x000000070b800000, 0x000000070ba00000|  0%| F|  |TAMS 0x000000070b800000, 0x000000070b800000| Untracked 
|  64|0x000000070ba00000, 0x000000070ba00000, 0x000000070bc00000|  0%| F|  |TAMS 0x000000070ba00000, 0x000000070ba00000| Untracked 
|  65|0x000000070bc00000, 0x000000070bc00000, 0x000000070be00000|  0%| F|  |TAMS 0x000000070bc00000, 0x000000070bc00000| Untracked 
|  66|0x000000070be00000, 0x000000070be00000, 0x000000070c000000|  0%| F|  |TAMS 0x000000070be00000, 0x000000070be00000| Untracked 
|  67|0x000000070c000000, 0x000000070c000000, 0x000000070c200000|  0%| F|  |TAMS 0x000000070c000000, 0x000000070c000000| Untracked 
|  68|0x000000070c200000, 0x000000070c200000, 0x000000070c400000|  0%| F|  |TAMS 0x000000070c200000, 0x000000070c200000| Untracked 
|  69|0x000000070c400000, 0x000000070c400000, 0x000000070c600000|  0%| F|  |TAMS 0x000000070c400000, 0x000000070c400000| Untracked 
|  70|0x000000070c600000, 0x000000070c600000, 0x000000070c800000|  0%| F|  |TAMS 0x000000070c600000, 0x000000070c600000| Untracked 
|  71|0x000000070c800000, 0x000000070c800000, 0x000000070ca00000|  0%| F|  |TAMS 0x000000070c800000, 0x000000070c800000| Untracked 
|  72|0x000000070ca00000, 0x000000070ca00000, 0x000000070cc00000|  0%| F|  |TAMS 0x000000070ca00000, 0x000000070ca00000| Untracked 
|  73|0x000000070cc00000, 0x000000070cc0d9b0, 0x000000070ce00000|  2%| S|CS|TAMS 0x000000070cc00000, 0x000000070cc00000| Complete 
|  74|0x000000070ce00000, 0x000000070ce00000, 0x000000070d000000|  0%| F|  |TAMS 0x000000070ce00000, 0x000000070ce00000| Untracked 
|  75|0x000000070d000000, 0x000000070d000000, 0x000000070d200000|  0%| F|  |TAMS 0x000000070d000000, 0x000000070d000000| Untracked 
|  76|0x000000070d200000, 0x000000070d200000, 0x000000070d400000|  0%| F|  |TAMS 0x000000070d200000, 0x000000070d200000| Untracked 
|  77|0x000000070d400000, 0x000000070d400000, 0x000000070d600000|  0%| F|  |TAMS 0x000000070d400000, 0x000000070d400000| Untracked 
|  78|0x000000070d600000, 0x000000070d600000, 0x000000070d800000|  0%| F|  |TAMS 0x000000070d600000, 0x000000070d600000| Untracked 
|  79|0x000000070d800000, 0x000000070d800000, 0x000000070da00000|  0%| F|  |TAMS 0x000000070d800000, 0x000000070d800000| Untracked 
|  80|0x000000070da00000, 0x000000070da00000, 0x000000070dc00000|  0%| F|  |TAMS 0x000000070da00000, 0x000000070da00000| Untracked 
|  81|0x000000070dc00000, 0x000000070dc00000, 0x000000070de00000|  0%| F|  |TAMS 0x000000070dc00000, 0x000000070dc00000| Untracked 
|  82|0x000000070de00000, 0x000000070de00000, 0x000000070e000000|  0%| F|  |TAMS 0x000000070de00000, 0x000000070de00000| Untracked 
|  83|0x000000070e000000, 0x000000070e000000, 0x000000070e200000|  0%| F|  |TAMS 0x000000070e000000, 0x000000070e000000| Untracked 
|  84|0x000000070e200000, 0x000000070e200000, 0x000000070e400000|  0%| F|  |TAMS 0x000000070e200000, 0x000000070e200000| Untracked 
|  85|0x000000070e400000, 0x000000070e400000, 0x000000070e600000|  0%| F|  |TAMS 0x000000070e400000, 0x000000070e400000| Untracked 
|  86|0x000000070e600000, 0x000000070e600000, 0x000000070e800000|  0%| F|  |TAMS 0x000000070e600000, 0x000000070e600000| Untracked 
|  87|0x000000070e800000, 0x000000070e800000, 0x000000070ea00000|  0%| F|  |TAMS 0x000000070e800000, 0x000000070e800000| Untracked 
|  88|0x000000070ea00000, 0x000000070ea00000, 0x000000070ec00000|  0%| F|  |TAMS 0x000000070ea00000, 0x000000070ea00000| Untracked 
|  89|0x000000070ec00000, 0x000000070ec00000, 0x000000070ee00000|  0%| F|  |TAMS 0x000000070ec00000, 0x000000070ec00000| Untracked 
|  90|0x000000070ee00000, 0x000000070ee00000, 0x000000070f000000|  0%| F|  |TAMS 0x000000070ee00000, 0x000000070ee00000| Untracked 
|  91|0x000000070f000000, 0x000000070f000000, 0x000000070f200000|  0%| F|  |TAMS 0x000000070f000000, 0x000000070f000000| Untracked 
|  92|0x000000070f200000, 0x000000070f200000, 0x000000070f400000|  0%| F|  |TAMS 0x000000070f200000, 0x000000070f200000| Untracked 
|  93|0x000000070f400000, 0x000000070f400000, 0x000000070f600000|  0%| F|  |TAMS 0x000000070f400000, 0x000000070f400000| Untracked 
|  94|0x000000070f600000, 0x000000070f600000, 0x000000070f800000|  0%| F|  |TAMS 0x000000070f600000, 0x000000070f600000| Untracked 
|  95|0x000000070f800000, 0x000000070f800000, 0x000000070fa00000|  0%| F|  |TAMS 0x000000070f800000, 0x000000070f800000| Untracked 
|  96|0x000000070fa00000, 0x000000070fa00000, 0x000000070fc00000|  0%| F|  |TAMS 0x000000070fa00000, 0x000000070fa00000| Untracked 
|  97|0x000000070fc00000, 0x000000070fc00000, 0x000000070fe00000|  0%| F|  |TAMS 0x000000070fc00000, 0x000000070fc00000| Untracked 
|  98|0x000000070fe00000, 0x000000070fe00000, 0x0000000710000000|  0%| F|  |TAMS 0x000000070fe00000, 0x000000070fe00000| Untracked 
|  99|0x0000000710000000, 0x0000000710000000, 0x0000000710200000|  0%| F|  |TAMS 0x0000000710000000, 0x0000000710000000| Untracked 
| 100|0x0000000710200000, 0x0000000710200000, 0x0000000710400000|  0%| F|  |TAMS 0x0000000710200000, 0x0000000710200000| Untracked 
| 101|0x0000000710400000, 0x0000000710400000, 0x0000000710600000|  0%| F|  |TAMS 0x0000000710400000, 0x0000000710400000| Untracked 
| 102|0x0000000710600000, 0x0000000710600000, 0x0000000710800000|  0%| F|  |TAMS 0x0000000710600000, 0x0000000710600000| Untracked 
| 103|0x0000000710800000, 0x0000000710800000, 0x0000000710a00000|  0%| F|  |TAMS 0x0000000710800000, 0x0000000710800000| Untracked 
| 104|0x0000000710a00000, 0x0000000710a00000, 0x0000000710c00000|  0%| F|  |TAMS 0x0000000710a00000, 0x0000000710a00000| Untracked 
| 105|0x0000000710c00000, 0x0000000710c00000, 0x0000000710e00000|  0%| F|  |TAMS 0x0000000710c00000, 0x0000000710c00000| Untracked 
| 106|0x0000000710e00000, 0x0000000710e00000, 0x0000000711000000|  0%| F|  |TAMS 0x0000000710e00000, 0x0000000710e00000| Untracked 
| 107|0x0000000711000000, 0x0000000711000000, 0x0000000711200000|  0%| F|  |TAMS 0x0000000711000000, 0x0000000711000000| Untracked 
| 108|0x0000000711200000, 0x0000000711200000, 0x0000000711400000|  0%| F|  |TAMS 0x0000000711200000, 0x0000000711200000| Untracked 
| 109|0x0000000711400000, 0x0000000711400000, 0x0000000711600000|  0%| F|  |TAMS 0x0000000711400000, 0x0000000711400000| Untracked 
| 110|0x0000000711600000, 0x0000000711600000, 0x0000000711800000|  0%| F|  |TAMS 0x0000000711600000, 0x0000000711600000| Untracked 
| 111|0x0000000711800000, 0x0000000711800000, 0x0000000711a00000|  0%| F|  |TAMS 0x0000000711800000, 0x0000000711800000| Untracked 
| 112|0x0000000711a00000, 0x0000000711a00000, 0x0000000711c00000|  0%| F|  |TAMS 0x0000000711a00000, 0x0000000711a00000| Untracked 
| 113|0x0000000711c00000, 0x0000000711c00000, 0x0000000711e00000|  0%| F|  |TAMS 0x0000000711c00000, 0x0000000711c00000| Untracked 
| 114|0x0000000711e00000, 0x0000000711e00000, 0x0000000712000000|  0%| F|  |TAMS 0x0000000711e00000, 0x0000000711e00000| Untracked 
| 115|0x0000000712000000, 0x0000000712000000, 0x0000000712200000|  0%| F|  |TAMS 0x0000000712000000, 0x0000000712000000| Untracked 
| 116|0x0000000712200000, 0x0000000712200000, 0x0000000712400000|  0%| F|  |TAMS 0x0000000712200000, 0x0000000712200000| Untracked 
| 117|0x0000000712400000, 0x0000000712400000, 0x0000000712600000|  0%| F|  |TAMS 0x0000000712400000, 0x0000000712400000| Untracked 
| 118|0x0000000712600000, 0x0000000712600000, 0x0000000712800000|  0%| F|  |TAMS 0x0000000712600000, 0x0000000712600000| Untracked 
| 119|0x0000000712800000, 0x0000000712800000, 0x0000000712a00000|  0%| F|  |TAMS 0x0000000712800000, 0x0000000712800000| Untracked 
| 120|0x0000000712a00000, 0x0000000712a00000, 0x0000000712c00000|  0%| F|  |TAMS 0x0000000712a00000, 0x0000000712a00000| Untracked 
| 121|0x0000000712c00000, 0x0000000712c00000, 0x0000000712e00000|  0%| F|  |TAMS 0x0000000712c00000, 0x0000000712c00000| Untracked 
| 122|0x0000000712e00000, 0x0000000712e00000, 0x0000000713000000|  0%| F|  |TAMS 0x0000000712e00000, 0x0000000712e00000| Untracked 
| 123|0x0000000713000000, 0x0000000713000000, 0x0000000713200000|  0%| F|  |TAMS 0x0000000713000000, 0x0000000713000000| Untracked 
| 124|0x0000000713200000, 0x0000000713200000, 0x0000000713400000|  0%| F|  |TAMS 0x0000000713200000, 0x0000000713200000| Untracked 
| 125|0x0000000713400000, 0x0000000713400000, 0x0000000713600000|  0%| F|  |TAMS 0x0000000713400000, 0x0000000713400000| Untracked 
| 126|0x0000000713600000, 0x0000000713600000, 0x0000000713800000|  0%| F|  |TAMS 0x0000000713600000, 0x0000000713600000| Untracked 
| 127|0x0000000713800000, 0x0000000713800000, 0x0000000713a00000|  0%| F|  |TAMS 0x0000000713800000, 0x0000000713800000| Untracked 
| 128|0x0000000713a00000, 0x0000000713a00000, 0x0000000713c00000|  0%| F|  |TAMS 0x0000000713a00000, 0x0000000713a00000| Untracked 
| 129|0x0000000713c00000, 0x0000000713c00000, 0x0000000713e00000|  0%| F|  |TAMS 0x0000000713c00000, 0x0000000713c00000| Untracked 
| 130|0x0000000713e00000, 0x0000000713e00000, 0x0000000714000000|  0%| F|  |TAMS 0x0000000713e00000, 0x0000000713e00000| Untracked 
| 131|0x0000000714000000, 0x0000000714000000, 0x0000000714200000|  0%| F|  |TAMS 0x0000000714000000, 0x0000000714000000| Untracked 
| 132|0x0000000714200000, 0x0000000714200000, 0x0000000714400000|  0%| F|  |TAMS 0x0000000714200000, 0x0000000714200000| Untracked 
| 133|0x0000000714400000, 0x0000000714400000, 0x0000000714600000|  0%| F|  |TAMS 0x0000000714400000, 0x0000000714400000| Untracked 
| 134|0x0000000714600000, 0x0000000714600000, 0x0000000714800000|  0%| F|  |TAMS 0x0000000714600000, 0x0000000714600000| Untracked 
| 135|0x0000000714800000, 0x0000000714800000, 0x0000000714a00000|  0%| F|  |TAMS 0x0000000714800000, 0x0000000714800000| Untracked 
| 136|0x0000000714a00000, 0x0000000714a00000, 0x0000000714c00000|  0%| F|  |TAMS 0x0000000714a00000, 0x0000000714a00000| Untracked 
| 137|0x0000000714c00000, 0x0000000714c00000, 0x0000000714e00000|  0%| F|  |TAMS 0x0000000714c00000, 0x0000000714c00000| Untracked 
| 138|0x0000000714e00000, 0x0000000714e00000, 0x0000000715000000|  0%| F|  |TAMS 0x0000000714e00000, 0x0000000714e00000| Untracked 
| 139|0x0000000715000000, 0x0000000715000000, 0x0000000715200000|  0%| F|  |TAMS 0x0000000715000000, 0x0000000715000000| Untracked 
| 140|0x0000000715200000, 0x0000000715200000, 0x0000000715400000|  0%| F|  |TAMS 0x0000000715200000, 0x0000000715200000| Untracked 
| 141|0x0000000715400000, 0x0000000715400000, 0x0000000715600000|  0%| F|  |TAMS 0x0000000715400000, 0x0000000715400000| Untracked 
| 142|0x0000000715600000, 0x0000000715600000, 0x0000000715800000|  0%| F|  |TAMS 0x0000000715600000, 0x0000000715600000| Untracked 
| 143|0x0000000715800000, 0x0000000715800000, 0x0000000715a00000|  0%| F|  |TAMS 0x0000000715800000, 0x0000000715800000| Untracked 
| 144|0x0000000715a00000, 0x0000000715a00000, 0x0000000715c00000|  0%| F|  |TAMS 0x0000000715a00000, 0x0000000715a00000| Untracked 
| 145|0x0000000715c00000, 0x0000000715c00000, 0x0000000715e00000|  0%| F|  |TAMS 0x0000000715c00000, 0x0000000715c00000| Untracked 
| 146|0x0000000715e00000, 0x0000000715e00000, 0x0000000716000000|  0%| F|  |TAMS 0x0000000715e00000, 0x0000000715e00000| Untracked 
| 147|0x0000000716000000, 0x0000000716000000, 0x0000000716200000|  0%| F|  |TAMS 0x0000000716000000, 0x0000000716000000| Untracked 
| 148|0x0000000716200000, 0x0000000716200000, 0x0000000716400000|  0%| F|  |TAMS 0x0000000716200000, 0x0000000716200000| Untracked 
| 149|0x0000000716400000, 0x0000000716400000, 0x0000000716600000|  0%| F|  |TAMS 0x0000000716400000, 0x0000000716400000| Untracked 
| 150|0x0000000716600000, 0x0000000716600000, 0x0000000716800000|  0%| F|  |TAMS 0x0000000716600000, 0x0000000716600000| Untracked 
| 151|0x0000000716800000, 0x0000000716800000, 0x0000000716a00000|  0%| F|  |TAMS 0x0000000716800000, 0x0000000716800000| Untracked 
| 152|0x0000000716a00000, 0x0000000716a00000, 0x0000000716c00000|  0%| F|  |TAMS 0x0000000716a00000, 0x0000000716a00000| Untracked 
| 153|0x0000000716c00000, 0x0000000716c00000, 0x0000000716e00000|  0%| F|  |TAMS 0x0000000716c00000, 0x0000000716c00000| Untracked 
| 154|0x0000000716e00000, 0x0000000716e00000, 0x0000000717000000|  0%| F|  |TAMS 0x0000000716e00000, 0x0000000716e00000| Untracked 
| 155|0x0000000717000000, 0x0000000717000000, 0x0000000717200000|  0%| F|  |TAMS 0x0000000717000000, 0x0000000717000000| Untracked 
| 156|0x0000000717200000, 0x0000000717200000, 0x0000000717400000|  0%| F|  |TAMS 0x0000000717200000, 0x0000000717200000| Untracked 
| 157|0x0000000717400000, 0x0000000717400000, 0x0000000717600000|  0%| F|  |TAMS 0x0000000717400000, 0x0000000717400000| Untracked 
| 158|0x0000000717600000, 0x0000000717600000, 0x0000000717800000|  0%| F|  |TAMS 0x0000000717600000, 0x0000000717600000| Untracked 
| 159|0x0000000717800000, 0x0000000717800000, 0x0000000717a00000|  0%| F|  |TAMS 0x0000000717800000, 0x0000000717800000| Untracked 
| 160|0x0000000717a00000, 0x0000000717a00000, 0x0000000717c00000|  0%| F|  |TAMS 0x0000000717a00000, 0x0000000717a00000| Untracked 
| 161|0x0000000717c00000, 0x0000000717c00000, 0x0000000717e00000|  0%| F|  |TAMS 0x0000000717c00000, 0x0000000717c00000| Untracked 
| 162|0x0000000717e00000, 0x0000000717e00000, 0x0000000718000000|  0%| F|  |TAMS 0x0000000717e00000, 0x0000000717e00000| Untracked 
| 163|0x0000000718000000, 0x0000000718100800, 0x0000000718200000| 50%| E|  |TAMS 0x0000000718000000, 0x0000000718000000| Complete 
| 164|0x0000000718200000, 0x0000000718400000, 0x0000000718400000|100%| E|CS|TAMS 0x0000000718200000, 0x0000000718200000| Complete 
| 165|0x0000000718400000, 0x0000000718600000, 0x0000000718600000|100%| E|CS|TAMS 0x0000000718400000, 0x0000000718400000| Complete 
| 166|0x0000000718600000, 0x0000000718800000, 0x0000000718800000|100%| E|CS|TAMS 0x0000000718600000, 0x0000000718600000| Complete 
| 167|0x0000000718800000, 0x0000000718a00000, 0x0000000718a00000|100%| E|CS|TAMS 0x0000000718800000, 0x0000000718800000| Complete 
| 168|0x0000000718a00000, 0x0000000718c00000, 0x0000000718c00000|100%| E|CS|TAMS 0x0000000718a00000, 0x0000000718a00000| Complete 
| 169|0x0000000718c00000, 0x0000000718e00000, 0x0000000718e00000|100%| E|CS|TAMS 0x0000000718c00000, 0x0000000718c00000| Complete 
| 170|0x0000000718e00000, 0x0000000719000000, 0x0000000719000000|100%| E|CS|TAMS 0x0000000718e00000, 0x0000000718e00000| Complete 
| 171|0x0000000719000000, 0x0000000719200000, 0x0000000719200000|100%| E|CS|TAMS 0x0000000719000000, 0x0000000719000000| Complete 
| 172|0x0000000719200000, 0x0000000719400000, 0x0000000719400000|100%| E|CS|TAMS 0x0000000719200000, 0x0000000719200000| Complete 
| 173|0x0000000719400000, 0x0000000719600000, 0x0000000719600000|100%| E|CS|TAMS 0x0000000719400000, 0x0000000719400000| Complete 
| 174|0x0000000719600000, 0x0000000719800000, 0x0000000719800000|100%| E|CS|TAMS 0x0000000719600000, 0x0000000719600000| Complete 
| 175|0x0000000719800000, 0x0000000719a00000, 0x0000000719a00000|100%| E|CS|TAMS 0x0000000719800000, 0x0000000719800000| Complete 
| 176|0x0000000719a00000, 0x0000000719c00000, 0x0000000719c00000|100%| E|CS|TAMS 0x0000000719a00000, 0x0000000719a00000| Complete 
| 177|0x0000000719c00000, 0x0000000719e00000, 0x0000000719e00000|100%| E|CS|TAMS 0x0000000719c00000, 0x0000000719c00000| Complete 
| 178|0x0000000719e00000, 0x000000071a000000, 0x000000071a000000|100%| E|CS|TAMS 0x0000000719e00000, 0x0000000719e00000| Complete 
| 179|0x000000071a000000, 0x000000071a200000, 0x000000071a200000|100%| E|CS|TAMS 0x000000071a000000, 0x000000071a000000| Complete 
| 180|0x000000071a200000, 0x000000071a400000, 0x000000071a400000|100%| E|CS|TAMS 0x000000071a200000, 0x000000071a200000| Complete 
| 181|0x000000071a400000, 0x000000071a600000, 0x000000071a600000|100%| E|CS|TAMS 0x000000071a400000, 0x000000071a400000| Complete 
| 182|0x000000071a600000, 0x000000071a800000, 0x000000071a800000|100%| E|CS|TAMS 0x000000071a600000, 0x000000071a600000| Complete 
| 183|0x000000071a800000, 0x000000071aa00000, 0x000000071aa00000|100%| E|CS|TAMS 0x000000071a800000, 0x000000071a800000| Complete 

Card table byte_map: [0x000002034d7f0000,0x000002034dfe0000] _byte_map_base: 0x0000020349fd3000

Marking Bits (Prev, Next): (CMBitMap*) 0x000002033658e650, (CMBitMap*) 0x000002033658e690
 Prev Bits: [0x000002034e7d0000, 0x00000203526e8000)
 Next Bits: [0x00000203526f0000, 0x0000020356608000)

Polling page: 0x0000020335d20000

Metaspace:

Usage:
  Non-class:     11.60 MB used.
      Class:    884.02 KB used.
       Both:     12.46 MB used.

Virtual space:
  Non-class space:       16.00 MB reserved,      11.69 MB ( 73%) committed,  2 nodes.
      Class space:        1.00 GB reserved,     960.00 KB ( <1%) committed,  1 nodes.
              Both:        1.02 GB reserved,      12.62 MB (  1%) committed. 

Chunk freelists:
   Non-Class:  3.81 MB
       Class:  2.94 MB
        Both:  6.75 MB

MaxMetaspaceSize: 17179869184.00 GB
CompressedClassSpaceSize: 1.00 GB
 - commit_granule_bytes: 65536.
 - commit_granule_words: 8192.
 - virtual_space_node_default_size: 1048576.
 - enlarge_chunks_in_place: 1.
 - new_chunks_are_fully_committed: 0.
 - uncommit_free_chunks: 1.
 - use_allocation_guard: 0.
 - handle_deallocations: 1.


Internal statistics:

num_allocs_failed_limit: 0.
num_arena_births: 86.
num_arena_deaths: 0.
num_vsnodes_births: 3.
num_vsnodes_deaths: 0.
num_space_committed: 198.
num_space_uncommitted: 0.
num_chunks_returned_to_freelist: 0.
num_chunks_taken_from_freelist: 347.
num_chunk_merges: 0.
num_chunk_splits: 280.
num_chunks_enlarged: 228.
num_purges: 0.

CodeHeap 'non-profiled nmethods': size=120000Kb used=905Kb max_used=905Kb free=119094Kb
 bounds [0x0000020345790000, 0x0000020345a00000, 0x000002034ccc0000]
CodeHeap 'profiled nmethods': size=120000Kb used=3638Kb max_used=3638Kb free=116362Kb
 bounds [0x000002033e260000, 0x000002033e5f0000, 0x0000020345790000]
CodeHeap 'non-nmethods': size=5760Kb used=1539Kb max_used=1573Kb free=4220Kb
 bounds [0x000002033dcc0000, 0x000002033df30000, 0x000002033e260000]
 total_blobs=2809 nmethods=1882 adapters=840
 compilation: enabled
              stopped_count=0, restarted_count=0
 full_count=0

Compilation events (20 events):
Event: 37.382 Thread 0x0000020359c31a10 1873       1       jogamp.newt.WindowImpl::getSurfaceHeight (5 bytes)
Event: 37.382 Thread 0x0000020359c31a10 nmethod 1873 0x0000020345867690 code [0x0000020345867820, 0x00000203458678f8]
Event: 39.114 Thread 0x0000020359c31a10 1874       1       processing.event.Event::getAction (5 bytes)
Event: 39.114 Thread 0x0000020359c31a10 nmethod 1874 0x0000020345867990 code [0x0000020345867b20, 0x0000020345867bf8]
Event: 39.207 Thread 0x0000020359c31a10 1875       3       com.jogamp.common.util.Bitfield$Util::bitCount (49 bytes)
Event: 39.207 Thread 0x0000020359c31a10 nmethod 1875 0x000002033e5ec510 code [0x000002033e5ec6a0, 0x000002033e5ec7d8]
Event: 39.416 Thread 0x0000020359c100a0 1876   !   4       jogamp.common.util.locks.RecursiveLockImpl01Unfairish::tryLock (582 bytes)
Event: 39.418 Thread 0x0000020359c100a0 nmethod 1876 0x0000020345867c90 code [0x0000020345867e20, 0x00000203458682f8]
Event: 41.415 Thread 0x0000020359c100a0 1877       4       java.lang.ThreadLocal::set (30 bytes)
Event: 41.417 Thread 0x0000020359c100a0 nmethod 1877 0x0000020345868510 code [0x00000203458686a0, 0x00000203458688d8]
Event: 41.458 Thread 0x0000020359c31a10 1878       3       com.jogamp.newt.event.NEWTEvent::<init> (21 bytes)
Event: 41.458 Thread 0x0000020359c31a10 nmethod 1878 0x000002033e5ec890 code [0x000002033e5eca60, 0x000002033e5ecde8]
Event: 41.508 Thread 0x0000020359c100a0 1879       4       processing.core.PApplet::strokeWeight (24 bytes)
Event: 41.509 Thread 0x0000020359c100a0 nmethod 1879 0x0000020345868a90 code [0x0000020345868c20, 0x0000020345868cf8]
Event: 41.510 Thread 0x0000020359c100a0 1880       4       processing.opengl.PGraphicsOpenGL::flush (310 bytes)
Event: 41.584 Thread 0x0000020359c100a0 nmethod 1880 0x0000020345868e10 code [0x0000020345869300, 0x000002034586e350]
Event: 42.116 Thread 0x0000020359c31a10 1881       3       com.jogamp.newt.event.NEWTEvent::isConsumed (16 bytes)
Event: 42.117 Thread 0x0000020359c31a10 nmethod 1881 0x000002033e5ecf90 code [0x000002033e5ed120, 0x000002033e5ed298]
Event: 42.153 Thread 0x0000020359c31a10 1882       3       java.lang.ClassLoader::findNative (21 bytes)
Event: 42.153 Thread 0x0000020359c31a10 nmethod 1882 0x000002033e5ed310 code [0x000002033e5ed4e0, 0x000002033e5ed6f8]

GC Heap History (20 events):
Event: 39.814 GC heap before
{Heap before GC invocations=163 (full 0):
 garbage-first heap   total 376832K, used 229820K [0x0000000703a00000, 0x0000000800000000)
  region size 2048K, 110 young (225280K), 1 survivors (2048K)
 Metaspace       used 12720K, committed 12928K, reserved 1064960K
  class space    used 880K, committed 960K, reserved 1048576K
}
Event: 39.816 GC heap after
{Heap after GC invocations=164 (full 0):
 garbage-first heap   total 376832K, used 6596K [0x0000000703a00000, 0x0000000800000000)
  region size 2048K, 1 young (2048K), 1 survivors (2048K)
 Metaspace       used 12720K, committed 12928K, reserved 1064960K
  class space    used 880K, committed 960K, reserved 1048576K
}
Event: 40.062 GC heap before
{Heap before GC invocations=164 (full 0):
 garbage-first heap   total 376832K, used 229828K [0x0000000703a00000, 0x0000000800000000)
  region size 2048K, 110 young (225280K), 1 survivors (2048K)
 Metaspace       used 12720K, committed 12928K, reserved 1064960K
  class space    used 880K, committed 960K, reserved 1048576K
}
Event: 40.064 GC heap after
{Heap after GC invocations=165 (full 0):
 garbage-first heap   total 376832K, used 6609K [0x0000000703a00000, 0x0000000800000000)
  region size 2048K, 1 young (2048K), 1 survivors (2048K)
 Metaspace       used 12720K, committed 12928K, reserved 1064960K
  class space    used 880K, committed 960K, reserved 1048576K
}
Event: 40.311 GC heap before
{Heap before GC invocations=165 (full 0):
 garbage-first heap   total 376832K, used 229841K [0x0000000703a00000, 0x0000000800000000)
  region size 2048K, 110 young (225280K), 1 survivors (2048K)
 Metaspace       used 12720K, committed 12928K, reserved 1064960K
  class space    used 880K, committed 960K, reserved 1048576K
}
Event: 40.312 GC heap after
{Heap after GC invocations=166 (full 0):
 garbage-first heap   total 376832K, used 6619K [0x0000000703a00000, 0x0000000800000000)
  region size 2048K, 1 young (2048K), 1 survivors (2048K)
 Metaspace       used 12720K, committed 12928K, reserved 1064960K
  class space    used 880K, committed 960K, reserved 1048576K
}
Event: 40.557 GC heap before
{Heap before GC invocations=166 (full 0):
 garbage-first heap   total 376832K, used 229851K [0x0000000703a00000, 0x0000000800000000)
  region size 2048K, 110 young (225280K), 1 survivors (2048K)
 Metaspace       used 12720K, committed 12928K, reserved 1064960K
  class space    used 880K, committed 960K, reserved 1048576K
}
Event: 40.558 GC heap after
{Heap after GC invocations=167 (full 0):
 garbage-first heap   total 376832K, used 6622K [0x0000000703a00000, 0x0000000800000000)
  region size 2048K, 1 young (2048K), 1 survivors (2048K)
 Metaspace       used 12720K, committed 12928K, reserved 1064960K
  class space    used 880K, committed 960K, reserved 1048576K
}
Event: 40.809 GC heap before
{Heap before GC invocations=167 (full 0):
 garbage-first heap   total 376832K, used 229854K [0x0000000703a00000, 0x0000000800000000)
  region size 2048K, 110 young (225280K), 1 survivors (2048K)
 Metaspace       used 12720K, committed 12928K, reserved 1064960K
  class space    used 880K, committed 960K, reserved 1048576K
}
Event: 40.810 GC heap after
{Heap after GC invocations=168 (full 0):
 garbage-first heap   total 376832K, used 6626K [0x0000000703a00000, 0x0000000800000000)
  region size 2048K, 1 young (2048K), 1 survivors (2048K)
 Metaspace       used 12720K, committed 12928K, reserved 1064960K
  class space    used 880K, committed 960K, reserved 1048576K
}
Event: 41.058 GC heap before
{Heap before GC invocations=168 (full 0):
 garbage-first heap   total 376832K, used 229858K [0x0000000703a00000, 0x0000000800000000)
  region size 2048K, 110 young (225280K), 1 survivors (2048K)
 Metaspace       used 12720K, committed 12928K, reserved 1064960K
  class space    used 880K, committed 960K, reserved 1048576K
}
Event: 41.059 GC heap after
{Heap after GC invocations=169 (full 0):
 garbage-first heap   total 376832K, used 6637K [0x0000000703a00000, 0x0000000800000000)
  region size 2048K, 1 young (2048K), 1 survivors (2048K)
 Metaspace       used 12720K, committed 12928K, reserved 1064960K
  class space    used 880K, committed 960K, reserved 1048576K
}
Event: 41.299 GC heap before
{Heap before GC invocations=169 (full 0):
 garbage-first heap   total 376832K, used 229869K [0x0000000703a00000, 0x0000000800000000)
  region size 2048K, 110 young (225280K), 1 survivors (2048K)
 Metaspace       used 12720K, committed 12928K, reserved 1064960K
  class space    used 880K, committed 960K, reserved 1048576K
}
Event: 41.300 GC heap after
{Heap after GC invocations=170 (full 0):
 garbage-first heap   total 376832K, used 6645K [0x0000000703a00000, 0x0000000800000000)
  region size 2048K, 1 young (2048K), 1 survivors (2048K)
 Metaspace       used 12720K, committed 12928K, reserved 1064960K
  class space    used 880K, committed 960K, reserved 1048576K
}
Event: 41.559 GC heap before
{Heap before GC invocations=170 (full 0):
 garbage-first heap   total 376832K, used 229877K [0x0000000703a00000, 0x0000000800000000)
  region size 2048K, 110 young (225280K), 1 survivors (2048K)
 Metaspace       used 12721K, committed 12928K, reserved 1064960K
  class space    used 880K, committed 960K, reserved 1048576K
}
Event: 41.560 GC heap after
{Heap after GC invocations=171 (full 0):
 garbage-first heap   total 376832K, used 6654K [0x0000000703a00000, 0x0000000800000000)
  region size 2048K, 1 young (2048K), 1 survivors (2048K)
 Metaspace       used 12721K, committed 12928K, reserved 1064960K
  class space    used 880K, committed 960K, reserved 1048576K
}
Event: 41.825 GC heap before
{Heap before GC invocations=171 (full 0):
 garbage-first heap   total 376832K, used 229886K [0x0000000703a00000, 0x0000000800000000)
  region size 2048K, 110 young (225280K), 1 survivors (2048K)
 Metaspace       used 12721K, committed 12928K, reserved 1064960K
  class space    used 880K, committed 960K, reserved 1048576K
}
Event: 41.827 GC heap after
{Heap after GC invocations=172 (full 0):
 garbage-first heap   total 376832K, used 6664K [0x0000000703a00000, 0x0000000800000000)
  region size 2048K, 1 young (2048K), 1 survivors (2048K)
 Metaspace       used 12721K, committed 12928K, reserved 1064960K
  class space    used 880K, committed 960K, reserved 1048576K
}
Event: 42.076 GC heap before
{Heap before GC invocations=172 (full 0):
 garbage-first heap   total 376832K, used 229896K [0x0000000703a00000, 0x0000000800000000)
  region size 2048K, 110 young (225280K), 1 survivors (2048K)
 Metaspace       used 12721K, committed 12928K, reserved 1064960K
  class space    used 880K, committed 960K, reserved 1048576K
}
Event: 42.078 GC heap after
{Heap after GC invocations=173 (full 0):
 garbage-first heap   total 376832K, used 6673K [0x0000000703a00000, 0x0000000800000000)
  region size 2048K, 1 young (2048K), 1 survivors (2048K)
 Metaspace       used 12721K, committed 12928K, reserved 1064960K
  class space    used 880K, committed 960K, reserved 1048576K
}

Deoptimization events (20 events):
Event: 2.340 Thread 0x000002035b6b2af0 Uncommon trap: trap_request=0xffffff45 fr.pc=0x00000203457f955c relative=0x000000000000013c
Event: 2.340 Thread 0x000002035b6b2af0 Uncommon trap: reason=unstable_if action=reinterpret pc=0x00000203457f955c method=processing.opengl.PGraphicsOpenGL$InGeometry.addEdge(IIZZ)I @ 40 c2
Event: 2.340 Thread 0x000002035b6b2af0 DEOPT PACKING pc=0x00000203457f955c sp=0x000000c06d3fe800
Event: 2.340 Thread 0x000002035b6b2af0 DEOPT UNPACKING pc=0x000002033dd0f92e sp=0x000000c06d3fe788 mode 2
Event: 2.374 Thread 0x000002035b6b2af0 DEOPT PACKING pc=0x000002033e47622f sp=0x000000c06d3fea10
Event: 2.374 Thread 0x000002035b6b2af0 DEOPT UNPACKING pc=0x000002033dd0e77e sp=0x000000c06d3fdf48 mode 0
Event: 2.499 Thread 0x000002035b6b2af0 DEOPT PACKING pc=0x000002033e4611a8 sp=0x000000c06d3fe8e0
Event: 2.500 Thread 0x000002035b6b2af0 DEOPT UNPACKING pc=0x000002033dd0e77e sp=0x000000c06d3fddb0 mode 0
Event: 2.532 Thread 0x000002035b6b2af0 DEOPT PACKING pc=0x000002033e4611a8 sp=0x000000c06d3fe8e0
Event: 2.532 Thread 0x000002035b6b2af0 DEOPT UNPACKING pc=0x000002033dd0e77e sp=0x000000c06d3fddb0 mode 0
Event: 2.532 Thread 0x000002035b6b2af0 DEOPT PACKING pc=0x000002033e461036 sp=0x000000c06d3fe8e0
Event: 2.532 Thread 0x000002035b6b2af0 DEOPT UNPACKING pc=0x000002033dd0e77e sp=0x000000c06d3fddb0 mode 0
Event: 2.537 Thread 0x000002035b6b2af0 DEOPT PACKING pc=0x000002033e4cdaaf sp=0x000000c06d3fea70
Event: 2.537 Thread 0x000002035b6b2af0 DEOPT UNPACKING pc=0x000002033dd0e77e sp=0x000000c06d3fdf50 mode 0
Event: 2.571 Thread 0x000002035b6b2af0 DEOPT PACKING pc=0x000002033e4cdaaf sp=0x000000c06d3fea70
Event: 2.571 Thread 0x000002035b6b2af0 DEOPT UNPACKING pc=0x000002033dd0e77e sp=0x000000c06d3fdf50 mode 0
Event: 42.139 Thread 0x000002035b6b1b00 Uncommon trap: trap_request=0xffffff45 fr.pc=0x00000203457f9980 relative=0x0000000000000060
Event: 42.139 Thread 0x000002035b6b1b00 Uncommon trap: reason=unstable_if action=reinterpret pc=0x00000203457f9980 method=java.util.HashMap.keySet()Ljava/util/Set; @ 6 c2
Event: 42.139 Thread 0x000002035b6b1b00 DEOPT PACKING pc=0x00000203457f9980 sp=0x000000c06d7ff250
Event: 42.139 Thread 0x000002035b6b1b00 DEOPT UNPACKING pc=0x000002033dd0f92e sp=0x000000c06d7ff1e8 mode 2

Classes unloaded (0 events):
No events

Classes redefined (0 events):
No events

Internal exceptions (20 events):
Event: 2.197 Thread 0x000002035b6b2af0 Exception <a 'java/lang/NullPointerException'{0x0000000712724d50}> (0x0000000712724d50) 
thrown [t:\workspace\open\src\hotspot\share\runtime\sharedRuntime.cpp, line 624]
Event: 2.197 Thread 0x000002035b6b2af0 Implicit null exception at 0x000002033e44a945 to 0x000002033e44b1bf
Event: 2.197 Thread 0x000002035b6b2af0 Exception <a 'java/lang/NullPointerException'{0x00000007127251e8}> (0x00000007127251e8) 
thrown [t:\workspace\open\src\hotspot\share\runtime\sharedRuntime.cpp, line 624]
Event: 2.197 Thread 0x000002035b6b2af0 Implicit null exception at 0x000002033e44a945 to 0x000002033e44b1bf
Event: 2.197 Thread 0x000002035b6b2af0 Exception <a 'java/lang/NullPointerException'{0x00000007127255a0}> (0x00000007127255a0) 
thrown [t:\workspace\open\src\hotspot\share\runtime\sharedRuntime.cpp, line 624]
Event: 2.197 Thread 0x000002035b6b2af0 Implicit null exception at 0x000002033e44a945 to 0x000002033e44b1bf
Event: 2.197 Thread 0x000002035b6b2af0 Exception <a 'java/lang/NullPointerException'{0x0000000712725a18}> (0x0000000712725a18) 
thrown [t:\workspace\open\src\hotspot\share\runtime\sharedRuntime.cpp, line 624]
Event: 2.197 Thread 0x000002035b6b2af0 Implicit null exception at 0x000002033e44a945 to 0x000002033e44b1bf
Event: 2.197 Thread 0x000002035b6b2af0 Exception <a 'java/lang/NullPointerException'{0x0000000712725dd0}> (0x0000000712725dd0) 
thrown [t:\workspace\open\src\hotspot\share\runtime\sharedRuntime.cpp, line 624]
Event: 2.197 Thread 0x000002035b6b2af0 Implicit null exception at 0x000002033e44a945 to 0x000002033e44b1bf
Event: 2.197 Thread 0x000002035b6b2af0 Exception <a 'java/lang/NullPointerException'{0x0000000712726188}> (0x0000000712726188) 
thrown [t:\workspace\open\src\hotspot\share\runtime\sharedRuntime.cpp, line 624]
Event: 2.197 Thread 0x000002035b6b2af0 Implicit null exception at 0x000002033e44a945 to 0x000002033e44b1bf
Event: 2.197 Thread 0x000002035b6b2af0 Exception <a 'java/lang/NullPointerException'{0x0000000712726540}> (0x0000000712726540) 
thrown [t:\workspace\open\src\hotspot\share\runtime\sharedRuntime.cpp, line 624]
Event: 2.197 Thread 0x000002035b6b2af0 Implicit null exception at 0x000002033e44a945 to 0x000002033e44b1bf
Event: 2.197 Thread 0x000002035b6b2af0 Exception <a 'java/lang/NullPointerException'{0x00000007127268f8}> (0x00000007127268f8) 
thrown [t:\workspace\open\src\hotspot\share\runtime\sharedRuntime.cpp, line 624]
Event: 2.197 Thread 0x000002035b6b2af0 Implicit null exception at 0x000002033e44a945 to 0x000002033e44b1bf
Event: 2.197 Thread 0x000002035b6b2af0 Exception <a 'java/lang/NullPointerException'{0x0000000712726cb0}> (0x0000000712726cb0) 
thrown [t:\workspace\open\src\hotspot\share\runtime\sharedRuntime.cpp, line 624]
Event: 2.197 Thread 0x000002035b6b2af0 Implicit null exception at 0x000002033e44a945 to 0x000002033e44b1bf
Event: 2.197 Thread 0x000002035b6b2af0 Exception <a 'java/lang/NullPointerException'{0x0000000712727068}> (0x0000000712727068) 
thrown [t:\workspace\open\src\hotspot\share\runtime\sharedRuntime.cpp, line 624]
Event: 42.118 Thread 0x000002035b6b1060 Exception <a 'java/lang/InterruptedException'{0x0000000718501260}> (0x0000000718501260) 
thrown [t:\workspace\open\src\hotspot\share\runtime\objectMonitor.cpp, line 1705]

Events (20 events):
Event: 41.558 Executing  VM operation: G1CollectForAllocation
Event: 41.560 Executing  VM operation: G1CollectForAllocation done
Event: 41.825 Executing  VM operation: G1CollectForAllocation
Event: 41.827 Executing  VM operation: G1CollectForAllocation done
Event: 42.076 Executing  VM operation: G1CollectForAllocation
Event: 42.078 Executing  VM operation: G1CollectForAllocation done
Event: 42.118 Thread 0x000002035b6b1b00 Thread added: 0x000002035b6b1b00
Event: 42.118 Thread 0x000002035b6b3040 Thread added: 0x000002035b6b3040
Event: 42.118 Thread 0x000002035b6b2050 Thread added: 0x000002035b6b2050
Event: 42.118 Thread 0x000002035b6b1060 Thread exited: 0x000002035b6b1060
Event: 42.119 Thread 0x000002035b6b1060 Thread added: 0x000002035b6b1060
Event: 42.119 loading class java/nio/channels/ClosedChannelException
Event: 42.119 loading class java/nio/channels/ClosedChannelException done
Event: 42.119 Thread 0x000002035b6b3040 Thread exited: 0x000002035b6b3040
Event: 42.119 Thread 0x000002035a760990 Thread exited: 0x000002035a760990
Event: 42.122 Thread 0x0000020359feb5f0 Thread exited: 0x0000020359feb5f0
Event: 42.156 Thread 0x000002035a748be0 Thread exited: 0x000002035a748be0
Event: 42.158 Thread 0x000002035b6b1b00 Thread exited: 0x000002035b6b1b00
Event: 42.219 Thread 0x000002035b6b2050 Thread exited: 0x000002035b6b2050
Event: 42.220 Executing  VM operation: Exit


Dynamic libraries:
0x00007ff649b00000 - 0x00007ff649b10000 	C:\Program Files\Java\jdk-16.0.2\bin\javaw.exe
0x00007ff99d710000 - 0x00007ff99d905000 	C:\windows\SYSTEM32\ntdll.dll
0x00007ff99caa0000 - 0x00007ff99cb5e000 	C:\windows\System32\KERNEL32.DLL
0x00007ff99b0e0000 - 0x00007ff99b3a8000 	C:\windows\System32\KERNELBASE.dll
0x00007ff99b4c0000 - 0x00007ff99b5c0000 	C:\windows\System32\ucrtbase.dll
0x00007ff98f860000 - 0x00007ff98f878000 	C:\Program Files\Java\jdk-16.0.2\bin\jli.dll
0x00007ff9933b0000 - 0x00007ff9933c9000 	C:\Program Files\Java\jdk-16.0.2\bin\VCRUNTIME140.dll
0x00007ff99cde0000 - 0x00007ff99ce8e000 	C:\windows\System32\ADVAPI32.dll
0x00007ff99cb60000 - 0x00007ff99cbfe000 	C:\windows\System32\msvcrt.dll
0x00007ff99b900000 - 0x00007ff99b99c000 	C:\windows\System32\sechost.dll
0x00007ff99cc00000 - 0x00007ff99cd25000 	C:\windows\System32\RPCRT4.dll
0x00007ff99c8e0000 - 0x00007ff99ca81000 	C:\windows\System32\USER32.dll
0x00007ff99b5c0000 - 0x00007ff99b5e2000 	C:\windows\System32\win32u.dll
0x00007ff99b9b0000 - 0x00007ff99b9db000 	C:\windows\System32\GDI32.dll
0x00007ff979310000 - 0x00007ff9795aa000 	C:\windows\WinSxS\amd64_microsoft.windows.common-controls_6595b64144ccf1df_6.0.19041.1110_none_60b5254171f9507e\COMCTL32.dll
0x00007ff99afa0000 - 0x00007ff99b0ad000 	C:\windows\System32\gdi32full.dll
0x00007ff99aeb0000 - 0x00007ff99af4d000 	C:\windows\System32\msvcp_win.dll
0x00007ff992520000 - 0x00007ff99252a000 	C:\windows\SYSTEM32\VERSION.dll
0x00007ff99cf60000 - 0x00007ff99cf90000 	C:\windows\System32\IMM32.DLL
0x00007ff9976f0000 - 0x00007ff9976fc000 	C:\Program Files\Java\jdk-16.0.2\bin\vcruntime140_1.dll
0x00007ff967540000 - 0x00007ff9675d1000 	C:\Program Files\Java\jdk-16.0.2\bin\msvcp140.dll
0x00007ff909570000 - 0x00007ff90a11b000 	C:\Program Files\Java\jdk-16.0.2\bin\server\jvm.dll
0x00007ff99ca90000 - 0x00007ff99ca98000 	C:\windows\System32\PSAPI.DLL
0x00007ff9930e0000 - 0x00007ff9930e9000 	C:\windows\SYSTEM32\WSOCK32.dll
0x00007ff976510000 - 0x00007ff976537000 	C:\windows\SYSTEM32\WINMM.dll
0x00007ff99d110000 - 0x00007ff99d17b000 	C:\windows\System32\WS2_32.dll
0x00007ff9996a0000 - 0x00007ff9996b2000 	C:\windows\SYSTEM32\kernel.appcore.dll
0x00007ff981ec0000 - 0x00007ff981eca000 	C:\Program Files\Java\jdk-16.0.2\bin\jimage.dll
0x00007ff9993a0000 - 0x00007ff999584000 	C:\windows\SYSTEM32\DBGHELP.DLL
0x00007ff981ee0000 - 0x00007ff981f0c000 	C:\windows\SYSTEM32\dbgcore.DLL
0x00007ff99ae20000 - 0x00007ff99aea2000 	C:\windows\System32\bcryptPrimitives.dll
0x00007ff980fb0000 - 0x00007ff980fd5000 	C:\Program Files\Java\jdk-16.0.2\bin\java.dll
0x00007ff99bb60000 - 0x00007ff99c2a4000 	C:\windows\System32\SHELL32.dll
0x00007ff998b30000 - 0x00007ff9992c5000 	C:\windows\SYSTEM32\windows.storage.dll
0x00007ff99c2b0000 - 0x00007ff99c605000 	C:\windows\System32\combase.dll
0x00007ff99a800000 - 0x00007ff99a82e000 	C:\windows\SYSTEM32\Wldp.dll
0x00007ff99ceb0000 - 0x00007ff99cf5d000 	C:\windows\System32\SHCORE.dll
0x00007ff99c740000 - 0x00007ff99c795000 	C:\windows\System32\shlwapi.dll
0x00007ff99ad60000 - 0x00007ff99ad7f000 	C:\windows\SYSTEM32\profapi.dll
0x00007ff980f90000 - 0x00007ff980fa9000 	C:\Program Files\Java\jdk-16.0.2\bin\net.dll
0x00007ff995870000 - 0x00007ff99597c000 	C:\windows\SYSTEM32\WINHTTP.dll
0x00007ff99a560000 - 0x00007ff99a5ca000 	C:\windows\system32\mswsock.dll
0x00007ff980ea0000 - 0x00007ff980eb3000 	C:\Program Files\Java\jdk-16.0.2\bin\nio.dll
0x00007ff97b1a0000 - 0x00007ff97b1b8000 	C:\Program Files\Java\jdk-16.0.2\bin\zip.dll
0x00007ff981830000 - 0x00007ff981840000 	C:\Program Files\Java\jdk-16.0.2\bin\verify.dll
0x00007ff916710000 - 0x00007ff916890000 	C:\Program Files\Java\jdk-16.0.2\bin\awt.dll
0x00007ff99d600000 - 0x00007ff99d6cd000 	C:\windows\System32\OLEAUT32.dll
0x00007ff998270000 - 0x00007ff998300000 	C:\windows\SYSTEM32\apphelp.dll
0x00007ff9983d0000 - 0x00007ff99846e000 	C:\windows\system32\uxtheme.dll
0x00007ff99cf90000 - 0x00007ff99d0a5000 	C:\windows\System32\MSCTF.dll
0x00007ff99c610000 - 0x00007ff99c73a000 	C:\windows\System32\ole32.dll
0x00007ff998560000 - 0x00007ff99858f000 	C:\windows\system32\DWMAPI.DLL
0x00007ff95ea10000 - 0x00007ff95eb35000 	C:\windows\system32\opengl32.dll
0x00007ff9615f0000 - 0x00007ff96161c000 	C:\windows\SYSTEM32\GLU32.dll
0x00007ff99a750000 - 0x00007ff99a768000 	C:\windows\SYSTEM32\CRYPTSP.dll
0x00007ff999ee0000 - 0x00007ff999f14000 	C:\windows\system32\rsaenh.dll
0x00007ff99b0b0000 - 0x00007ff99b0d7000 	C:\windows\System32\bcrypt.dll
0x00007ff99ace0000 - 0x00007ff99ad0e000 	C:\windows\SYSTEM32\USERENV.dll
0x00007ff99a770000 - 0x00007ff99a77c000 	C:\windows\SYSTEM32\CRYPTBASE.dll
0x00007ff99a250000 - 0x00007ff99a28b000 	C:\windows\SYSTEM32\IPHLPAPI.DLL
0x00007ff99b9a0000 - 0x00007ff99b9a8000 	C:\windows\System32\NSI.dll
0x00007ff992f50000 - 0x00007ff992f67000 	C:\windows\SYSTEM32\dhcpcsvc6.DLL
0x00007ff993190000 - 0x00007ff9931ad000 	C:\windows\SYSTEM32\dhcpcsvc.DLL
0x00007ff99a2e0000 - 0x00007ff99a3ab000 	C:\windows\SYSTEM32\DNSAPI.dll
0x00000000637c0000 - 0x00000000637cd000 	C:\Users\sethr\AppData\Local\Temp\jogamp_0000\file_cache\jln987310134037661133\jln6896538572847062357\natives\windows-amd64\gluegen-rt.dll
0x00007ff9743d0000 - 0x00007ff9743d7000 	C:\Program Files\Java\jdk-16.0.2\bin\jawt.dll
0x000000006a440000 - 0x000000006a44d000 	C:\Users\sethr\AppData\Local\Temp\jogamp_0000\file_cache\jln987310134037661133\jln6896538572847062357\natives\windows-amd64\nativewindow_awt.dll
0x000000006c100000 - 0x000000006c10f000 	C:\Users\sethr\AppData\Local\Temp\jogamp_0000\file_cache\jln987310134037661133\jln6896538572847062357\natives\windows-amd64\nativewindow_win32.dll
0x000000006cbc0000 - 0x000000006cbd3000 	C:\Users\sethr\AppData\Local\Temp\jogamp_0000\file_cache\jln987310134037661133\jln6896538572847062357\natives\windows-amd64\newt.dll
0x00007ff994e80000 - 0x00007ff994f2e000 	C:\windows\SYSTEM32\mscms.dll
0x00007ff994e60000 - 0x00007ff994e71000 	C:\windows\SYSTEM32\ColorAdapterClient.dll
0x00007ff9932f0000 - 0x00007ff993333000 	C:\windows\SYSTEM32\icm32.dll
0x00007ff99d180000 - 0x00007ff99d5f2000 	C:\windows\System32\setupapi.dll
0x00007ff99af50000 - 0x00007ff99af9e000 	C:\windows\System32\cfgmgr32.dll
0x00007ff99ab50000 - 0x00007ff99ab84000 	C:\windows\SYSTEM32\DEVOBJ.dll
0x00007ff99b460000 - 0x00007ff99b4c0000 	C:\windows\System32\WINTRUST.dll
0x00007ff99b5f0000 - 0x00007ff99b746000 	C:\windows\System32\CRYPT32.dll
0x00007ff99a990000 - 0x00007ff99a9a2000 	C:\windows\SYSTEM32\MSASN1.dll
0x0000000064500000 - 0x00000000645b1000 	C:\Users\sethr\AppData\Local\Temp\jogamp_0000\file_cache\jln987310134037661133\jln6896538572847062357\natives\windows-amd64\jogl_desktop.dll
0x0000000064340000 - 0x00000000643a2000 	C:\Users\sethr\AppData\Local\Temp\jogamp_0000\file_cache\jln987310134037661133\jln6896538572847062357\natives\windows-amd64\jogl_mobile.dll
0x00007ff99cd30000 - 0x00007ff99cdd9000 	C:\windows\System32\clbcatq.dll
0x00007ff9050e0000 - 0x00007ff9060e0000 	C:\windows\System32\DriverStore\FileRepository\iigd_dch.inf_amd64_14d6d9e2312c79ae\igxelpicd64.dll
0x00007ff999710000 - 0x00007ff999804000 	C:\windows\system32\dxgi.dll
0x00007ff908d30000 - 0x00007ff909194000 	C:\windows\System32\DriverStore\FileRepository\iigd_dch.inf_amd64_14d6d9e2312c79ae\igdml64.dll
0x00007ff98f480000 - 0x00007ff98f83d000 	C:\windows\System32\DriverStore\FileRepository\iigd_dch.inf_amd64_14d6d9e2312c79ae\igdgmm64.dll
0x00007ff982590000 - 0x00007ff9857c8000 	C:\windows\System32\DriverStore\FileRepository\iigd_dch.inf_amd64_14d6d9e2312c79ae\igc64.dll
0x00007ff99abe0000 - 0x00007ff99ac2b000 	C:\windows\SYSTEM32\powrprof.dll
0x00007ff99abc0000 - 0x00007ff99abd2000 	C:\windows\SYSTEM32\UMPDC.dll
0x00007ff979210000 - 0x00007ff979309000 	C:\windows\SYSTEM32\textinputframework.dll
0x00007ff997cd0000 - 0x00007ff99802e000 	C:\windows\System32\CoreUIComponents.dll
0x00007ff998030000 - 0x00007ff998122000 	C:\windows\System32\CoreMessaging.dll
0x00007ff999b10000 - 0x00007ff999b43000 	C:\windows\SYSTEM32\ntmarta.dll
0x00007ff997520000 - 0x00007ff997674000 	C:\windows\SYSTEM32\wintypes.dll
0x00007ff962050000 - 0x00007ff9620b6000 	C:\windows\system32\Oleacc.dll

dbghelp: loaded successfully - version: 4.0.5 - missing functions: none
symbol engine: initialized successfully - sym options: 0x614 - pdb path: .;C:\Program Files\Java\jdk-16.0.2\bin;C:\windows\SYSTEM32;C:\windows\WinSxS\amd64_microsoft.windows.common-controls_6595b64144ccf1df_6.0.19041.1110_none_60b5254171f9507e;C:\Program Files\Java\jdk-16.0.2\bin\server;C:\Users\sethr\AppData\Local\Temp\jogamp_0000\file_cache\jln987310134037661133\jln6896538572847062357\natives\windows-amd64;C:\windows\System32\DriverStore\FileRepository\iigd_dch.inf_amd64_14d6d9e2312c79ae

VM Arguments:
jvm_args: -Dfile.encoding=Cp1252 -XX:+ShowCodeDetailsInExceptionMessages 
java_command: crystalsimulation.Main
java_class_path (initial): C:\Users\sethr\eclipse-workspace\crystalsimulation\target\classes;C:\Users\sethr\.m2\repository\org\processing\core\3.3.6\core-3.3.6.jar;C:\Users\sethr\.m2\repository\org\jogamp\gluegen\gluegen-rt-main\2.3.2\gluegen-rt-main-2.3.2.jar;C:\Users\sethr\.m2\repository\org\jogamp\gluegen\gluegen-rt\2.3.2\gluegen-rt-2.3.2.jar;C:\Users\sethr\.m2\repository\org\jogamp\gluegen\gluegen-rt\2.3.2\gluegen-rt-2.3.2-natives-android-aarch64.jar;C:\Users\sethr\.m2\repository\org\jogamp\gluegen\gluegen-rt\2.3.2\gluegen-rt-2.3.2-natives-android-armv6.jar;C:\Users\sethr\.m2\repository\org\jogamp\gluegen\gluegen-rt\2.3.2\gluegen-rt-2.3.2-natives-linux-amd64.jar;C:\Users\sethr\.m2\repository\org\jogamp\gluegen\gluegen-rt\2.3.2\gluegen-rt-2.3.2-natives-linux-armv6.jar;C:\Users\sethr\.m2\repository\org\jogamp\gluegen\gluegen-rt\2.3.2\gluegen-rt-2.3.2-natives-linux-armv6hf.jar;C:\Users\sethr\.m2\repository\org\jogamp\gluegen\gluegen-rt\2.3.2\gluegen-rt-2.3.2-natives-linux-i586.jar;C:\Users\sethr\.m2\repository\org\jogamp\gluegen\gluegen-rt\2.3.2\gluegen-rt-2.3.2-natives-macosx-universal.jar;C:\Users\sethr\.m2\repository\org\jogamp\gluegen\gluegen-rt\2.3.2\gluegen-rt-2.3.2-natives-solaris-amd64.jar;C:\Users\sethr\.m2\repository\org\jogamp\gluegen\gluegen-rt\2.3.2\gluegen-rt-2.3.2-natives-solaris-i586.jar;C:\Users\sethr\.m2\repository\org\jogamp\gluegen\gluegen-rt\2.3.2\gluegen-rt-2.3.2-natives-windows-amd64.jar;C:\Users\sethr\.m2\repository\org\jogamp\gluegen\gluegen-rt\2.3.2\gluegen-rt-2.3.2-natives-windows-i586.jar;C:\Users\sethr\.m2\repository\org\jogamp\jogl\jogl-all-main\2.3.2\jogl-all-main-2.3.2.jar;C:\Users\sethr\.m2\repository\org\jogamp\jogl\jogl-all\2.3.2\jogl-all-2.3.2.jar;C:\Users\sethr\.m2\repository\org\jogamp\jogl\jogl-all\2.3.2\jogl-all-2.3.2-natives-android-aarch64.jar;C:\Users\sethr\.m2\repository\org\jogamp\jogl\jogl-all\2.3.2\jogl-all-2.3.2-natives-android-armv6.jar;C:\Users\sethr\.m2\repository\org\jogamp\jogl\jogl-all\2.3.2\jogl-all-2.3.2-nat
Launcher Type: SUN_STANDARD

[Global flags]
     intx CICompilerCount                          = 4                                         {product} {ergonomic}
     uint ConcGCThreads                            = 2                                         {product} {ergonomic}
     uint G1ConcRefinementThreads                  = 8                                         {product} {ergonomic}
   size_t G1HeapRegionSize                         = 2097152                                   {product} {ergonomic}
    uintx GCDrainStackTargetSize                   = 64                                        {product} {ergonomic}
   size_t InitialHeapSize                          = 266338304                                 {product} {ergonomic}
   size_t MarkStackSize                            = 4194304                                   {product} {ergonomic}
   size_t MaxHeapSize                              = 4234149888                                {product} {ergonomic}
   size_t MaxNewSize                               = 2539651072                                {product} {ergonomic}
   size_t MinHeapDeltaBytes                        = 2097152                                   {product} {ergonomic}
   size_t MinHeapSize                              = 8388608                                   {product} {ergonomic}
    uintx NonNMethodCodeHeapSize                   = 5839372                                {pd product} {ergonomic}
    uintx NonProfiledCodeHeapSize                  = 122909434                              {pd product} {ergonomic}
    uintx ProfiledCodeHeapSize                     = 122909434                              {pd product} {ergonomic}
    uintx ReservedCodeCacheSize                    = 251658240                              {pd product} {ergonomic}
     bool SegmentedCodeCache                       = true                                      {product} {ergonomic}
     bool ShowCodeDetailsInExceptionMessages       = true                                   {manageable} {command line}
   size_t SoftMaxHeapSize                          = 4234149888                             {manageable} {ergonomic}
     bool UseCompressedClassPointers               = true                           {product lp64_product} {ergonomic}
     bool UseCompressedOops                        = true                           {product lp64_product} {ergonomic}
     bool UseG1GC                                  = true                                      {product} {ergonomic}
     bool UseLargePagesIndividualAllocation        = false                                  {pd product} {ergonomic}

Logging:
Log output configuration:
 #0: stdout all=off uptime,level,tags
 #1: stderr all=off uptime,level,tags

Environment Variables:
PATH=C:\Program Files\Oculus\Support\oculus-runtime;C:\Program Files\Common Files\Oracle\Java\javapath;C:\windows\system32;C:\windows;C:\windows\System32\Wbem;C:\windows\System32\WindowsPowerShell\v1.0\;C:\windows\System32\OpenSSH\;C:\MinGW\mingw32\bin;C:\ProgramData\chocolatey\bin;C:\ProgramData\chocolatey\bin\make.exe;C:\Program Files\Git\cmd;C:\Program Files\nodejs\;C:\Users\sethr\AppData\Local\Programs\Python\Python39\Scripts\;C:\Users\sethr\AppData\Local\Programs\Python\Python39\;C:\Users\sethr\AppData\Local\Microsoft\WindowsApps;C:\Users\sethr\AppData\Local\Programs\Microsoft VS Code\bin;C:\Users\sethr\AppData\Local\GitHubDesktop\bin;C:\Users\sethr\AppData\Roaming\npm
USERNAME=sethr
OS=Windows_NT
PROCESSOR_IDENTIFIER=Intel64 Family 6 Model 140 Stepping 1, GenuineIntel



---------------  S Y S T E M  ---------------

OS:
 Windows 10 , 64 bit Build 19041 (10.0.19041.1466)
OS uptime: 2 days 15:40 hours

CPU: total 8 (initial active 8) (4 cores per cpu, 2 threads per core) family 6 model 140 stepping 1 microcode 0x86, cx8, cmov, fxsr, ht, mmx, 3dnowpref, sse, sse2, sse3, ssse3, sse4.1, sse4.2, popcnt, lzcnt, tsc, tscinvbit, avx, avx2, aes, erms, clmul, bmi1, bmi2, adx, avx512f, avx512dq, avx512cd, avx512bw, avx512vl, sha, fma, vzeroupper, avx512_vpopcntdq, avx512_vpclmulqdq, avx512_vaes, avx512_vnni, clflush, clflushopt, clwb, avx512_vmbi2, avx512_vmbi

Memory: 4k page, system-wide physical 16149M (8261M free)
TotalPageFile size 30485M (AvailPageFile size 16998M)
current process WorkingSet (physical memory assigned to process): 526M, peak: 531M
current process commit charge ("private bytes"): 601M, peak: 612M

vm_info: Java HotSpot(TM) 64-Bit Server VM (16.0.2+7-67) for windows-amd64 JRE (16.0.2+7-67), built on Jun  8 2021 23:24:19 by "mach5one" with MS VC++ 16.7 (VS2019)

END.
