#
# A fatal error has been detected by the Java Runtime Environment:
#
#  EXCEPTION_ACCESS_VIOLATION (0xc0000005) at pc=0x00007ff92f982c4c, pid=12268, tid=22248
#
# JRE version: Java(TM) SE Runtime Environment (16.0.2+7) (build 16.0.2+7-67)
# Java VM: Java HotSpot(TM) 64-Bit Server VM (16.0.2+7-67, mixed mode, sharing, tiered, compressed oops, compressed class ptrs, g1 gc, windows-amd64)
# Problematic frame:
# C  [igxelpicd64.dll+0x282c4c]
#
# No core dump will be written. Minidumps are not enabled by default on client versions of Windows
#
# If you would like to submit a bug report, please visit:
#   https://bugreport.java.com/bugreport/crash.jsp
#

---------------  S U M M A R Y ------------

Command Line: -Dfile.encoding=Cp1252 -XX:+ShowCodeDetailsInExceptionMessages crystalsimulation.Main

Host: 11th Gen Intel(R) Core(TM) i7-1165G7 @ 2.80GHz, 8 cores, 15G,  Windows 10 , 64 bit Build 19041 (10.0.19041.1466)
Time: Thu Jan 27 00:08:22 2022 Eastern Standard Time elapsed time: 9.976109 seconds (0d 0h 0m 9s)

---------------  T H R E A D  ---------------

Current thread (0x000002517ef81ea0):  VMThread "VM Thread" [stack: 0x000000dbc1b00000,0x000000dbc1c00000] [id=22248]

Stack: [0x000000dbc1b00000,0x000000dbc1c00000],  sp=0x000000dbc1bfe7c0,  free space=1017k
Native frames: (J=compiled Java code, j=interpreted, Vv=VM code, C=native code)
C  [igxelpicd64.dll+0x282c4c]


siginfo: EXCEPTION_ACCESS_VIOLATION (0xc0000005), reading address 0x00000000000356f8


Register to memory mapping:

RIP=0x00007ff92f982c4c igxelpicd64.dll
RAX=0x00000251068c0070 points into unknown readable memory: 0x000000000003bf9f | 9f bf 03 00 00 00 00 00
RBX=0x0000025104520c20 points into unknown readable memory: 0xffffffffffffffff | ff ff ff ff ff ff ff ff
RCX=0x0 is NULL
RDX=0x0000000000000002 is an unknown value
RSP=0x000000dbc1bfe7c0 points into unknown readable memory: 0x0000025104520c20 | 20 0c 52 04 51 02 00 00
RBP=0x0000000000000016 is an unknown value
RSI=0x0000025105ca3ad0 points into unknown readable memory: 0x0000000000000000 | 00 00 00 00 00 00 00 00
RDI=0x0 is NULL
R8 =0x0000000000000014 is an unknown value
R9 =0x0 is NULL
R10=0x0 is NULL
R11=0x0000000000000246 is an unknown value
R12=0x00000251068c04a8 points into unknown readable memory: 0x00000251063d7380 | 80 73 3d 06 51 02 00 00
R13=0x0 is NULL
R14=0x00000251068bfee0 points into unknown readable memory: 0x00000251045f59d0 | d0 59 5f 04 51 02 00 00
R15=0x0 is NULL


Registers:
RAX=0x00000251068c0070, RBX=0x0000025104520c20, RCX=0x0000000000000000, RDX=0x0000000000000002
RSP=0x000000dbc1bfe7c0, RBP=0x0000000000000016, RSI=0x0000025105ca3ad0, RDI=0x0000000000000000
R8 =0x0000000000000014, R9 =0x0000000000000000, R10=0x0000000000000000, R11=0x0000000000000246
R12=0x00000251068c04a8, R13=0x0000000000000000, R14=0x00000251068bfee0, R15=0x0000000000000000
RIP=0x00007ff92f982c4c, EFLAGS=0x0000000000010202

Top of Stack: (sp=0x000000dbc1bfe7c0)
0x000000dbc1bfe7c0:   0000025104520c20 00007ff99c8fd859
0x000000dbc1bfe7d0:   000000dbc1bfe858 0000000000000000
0x000000dbc1bfe7e0:   0000000000000054 0000025104520c20
0x000000dbc1bfe7f0:   0000000000000000 00007ff99d7b0ba4
0x000000dbc1bfe800:   000000007a000004 0000000000000000
0x000000dbc1bfe810:   0000000000000000 00000251064a7eb8
0x000000dbc1bfe820:   000000000003c3a0 0000000000000000
0x000000dbc1bfe830:   0000000000000014 0000000000000000
0x000000dbc1bfe840:   0000000000000000 000000dbc1bfe960
0x000000dbc1bfe850:   0000025105ca3ad0 00007ff92f7b769c
0x000000dbc1bfe860:   0000025100000016 00000251063d7380
0x000000dbc1bfe870:   0000000000000000 000000007a000000
0x000000dbc1bfe880:   000000db00000958 0000b80219870000
0x000000dbc1bfe890:   0000000000000000 000002515e030000
0x000000dbc1bfe8a0:   0000000000000000 000000007a000004
0x000000dbc1bfe8b0:   00000000000004b4 0000000000000000 

Instructions: (pc=0x00007ff92f982c4c)
0x00007ff92f982b4c:   41 bf 20 00 00 00 48 8b 04 38 4d 8b 3c 07 0f b6
0x00007ff92f982b5c:   bc 24 b0 00 00 00 4c 3b 3d d7 f8 cb 00 41 0f 44
0x00007ff92f982b6c:   e9 89 ac 24 a0 00 00 00 48 85 c9 0f 84 d4 07 00
0x00007ff92f982b7c:   00 0f 1f 00 4c 8b f1 4c 8d a1 c8 05 00 00 49 8b
0x00007ff92f982b8c:   04 24 48 89 84 24 a8 00 00 00 40 84 ff 74 10 48
0x00007ff92f982b9c:   8b d1 48 8b 09 e8 ea 8d e3 ff e9 4f 07 00 00 8b
0x00007ff92f982bac:   96 d0 01 00 00 48 8b 05 58 dd bb 00 83 b8 64 03
0x00007ff92f982bbc:   00 00 02 0f 85 19 02 00 00 83 fa 10 73 0e 48 8d
0x00007ff92f982bcc:   42 04 48 8d 04 c2 48 8d 04 c1 eb 60 8d 4a f0 8b
0x00007ff92f982bdc:   c1 c1 e8 04 83 f8 03 73 1d 0f ae e8 83 e1 0f 4d
0x00007ff92f982bec:   8b 84 c6 80 05 00 00 4d 85 c0 74 25 48 8d 0c c9
0x00007ff92f982bfc:   49 8d 04 c8 eb 36 49 8b 86 98 05 00 00 48 85 c0
0x00007ff92f982c0c:   74 0f 66 90 39 10 74 2f 48 8b 40 50 48 85 c0 75
0x00007ff92f982c1c:   f3 41 80 be a0 05 00 00 00 74 22 8b c2 83 e0 0f
0x00007ff92f982c2c:   48 8d 04 c0 48 8d 40 20 49 8d 04 c6 48 85 c0 74
0x00007ff92f982c3c:   0c 48 8b 48 08 eb 09 48 83 c0 08 eb ef 49 8b c9
0x00007ff92f982c4c:   49 3b 8f f8 56 03 00 0f 86 85 01 00 00 83 fa 10
0x00007ff92f982c5c:   73 0a 48 8d 42 04 48 8d 04 c2 eb 5c 8d 4a f0 8b
0x00007ff92f982c6c:   c1 c1 e8 04 83 f8 03 73 1d 0f ae e8 83 e1 0f 4d
0x00007ff92f982c7c:   8b 84 c6 80 05 00 00 4d 85 c0 74 25 48 8d 0c c9
0x00007ff92f982c8c:   49 8d 04 c8 eb 36 49 8b 86 98 05 00 00 48 85 c0
0x00007ff92f982c9c:   74 0f 66 90 39 10 74 2f 48 8b 40 50 48 85 c0 75
0x00007ff92f982cac:   f3 41 80 be a0 05 00 00 00 74 22 8b c2 83 e0 0f
0x00007ff92f982cbc:   48 8d 04 c0 48 8d 40 20 49 8d 04 c6 48 85 c0 74
0x00007ff92f982ccc:   0c 48 8b 48 08 eb 09 48 83 c0 08 eb ef 49 8b c9
0x00007ff92f982cdc:   49 3b 8e 40 06 00 00 0f 86 f5 00 00 00 48 8b 86
0x00007ff92f982cec:   80 02 00 00 49 89 04 24 4c 89 b6 80 02 00 00 ff
0x00007ff92f982cfc:   86 88 02 00 00 ba 01 00 00 00 49 8b 4e 08 e8 41
0x00007ff92f982d0c:   28 59 00 0f b7 c8 48 2b c1 48 05 00 00 01 00 48
0x00007ff92f982d1c:   01 86 90 02 00 00 ba 01 00 00 00 49 8b 4e 08 e8
0x00007ff92f982d2c:   20 28 59 00 48 01 86 a0 02 00 00 85 ed 74 75 49
0x00007ff92f982d3c:   8b 9f 58 4f 03 00 0f 57 c0 f3 0f 7f 44 24 30 c7 


Stack slot to memory mapping:
stack at sp + 0 slots: 0x0000025104520c20 points into unknown readable memory: 0xffffffffffffffff | ff ff ff ff ff ff ff ff
stack at sp + 1 slots: 0x00007ff99c8fd859 USER32.dll
stack at sp + 2 slots: 0x000000dbc1bfe858 points into unknown readable memory: 0x00007ff92f7b769c | 9c 76 7b 2f f9 7f 00 00
stack at sp + 3 slots: 0x0 is NULL
stack at sp + 4 slots: 0x0000000000000054 is an unknown value
stack at sp + 5 slots: 0x0000025104520c20 points into unknown readable memory: 0xffffffffffffffff | ff ff ff ff ff ff ff ff
stack at sp + 6 slots: 0x0 is NULL
stack at sp + 7 slots: 0x00007ff99d7b0ba4 ntdll.dll

VM_Operation (0x000000dbc3afe470): Exit, mode: safepoint, requested by thread 0x0000025105d54770


---------------  P R O C E S S  ---------------

Threads class SMR info:
_java_thread_list=0x00000251063d20c0, length=16, elements={
0x000002517ef84890, 0x000002517ef853a0, 0x000002517ef98720, 0x000002517ef9b140,
0x000002517ef9ba50, 0x000002517ef9f380, 0x000002517efab580, 0x000002517f902490,
0x000002517f9071f0, 0x000002517fa37970, 0x000002517fa399b0, 0x000002517fcf9a30,
0x0000025105d53780, 0x0000025105d54770, 0x0000025105d517a0, 0x0000025105d54220
}

Java Threads: ( => current thread )
  0x000002517ef84890 JavaThread "Reference Handler" daemon [_thread_blocked, id=5188, stack(0x000000dbc1c00000,0x000000dbc1d00000)]
  0x000002517ef853a0 JavaThread "Finalizer" daemon [_thread_blocked, id=19208, stack(0x000000dbc1d00000,0x000000dbc1e00000)]
  0x000002517ef98720 JavaThread "Signal Dispatcher" daemon [_thread_blocked, id=18932, stack(0x000000dbc1e00000,0x000000dbc1f00000)]
  0x000002517ef9b140 JavaThread "Attach Listener" daemon [_thread_blocked, id=2372, stack(0x000000dbc1f00000,0x000000dbc2000000)]
  0x000002517ef9ba50 JavaThread "Service Thread" daemon [_thread_blocked, id=22944, stack(0x000000dbc2000000,0x000000dbc2100000)]
  0x000002517ef9f380 JavaThread "Monitor Deflation Thread" daemon [_thread_blocked, id=16196, stack(0x000000dbc2100000,0x000000dbc2200000)]
  0x000002517efab580 JavaThread "C2 CompilerThread0" daemon [_thread_blocked, id=9840, stack(0x000000dbc2200000,0x000000dbc2300000)]
  0x000002517f902490 JavaThread "C1 CompilerThread0" daemon [_thread_blocked, id=9460, stack(0x000000dbc2300000,0x000000dbc2400000)]
  0x000002517f9071f0 JavaThread "Sweeper thread" daemon [_thread_blocked, id=8392, stack(0x000000dbc2400000,0x000000dbc2500000)]
  0x000002517fa37970 JavaThread "Notification Thread" daemon [_thread_blocked, id=1660, stack(0x000000dbc2500000,0x000000dbc2600000)]
  0x000002517fa399b0 JavaThread "Common-Cleaner" daemon [_thread_blocked, id=17036, stack(0x000000dbc2700000,0x000000dbc2800000)]
  0x000002517fcf9a30 JavaThread "Java2D Disposer" daemon [_thread_blocked, id=6164, stack(0x000000dbc2800000,0x000000dbc2900000)]
  0x0000025105d53780 JavaThread "HighResTimerThread" daemon [_thread_blocked, id=7624, stack(0x000000dbc3800000,0x000000dbc3900000)]
  0x0000025105d54770 JavaThread "main-FPSAWTAnimator#00-Timer0" [_thread_blocked, id=17464, stack(0x000000dbc3a00000,0x000000dbc3b00000)]
  0x0000025105d517a0 JavaThread "DestroyJavaVM" [_thread_blocked, id=5000, stack(0x000000dbc1500000,0x000000dbc1600000)]
  0x0000025105d54220 JavaThread "AWT-Shutdown" [_thread_blocked, id=20924, stack(0x000000dbc3900000,0x000000dbc3a00000)]

Other Threads:
=>0x000002517ef81ea0 VMThread "VM Thread" [stack: 0x000000dbc1b00000,0x000000dbc1c00000] [id=22248]
  0x00000251603cdb60 GCTaskThread "GC Thread#0" [stack: 0x000000dbc1600000,0x000000dbc1700000] [id=21460]
  0x0000025105ece080 GCTaskThread "GC Thread#1" [stack: 0x000000dbc3100000,0x000000dbc3200000] [id=23052]
  0x0000025105eced10 GCTaskThread "GC Thread#2" [stack: 0x000000dbc3200000,0x000000dbc3300000] [id=5312]
  0x0000025105ecf020 GCTaskThread "GC Thread#3" [stack: 0x000000dbc3300000,0x000000dbc3400000] [id=25020]
  0x0000025105ecf950 GCTaskThread "GC Thread#4" [stack: 0x000000dbc3400000,0x000000dbc3500000] [id=1932]
  0x0000025105ecfc60 GCTaskThread "GC Thread#5" [stack: 0x000000dbc3500000,0x000000dbc3600000] [id=16692]
  0x0000025105ece3e0 GCTaskThread "GC Thread#6" [stack: 0x000000dbc3600000,0x000000dbc3700000] [id=21040]
  0x0000025105ecff70 GCTaskThread "GC Thread#7" [stack: 0x000000dbc3700000,0x000000dbc3800000] [id=16848]
  0x00000251603e0150 ConcurrentGCThread "G1 Main Marker" terminated
  0x00000251603e0970 ConcurrentGCThread "G1 Conc#0" [stack: 0x000000dbc1800000,0x000000dbc1900000] [id=20820]
  0x000002517ee320d0 ConcurrentGCThread "G1 Refine#0" terminated
  0x000002517ee32900 ConcurrentGCThread "G1 Service" terminated

Threads with active compile tasks:

VM state: at safepoint (shutting down)

VM Mutex/Monitor currently owned by a thread:  ([mutex/lock_event])
[0x000002516037af00] Threads_lock - owner thread: 0x000002517ef81ea0
[0x0000025160379fd0] Heap_lock - owner thread: 0x0000025105d54770

Heap address: 0x0000000703a00000, size: 4038 MB, Compressed Oops mode: Zero based, Oop shift amount: 3

CDS archive(s) mapped at: [0x0000000800000000-0x0000000800bb0000-0x0000000800bb0000), size 12255232, SharedBaseAddress: 0x0000000800000000, ArchiveRelocationMode: 0.
Compressed class space mapped at: 0x0000000800c00000-0x0000000840c00000, reserved size: 1073741824
Narrow klass base: 0x0000000800000000, Narrow klass shift: 3, Narrow klass range: 0x100000000

GC Precious Log:
 CPUs: 8 total, 8 available
 Memory: 16149M
 Large Page Support: Disabled
 NUMA Support: Disabled
 Compressed Oops: Enabled (Zero based)
 Heap Region Size: 2M
 Heap Min Capacity: 8M
 Heap Initial Capacity: 254M
 Heap Max Capacity: 4038M
 Pre-touch: Disabled
 Parallel Workers: 8
 Concurrent Workers: 2
 Concurrent Refinement Workers: 8
 Periodic GC: Disabled

Heap:
 garbage-first heap   total 376832K, used 20949K [0x0000000703a00000, 0x0000000800000000)
  region size 2048K, 9 young (18432K), 1 survivors (2048K)
 Metaspace       used 12522K, committed 12672K, reserved 1064960K
  class space    used 883K, committed 960K, reserved 1048576K

Heap Regions: E=young(eden), S=young(survivor), O=old, HS=humongous(starts), HC=humongous(continues), CS=collection set, F=free, OA=open archive, CA=closed archive, TAMS=top-at-mark-start (previous, next)
|   0|0x0000000703a00000, 0x0000000703c00000, 0x0000000703c00000|100%| O|  |TAMS 0x0000000703a00000, 0x0000000703a00000| Untracked 
|   1|0x0000000703c00000, 0x0000000703e00000, 0x0000000703e00000|100%| O|  |TAMS 0x0000000703c00000, 0x0000000703c00000| Untracked 
|   2|0x0000000703e00000, 0x0000000704000000, 0x0000000704000000|100%| O|  |TAMS 0x0000000703e00000, 0x0000000703e00000| Untracked 
|   3|0x0000000704000000, 0x0000000704064a00, 0x0000000704200000| 19%| O|  |TAMS 0x0000000704000000, 0x0000000704000000| Untracked 
|   4|0x0000000704200000, 0x0000000704200000, 0x0000000704400000|  0%| F|  |TAMS 0x0000000704200000, 0x0000000704200000| Untracked 
|   5|0x0000000704400000, 0x0000000704400000, 0x0000000704600000|  0%| F|  |TAMS 0x0000000704400000, 0x0000000704400000| Untracked 
|   6|0x0000000704600000, 0x0000000704600000, 0x0000000704800000|  0%| F|  |TAMS 0x0000000704600000, 0x0000000704600000| Untracked 
|   7|0x0000000704800000, 0x0000000704800000, 0x0000000704a00000|  0%| F|  |TAMS 0x0000000704800000, 0x0000000704800000| Untracked 
|   8|0x0000000704a00000, 0x0000000704a00000, 0x0000000704c00000|  0%| F|  |TAMS 0x0000000704a00000, 0x0000000704a00000| Untracked 
|   9|0x0000000704c00000, 0x0000000704c00000, 0x0000000704e00000|  0%| F|  |TAMS 0x0000000704c00000, 0x0000000704c00000| Untracked 
|  10|0x0000000704e00000, 0x0000000704e00000, 0x0000000705000000|  0%| F|  |TAMS 0x0000000704e00000, 0x0000000704e00000| Untracked 
|  11|0x0000000705000000, 0x0000000705000000, 0x0000000705200000|  0%| F|  |TAMS 0x0000000705000000, 0x0000000705000000| Untracked 
|  12|0x0000000705200000, 0x0000000705200000, 0x0000000705400000|  0%| F|  |TAMS 0x0000000705200000, 0x0000000705200000| Untracked 
|  13|0x0000000705400000, 0x0000000705400000, 0x0000000705600000|  0%| F|  |TAMS 0x0000000705400000, 0x0000000705400000| Untracked 
|  14|0x0000000705600000, 0x0000000705600000, 0x0000000705800000|  0%| F|  |TAMS 0x0000000705600000, 0x0000000705600000| Untracked 
|  15|0x0000000705800000, 0x0000000705800000, 0x0000000705a00000|  0%| F|  |TAMS 0x0000000705800000, 0x0000000705800000| Untracked 
|  16|0x0000000705a00000, 0x0000000705a00000, 0x0000000705c00000|  0%| F|  |TAMS 0x0000000705a00000, 0x0000000705a00000| Untracked 
|  17|0x0000000705c00000, 0x0000000705c00000, 0x0000000705e00000|  0%| F|  |TAMS 0x0000000705c00000, 0x0000000705c00000| Untracked 
|  18|0x0000000705e00000, 0x0000000705e00000, 0x0000000706000000|  0%| F|  |TAMS 0x0000000705e00000, 0x0000000705e00000| Untracked 
|  19|0x0000000706000000, 0x0000000706000000, 0x0000000706200000|  0%| F|  |TAMS 0x0000000706000000, 0x0000000706000000| Untracked 
|  20|0x0000000706200000, 0x0000000706200000, 0x0000000706400000|  0%| F|  |TAMS 0x0000000706200000, 0x0000000706200000| Untracked 
|  21|0x0000000706400000, 0x0000000706400000, 0x0000000706600000|  0%| F|  |TAMS 0x0000000706400000, 0x0000000706400000| Untracked 
|  22|0x0000000706600000, 0x0000000706600000, 0x0000000706800000|  0%| F|  |TAMS 0x0000000706600000, 0x0000000706600000| Untracked 
|  23|0x0000000706800000, 0x0000000706800000, 0x0000000706a00000|  0%| F|  |TAMS 0x0000000706800000, 0x0000000706800000| Untracked 
|  24|0x0000000706a00000, 0x0000000706a00000, 0x0000000706c00000|  0%| F|  |TAMS 0x0000000706a00000, 0x0000000706a00000| Untracked 
|  25|0x0000000706c00000, 0x0000000706c00000, 0x0000000706e00000|  0%| F|  |TAMS 0x0000000706c00000, 0x0000000706c00000| Untracked 
|  26|0x0000000706e00000, 0x0000000706e00000, 0x0000000707000000|  0%| F|  |TAMS 0x0000000706e00000, 0x0000000706e00000| Untracked 
|  27|0x0000000707000000, 0x0000000707000000, 0x0000000707200000|  0%| F|  |TAMS 0x0000000707000000, 0x0000000707000000| Untracked 
|  28|0x0000000707200000, 0x0000000707200000, 0x0000000707400000|  0%| F|  |TAMS 0x0000000707200000, 0x0000000707200000| Untracked 
|  29|0x0000000707400000, 0x0000000707400000, 0x0000000707600000|  0%| F|  |TAMS 0x0000000707400000, 0x0000000707400000| Untracked 
|  30|0x0000000707600000, 0x0000000707600000, 0x0000000707800000|  0%| F|  |TAMS 0x0000000707600000, 0x0000000707600000| Untracked 
|  31|0x0000000707800000, 0x0000000707800000, 0x0000000707a00000|  0%| F|  |TAMS 0x0000000707800000, 0x0000000707800000| Untracked 
|  32|0x0000000707a00000, 0x0000000707a00000, 0x0000000707c00000|  0%| F|  |TAMS 0x0000000707a00000, 0x0000000707a00000| Untracked 
|  33|0x0000000707c00000, 0x0000000707c00000, 0x0000000707e00000|  0%| F|  |TAMS 0x0000000707c00000, 0x0000000707c00000| Untracked 
|  34|0x0000000707e00000, 0x0000000707e00000, 0x0000000708000000|  0%| F|  |TAMS 0x0000000707e00000, 0x0000000707e00000| Untracked 
|  35|0x0000000708000000, 0x0000000708000000, 0x0000000708200000|  0%| F|  |TAMS 0x0000000708000000, 0x0000000708000000| Untracked 
|  36|0x0000000708200000, 0x0000000708200000, 0x0000000708400000|  0%| F|  |TAMS 0x0000000708200000, 0x0000000708200000| Untracked 
|  37|0x0000000708400000, 0x0000000708400000, 0x0000000708600000|  0%| F|  |TAMS 0x0000000708400000, 0x0000000708400000| Untracked 
|  38|0x0000000708600000, 0x0000000708600000, 0x0000000708800000|  0%| F|  |TAMS 0x0000000708600000, 0x0000000708600000| Untracked 
|  39|0x0000000708800000, 0x0000000708800000, 0x0000000708a00000|  0%| F|  |TAMS 0x0000000708800000, 0x0000000708800000| Untracked 
|  40|0x0000000708a00000, 0x0000000708a00000, 0x0000000708c00000|  0%| F|  |TAMS 0x0000000708a00000, 0x0000000708a00000| Untracked 
|  41|0x0000000708c00000, 0x0000000708c00000, 0x0000000708e00000|  0%| F|  |TAMS 0x0000000708c00000, 0x0000000708c00000| Untracked 
|  42|0x0000000708e00000, 0x0000000708e00000, 0x0000000709000000|  0%| F|  |TAMS 0x0000000708e00000, 0x0000000708e00000| Untracked 
|  43|0x0000000709000000, 0x0000000709000000, 0x0000000709200000|  0%| F|  |TAMS 0x0000000709000000, 0x0000000709000000| Untracked 
|  44|0x0000000709200000, 0x0000000709200000, 0x0000000709400000|  0%| F|  |TAMS 0x0000000709200000, 0x0000000709200000| Untracked 
|  45|0x0000000709400000, 0x0000000709400000, 0x0000000709600000|  0%| F|  |TAMS 0x0000000709400000, 0x0000000709400000| Untracked 
|  46|0x0000000709600000, 0x0000000709600000, 0x0000000709800000|  0%| F|  |TAMS 0x0000000709600000, 0x0000000709600000| Untracked 
|  47|0x0000000709800000, 0x0000000709800000, 0x0000000709a00000|  0%| F|  |TAMS 0x0000000709800000, 0x0000000709800000| Untracked 
|  48|0x0000000709a00000, 0x0000000709a00000, 0x0000000709c00000|  0%| F|  |TAMS 0x0000000709a00000, 0x0000000709a00000| Untracked 
|  49|0x0000000709c00000, 0x0000000709c00000, 0x0000000709e00000|  0%| F|  |TAMS 0x0000000709c00000, 0x0000000709c00000| Untracked 
|  50|0x0000000709e00000, 0x0000000709e00000, 0x000000070a000000|  0%| F|  |TAMS 0x0000000709e00000, 0x0000000709e00000| Untracked 
|  51|0x000000070a000000, 0x000000070a000000, 0x000000070a200000|  0%| F|  |TAMS 0x000000070a000000, 0x000000070a000000| Untracked 
|  52|0x000000070a200000, 0x000000070a200000, 0x000000070a400000|  0%| F|  |TAMS 0x000000070a200000, 0x000000070a200000| Untracked 
|  53|0x000000070a400000, 0x000000070a400000, 0x000000070a600000|  0%| F|  |TAMS 0x000000070a400000, 0x000000070a400000| Untracked 
|  54|0x000000070a600000, 0x000000070a600000, 0x000000070a800000|  0%| F|  |TAMS 0x000000070a600000, 0x000000070a600000| Untracked 
|  55|0x000000070a800000, 0x000000070a800000, 0x000000070aa00000|  0%| F|  |TAMS 0x000000070a800000, 0x000000070a800000| Untracked 
|  56|0x000000070aa00000, 0x000000070aa00000, 0x000000070ac00000|  0%| F|  |TAMS 0x000000070aa00000, 0x000000070aa00000| Untracked 
|  57|0x000000070ac00000, 0x000000070ac00000, 0x000000070ae00000|  0%| F|  |TAMS 0x000000070ac00000, 0x000000070ac00000| Untracked 
|  58|0x000000070ae00000, 0x000000070ae00000, 0x000000070b000000|  0%| F|  |TAMS 0x000000070ae00000, 0x000000070ae00000| Untracked 
|  59|0x000000070b000000, 0x000000070b000000, 0x000000070b200000|  0%| F|  |TAMS 0x000000070b000000, 0x000000070b000000| Untracked 
|  60|0x000000070b200000, 0x000000070b200000, 0x000000070b400000|  0%| F|  |TAMS 0x000000070b200000, 0x000000070b200000| Untracked 
|  61|0x000000070b400000, 0x000000070b400000, 0x000000070b600000|  0%| F|  |TAMS 0x000000070b400000, 0x000000070b400000| Untracked 
|  62|0x000000070b600000, 0x000000070b600000, 0x000000070b800000|  0%| F|  |TAMS 0x000000070b600000, 0x000000070b600000| Untracked 
|  63|0x000000070b800000, 0x000000070b800000, 0x000000070ba00000|  0%| F|  |TAMS 0x000000070b800000, 0x000000070b800000| Untracked 
|  64|0x000000070ba00000, 0x000000070ba00000, 0x000000070bc00000|  0%| F|  |TAMS 0x000000070ba00000, 0x000000070ba00000| Untracked 
|  65|0x000000070bc00000, 0x000000070bc00000, 0x000000070be00000|  0%| F|  |TAMS 0x000000070bc00000, 0x000000070bc00000| Untracked 
|  66|0x000000070be00000, 0x000000070be00000, 0x000000070c000000|  0%| F|  |TAMS 0x000000070be00000, 0x000000070be00000| Untracked 
|  67|0x000000070c000000, 0x000000070c000000, 0x000000070c200000|  0%| F|  |TAMS 0x000000070c000000, 0x000000070c000000| Untracked 
|  68|0x000000070c200000, 0x000000070c200000, 0x000000070c400000|  0%| F|  |TAMS 0x000000070c200000, 0x000000070c200000| Untracked 
|  69|0x000000070c400000, 0x000000070c400000, 0x000000070c600000|  0%| F|  |TAMS 0x000000070c400000, 0x000000070c400000| Untracked 
|  70|0x000000070c600000, 0x000000070c600000, 0x000000070c800000|  0%| F|  |TAMS 0x000000070c600000, 0x000000070c600000| Untracked 
|  71|0x000000070c800000, 0x000000070c800000, 0x000000070ca00000|  0%| F|  |TAMS 0x000000070c800000, 0x000000070c800000| Untracked 
|  72|0x000000070ca00000, 0x000000070ca00000, 0x000000070cc00000|  0%| F|  |TAMS 0x000000070ca00000, 0x000000070ca00000| Untracked 
|  73|0x000000070cc00000, 0x000000070cc10a10, 0x000000070ce00000|  3%| S|CS|TAMS 0x000000070cc00000, 0x000000070cc00000| Complete 
|  74|0x000000070ce00000, 0x000000070ce00000, 0x000000070d000000|  0%| F|  |TAMS 0x000000070ce00000, 0x000000070ce00000| Untracked 
|  75|0x000000070d000000, 0x000000070d000000, 0x000000070d200000|  0%| F|  |TAMS 0x000000070d000000, 0x000000070d000000| Untracked 
|  76|0x000000070d200000, 0x000000070d200000, 0x000000070d400000|  0%| F|  |TAMS 0x000000070d200000, 0x000000070d200000| Untracked 
|  77|0x000000070d400000, 0x000000070d400000, 0x000000070d600000|  0%| F|  |TAMS 0x000000070d400000, 0x000000070d400000| Untracked 
|  78|0x000000070d600000, 0x000000070d600000, 0x000000070d800000|  0%| F|  |TAMS 0x000000070d600000, 0x000000070d600000| Untracked 
|  79|0x000000070d800000, 0x000000070d800000, 0x000000070da00000|  0%| F|  |TAMS 0x000000070d800000, 0x000000070d800000| Untracked 
|  80|0x000000070da00000, 0x000000070da00000, 0x000000070dc00000|  0%| F|  |TAMS 0x000000070da00000, 0x000000070da00000| Untracked 
|  81|0x000000070dc00000, 0x000000070dc00000, 0x000000070de00000|  0%| F|  |TAMS 0x000000070dc00000, 0x000000070dc00000| Untracked 
|  82|0x000000070de00000, 0x000000070de00000, 0x000000070e000000|  0%| F|  |TAMS 0x000000070de00000, 0x000000070de00000| Untracked 
|  83|0x000000070e000000, 0x000000070e000000, 0x000000070e200000|  0%| F|  |TAMS 0x000000070e000000, 0x000000070e000000| Untracked 
|  84|0x000000070e200000, 0x000000070e200000, 0x000000070e400000|  0%| F|  |TAMS 0x000000070e200000, 0x000000070e200000| Untracked 
|  85|0x000000070e400000, 0x000000070e400000, 0x000000070e600000|  0%| F|  |TAMS 0x000000070e400000, 0x000000070e400000| Untracked 
|  86|0x000000070e600000, 0x000000070e600000, 0x000000070e800000|  0%| F|  |TAMS 0x000000070e600000, 0x000000070e600000| Untracked 
|  87|0x000000070e800000, 0x000000070e800000, 0x000000070ea00000|  0%| F|  |TAMS 0x000000070e800000, 0x000000070e800000| Untracked 
|  88|0x000000070ea00000, 0x000000070ea00000, 0x000000070ec00000|  0%| F|  |TAMS 0x000000070ea00000, 0x000000070ea00000| Untracked 
|  89|0x000000070ec00000, 0x000000070ec00000, 0x000000070ee00000|  0%| F|  |TAMS 0x000000070ec00000, 0x000000070ec00000| Untracked 
|  90|0x000000070ee00000, 0x000000070ee00000, 0x000000070f000000|  0%| F|  |TAMS 0x000000070ee00000, 0x000000070ee00000| Untracked 
|  91|0x000000070f000000, 0x000000070f000000, 0x000000070f200000|  0%| F|  |TAMS 0x000000070f000000, 0x000000070f000000| Untracked 
|  92|0x000000070f200000, 0x000000070f200000, 0x000000070f400000|  0%| F|  |TAMS 0x000000070f200000, 0x000000070f200000| Untracked 
|  93|0x000000070f400000, 0x000000070f400000, 0x000000070f600000|  0%| F|  |TAMS 0x000000070f400000, 0x000000070f400000| Untracked 
|  94|0x000000070f600000, 0x000000070f600000, 0x000000070f800000|  0%| F|  |TAMS 0x000000070f600000, 0x000000070f600000| Untracked 
|  95|0x000000070f800000, 0x000000070f800000, 0x000000070fa00000|  0%| F|  |TAMS 0x000000070f800000, 0x000000070f800000| Untracked 
|  96|0x000000070fa00000, 0x000000070fa00000, 0x000000070fc00000|  0%| F|  |TAMS 0x000000070fa00000, 0x000000070fa00000| Untracked 
|  97|0x000000070fc00000, 0x000000070fc00000, 0x000000070fe00000|  0%| F|  |TAMS 0x000000070fc00000, 0x000000070fc00000| Untracked 
|  98|0x000000070fe00000, 0x000000070fe00000, 0x0000000710000000|  0%| F|  |TAMS 0x000000070fe00000, 0x000000070fe00000| Untracked 
|  99|0x0000000710000000, 0x0000000710000000, 0x0000000710200000|  0%| F|  |TAMS 0x0000000710000000, 0x0000000710000000| Untracked 
| 100|0x0000000710200000, 0x0000000710200000, 0x0000000710400000|  0%| F|  |TAMS 0x0000000710200000, 0x0000000710200000| Untracked 
| 101|0x0000000710400000, 0x0000000710400000, 0x0000000710600000|  0%| F|  |TAMS 0x0000000710400000, 0x0000000710400000| Untracked 
| 102|0x0000000710600000, 0x0000000710600000, 0x0000000710800000|  0%| F|  |TAMS 0x0000000710600000, 0x0000000710600000| Untracked 
| 103|0x0000000710800000, 0x0000000710800000, 0x0000000710a00000|  0%| F|  |TAMS 0x0000000710800000, 0x0000000710800000| Untracked 
| 104|0x0000000710a00000, 0x0000000710a00000, 0x0000000710c00000|  0%| F|  |TAMS 0x0000000710a00000, 0x0000000710a00000| Untracked 
| 105|0x0000000710c00000, 0x0000000710c00000, 0x0000000710e00000|  0%| F|  |TAMS 0x0000000710c00000, 0x0000000710c00000| Untracked 
| 106|0x0000000710e00000, 0x0000000710e00000, 0x0000000711000000|  0%| F|  |TAMS 0x0000000710e00000, 0x0000000710e00000| Untracked 
| 107|0x0000000711000000, 0x0000000711000000, 0x0000000711200000|  0%| F|  |TAMS 0x0000000711000000, 0x0000000711000000| Untracked 
| 108|0x0000000711200000, 0x0000000711200000, 0x0000000711400000|  0%| F|  |TAMS 0x0000000711200000, 0x0000000711200000| Untracked 
| 109|0x0000000711400000, 0x0000000711400000, 0x0000000711600000|  0%| F|  |TAMS 0x0000000711400000, 0x0000000711400000| Untracked 
| 110|0x0000000711600000, 0x0000000711600000, 0x0000000711800000|  0%| F|  |TAMS 0x0000000711600000, 0x0000000711600000| Untracked 
| 111|0x0000000711800000, 0x0000000711800000, 0x0000000711a00000|  0%| F|  |TAMS 0x0000000711800000, 0x0000000711800000| Untracked 
| 112|0x0000000711a00000, 0x0000000711a00000, 0x0000000711c00000|  0%| F|  |TAMS 0x0000000711a00000, 0x0000000711a00000| Untracked 
| 113|0x0000000711c00000, 0x0000000711c00000, 0x0000000711e00000|  0%| F|  |TAMS 0x0000000711c00000, 0x0000000711c00000| Untracked 
| 114|0x0000000711e00000, 0x0000000711e00000, 0x0000000712000000|  0%| F|  |TAMS 0x0000000711e00000, 0x0000000711e00000| Untracked 
| 115|0x0000000712000000, 0x0000000712000000, 0x0000000712200000|  0%| F|  |TAMS 0x0000000712000000, 0x0000000712000000| Untracked 
| 116|0x0000000712200000, 0x0000000712200000, 0x0000000712400000|  0%| F|  |TAMS 0x0000000712200000, 0x0000000712200000| Untracked 
| 117|0x0000000712400000, 0x0000000712400000, 0x0000000712600000|  0%| F|  |TAMS 0x0000000712400000, 0x0000000712400000| Untracked 
| 118|0x0000000712600000, 0x0000000712600000, 0x0000000712800000|  0%| F|  |TAMS 0x0000000712600000, 0x0000000712600000| Untracked 
| 119|0x0000000712800000, 0x0000000712800000, 0x0000000712a00000|  0%| F|  |TAMS 0x0000000712800000, 0x0000000712800000| Untracked 
| 120|0x0000000712a00000, 0x0000000712a00000, 0x0000000712c00000|  0%| F|  |TAMS 0x0000000712a00000, 0x0000000712a00000| Untracked 
| 121|0x0000000712c00000, 0x0000000712c00000, 0x0000000712e00000|  0%| F|  |TAMS 0x0000000712c00000, 0x0000000712c00000| Untracked 
| 122|0x0000000712e00000, 0x0000000712e00000, 0x0000000713000000|  0%| F|  |TAMS 0x0000000712e00000, 0x0000000712e00000| Untracked 
| 123|0x0000000713000000, 0x0000000713000000, 0x0000000713200000|  0%| F|  |TAMS 0x0000000713000000, 0x0000000713000000| Untracked 
| 124|0x0000000713200000, 0x0000000713200000, 0x0000000713400000|  0%| F|  |TAMS 0x0000000713200000, 0x0000000713200000| Untracked 
| 125|0x0000000713400000, 0x0000000713400000, 0x0000000713600000|  0%| F|  |TAMS 0x0000000713400000, 0x0000000713400000| Untracked 
| 126|0x0000000713600000, 0x0000000713600000, 0x0000000713800000|  0%| F|  |TAMS 0x0000000713600000, 0x0000000713600000| Untracked 
| 127|0x0000000713800000, 0x0000000713800000, 0x0000000713a00000|  0%| F|  |TAMS 0x0000000713800000, 0x0000000713800000| Untracked 
| 128|0x0000000713a00000, 0x0000000713a00000, 0x0000000713c00000|  0%| F|  |TAMS 0x0000000713a00000, 0x0000000713a00000| Untracked 
| 129|0x0000000713c00000, 0x0000000713c00000, 0x0000000713e00000|  0%| F|  |TAMS 0x0000000713c00000, 0x0000000713c00000| Untracked 
| 130|0x0000000713e00000, 0x0000000713e00000, 0x0000000714000000|  0%| F|  |TAMS 0x0000000713e00000, 0x0000000713e00000| Untracked 
| 131|0x0000000714000000, 0x0000000714000000, 0x0000000714200000|  0%| F|  |TAMS 0x0000000714000000, 0x0000000714000000| Untracked 
| 132|0x0000000714200000, 0x0000000714200000, 0x0000000714400000|  0%| F|  |TAMS 0x0000000714200000, 0x0000000714200000| Untracked 
| 133|0x0000000714400000, 0x0000000714400000, 0x0000000714600000|  0%| F|  |TAMS 0x0000000714400000, 0x0000000714400000| Untracked 
| 134|0x0000000714600000, 0x0000000714600000, 0x0000000714800000|  0%| F|  |TAMS 0x0000000714600000, 0x0000000714600000| Untracked 
| 135|0x0000000714800000, 0x0000000714800000, 0x0000000714a00000|  0%| F|  |TAMS 0x0000000714800000, 0x0000000714800000| Untracked 
| 136|0x0000000714a00000, 0x0000000714a00000, 0x0000000714c00000|  0%| F|  |TAMS 0x0000000714a00000, 0x0000000714a00000| Untracked 
| 137|0x0000000714c00000, 0x0000000714c00000, 0x0000000714e00000|  0%| F|  |TAMS 0x0000000714c00000, 0x0000000714c00000| Untracked 
| 138|0x0000000714e00000, 0x0000000714e00000, 0x0000000715000000|  0%| F|  |TAMS 0x0000000714e00000, 0x0000000714e00000| Untracked 
| 139|0x0000000715000000, 0x0000000715000000, 0x0000000715200000|  0%| F|  |TAMS 0x0000000715000000, 0x0000000715000000| Untracked 
| 140|0x0000000715200000, 0x0000000715200000, 0x0000000715400000|  0%| F|  |TAMS 0x0000000715200000, 0x0000000715200000| Untracked 
| 141|0x0000000715400000, 0x0000000715400000, 0x0000000715600000|  0%| F|  |TAMS 0x0000000715400000, 0x0000000715400000| Untracked 
| 142|0x0000000715600000, 0x0000000715600000, 0x0000000715800000|  0%| F|  |TAMS 0x0000000715600000, 0x0000000715600000| Untracked 
| 143|0x0000000715800000, 0x0000000715800000, 0x0000000715a00000|  0%| F|  |TAMS 0x0000000715800000, 0x0000000715800000| Untracked 
| 144|0x0000000715a00000, 0x0000000715a00000, 0x0000000715c00000|  0%| F|  |TAMS 0x0000000715a00000, 0x0000000715a00000| Untracked 
| 145|0x0000000715c00000, 0x0000000715c00000, 0x0000000715e00000|  0%| F|  |TAMS 0x0000000715c00000, 0x0000000715c00000| Untracked 
| 146|0x0000000715e00000, 0x0000000715e00000, 0x0000000716000000|  0%| F|  |TAMS 0x0000000715e00000, 0x0000000715e00000| Untracked 
| 147|0x0000000716000000, 0x0000000716000000, 0x0000000716200000|  0%| F|  |TAMS 0x0000000716000000, 0x0000000716000000| Untracked 
| 148|0x0000000716200000, 0x0000000716200000, 0x0000000716400000|  0%| F|  |TAMS 0x0000000716200000, 0x0000000716200000| Untracked 
| 149|0x0000000716400000, 0x0000000716400000, 0x0000000716600000|  0%| F|  |TAMS 0x0000000716400000, 0x0000000716400000| Untracked 
| 150|0x0000000716600000, 0x0000000716600000, 0x0000000716800000|  0%| F|  |TAMS 0x0000000716600000, 0x0000000716600000| Untracked 
| 151|0x0000000716800000, 0x0000000716800000, 0x0000000716a00000|  0%| F|  |TAMS 0x0000000716800000, 0x0000000716800000| Untracked 
| 152|0x0000000716a00000, 0x0000000716a00000, 0x0000000716c00000|  0%| F|  |TAMS 0x0000000716a00000, 0x0000000716a00000| Untracked 
| 153|0x0000000716c00000, 0x0000000716c00000, 0x0000000716e00000|  0%| F|  |TAMS 0x0000000716c00000, 0x0000000716c00000| Untracked 
| 154|0x0000000716e00000, 0x0000000716e00000, 0x0000000717000000|  0%| F|  |TAMS 0x0000000716e00000, 0x0000000716e00000| Untracked 
| 155|0x0000000717000000, 0x0000000717000000, 0x0000000717200000|  0%| F|  |TAMS 0x0000000717000000, 0x0000000717000000| Untracked 
| 156|0x0000000717200000, 0x0000000717200000, 0x0000000717400000|  0%| F|  |TAMS 0x0000000717200000, 0x0000000717200000| Untracked 
| 157|0x0000000717400000, 0x0000000717400000, 0x0000000717600000|  0%| F|  |TAMS 0x0000000717400000, 0x0000000717400000| Untracked 
| 158|0x0000000717600000, 0x0000000717600000, 0x0000000717800000|  0%| F|  |TAMS 0x0000000717600000, 0x0000000717600000| Untracked 
| 159|0x0000000717800000, 0x0000000717800000, 0x0000000717a00000|  0%| F|  |TAMS 0x0000000717800000, 0x0000000717800000| Untracked 
| 160|0x0000000717a00000, 0x0000000717a00000, 0x0000000717c00000|  0%| F|  |TAMS 0x0000000717a00000, 0x0000000717a00000| Untracked 
| 161|0x0000000717c00000, 0x0000000717c00000, 0x0000000717e00000|  0%| F|  |TAMS 0x0000000717c00000, 0x0000000717c00000| Untracked 
| 162|0x0000000717e00000, 0x0000000717e00000, 0x0000000718000000|  0%| F|  |TAMS 0x0000000717e00000, 0x0000000717e00000| Untracked 
| 163|0x0000000718000000, 0x0000000718000000, 0x0000000718200000|  0%| F|  |TAMS 0x0000000718000000, 0x0000000718000000| Untracked 
| 164|0x0000000718200000, 0x0000000718200000, 0x0000000718400000|  0%| F|  |TAMS 0x0000000718200000, 0x0000000718200000| Untracked 
| 165|0x0000000718400000, 0x0000000718400000, 0x0000000718600000|  0%| F|  |TAMS 0x0000000718400000, 0x0000000718400000| Untracked 
| 166|0x0000000718600000, 0x0000000718600000, 0x0000000718800000|  0%| F|  |TAMS 0x0000000718600000, 0x0000000718600000| Untracked 
| 167|0x0000000718800000, 0x0000000718800000, 0x0000000718a00000|  0%| F|  |TAMS 0x0000000718800000, 0x0000000718800000| Untracked 
| 168|0x0000000718a00000, 0x0000000718a00000, 0x0000000718c00000|  0%| F|  |TAMS 0x0000000718a00000, 0x0000000718a00000| Untracked 
| 169|0x0000000718c00000, 0x0000000718c00000, 0x0000000718e00000|  0%| F|  |TAMS 0x0000000718c00000, 0x0000000718c00000| Untracked 
| 170|0x0000000718e00000, 0x0000000718e00000, 0x0000000719000000|  0%| F|  |TAMS 0x0000000718e00000, 0x0000000718e00000| Untracked 
| 171|0x0000000719000000, 0x0000000719000000, 0x0000000719200000|  0%| F|  |TAMS 0x0000000719000000, 0x0000000719000000| Untracked 
| 172|0x0000000719200000, 0x0000000719200000, 0x0000000719400000|  0%| F|  |TAMS 0x0000000719200000, 0x0000000719200000| Untracked 
| 173|0x0000000719400000, 0x0000000719400000, 0x0000000719600000|  0%| F|  |TAMS 0x0000000719400000, 0x0000000719400000| Untracked 
| 174|0x0000000719600000, 0x0000000719600000, 0x0000000719800000|  0%| F|  |TAMS 0x0000000719600000, 0x0000000719600000| Untracked 
| 175|0x0000000719800000, 0x0000000719800000, 0x0000000719a00000|  0%| F|  |TAMS 0x0000000719800000, 0x0000000719800000| Untracked 
| 176|0x0000000719a00000, 0x0000000719c00000, 0x0000000719c00000|100%| E|  |TAMS 0x0000000719a00000, 0x0000000719a00000| Complete 
| 177|0x0000000719c00000, 0x0000000719e00000, 0x0000000719e00000|100%| E|CS|TAMS 0x0000000719c00000, 0x0000000719c00000| Complete 
| 178|0x0000000719e00000, 0x000000071a000000, 0x000000071a000000|100%| E|CS|TAMS 0x0000000719e00000, 0x0000000719e00000| Complete 
| 179|0x000000071a000000, 0x000000071a200000, 0x000000071a200000|100%| E|CS|TAMS 0x000000071a000000, 0x000000071a000000| Complete 
| 180|0x000000071a200000, 0x000000071a400000, 0x000000071a400000|100%| E|CS|TAMS 0x000000071a200000, 0x000000071a200000| Complete 
| 181|0x000000071a400000, 0x000000071a600000, 0x000000071a600000|100%| E|CS|TAMS 0x000000071a400000, 0x000000071a400000| Complete 
| 182|0x000000071a600000, 0x000000071a800000, 0x000000071a800000|100%| E|CS|TAMS 0x000000071a600000, 0x000000071a600000| Complete 
| 183|0x000000071a800000, 0x000000071aa00000, 0x000000071aa00000|100%| E|CS|TAMS 0x000000071a800000, 0x000000071a800000| Complete 

Card table byte_map: [0x0000025177620000,0x0000025177e10000] _byte_map_base: 0x0000025173e03000

Marking Bits (Prev, Next): (CMBitMap*) 0x00000251603cf390, (CMBitMap*) 0x00000251603cf3d0
 Prev Bits: [0x0000025178600000, 0x000002517c518000)
 Next Bits: [0x0000025100000000, 0x0000025103f18000)

Polling page: 0x000002515e300000

Metaspace:

Usage:
  Non-class:     11.37 MB used.
      Class:    883.92 KB used.
       Both:     12.23 MB used.

Virtual space:
  Non-class space:       16.00 MB reserved,      11.44 MB ( 71%) committed,  2 nodes.
      Class space:        1.00 GB reserved,     960.00 KB ( <1%) committed,  1 nodes.
              Both:        1.02 GB reserved,      12.38 MB (  1%) committed. 

Chunk freelists:
   Non-Class:  16.00 KB
       Class:  2.94 MB
        Both:  2.95 MB

MaxMetaspaceSize: 17179869184.00 GB
CompressedClassSpaceSize: 1.00 GB
 - commit_granule_bytes: 65536.
 - commit_granule_words: 8192.
 - virtual_space_node_default_size: 1048576.
 - enlarge_chunks_in_place: 1.
 - new_chunks_are_fully_committed: 0.
 - uncommit_free_chunks: 1.
 - use_allocation_guard: 0.
 - handle_deallocations: 1.


Internal statistics:

num_allocs_failed_limit: 0.
num_arena_births: 86.
num_arena_deaths: 0.
num_vsnodes_births: 3.
num_vsnodes_deaths: 0.
num_space_committed: 194.
num_space_uncommitted: 0.
num_chunks_returned_to_freelist: 0.
num_chunks_taken_from_freelist: 340.
num_chunk_merges: 0.
num_chunk_splits: 273.
num_chunks_enlarged: 222.
num_purges: 0.

CodeHeap 'non-profiled nmethods': size=120000Kb used=743Kb max_used=743Kb free=119256Kb
 bounds [0x000002516f5d0000, 0x000002516f840000, 0x0000025176b00000]
CodeHeap 'profiled nmethods': size=120000Kb used=2985Kb max_used=2985Kb free=117014Kb
 bounds [0x00000251680a0000, 0x0000025168390000, 0x000002516f5d0000]
CodeHeap 'non-nmethods': size=5760Kb used=1539Kb max_used=1561Kb free=4220Kb
 bounds [0x0000025167b00000, 0x0000025167d70000, 0x00000251680a0000]
 total_blobs=2558 nmethods=1631 adapters=840
 compilation: enabled
              stopped_count=0, restarted_count=0
 full_count=0

Compilation events (20 events):
Event: 8.759 Thread 0x000002517efab580 1622       4       processing.opengl.PGraphicsOpenGL$TessGeometry::setLineVertex (333 bytes)
Event: 8.761 Thread 0x000002517efab580 nmethod 1622 0x000002516f688d90 code [0x000002516f688f20, 0x000002516f689338]
Event: 9.034 Thread 0x000002517f902490 1623       1       com.jogamp.newt.event.NEWTEvent::getWhen (5 bytes)
Event: 9.034 Thread 0x000002517f902490 nmethod 1623 0x000002516f689610 code [0x000002516f6897a0, 0x000002516f689878]
Event: 9.570 Thread 0x000002517f902490 1624       3       java.lang.RuntimeException::<init> (6 bytes)
Event: 9.570 Thread 0x000002517f902490 nmethod 1624 0x0000025168388690 code [0x0000025168388840, 0x00000251683889c8]
Event: 9.607 Thread 0x000002517f902490 1625   !   3       jogamp.common.util.locks.RecursiveLockImpl01Unfairish::getHoldCount (24 bytes)
Event: 9.608 Thread 0x000002517f902490 nmethod 1625 0x0000025168388a90 code [0x0000025168388c40, 0x0000025168388f18]
Event: 9.755 Thread 0x000002517efab580 1626       4       com.jogamp.common.util.IntIntHashMap::put (229 bytes)
Event: 9.756 Thread 0x000002517f902490 1627       3       jogamp.nativewindow.NullToolkitLock::lock (41 bytes)
Event: 9.756 Thread 0x000002517efab580 nmethod 1626 0x000002516f689910 code [0x000002516f689aa0, 0x000002516f689bd8]
Event: 9.756 Thread 0x000002517f902490 nmethod 1627 0x0000025168389090 code [0x0000025168389220, 0x0000025168389338]
Event: 9.756 Thread 0x000002517f902490 1628       3       jogamp.newt.DefaultEDTUtil::isCurrentThreadEDT (16 bytes)
Event: 9.756 Thread 0x000002517f902490 nmethod 1628 0x0000025168389410 code [0x00000251683895a0, 0x0000025168389738]
Event: 9.793 Thread 0x000002517f902490 1629       3       jogamp.nativewindow.NullToolkitLock::unlock (41 bytes)
Event: 9.793 Thread 0x000002517f902490 nmethod 1629 0x0000025168389810 code [0x00000251683899a0, 0x0000025168389ab8]
Event: 9.829 Thread 0x000002517f902490 1630       3       java.util.HashMap::remove (26 bytes)
Event: 9.829 Thread 0x000002517f902490 nmethod 1630 0x0000025168389b90 code [0x0000025168389d60, 0x000002516838a0d8]
Event: 9.892 Thread 0x000002517f902490 1631       3       java.lang.ClassLoader::findNative (21 bytes)
Event: 9.892 Thread 0x000002517f902490 nmethod 1631 0x000002516838a210 code [0x000002516838a3e0, 0x000002516838a5f8]

GC Heap History (20 events):
Event: 7.365 GC heap before
{Heap before GC invocations=27 (full 0):
 garbage-first heap   total 376832K, used 229736K [0x0000000703a00000, 0x0000000800000000)
  region size 2048K, 110 young (225280K), 1 survivors (2048K)
 Metaspace       used 12425K, committed 12608K, reserved 1064960K
  class space    used 880K, committed 960K, reserved 1048576K
}
Event: 7.366 GC heap after
{Heap after GC invocations=28 (full 0):
 garbage-first heap   total 376832K, used 6510K [0x0000000703a00000, 0x0000000800000000)
  region size 2048K, 1 young (2048K), 1 survivors (2048K)
 Metaspace       used 12425K, committed 12608K, reserved 1064960K
  class space    used 880K, committed 960K, reserved 1048576K
}
Event: 7.632 GC heap before
{Heap before GC invocations=28 (full 0):
 garbage-first heap   total 376832K, used 229742K [0x0000000703a00000, 0x0000000800000000)
  region size 2048K, 110 young (225280K), 1 survivors (2048K)
 Metaspace       used 12425K, committed 12608K, reserved 1064960K
  class space    used 880K, committed 960K, reserved 1048576K
}
Event: 7.633 GC heap after
{Heap after GC invocations=29 (full 0):
 garbage-first heap   total 376832K, used 6517K [0x0000000703a00000, 0x0000000800000000)
  region size 2048K, 1 young (2048K), 1 survivors (2048K)
 Metaspace       used 12425K, committed 12608K, reserved 1064960K
  class space    used 880K, committed 960K, reserved 1048576K
}
Event: 7.902 GC heap before
{Heap before GC invocations=29 (full 0):
 garbage-first heap   total 376832K, used 229749K [0x0000000703a00000, 0x0000000800000000)
  region size 2048K, 110 young (225280K), 1 survivors (2048K)
 Metaspace       used 12432K, committed 12608K, reserved 1064960K
  class space    used 880K, committed 960K, reserved 1048576K
}
Event: 7.902 GC heap after
{Heap after GC invocations=30 (full 0):
 garbage-first heap   total 376832K, used 6527K [0x0000000703a00000, 0x0000000800000000)
  region size 2048K, 1 young (2048K), 1 survivors (2048K)
 Metaspace       used 12432K, committed 12608K, reserved 1064960K
  class space    used 880K, committed 960K, reserved 1048576K
}
Event: 8.170 GC heap before
{Heap before GC invocations=30 (full 0):
 garbage-first heap   total 376832K, used 229759K [0x0000000703a00000, 0x0000000800000000)
  region size 2048K, 110 young (225280K), 1 survivors (2048K)
 Metaspace       used 12456K, committed 12608K, reserved 1064960K
  class space    used 880K, committed 960K, reserved 1048576K
}
Event: 8.171 GC heap after
{Heap after GC invocations=31 (full 0):
 garbage-first heap   total 376832K, used 6546K [0x0000000703a00000, 0x0000000800000000)
  region size 2048K, 1 young (2048K), 1 survivors (2048K)
 Metaspace       used 12456K, committed 12608K, reserved 1064960K
  class space    used 880K, committed 960K, reserved 1048576K
}
Event: 8.448 GC heap before
{Heap before GC invocations=31 (full 0):
 garbage-first heap   total 376832K, used 229778K [0x0000000703a00000, 0x0000000800000000)
  region size 2048K, 110 young (225280K), 1 survivors (2048K)
 Metaspace       used 12459K, committed 12608K, reserved 1064960K
  class space    used 880K, committed 960K, reserved 1048576K
}
Event: 8.450 GC heap after
{Heap after GC invocations=32 (full 0):
 garbage-first heap   total 376832K, used 6558K [0x0000000703a00000, 0x0000000800000000)
  region size 2048K, 1 young (2048K), 1 survivors (2048K)
 Metaspace       used 12459K, committed 12608K, reserved 1064960K
  class space    used 880K, committed 960K, reserved 1048576K
}
Event: 8.726 GC heap before
{Heap before GC invocations=32 (full 0):
 garbage-first heap   total 376832K, used 229790K [0x0000000703a00000, 0x0000000800000000)
  region size 2048K, 110 young (225280K), 1 survivors (2048K)
 Metaspace       used 12476K, committed 12608K, reserved 1064960K
  class space    used 880K, committed 960K, reserved 1048576K
}
Event: 8.726 GC heap after
{Heap after GC invocations=33 (full 0):
 garbage-first heap   total 376832K, used 6573K [0x0000000703a00000, 0x0000000800000000)
  region size 2048K, 1 young (2048K), 1 survivors (2048K)
 Metaspace       used 12476K, committed 12608K, reserved 1064960K
  class space    used 880K, committed 960K, reserved 1048576K
}
Event: 8.998 GC heap before
{Heap before GC invocations=33 (full 0):
 garbage-first heap   total 376832K, used 229805K [0x0000000703a00000, 0x0000000800000000)
  region size 2048K, 110 young (225280K), 1 survivors (2048K)
 Metaspace       used 12476K, committed 12608K, reserved 1064960K
  class space    used 880K, committed 960K, reserved 1048576K
}
Event: 8.999 GC heap after
{Heap after GC invocations=34 (full 0):
 garbage-first heap   total 376832K, used 6583K [0x0000000703a00000, 0x0000000800000000)
  region size 2048K, 1 young (2048K), 1 survivors (2048K)
 Metaspace       used 12476K, committed 12608K, reserved 1064960K
  class space    used 880K, committed 960K, reserved 1048576K
}
Event: 9.274 GC heap before
{Heap before GC invocations=34 (full 0):
 garbage-first heap   total 376832K, used 229815K [0x0000000703a00000, 0x0000000800000000)
  region size 2048K, 110 young (225280K), 1 survivors (2048K)
 Metaspace       used 12476K, committed 12608K, reserved 1064960K
  class space    used 880K, committed 960K, reserved 1048576K
}
Event: 9.275 GC heap after
{Heap after GC invocations=35 (full 0):
 garbage-first heap   total 376832K, used 6600K [0x0000000703a00000, 0x0000000800000000)
  region size 2048K, 1 young (2048K), 1 survivors (2048K)
 Metaspace       used 12476K, committed 12608K, reserved 1064960K
  class space    used 880K, committed 960K, reserved 1048576K
}
Event: 9.565 GC heap before
{Heap before GC invocations=35 (full 0):
 garbage-first heap   total 376832K, used 229832K [0x0000000703a00000, 0x0000000800000000)
  region size 2048K, 110 young (225280K), 1 survivors (2048K)
 Metaspace       used 12476K, committed 12608K, reserved 1064960K
  class space    used 880K, committed 960K, reserved 1048576K
}
Event: 9.566 GC heap after
{Heap after GC invocations=36 (full 0):
 garbage-first heap   total 376832K, used 6606K [0x0000000703a00000, 0x0000000800000000)
  region size 2048K, 1 young (2048K), 1 survivors (2048K)
 Metaspace       used 12476K, committed 12608K, reserved 1064960K
  class space    used 880K, committed 960K, reserved 1048576K
}
Event: 9.852 GC heap before
{Heap before GC invocations=36 (full 0):
 garbage-first heap   total 376832K, used 229838K [0x0000000703a00000, 0x0000000800000000)
  region size 2048K, 110 young (225280K), 1 survivors (2048K)
 Metaspace       used 12479K, committed 12672K, reserved 1064960K
  class space    used 880K, committed 960K, reserved 1048576K
}
Event: 9.853 GC heap after
{Heap after GC invocations=37 (full 0):
 garbage-first heap   total 376832K, used 6613K [0x0000000703a00000, 0x0000000800000000)
  region size 2048K, 1 young (2048K), 1 survivors (2048K)
 Metaspace       used 12479K, committed 12672K, reserved 1064960K
  class space    used 880K, committed 960K, reserved 1048576K
}

Deoptimization events (20 events):
Event: 1.281 Thread 0x0000025105d54770 DEOPT PACKING pc=0x000002516f638ddc sp=0x000000dbc3afe390
Event: 1.281 Thread 0x0000025105d54770 DEOPT UNPACKING pc=0x0000025167b4f92e sp=0x000000dbc3afe318 mode 2
Event: 1.287 Thread 0x0000025105d54770 DEOPT PACKING pc=0x00000251682b1bb7 sp=0x000000dbc3afe5a0
Event: 1.287 Thread 0x0000025105d54770 DEOPT UNPACKING pc=0x0000025167b4e77e sp=0x000000dbc3afdad8 mode 0
Event: 1.288 Thread 0x0000025105d54770 Uncommon trap: trap_request=0xffffff45 fr.pc=0x000002516f63e2cc relative=0x000000000000044c
Event: 1.288 Thread 0x0000025105d54770 Uncommon trap: reason=unstable_if action=reinterpret pc=0x000002516f63e2cc method=crystalsimulation.Handler.draw(Lprocessing/core/PApplet;)V @ 226 c2
Event: 1.288 Thread 0x0000025105d54770 DEOPT PACKING pc=0x000002516f63e2cc sp=0x000000dbc3afe620
Event: 1.288 Thread 0x0000025105d54770 DEOPT UNPACKING pc=0x0000025167b4f92e sp=0x000000dbc3afe5e8 mode 2
Event: 1.390 Thread 0x0000025103f41ed0 Uncommon trap: trap_request=0xffffff45 fr.pc=0x000002516f639500 relative=0x0000000000000060
Event: 1.390 Thread 0x0000025103f41ed0 Uncommon trap: reason=unstable_if action=reinterpret pc=0x000002516f639500 method=java.util.HashMap.keySet()Ljava/util/Set; @ 6 c2
Event: 1.390 Thread 0x0000025103f41ed0 DEOPT PACKING pc=0x000002516f639500 sp=0x000000dbc29ff1a0
Event: 1.390 Thread 0x0000025103f41ed0 DEOPT UNPACKING pc=0x0000025167b4f92e sp=0x000000dbc29ff138 mode 2
Event: 1.390 Thread 0x0000025103f41ed0 Uncommon trap: trap_request=0xffffff45 fr.pc=0x000002516f63896c relative=0x00000000000000cc
Event: 1.390 Thread 0x0000025103f41ed0 Uncommon trap: reason=unstable_if action=reinterpret pc=0x000002516f63896c method=java.util.HashMap$HashIterator.<init>(Ljava/util/HashMap;)V @ 38 c2
Event: 1.390 Thread 0x0000025103f41ed0 DEOPT PACKING pc=0x000002516f63896c sp=0x000000dbc29ff190
Event: 1.390 Thread 0x0000025103f41ed0 DEOPT UNPACKING pc=0x0000025167b4f92e sp=0x000000dbc29ff060 mode 2
Event: 1.468 Thread 0x0000025105d54770 DEOPT PACKING pc=0x0000025168308457 sp=0x000000dbc3afe600
Event: 1.468 Thread 0x0000025105d54770 DEOPT UNPACKING pc=0x0000025167b4e77e sp=0x000000dbc3afdae0 mode 0
Event: 1.506 Thread 0x0000025105d54770 DEOPT PACKING pc=0x0000025168308457 sp=0x000000dbc3afe600
Event: 1.506 Thread 0x0000025105d54770 DEOPT UNPACKING pc=0x0000025167b4e77e sp=0x000000dbc3afdae0 mode 0

Classes unloaded (0 events):
No events

Classes redefined (0 events):
No events

Internal exceptions (20 events):
Event: 1.113 Thread 0x0000025105d54770 Exception <a 'java/lang/NullPointerException'{0x00000007126589e0}> (0x00000007126589e0) 
thrown [t:\workspace\open\src\hotspot\share\runtime\sharedRuntime.cpp, line 624]
Event: 1.113 Thread 0x0000025105d54770 Implicit null exception at 0x000002516827cec5 to 0x000002516827d75f
Event: 1.113 Thread 0x0000025105d54770 Exception <a 'java/lang/NullPointerException'{0x0000000712658e58}> (0x0000000712658e58) 
thrown [t:\workspace\open\src\hotspot\share\runtime\sharedRuntime.cpp, line 624]
Event: 1.113 Thread 0x0000025105d54770 Implicit null exception at 0x000002516827cec5 to 0x000002516827d75f
Event: 1.113 Thread 0x0000025105d54770 Exception <a 'java/lang/NullPointerException'{0x0000000712659290}> (0x0000000712659290) 
thrown [t:\workspace\open\src\hotspot\share\runtime\sharedRuntime.cpp, line 624]
Event: 1.113 Thread 0x0000025105d54770 Implicit null exception at 0x000002516827cec5 to 0x000002516827d75f
Event: 1.113 Thread 0x0000025105d54770 Exception <a 'java/lang/NullPointerException'{0x00000007126596c8}> (0x00000007126596c8) 
thrown [t:\workspace\open\src\hotspot\share\runtime\sharedRuntime.cpp, line 624]
Event: 1.113 Thread 0x0000025105d54770 Implicit null exception at 0x000002516827cec5 to 0x000002516827d75f
Event: 1.113 Thread 0x0000025105d54770 Exception <a 'java/lang/NullPointerException'{0x0000000712659b80}> (0x0000000712659b80) 
thrown [t:\workspace\open\src\hotspot\share\runtime\sharedRuntime.cpp, line 624]
Event: 1.113 Thread 0x0000025105d54770 Implicit null exception at 0x000002516827cec5 to 0x000002516827d75f
Event: 1.113 Thread 0x0000025105d54770 Exception <a 'java/lang/NullPointerException'{0x0000000712659f38}> (0x0000000712659f38) 
thrown [t:\workspace\open\src\hotspot\share\runtime\sharedRuntime.cpp, line 624]
Event: 1.113 Thread 0x0000025105d54770 Implicit null exception at 0x000002516827cec5 to 0x000002516827d75f
Event: 1.113 Thread 0x0000025105d54770 Exception <a 'java/lang/NullPointerException'{0x000000071265a2f0}> (0x000000071265a2f0) 
thrown [t:\workspace\open\src\hotspot\share\runtime\sharedRuntime.cpp, line 624]
Event: 1.113 Thread 0x0000025105d54770 Implicit null exception at 0x000002516827cec5 to 0x000002516827d75f
Event: 1.113 Thread 0x0000025105d54770 Exception <a 'java/lang/NullPointerException'{0x000000071265a6e8}> (0x000000071265a6e8) 
thrown [t:\workspace\open\src\hotspot\share\runtime\sharedRuntime.cpp, line 624]
Event: 1.113 Thread 0x0000025105d54770 Implicit null exception at 0x000002516827cec5 to 0x000002516827d75f
Event: 1.113 Thread 0x0000025105d54770 Exception <a 'java/lang/NullPointerException'{0x000000071265ab60}> (0x000000071265ab60) 
thrown [t:\workspace\open\src\hotspot\share\runtime\sharedRuntime.cpp, line 624]
Event: 1.113 Thread 0x0000025105d54770 Implicit null exception at 0x000002516827cec5 to 0x000002516827d75f
Event: 1.113 Thread 0x0000025105d54770 Exception <a 'java/lang/NullPointerException'{0x000000071265af58}> (0x000000071265af58) 
thrown [t:\workspace\open\src\hotspot\share\runtime\sharedRuntime.cpp, line 624]
Event: 9.866 Thread 0x0000025105d52ce0 Exception <a 'java/lang/InterruptedException'{0x0000000719f00800}> (0x0000000719f00800) 
thrown [t:\workspace\open\src\hotspot\share\runtime\objectMonitor.cpp, line 1705]

Events (20 events):
Event: 9.274 Executing  VM operation: G1CollectForAllocation
Event: 9.275 Executing  VM operation: G1CollectForAllocation done
Event: 9.565 Executing  VM operation: G1CollectForAllocation
Event: 9.566 Executing  VM operation: G1CollectForAllocation done
Event: 9.852 Executing  VM operation: G1CollectForAllocation
Event: 9.853 Executing  VM operation: G1CollectForAllocation done
Event: 9.866 Thread 0x0000025105d52790 Thread added: 0x0000025105d52790
Event: 9.866 Thread 0x0000025105d52ce0 Thread exited: 0x0000025105d52ce0
Event: 9.866 Thread 0x0000025105d52240 Thread added: 0x0000025105d52240
Event: 9.866 Thread 0x0000025105d53230 Thread added: 0x0000025105d53230
Event: 9.866 Thread 0x0000025105d54220 Thread added: 0x0000025105d54220
Event: 9.866 loading class java/nio/channels/ClosedChannelException
Event: 9.867 loading class java/nio/channels/ClosedChannelException done
Event: 9.867 Thread 0x0000025105d53230 Thread exited: 0x0000025105d53230
Event: 9.867 Thread 0x00000251044b6db0 Thread exited: 0x00000251044b6db0
Event: 9.871 Thread 0x000002517fcd0460 Thread exited: 0x000002517fcd0460
Event: 9.894 Thread 0x00000251046a5040 Thread exited: 0x00000251046a5040
Event: 9.896 Thread 0x0000025105d52790 Thread exited: 0x0000025105d52790
Event: 9.967 Thread 0x0000025105d52240 Thread exited: 0x0000025105d52240
Event: 9.967 Executing  VM operation: Exit


Dynamic libraries:
0x00007ff649b00000 - 0x00007ff649b10000 	C:\Program Files\Java\jdk-16.0.2\bin\javaw.exe
0x00007ff99d710000 - 0x00007ff99d905000 	C:\windows\SYSTEM32\ntdll.dll
0x00007ff99caa0000 - 0x00007ff99cb5e000 	C:\windows\System32\KERNEL32.DLL
0x00007ff99b0e0000 - 0x00007ff99b3a8000 	C:\windows\System32\KERNELBASE.dll
0x00007ff99b4c0000 - 0x00007ff99b5c0000 	C:\windows\System32\ucrtbase.dll
0x00007ff9933b0000 - 0x00007ff9933c9000 	C:\Program Files\Java\jdk-16.0.2\bin\VCRUNTIME140.dll
0x00007ff98f860000 - 0x00007ff98f878000 	C:\Program Files\Java\jdk-16.0.2\bin\jli.dll
0x00007ff99cde0000 - 0x00007ff99ce8e000 	C:\windows\System32\ADVAPI32.dll
0x00007ff99cb60000 - 0x00007ff99cbfe000 	C:\windows\System32\msvcrt.dll
0x00007ff99b900000 - 0x00007ff99b99c000 	C:\windows\System32\sechost.dll
0x00007ff99cc00000 - 0x00007ff99cd25000 	C:\windows\System32\RPCRT4.dll
0x00007ff99c8e0000 - 0x00007ff99ca81000 	C:\windows\System32\USER32.dll
0x00007ff99b5c0000 - 0x00007ff99b5e2000 	C:\windows\System32\win32u.dll
0x00007ff979310000 - 0x00007ff9795aa000 	C:\windows\WinSxS\amd64_microsoft.windows.common-controls_6595b64144ccf1df_6.0.19041.1110_none_60b5254171f9507e\COMCTL32.dll
0x00007ff99b9b0000 - 0x00007ff99b9db000 	C:\windows\System32\GDI32.dll
0x00007ff99afa0000 - 0x00007ff99b0ad000 	C:\windows\System32\gdi32full.dll
0x00007ff99aeb0000 - 0x00007ff99af4d000 	C:\windows\System32\msvcp_win.dll
0x00007ff992520000 - 0x00007ff99252a000 	C:\windows\SYSTEM32\VERSION.dll
0x00007ff99cf60000 - 0x00007ff99cf90000 	C:\windows\System32\IMM32.DLL
0x00007ff9976f0000 - 0x00007ff9976fc000 	C:\Program Files\Java\jdk-16.0.2\bin\vcruntime140_1.dll
0x00007ff967540000 - 0x00007ff9675d1000 	C:\Program Files\Java\jdk-16.0.2\bin\msvcp140.dll
0x00007ff909570000 - 0x00007ff90a11b000 	C:\Program Files\Java\jdk-16.0.2\bin\server\jvm.dll
0x00007ff99ca90000 - 0x00007ff99ca98000 	C:\windows\System32\PSAPI.DLL
0x00007ff9930e0000 - 0x00007ff9930e9000 	C:\windows\SYSTEM32\WSOCK32.dll
0x00007ff976510000 - 0x00007ff976537000 	C:\windows\SYSTEM32\WINMM.dll
0x00007ff99d110000 - 0x00007ff99d17b000 	C:\windows\System32\WS2_32.dll
0x00007ff9996a0000 - 0x00007ff9996b2000 	C:\windows\SYSTEM32\kernel.appcore.dll
0x00007ff981ec0000 - 0x00007ff981eca000 	C:\Program Files\Java\jdk-16.0.2\bin\jimage.dll
0x00007ff9993a0000 - 0x00007ff999584000 	C:\windows\SYSTEM32\DBGHELP.DLL
0x00007ff981ee0000 - 0x00007ff981f0c000 	C:\windows\SYSTEM32\dbgcore.DLL
0x00007ff99ae20000 - 0x00007ff99aea2000 	C:\windows\System32\bcryptPrimitives.dll
0x00007ff980fb0000 - 0x00007ff980fd5000 	C:\Program Files\Java\jdk-16.0.2\bin\java.dll
0x00007ff99bb60000 - 0x00007ff99c2a4000 	C:\windows\System32\SHELL32.dll
0x00007ff998b30000 - 0x00007ff9992c5000 	C:\windows\SYSTEM32\windows.storage.dll
0x00007ff99c2b0000 - 0x00007ff99c605000 	C:\windows\System32\combase.dll
0x00007ff99a800000 - 0x00007ff99a82e000 	C:\windows\SYSTEM32\Wldp.dll
0x00007ff99ceb0000 - 0x00007ff99cf5d000 	C:\windows\System32\SHCORE.dll
0x00007ff99c740000 - 0x00007ff99c795000 	C:\windows\System32\shlwapi.dll
0x00007ff99ad60000 - 0x00007ff99ad7f000 	C:\windows\SYSTEM32\profapi.dll
0x00007ff980f90000 - 0x00007ff980fa9000 	C:\Program Files\Java\jdk-16.0.2\bin\net.dll
0x00007ff995870000 - 0x00007ff99597c000 	C:\windows\SYSTEM32\WINHTTP.dll
0x00007ff99a560000 - 0x00007ff99a5ca000 	C:\windows\system32\mswsock.dll
0x00007ff980ea0000 - 0x00007ff980eb3000 	C:\Program Files\Java\jdk-16.0.2\bin\nio.dll
0x00007ff97b1a0000 - 0x00007ff97b1b8000 	C:\Program Files\Java\jdk-16.0.2\bin\zip.dll
0x00007ff981830000 - 0x00007ff981840000 	C:\Program Files\Java\jdk-16.0.2\bin\verify.dll
0x00007ff933430000 - 0x00007ff9335b0000 	C:\Program Files\Java\jdk-16.0.2\bin\awt.dll
0x00007ff99d600000 - 0x00007ff99d6cd000 	C:\windows\System32\OLEAUT32.dll
0x00007ff998270000 - 0x00007ff998300000 	C:\windows\SYSTEM32\apphelp.dll
0x00007ff9983d0000 - 0x00007ff99846e000 	C:\windows\system32\uxtheme.dll
0x00007ff99cf90000 - 0x00007ff99d0a5000 	C:\windows\System32\MSCTF.dll
0x00007ff99c610000 - 0x00007ff99c73a000 	C:\windows\System32\ole32.dll
0x00007ff998560000 - 0x00007ff99858f000 	C:\windows\system32\DWMAPI.DLL
0x00007ff95ea10000 - 0x00007ff95eb35000 	C:\windows\system32\opengl32.dll
0x00007ff9615f0000 - 0x00007ff96161c000 	C:\windows\SYSTEM32\GLU32.dll
0x00007ff99a750000 - 0x00007ff99a768000 	C:\windows\SYSTEM32\CRYPTSP.dll
0x00007ff999ee0000 - 0x00007ff999f14000 	C:\windows\system32\rsaenh.dll
0x00007ff99b0b0000 - 0x00007ff99b0d7000 	C:\windows\System32\bcrypt.dll
0x00007ff99ace0000 - 0x00007ff99ad0e000 	C:\windows\SYSTEM32\USERENV.dll
0x00007ff99a770000 - 0x00007ff99a77c000 	C:\windows\SYSTEM32\CRYPTBASE.dll
0x00007ff99a250000 - 0x00007ff99a28b000 	C:\windows\SYSTEM32\IPHLPAPI.DLL
0x00007ff99b9a0000 - 0x00007ff99b9a8000 	C:\windows\System32\NSI.dll
0x00007ff992f50000 - 0x00007ff992f67000 	C:\windows\SYSTEM32\dhcpcsvc6.DLL
0x00007ff993190000 - 0x00007ff9931ad000 	C:\windows\SYSTEM32\dhcpcsvc.DLL
0x00007ff99a2e0000 - 0x00007ff99a3ab000 	C:\windows\SYSTEM32\DNSAPI.dll
0x00000000637c0000 - 0x00000000637cd000 	C:\Users\sethr\AppData\Local\Temp\jogamp_0000\file_cache\jln10609723072981509046\jln7427082170714589535\natives\windows-amd64\gluegen-rt.dll
0x00007ff9976b0000 - 0x00007ff9976b7000 	C:\Program Files\Java\jdk-16.0.2\bin\jawt.dll
0x000000006a440000 - 0x000000006a44d000 	C:\Users\sethr\AppData\Local\Temp\jogamp_0000\file_cache\jln10609723072981509046\jln7427082170714589535\natives\windows-amd64\nativewindow_awt.dll
0x000000006c100000 - 0x000000006c10f000 	C:\Users\sethr\AppData\Local\Temp\jogamp_0000\file_cache\jln10609723072981509046\jln7427082170714589535\natives\windows-amd64\nativewindow_win32.dll
0x000000006cbc0000 - 0x000000006cbd3000 	C:\Users\sethr\AppData\Local\Temp\jogamp_0000\file_cache\jln10609723072981509046\jln7427082170714589535\natives\windows-amd64\newt.dll
0x00007ff994e80000 - 0x00007ff994f2e000 	C:\windows\SYSTEM32\mscms.dll
0x00007ff994e60000 - 0x00007ff994e71000 	C:\windows\SYSTEM32\ColorAdapterClient.dll
0x00007ff9932f0000 - 0x00007ff993333000 	C:\windows\SYSTEM32\icm32.dll
0x00007ff99d180000 - 0x00007ff99d5f2000 	C:\windows\System32\setupapi.dll
0x00007ff99af50000 - 0x00007ff99af9e000 	C:\windows\System32\cfgmgr32.dll
0x00007ff99ab50000 - 0x00007ff99ab84000 	C:\windows\SYSTEM32\DEVOBJ.dll
0x00007ff99b460000 - 0x00007ff99b4c0000 	C:\windows\System32\WINTRUST.dll
0x00007ff99b5f0000 - 0x00007ff99b746000 	C:\windows\System32\CRYPT32.dll
0x00007ff99a990000 - 0x00007ff99a9a2000 	C:\windows\SYSTEM32\MSASN1.dll
0x0000000064500000 - 0x00000000645b1000 	C:\Users\sethr\AppData\Local\Temp\jogamp_0000\file_cache\jln10609723072981509046\jln7427082170714589535\natives\windows-amd64\jogl_desktop.dll
0x0000000064340000 - 0x00000000643a2000 	C:\Users\sethr\AppData\Local\Temp\jogamp_0000\file_cache\jln10609723072981509046\jln7427082170714589535\natives\windows-amd64\jogl_mobile.dll
0x00007ff99cd30000 - 0x00007ff99cdd9000 	C:\windows\System32\clbcatq.dll
0x00007ff92f700000 - 0x00007ff930700000 	C:\windows\System32\DriverStore\FileRepository\iigd_dch.inf_amd64_14d6d9e2312c79ae\igxelpicd64.dll
0x00007ff999710000 - 0x00007ff999804000 	C:\windows\system32\dxgi.dll
0x00007ff932690000 - 0x00007ff932af4000 	C:\windows\System32\DriverStore\FileRepository\iigd_dch.inf_amd64_14d6d9e2312c79ae\igdml64.dll
0x00007ff98f480000 - 0x00007ff98f83d000 	C:\windows\System32\DriverStore\FileRepository\iigd_dch.inf_amd64_14d6d9e2312c79ae\igdgmm64.dll
0x00007ff982590000 - 0x00007ff9857c8000 	C:\windows\System32\DriverStore\FileRepository\iigd_dch.inf_amd64_14d6d9e2312c79ae\igc64.dll
0x00007ff99abe0000 - 0x00007ff99ac2b000 	C:\windows\SYSTEM32\powrprof.dll
0x00007ff99abc0000 - 0x00007ff99abd2000 	C:\windows\SYSTEM32\UMPDC.dll
0x00007ff979210000 - 0x00007ff979309000 	C:\windows\SYSTEM32\textinputframework.dll
0x00007ff997cd0000 - 0x00007ff99802e000 	C:\windows\System32\CoreUIComponents.dll
0x00007ff998030000 - 0x00007ff998122000 	C:\windows\System32\CoreMessaging.dll
0x00007ff997520000 - 0x00007ff997674000 	C:\windows\SYSTEM32\wintypes.dll
0x00007ff999b10000 - 0x00007ff999b43000 	C:\windows\SYSTEM32\ntmarta.dll
0x00007ff962050000 - 0x00007ff9620b6000 	C:\windows\system32\Oleacc.dll

dbghelp: loaded successfully - version: 4.0.5 - missing functions: none
symbol engine: initialized successfully - sym options: 0x614 - pdb path: .;C:\Program Files\Java\jdk-16.0.2\bin;C:\windows\SYSTEM32;C:\windows\WinSxS\amd64_microsoft.windows.common-controls_6595b64144ccf1df_6.0.19041.1110_none_60b5254171f9507e;C:\Program Files\Java\jdk-16.0.2\bin\server;C:\Users\sethr\AppData\Local\Temp\jogamp_0000\file_cache\jln10609723072981509046\jln7427082170714589535\natives\windows-amd64;C:\windows\System32\DriverStore\FileRepository\iigd_dch.inf_amd64_14d6d9e2312c79ae

VM Arguments:
jvm_args: -Dfile.encoding=Cp1252 -XX:+ShowCodeDetailsInExceptionMessages 
java_command: crystalsimulation.Main
java_class_path (initial): C:\Users\sethr\eclipse-workspace\crystalsimulation\target\classes;C:\Users\sethr\.m2\repository\org\processing\core\3.3.6\core-3.3.6.jar;C:\Users\sethr\.m2\repository\org\jogamp\gluegen\gluegen-rt-main\2.3.2\gluegen-rt-main-2.3.2.jar;C:\Users\sethr\.m2\repository\org\jogamp\gluegen\gluegen-rt\2.3.2\gluegen-rt-2.3.2.jar;C:\Users\sethr\.m2\repository\org\jogamp\gluegen\gluegen-rt\2.3.2\gluegen-rt-2.3.2-natives-android-aarch64.jar;C:\Users\sethr\.m2\repository\org\jogamp\gluegen\gluegen-rt\2.3.2\gluegen-rt-2.3.2-natives-android-armv6.jar;C:\Users\sethr\.m2\repository\org\jogamp\gluegen\gluegen-rt\2.3.2\gluegen-rt-2.3.2-natives-linux-amd64.jar;C:\Users\sethr\.m2\repository\org\jogamp\gluegen\gluegen-rt\2.3.2\gluegen-rt-2.3.2-natives-linux-armv6.jar;C:\Users\sethr\.m2\repository\org\jogamp\gluegen\gluegen-rt\2.3.2\gluegen-rt-2.3.2-natives-linux-armv6hf.jar;C:\Users\sethr\.m2\repository\org\jogamp\gluegen\gluegen-rt\2.3.2\gluegen-rt-2.3.2-natives-linux-i586.jar;C:\Users\sethr\.m2\repository\org\jogamp\gluegen\gluegen-rt\2.3.2\gluegen-rt-2.3.2-natives-macosx-universal.jar;C:\Users\sethr\.m2\repository\org\jogamp\gluegen\gluegen-rt\2.3.2\gluegen-rt-2.3.2-natives-solaris-amd64.jar;C:\Users\sethr\.m2\repository\org\jogamp\gluegen\gluegen-rt\2.3.2\gluegen-rt-2.3.2-natives-solaris-i586.jar;C:\Users\sethr\.m2\repository\org\jogamp\gluegen\gluegen-rt\2.3.2\gluegen-rt-2.3.2-natives-windows-amd64.jar;C:\Users\sethr\.m2\repository\org\jogamp\gluegen\gluegen-rt\2.3.2\gluegen-rt-2.3.2-natives-windows-i586.jar;C:\Users\sethr\.m2\repository\org\jogamp\jogl\jogl-all-main\2.3.2\jogl-all-main-2.3.2.jar;C:\Users\sethr\.m2\repository\org\jogamp\jogl\jogl-all\2.3.2\jogl-all-2.3.2.jar;C:\Users\sethr\.m2\repository\org\jogamp\jogl\jogl-all\2.3.2\jogl-all-2.3.2-natives-android-aarch64.jar;C:\Users\sethr\.m2\repository\org\jogamp\jogl\jogl-all\2.3.2\jogl-all-2.3.2-natives-android-armv6.jar;C:\Users\sethr\.m2\repository\org\jogamp\jogl\jogl-all\2.3.2\jogl-all-2.3.2-nat
Launcher Type: SUN_STANDARD

[Global flags]
     intx CICompilerCount                          = 4                                         {product} {ergonomic}
     uint ConcGCThreads                            = 2                                         {product} {ergonomic}
     uint G1ConcRefinementThreads                  = 8                                         {product} {ergonomic}
   size_t G1HeapRegionSize                         = 2097152                                   {product} {ergonomic}
    uintx GCDrainStackTargetSize                   = 64                                        {product} {ergonomic}
   size_t InitialHeapSize                          = 266338304                                 {product} {ergonomic}
   size_t MarkStackSize                            = 4194304                                   {product} {ergonomic}
   size_t MaxHeapSize                              = 4234149888                                {product} {ergonomic}
   size_t MaxNewSize                               = 2539651072                                {product} {ergonomic}
   size_t MinHeapDeltaBytes                        = 2097152                                   {product} {ergonomic}
   size_t MinHeapSize                              = 8388608                                   {product} {ergonomic}
    uintx NonNMethodCodeHeapSize                   = 5839372                                {pd product} {ergonomic}
    uintx NonProfiledCodeHeapSize                  = 122909434                              {pd product} {ergonomic}
    uintx ProfiledCodeHeapSize                     = 122909434                              {pd product} {ergonomic}
    uintx ReservedCodeCacheSize                    = 251658240                              {pd product} {ergonomic}
     bool SegmentedCodeCache                       = true                                      {product} {ergonomic}
     bool ShowCodeDetailsInExceptionMessages       = true                                   {manageable} {command line}
   size_t SoftMaxHeapSize                          = 4234149888                             {manageable} {ergonomic}
     bool UseCompressedClassPointers               = true                           {product lp64_product} {ergonomic}
     bool UseCompressedOops                        = true                           {product lp64_product} {ergonomic}
     bool UseG1GC                                  = true                                      {product} {ergonomic}
     bool UseLargePagesIndividualAllocation        = false                                  {pd product} {ergonomic}

Logging:
Log output configuration:
 #0: stdout all=off uptime,level,tags
 #1: stderr all=off uptime,level,tags

Environment Variables:
PATH=C:\Program Files\Oculus\Support\oculus-runtime;C:\Program Files\Common Files\Oracle\Java\javapath;C:\windows\system32;C:\windows;C:\windows\System32\Wbem;C:\windows\System32\WindowsPowerShell\v1.0\;C:\windows\System32\OpenSSH\;C:\MinGW\mingw32\bin;C:\ProgramData\chocolatey\bin;C:\ProgramData\chocolatey\bin\make.exe;C:\Program Files\Git\cmd;C:\Program Files\nodejs\;C:\Users\sethr\AppData\Local\Programs\Python\Python39\Scripts\;C:\Users\sethr\AppData\Local\Programs\Python\Python39\;C:\Users\sethr\AppData\Local\Microsoft\WindowsApps;C:\Users\sethr\AppData\Local\Programs\Microsoft VS Code\bin;C:\Users\sethr\AppData\Local\GitHubDesktop\bin;C:\Users\sethr\AppData\Roaming\npm
USERNAME=sethr
OS=Windows_NT
PROCESSOR_IDENTIFIER=Intel64 Family 6 Model 140 Stepping 1, GenuineIntel



---------------  S Y S T E M  ---------------

OS:
 Windows 10 , 64 bit Build 19041 (10.0.19041.1466)
OS uptime: 2 days 18:22 hours

CPU: total 8 (initial active 8) (4 cores per cpu, 2 threads per core) family 6 model 140 stepping 1 microcode 0x86, cx8, cmov, fxsr, ht, mmx, 3dnowpref, sse, sse2, sse3, ssse3, sse4.1, sse4.2, popcnt, lzcnt, tsc, tscinvbit, avx, avx2, aes, erms, clmul, bmi1, bmi2, adx, avx512f, avx512dq, avx512cd, avx512bw, avx512vl, sha, fma, vzeroupper, avx512_vpopcntdq, avx512_vpclmulqdq, avx512_vaes, avx512_vnni, clflush, clflushopt, clwb, avx512_vmbi2, avx512_vmbi

Memory: 4k page, system-wide physical 16149M (9407M free)
TotalPageFile size 30485M (AvailPageFile size 19483M)
current process WorkingSet (physical memory assigned to process): 512M, peak: 520M
current process commit charge ("private bytes"): 593M, peak: 611M

vm_info: Java HotSpot(TM) 64-Bit Server VM (16.0.2+7-67) for windows-amd64 JRE (16.0.2+7-67), built on Jun  8 2021 23:24:19 by "mach5one" with MS VC++ 16.7 (VS2019)

END.
