#
# A fatal error has been detected by the Java Runtime Environment:
#
#  EXCEPTION_ACCESS_VIOLATION (0xc0000005) at pc=0x00007ffefbfa2c4c, pid=6860, tid=14824
#
# JRE version: Java(TM) SE Runtime Environment (16.0.2+7) (build 16.0.2+7-67)
# Java VM: Java HotSpot(TM) 64-Bit Server VM (16.0.2+7-67, mixed mode, sharing, tiered, compressed oops, compressed class ptrs, g1 gc, windows-amd64)
# Problematic frame:
# C  [igxelpicd64.dll+0x282c4c]
#
# No core dump will be written. Minidumps are not enabled by default on client versions of Windows
#
# If you would like to submit a bug report, please visit:
#   https://bugreport.java.com/bugreport/crash.jsp
#

---------------  S U M M A R Y ------------

Command Line: -Dfile.encoding=Cp1252 -XX:+ShowCodeDetailsInExceptionMessages crystalsimulation.Main

Host: 11th Gen Intel(R) Core(TM) i7-1165G7 @ 2.80GHz, 8 cores, 15G,  Windows 10 , 64 bit Build 19041 (10.0.19041.2364)
Time: Sat Dec 24 10:19:27 2022 Eastern Standard Time elapsed time: 4674.295979 seconds (0d 1h 17m 54s)

---------------  T H R E A D  ---------------

Current thread (0x000001df7a08ac20):  VMThread "VM Thread" [stack: 0x0000001668400000,0x0000001668500000] [id=14824]

Stack: [0x0000001668400000,0x0000001668500000],  sp=0x00000016684fe550,  free space=1017k
Native frames: (J=compiled Java code, j=interpreted, Vv=VM code, C=native code)
C  [igxelpicd64.dll+0x282c4c]


siginfo: EXCEPTION_ACCESS_VIOLATION (0xc0000005), reading address 0x00000000000356f8


Register to memory mapping:

RIP=0x00007ffefbfa2c4c igxelpicd64.dll
RAX=0x000001df7adf3320 points into unknown readable memory: 0x0000000000130fc6 | c6 0f 13 00 00 00 00 00
RBX=0x000001df7b6711d0 points into unknown readable memory: 0xffffffffffffffff | ff ff ff ff ff ff ff ff
RCX=0x0 is NULL
RDX=0x0000000000000002 is an unknown value
RSP=0x00000016684fe550 points into unknown readable memory: 0x000001df7b6711d0 | d0 11 67 7b df 01 00 00
RBP=0x0000000000000016 is an unknown value
RSI=0x000001df7b612160 points into unknown readable memory: 0x0000000000000000 | 00 00 00 00 00 00 00 00
RDI=0x0 is NULL
R8 =0x0000000000000014 is an unknown value
R9 =0x0 is NULL
R10=0x0 is NULL
R11=0x0000000000000246 is an unknown value
R12=0x000001df7adf3758 points into unknown readable memory: 0x000001df7adf1200 | 00 12 df 7a df 01 00 00
R13=0x0 is NULL
R14=0x000001df7adf3190 points into unknown readable memory: 0x000001df7b78ed80 | 80 ed 78 7b df 01 00 00
R15=0x0 is NULL


Registers:
RAX=0x000001df7adf3320, RBX=0x000001df7b6711d0, RCX=0x0000000000000000, RDX=0x0000000000000002
RSP=0x00000016684fe550, RBP=0x0000000000000016, RSI=0x000001df7b612160, RDI=0x0000000000000000
R8 =0x0000000000000014, R9 =0x0000000000000000, R10=0x0000000000000000, R11=0x0000000000000246
R12=0x000001df7adf3758, R13=0x0000000000000000, R14=0x000001df7adf3190, R15=0x0000000000000000
RIP=0x00007ffefbfa2c4c, EFLAGS=0x0000000000010202

Top of Stack: (sp=0x00000016684fe550)
0x00000016684fe550:   000001df7b6711d0 00007fff58c6d499
0x00000016684fe560:   00000016684fe5e8 0000000000000000
0x00000016684fe570:   0000000000000054 000001df7b6711d0
0x00000016684fe580:   00000016684fe7a0 00007fff5aab0ef4
0x00000016684fe590:   00000016684fe700 0000000000000000
0x00000016684fe5a0:   000001df55310b54 000001df7ce438b8
0x00000016684fe5b0:   0000000000130fd7 0000000000000000
0x00000016684fe5c0:   0000000000000015 0000000000000000
0x00000016684fe5d0:   0000000000000000 00000016684fe6f0
0x00000016684fe5e0:   000001df7b612160 00007ffefbdd769c
0x00000016684fe5f0:   000001df00000016 000001df7adf1200
0x00000016684fe600:   0000001667838000 00007fff5aa2d200
0x00000016684fe610:   00000016000009e4 0000b80219820000
0x00000016684fe620:   0000000000000000 000001df55300000
0x00000016684fe630:   00007fff5aa779d0 00000004f46857d4
0x00000016684fe640:   00000000000004b4 000001df55301c04 

Instructions: (pc=0x00007ffefbfa2c4c)
0x00007ffefbfa2b4c:   41 bf 20 00 00 00 48 8b 04 38 4d 8b 3c 07 0f b6
0x00007ffefbfa2b5c:   bc 24 b0 00 00 00 4c 3b 3d d7 f8 cb 00 41 0f 44
0x00007ffefbfa2b6c:   e9 89 ac 24 a0 00 00 00 48 85 c9 0f 84 d4 07 00
0x00007ffefbfa2b7c:   00 0f 1f 00 4c 8b f1 4c 8d a1 c8 05 00 00 49 8b
0x00007ffefbfa2b8c:   04 24 48 89 84 24 a8 00 00 00 40 84 ff 74 10 48
0x00007ffefbfa2b9c:   8b d1 48 8b 09 e8 ea 8d e3 ff e9 4f 07 00 00 8b
0x00007ffefbfa2bac:   96 d0 01 00 00 48 8b 05 58 dd bb 00 83 b8 64 03
0x00007ffefbfa2bbc:   00 00 02 0f 85 19 02 00 00 83 fa 10 73 0e 48 8d
0x00007ffefbfa2bcc:   42 04 48 8d 04 c2 48 8d 04 c1 eb 60 8d 4a f0 8b
0x00007ffefbfa2bdc:   c1 c1 e8 04 83 f8 03 73 1d 0f ae e8 83 e1 0f 4d
0x00007ffefbfa2bec:   8b 84 c6 80 05 00 00 4d 85 c0 74 25 48 8d 0c c9
0x00007ffefbfa2bfc:   49 8d 04 c8 eb 36 49 8b 86 98 05 00 00 48 85 c0
0x00007ffefbfa2c0c:   74 0f 66 90 39 10 74 2f 48 8b 40 50 48 85 c0 75
0x00007ffefbfa2c1c:   f3 41 80 be a0 05 00 00 00 74 22 8b c2 83 e0 0f
0x00007ffefbfa2c2c:   48 8d 04 c0 48 8d 40 20 49 8d 04 c6 48 85 c0 74
0x00007ffefbfa2c3c:   0c 48 8b 48 08 eb 09 48 83 c0 08 eb ef 49 8b c9
0x00007ffefbfa2c4c:   49 3b 8f f8 56 03 00 0f 86 85 01 00 00 83 fa 10
0x00007ffefbfa2c5c:   73 0a 48 8d 42 04 48 8d 04 c2 eb 5c 8d 4a f0 8b
0x00007ffefbfa2c6c:   c1 c1 e8 04 83 f8 03 73 1d 0f ae e8 83 e1 0f 4d
0x00007ffefbfa2c7c:   8b 84 c6 80 05 00 00 4d 85 c0 74 25 48 8d 0c c9
0x00007ffefbfa2c8c:   49 8d 04 c8 eb 36 49 8b 86 98 05 00 00 48 85 c0
0x00007ffefbfa2c9c:   74 0f 66 90 39 10 74 2f 48 8b 40 50 48 85 c0 75
0x00007ffefbfa2cac:   f3 41 80 be a0 05 00 00 00 74 22 8b c2 83 e0 0f
0x00007ffefbfa2cbc:   48 8d 04 c0 48 8d 40 20 49 8d 04 c6 48 85 c0 74
0x00007ffefbfa2ccc:   0c 48 8b 48 08 eb 09 48 83 c0 08 eb ef 49 8b c9
0x00007ffefbfa2cdc:   49 3b 8e 40 06 00 00 0f 86 f5 00 00 00 48 8b 86
0x00007ffefbfa2cec:   80 02 00 00 49 89 04 24 4c 89 b6 80 02 00 00 ff
0x00007ffefbfa2cfc:   86 88 02 00 00 ba 01 00 00 00 49 8b 4e 08 e8 41
0x00007ffefbfa2d0c:   28 59 00 0f b7 c8 48 2b c1 48 05 00 00 01 00 48
0x00007ffefbfa2d1c:   01 86 90 02 00 00 ba 01 00 00 00 49 8b 4e 08 e8
0x00007ffefbfa2d2c:   20 28 59 00 48 01 86 a0 02 00 00 85 ed 74 75 49
0x00007ffefbfa2d3c:   8b 9f 58 4f 03 00 0f 57 c0 f3 0f 7f 44 24 30 c7 


Stack slot to memory mapping:
stack at sp + 0 slots: 0x000001df7b6711d0 points into unknown readable memory: 0xffffffffffffffff | ff ff ff ff ff ff ff ff
stack at sp + 1 slots: 0x00007fff58c6d499 USER32.dll
stack at sp + 2 slots: 0x00000016684fe5e8 points into unknown readable memory: 0x00007ffefbdd769c | 9c 76 dd fb fe 7f 00 00
stack at sp + 3 slots: 0x0 is NULL
stack at sp + 4 slots: 0x0000000000000054 is an unknown value
stack at sp + 5 slots: 0x000001df7b6711d0 points into unknown readable memory: 0xffffffffffffffff | ff ff ff ff ff ff ff ff
stack at sp + 6 slots: 0x00000016684fe7a0 points into unknown readable memory: 0x0000000000000000 | 00 00 00 00 00 00 00 00
stack at sp + 7 slots: 0x00007fff5aab0ef4 ntdll.dll

VM_Operation (0x000000166a0fe630): Exit, mode: safepoint, requested by thread 0x000001df7cc3c9f0


---------------  P R O C E S S  ---------------

Threads class SMR info:
_java_thread_list=0x000001df7adaa4b0, length=15, elements={
0x000001df7a08fa20, 0x000001df7a092540, 0x000001df7a0a6060, 0x000001df7a0aa990,
0x000001df7a0ac2b0, 0x000001df7a0b84b0, 0x000001df7a0b9e10, 0x000001df7a0c4b50,
0x000001df7ad2cf10, 0x000001df7ad2f900, 0x000001df7aff87f0, 0x000001df7cc3b4b0,
0x000001df7cc3c9f0, 0x000001df7cc3af60, 0x000001df7cc3a4c0
}

Java Threads: ( => current thread )
  0x000001df7a08fa20 JavaThread "Reference Handler" daemon [_thread_blocked, id=9268, stack(0x0000001668500000,0x0000001668600000)]
  0x000001df7a092540 JavaThread "Finalizer" daemon [_thread_blocked, id=24764, stack(0x0000001668600000,0x0000001668700000)]
  0x000001df7a0a6060 JavaThread "Attach Listener" daemon [_thread_blocked, id=14800, stack(0x0000001668800000,0x0000001668900000)]
  0x000001df7a0aa990 JavaThread "Service Thread" daemon [_thread_blocked, id=10968, stack(0x0000001668900000,0x0000001668a00000)]
  0x000001df7a0ac2b0 JavaThread "Monitor Deflation Thread" daemon [_thread_blocked, id=29924, stack(0x0000001668a00000,0x0000001668b00000)]
  0x000001df7a0b84b0 JavaThread "C2 CompilerThread0" daemon [_thread_blocked, id=19008, stack(0x0000001668b00000,0x0000001668c00000)]
  0x000001df7a0b9e10 JavaThread "C1 CompilerThread0" daemon [_thread_blocked, id=1308, stack(0x0000001668c00000,0x0000001668d00000)]
  0x000001df7a0c4b50 JavaThread "Sweeper thread" daemon [_thread_blocked, id=24212, stack(0x0000001668d00000,0x0000001668e00000)]
  0x000001df7ad2cf10 JavaThread "Notification Thread" daemon [_thread_blocked, id=23764, stack(0x0000001668e00000,0x0000001668f00000)]
  0x000001df7ad2f900 JavaThread "Common-Cleaner" daemon [_thread_blocked, id=8284, stack(0x0000001669000000,0x0000001669100000)]
  0x000001df7aff87f0 JavaThread "Java2D Disposer" daemon [_thread_blocked, id=20484, stack(0x0000001669200000,0x0000001669300000)]
  0x000001df7cc3b4b0 JavaThread "HighResTimerThread" daemon [_thread_blocked, id=14384, stack(0x0000001669300000,0x0000001669400000)]
  0x000001df7cc3c9f0 JavaThread "main-FPSAWTAnimator#00-Timer0" [_thread_blocked, id=22004, stack(0x000000166a000000,0x000000166a100000)]
  0x000001df7cc3af60 JavaThread "DestroyJavaVM" [_thread_blocked, id=23508, stack(0x0000001667e00000,0x0000001667f00000)]
  0x000001df7cc3a4c0 JavaThread "AWT-Shutdown" [_thread_blocked, id=15200, stack(0x000000166a200000,0x000000166a300000)]

Other Threads:
=>0x000001df7a08ac20 VMThread "VM Thread" [stack: 0x0000001668400000,0x0000001668500000] [id=14824]
  0x000001df5563ec50 GCTaskThread "GC Thread#0" [stack: 0x0000001667f00000,0x0000001668000000] [id=14264]
  0x000001df7c82f7f0 GCTaskThread "GC Thread#1" [stack: 0x0000001669a00000,0x0000001669b00000] [id=19696]
  0x000001df7c82fb00 GCTaskThread "GC Thread#2" [stack: 0x0000001669b00000,0x0000001669c00000] [id=28464]
  0x000001df7c830db0 GCTaskThread "GC Thread#3" [stack: 0x0000001669c00000,0x0000001669d00000] [id=17360]
  0x000001df7c8310c0 GCTaskThread "GC Thread#4" [stack: 0x0000001669d00000,0x0000001669e00000] [id=22180]
  0x000001df7c8316e0 GCTaskThread "GC Thread#5" [stack: 0x0000001669e00000,0x0000001669f00000] [id=26920]
  0x000001df7c830790 GCTaskThread "GC Thread#6" [stack: 0x0000001669f00000,0x000000166a000000] [id=23848]
  0x000001df7c714410 GCTaskThread "GC Thread#7" [stack: 0x000000166a300000,0x000000166a400000] [id=21252]
  0x000001df55650900 ConcurrentGCThread "G1 Main Marker" terminated
  0x000001df55651aa0 ConcurrentGCThread "G1 Conc#0" [stack: 0x0000001668100000,0x0000001668200000] [id=1984]
  0x000001df79f424c0 ConcurrentGCThread "G1 Refine#0" terminated
  0x000001df79f42ed0 ConcurrentGCThread "G1 Service" terminated

Threads with active compile tasks:

VM state: at safepoint (shutting down)

VM Mutex/Monitor currently owned by a thread:  ([mutex/lock_event])
[0x000001df555e9fa0] Threads_lock - owner thread: 0x000001df7a08ac20
[0x000001df555ea270] Heap_lock - owner thread: 0x000001df7cc3c9f0

Heap address: 0x0000000703a00000, size: 4038 MB, Compressed Oops mode: Zero based, Oop shift amount: 3

CDS archive(s) mapped at: [0x0000000800000000-0x0000000800bb0000-0x0000000800bb0000), size 12255232, SharedBaseAddress: 0x0000000800000000, ArchiveRelocationMode: 0.
Compressed class space mapped at: 0x0000000800c00000-0x0000000840c00000, reserved size: 1073741824
Narrow klass base: 0x0000000800000000, Narrow klass shift: 3, Narrow klass range: 0x100000000

GC Precious Log:
 CPUs: 8 total, 8 available
 Memory: 16149M
 Large Page Support: Disabled
 NUMA Support: Disabled
 Compressed Oops: Enabled (Zero based)
 Heap Region Size: 2M
 Heap Min Capacity: 8M
 Heap Initial Capacity: 254M
 Heap Max Capacity: 4038M
 Pre-touch: Disabled
 Parallel Workers: 8
 Concurrent Workers: 2
 Concurrent Refinement Workers: 8
 Periodic GC: Disabled

Heap:
 garbage-first heap   total 452608K, used 242278K [0x0000000703a00000, 0x0000000800000000)
  region size 2048K, 115 young (235520K), 1 survivors (2048K)
 Metaspace       used 12971K, committed 13248K, reserved 1064960K
  class space    used 889K, committed 1024K, reserved 1048576K

Heap Regions: E=young(eden), S=young(survivor), O=old, HS=humongous(starts), HC=humongous(continues), CS=collection set, F=free, OA=open archive, CA=closed archive, TAMS=top-at-mark-start (previous, next)
|   0|0x0000000703a00000, 0x0000000703c00000, 0x0000000703c00000|100%| O|  |TAMS 0x0000000703a00000, 0x0000000703a00000| Untracked 
|   1|0x0000000703c00000, 0x0000000703e00000, 0x0000000703e00000|100%| O|  |TAMS 0x0000000703c00000, 0x0000000703c00000| Untracked 
|   2|0x0000000703e00000, 0x0000000704000000, 0x0000000704000000|100%| O|  |TAMS 0x0000000703e00000, 0x0000000703e00000| Untracked 
|   3|0x0000000704000000, 0x0000000704200000, 0x0000000704200000|100%| O|  |TAMS 0x0000000704000000, 0x0000000704000000| Untracked 
|   4|0x0000000704200000, 0x0000000704400000, 0x0000000704400000|100%| O|  |TAMS 0x0000000704200000, 0x0000000704200000| Untracked 
|   5|0x0000000704400000, 0x0000000704491200, 0x0000000704600000| 28%| O|  |TAMS 0x0000000704400000, 0x0000000704400000| Untracked 
|   6|0x0000000704600000, 0x0000000704600000, 0x0000000704800000|  0%| F|  |TAMS 0x0000000704600000, 0x0000000704600000| Untracked 
|   7|0x0000000704800000, 0x0000000704800000, 0x0000000704a00000|  0%| F|  |TAMS 0x0000000704800000, 0x0000000704800000| Untracked 
|   8|0x0000000704a00000, 0x0000000704a00000, 0x0000000704c00000|  0%| F|  |TAMS 0x0000000704a00000, 0x0000000704a00000| Untracked 
|   9|0x0000000704c00000, 0x0000000704c00000, 0x0000000704e00000|  0%| F|  |TAMS 0x0000000704c00000, 0x0000000704c00000| Untracked 
|  10|0x0000000704e00000, 0x0000000704e00000, 0x0000000705000000|  0%| F|  |TAMS 0x0000000704e00000, 0x0000000704e00000| Untracked 
|  11|0x0000000705000000, 0x0000000705000000, 0x0000000705200000|  0%| F|  |TAMS 0x0000000705000000, 0x0000000705000000| Untracked 
|  12|0x0000000705200000, 0x0000000705200000, 0x0000000705400000|  0%| F|  |TAMS 0x0000000705200000, 0x0000000705200000| Untracked 
|  13|0x0000000705400000, 0x0000000705400000, 0x0000000705600000|  0%| F|  |TAMS 0x0000000705400000, 0x0000000705400000| Untracked 
|  14|0x0000000705600000, 0x0000000705600000, 0x0000000705800000|  0%| F|  |TAMS 0x0000000705600000, 0x0000000705600000| Untracked 
|  15|0x0000000705800000, 0x0000000705800000, 0x0000000705a00000|  0%| F|  |TAMS 0x0000000705800000, 0x0000000705800000| Untracked 
|  16|0x0000000705a00000, 0x0000000705a00000, 0x0000000705c00000|  0%| F|  |TAMS 0x0000000705a00000, 0x0000000705a00000| Untracked 
|  17|0x0000000705c00000, 0x0000000705c00000, 0x0000000705e00000|  0%| F|  |TAMS 0x0000000705c00000, 0x0000000705c00000| Untracked 
|  18|0x0000000705e00000, 0x0000000705e00000, 0x0000000706000000|  0%| F|  |TAMS 0x0000000705e00000, 0x0000000705e00000| Untracked 
|  19|0x0000000706000000, 0x0000000706000000, 0x0000000706200000|  0%| F|  |TAMS 0x0000000706000000, 0x0000000706000000| Untracked 
|  20|0x0000000706200000, 0x0000000706200000, 0x0000000706400000|  0%| F|  |TAMS 0x0000000706200000, 0x0000000706200000| Untracked 
|  21|0x0000000706400000, 0x0000000706400000, 0x0000000706600000|  0%| F|  |TAMS 0x0000000706400000, 0x0000000706400000| Untracked 
|  22|0x0000000706600000, 0x0000000706600000, 0x0000000706800000|  0%| F|  |TAMS 0x0000000706600000, 0x0000000706600000| Untracked 
|  23|0x0000000706800000, 0x0000000706800000, 0x0000000706a00000|  0%| F|  |TAMS 0x0000000706800000, 0x0000000706800000| Untracked 
|  24|0x0000000706a00000, 0x0000000706a00000, 0x0000000706c00000|  0%| F|  |TAMS 0x0000000706a00000, 0x0000000706a00000| Untracked 
|  25|0x0000000706c00000, 0x0000000706c00000, 0x0000000706e00000|  0%| F|  |TAMS 0x0000000706c00000, 0x0000000706c00000| Untracked 
|  26|0x0000000706e00000, 0x0000000706e00000, 0x0000000707000000|  0%| F|  |TAMS 0x0000000706e00000, 0x0000000706e00000| Untracked 
|  27|0x0000000707000000, 0x0000000707000000, 0x0000000707200000|  0%| F|  |TAMS 0x0000000707000000, 0x0000000707000000| Untracked 
|  28|0x0000000707200000, 0x0000000707200000, 0x0000000707400000|  0%| F|  |TAMS 0x0000000707200000, 0x0000000707200000| Untracked 
|  29|0x0000000707400000, 0x0000000707400000, 0x0000000707600000|  0%| F|  |TAMS 0x0000000707400000, 0x0000000707400000| Untracked 
|  30|0x0000000707600000, 0x0000000707600000, 0x0000000707800000|  0%| F|  |TAMS 0x0000000707600000, 0x0000000707600000| Untracked 
|  31|0x0000000707800000, 0x0000000707800000, 0x0000000707a00000|  0%| F|  |TAMS 0x0000000707800000, 0x0000000707800000| Untracked 
|  32|0x0000000707a00000, 0x0000000707a00000, 0x0000000707c00000|  0%| F|  |TAMS 0x0000000707a00000, 0x0000000707a00000| Untracked 
|  33|0x0000000707c00000, 0x0000000707c00000, 0x0000000707e00000|  0%| F|  |TAMS 0x0000000707c00000, 0x0000000707c00000| Untracked 
|  34|0x0000000707e00000, 0x0000000707e00000, 0x0000000708000000|  0%| F|  |TAMS 0x0000000707e00000, 0x0000000707e00000| Untracked 
|  35|0x0000000708000000, 0x0000000708000000, 0x0000000708200000|  0%| F|  |TAMS 0x0000000708000000, 0x0000000708000000| Untracked 
|  36|0x0000000708200000, 0x0000000708200000, 0x0000000708400000|  0%| F|  |TAMS 0x0000000708200000, 0x0000000708200000| Untracked 
|  37|0x0000000708400000, 0x0000000708400000, 0x0000000708600000|  0%| F|  |TAMS 0x0000000708400000, 0x0000000708400000| Untracked 
|  38|0x0000000708600000, 0x0000000708600000, 0x0000000708800000|  0%| F|  |TAMS 0x0000000708600000, 0x0000000708600000| Untracked 
|  39|0x0000000708800000, 0x0000000708800000, 0x0000000708a00000|  0%| F|  |TAMS 0x0000000708800000, 0x0000000708800000| Untracked 
|  40|0x0000000708a00000, 0x0000000708a00000, 0x0000000708c00000|  0%| F|  |TAMS 0x0000000708a00000, 0x0000000708a00000| Untracked 
|  41|0x0000000708c00000, 0x0000000708c00000, 0x0000000708e00000|  0%| F|  |TAMS 0x0000000708c00000, 0x0000000708c00000| Untracked 
|  42|0x0000000708e00000, 0x0000000708e00000, 0x0000000709000000|  0%| F|  |TAMS 0x0000000708e00000, 0x0000000708e00000| Untracked 
|  43|0x0000000709000000, 0x0000000709000000, 0x0000000709200000|  0%| F|  |TAMS 0x0000000709000000, 0x0000000709000000| Untracked 
|  44|0x0000000709200000, 0x0000000709200000, 0x0000000709400000|  0%| F|  |TAMS 0x0000000709200000, 0x0000000709200000| Untracked 
|  45|0x0000000709400000, 0x0000000709400000, 0x0000000709600000|  0%| F|  |TAMS 0x0000000709400000, 0x0000000709400000| Untracked 
|  46|0x0000000709600000, 0x0000000709600000, 0x0000000709800000|  0%| F|  |TAMS 0x0000000709600000, 0x0000000709600000| Untracked 
|  47|0x0000000709800000, 0x0000000709800000, 0x0000000709a00000|  0%| F|  |TAMS 0x0000000709800000, 0x0000000709800000| Untracked 
|  48|0x0000000709a00000, 0x0000000709a00000, 0x0000000709c00000|  0%| F|  |TAMS 0x0000000709a00000, 0x0000000709a00000| Untracked 
|  49|0x0000000709c00000, 0x0000000709c00000, 0x0000000709e00000|  0%| F|  |TAMS 0x0000000709c00000, 0x0000000709c00000| Untracked 
|  50|0x0000000709e00000, 0x0000000709e00000, 0x000000070a000000|  0%| F|  |TAMS 0x0000000709e00000, 0x0000000709e00000| Untracked 
|  51|0x000000070a000000, 0x000000070a000000, 0x000000070a200000|  0%| F|  |TAMS 0x000000070a000000, 0x000000070a000000| Untracked 
|  52|0x000000070a200000, 0x000000070a200000, 0x000000070a400000|  0%| F|  |TAMS 0x000000070a200000, 0x000000070a200000| Untracked 
|  53|0x000000070a400000, 0x000000070a400000, 0x000000070a600000|  0%| F|  |TAMS 0x000000070a400000, 0x000000070a400000| Untracked 
|  54|0x000000070a600000, 0x000000070a600000, 0x000000070a800000|  0%| F|  |TAMS 0x000000070a600000, 0x000000070a600000| Untracked 
|  55|0x000000070a800000, 0x000000070a800000, 0x000000070aa00000|  0%| F|  |TAMS 0x000000070a800000, 0x000000070a800000| Untracked 
|  56|0x000000070aa00000, 0x000000070aa00000, 0x000000070ac00000|  0%| F|  |TAMS 0x000000070aa00000, 0x000000070aa00000| Untracked 
|  57|0x000000070ac00000, 0x000000070ac00000, 0x000000070ae00000|  0%| F|  |TAMS 0x000000070ac00000, 0x000000070ac00000| Untracked 
|  58|0x000000070ae00000, 0x000000070ae00000, 0x000000070b000000|  0%| F|  |TAMS 0x000000070ae00000, 0x000000070ae00000| Untracked 
|  59|0x000000070b000000, 0x000000070b000000, 0x000000070b200000|  0%| F|  |TAMS 0x000000070b000000, 0x000000070b000000| Untracked 
|  60|0x000000070b200000, 0x000000070b200000, 0x000000070b400000|  0%| F|  |TAMS 0x000000070b200000, 0x000000070b200000| Untracked 
|  61|0x000000070b400000, 0x000000070b400000, 0x000000070b600000|  0%| F|  |TAMS 0x000000070b400000, 0x000000070b400000| Untracked 
|  62|0x000000070b600000, 0x000000070b600000, 0x000000070b800000|  0%| F|  |TAMS 0x000000070b600000, 0x000000070b600000| Untracked 
|  63|0x000000070b800000, 0x000000070b800000, 0x000000070ba00000|  0%| F|  |TAMS 0x000000070b800000, 0x000000070b800000| Untracked 
|  64|0x000000070ba00000, 0x000000070ba00000, 0x000000070bc00000|  0%| F|  |TAMS 0x000000070ba00000, 0x000000070ba00000| Untracked 
|  65|0x000000070bc00000, 0x000000070bc00000, 0x000000070be00000|  0%| F|  |TAMS 0x000000070bc00000, 0x000000070bc00000| Untracked 
|  66|0x000000070be00000, 0x000000070be00000, 0x000000070c000000|  0%| F|  |TAMS 0x000000070be00000, 0x000000070be00000| Untracked 
|  67|0x000000070c000000, 0x000000070c000000, 0x000000070c200000|  0%| F|  |TAMS 0x000000070c000000, 0x000000070c000000| Untracked 
|  68|0x000000070c200000, 0x000000070c200000, 0x000000070c400000|  0%| F|  |TAMS 0x000000070c200000, 0x000000070c200000| Untracked 
|  69|0x000000070c400000, 0x000000070c400000, 0x000000070c600000|  0%| F|  |TAMS 0x000000070c400000, 0x000000070c400000| Untracked 
|  70|0x000000070c600000, 0x000000070c600000, 0x000000070c800000|  0%| F|  |TAMS 0x000000070c600000, 0x000000070c600000| Untracked 
|  71|0x000000070c800000, 0x000000070c800000, 0x000000070ca00000|  0%| F|  |TAMS 0x000000070c800000, 0x000000070c800000| Untracked 
|  72|0x000000070ca00000, 0x000000070ca00000, 0x000000070cc00000|  0%| F|  |TAMS 0x000000070ca00000, 0x000000070ca00000| Untracked 
|  73|0x000000070cc00000, 0x000000070cc00000, 0x000000070ce00000|  0%| F|  |TAMS 0x000000070cc00000, 0x000000070cc00000| Untracked 
|  74|0x000000070ce00000, 0x000000070ce00000, 0x000000070d000000|  0%| F|  |TAMS 0x000000070ce00000, 0x000000070ce00000| Untracked 
|  75|0x000000070d000000, 0x000000070d000000, 0x000000070d200000|  0%| F|  |TAMS 0x000000070d000000, 0x000000070d000000| Untracked 
|  76|0x000000070d200000, 0x000000070d200000, 0x000000070d400000|  0%| F|  |TAMS 0x000000070d200000, 0x000000070d200000| Untracked 
|  77|0x000000070d400000, 0x000000070d400000, 0x000000070d600000|  0%| F|  |TAMS 0x000000070d400000, 0x000000070d400000| Untracked 
|  78|0x000000070d600000, 0x000000070d600000, 0x000000070d800000|  0%| F|  |TAMS 0x000000070d600000, 0x000000070d600000| Untracked 
|  79|0x000000070d800000, 0x000000070d800000, 0x000000070da00000|  0%| F|  |TAMS 0x000000070d800000, 0x000000070d800000| Untracked 
|  80|0x000000070da00000, 0x000000070da00000, 0x000000070dc00000|  0%| F|  |TAMS 0x000000070da00000, 0x000000070da00000| Untracked 
|  81|0x000000070dc00000, 0x000000070dc00000, 0x000000070de00000|  0%| F|  |TAMS 0x000000070dc00000, 0x000000070dc00000| Untracked 
|  82|0x000000070de00000, 0x000000070de00000, 0x000000070e000000|  0%| F|  |TAMS 0x000000070de00000, 0x000000070de00000| Untracked 
|  83|0x000000070e000000, 0x000000070e000000, 0x000000070e200000|  0%| F|  |TAMS 0x000000070e000000, 0x000000070e000000| Untracked 
|  84|0x000000070e200000, 0x000000070e200000, 0x000000070e400000|  0%| F|  |TAMS 0x000000070e200000, 0x000000070e200000| Untracked 
|  85|0x000000070e400000, 0x000000070e400000, 0x000000070e600000|  0%| F|  |TAMS 0x000000070e400000, 0x000000070e400000| Untracked 
|  86|0x000000070e600000, 0x000000070e600000, 0x000000070e800000|  0%| F|  |TAMS 0x000000070e600000, 0x000000070e600000| Untracked 
|  87|0x000000070e800000, 0x000000070e800000, 0x000000070ea00000|  0%| F|  |TAMS 0x000000070e800000, 0x000000070e800000| Untracked 
|  88|0x000000070ea00000, 0x000000070ea08910, 0x000000070ec00000|  1%| S|CS|TAMS 0x000000070ea00000, 0x000000070ea00000| Complete 
|  89|0x000000070ec00000, 0x000000070ec00000, 0x000000070ee00000|  0%| F|  |TAMS 0x000000070ec00000, 0x000000070ec00000| Untracked 
|  90|0x000000070ee00000, 0x000000070ee00000, 0x000000070f000000|  0%| F|  |TAMS 0x000000070ee00000, 0x000000070ee00000| Untracked 
|  91|0x000000070f000000, 0x000000070f000000, 0x000000070f200000|  0%| F|  |TAMS 0x000000070f000000, 0x000000070f000000| Untracked 
|  92|0x000000070f200000, 0x000000070f200000, 0x000000070f400000|  0%| F|  |TAMS 0x000000070f200000, 0x000000070f200000| Untracked 
|  93|0x000000070f400000, 0x000000070f400000, 0x000000070f600000|  0%| F|  |TAMS 0x000000070f400000, 0x000000070f400000| Untracked 
|  94|0x000000070f600000, 0x000000070f600000, 0x000000070f800000|  0%| F|  |TAMS 0x000000070f600000, 0x000000070f600000| Untracked 
|  95|0x000000070f800000, 0x000000070f800000, 0x000000070fa00000|  0%| F|  |TAMS 0x000000070f800000, 0x000000070f800000| Untracked 
|  96|0x000000070fa00000, 0x000000070fa00000, 0x000000070fc00000|  0%| F|  |TAMS 0x000000070fa00000, 0x000000070fa00000| Untracked 
|  97|0x000000070fc00000, 0x000000070fc00000, 0x000000070fe00000|  0%| F|  |TAMS 0x000000070fc00000, 0x000000070fc00000| Untracked 
|  98|0x000000070fe00000, 0x000000070fe00000, 0x0000000710000000|  0%| F|  |TAMS 0x000000070fe00000, 0x000000070fe00000| Untracked 
|  99|0x0000000710000000, 0x0000000710000000, 0x0000000710200000|  0%| F|  |TAMS 0x0000000710000000, 0x0000000710000000| Untracked 
| 100|0x0000000710200000, 0x0000000710200000, 0x0000000710400000|  0%| F|  |TAMS 0x0000000710200000, 0x0000000710200000| Untracked 
| 101|0x0000000710400000, 0x0000000710400000, 0x0000000710600000|  0%| F|  |TAMS 0x0000000710400000, 0x0000000710400000| Untracked 
| 102|0x0000000710600000, 0x0000000710600000, 0x0000000710800000|  0%| F|  |TAMS 0x0000000710600000, 0x0000000710600000| Untracked 
| 103|0x0000000710800000, 0x0000000710800000, 0x0000000710a00000|  0%| F|  |TAMS 0x0000000710800000, 0x0000000710800000| Untracked 
| 104|0x0000000710a00000, 0x0000000710a00000, 0x0000000710c00000|  0%| F|  |TAMS 0x0000000710a00000, 0x0000000710a00000| Untracked 
| 105|0x0000000710c00000, 0x0000000710c00000, 0x0000000710e00000|  0%| F|  |TAMS 0x0000000710c00000, 0x0000000710c00000| Untracked 
| 106|0x0000000710e00000, 0x0000000710e00000, 0x0000000711000000|  0%| F|  |TAMS 0x0000000710e00000, 0x0000000710e00000| Untracked 
| 107|0x0000000711000000, 0x0000000711000800, 0x0000000711200000|  0%| E|  |TAMS 0x0000000711000000, 0x0000000711000000| Complete 
| 108|0x0000000711200000, 0x0000000711400000, 0x0000000711400000|100%| E|CS|TAMS 0x0000000711200000, 0x0000000711200000| Complete 
| 109|0x0000000711400000, 0x0000000711600000, 0x0000000711600000|100%| E|CS|TAMS 0x0000000711400000, 0x0000000711400000| Complete 
| 110|0x0000000711600000, 0x0000000711800000, 0x0000000711800000|100%| E|CS|TAMS 0x0000000711600000, 0x0000000711600000| Complete 
| 111|0x0000000711800000, 0x0000000711a00000, 0x0000000711a00000|100%| E|CS|TAMS 0x0000000711800000, 0x0000000711800000| Complete 
| 112|0x0000000711a00000, 0x0000000711c00000, 0x0000000711c00000|100%| E|CS|TAMS 0x0000000711a00000, 0x0000000711a00000| Complete 
| 113|0x0000000711c00000, 0x0000000711e00000, 0x0000000711e00000|100%| E|CS|TAMS 0x0000000711c00000, 0x0000000711c00000| Complete 
| 114|0x0000000711e00000, 0x0000000712000000, 0x0000000712000000|100%| E|CS|TAMS 0x0000000711e00000, 0x0000000711e00000| Complete 
| 115|0x0000000712000000, 0x0000000712200000, 0x0000000712200000|100%| E|CS|TAMS 0x0000000712000000, 0x0000000712000000| Complete 
| 116|0x0000000712200000, 0x0000000712400000, 0x0000000712400000|100%| E|CS|TAMS 0x0000000712200000, 0x0000000712200000| Complete 
| 117|0x0000000712400000, 0x0000000712600000, 0x0000000712600000|100%| E|CS|TAMS 0x0000000712400000, 0x0000000712400000| Complete 
| 118|0x0000000712600000, 0x0000000712800000, 0x0000000712800000|100%| E|CS|TAMS 0x0000000712600000, 0x0000000712600000| Complete 
| 119|0x0000000712800000, 0x0000000712a00000, 0x0000000712a00000|100%| E|CS|TAMS 0x0000000712800000, 0x0000000712800000| Complete 
| 120|0x0000000712a00000, 0x0000000712c00000, 0x0000000712c00000|100%| E|CS|TAMS 0x0000000712a00000, 0x0000000712a00000| Complete 
| 121|0x0000000712c00000, 0x0000000712e00000, 0x0000000712e00000|100%| E|CS|TAMS 0x0000000712c00000, 0x0000000712c00000| Complete 
| 122|0x0000000712e00000, 0x0000000713000000, 0x0000000713000000|100%| E|CS|TAMS 0x0000000712e00000, 0x0000000712e00000| Complete 
| 123|0x0000000713000000, 0x0000000713200000, 0x0000000713200000|100%| E|CS|TAMS 0x0000000713000000, 0x0000000713000000| Complete 
| 124|0x0000000713200000, 0x0000000713400000, 0x0000000713400000|100%| E|CS|TAMS 0x0000000713200000, 0x0000000713200000| Complete 
| 125|0x0000000713400000, 0x0000000713600000, 0x0000000713600000|100%| E|CS|TAMS 0x0000000713400000, 0x0000000713400000| Complete 
| 126|0x0000000713600000, 0x0000000713800000, 0x0000000713800000|100%| E|CS|TAMS 0x0000000713600000, 0x0000000713600000| Complete 
| 127|0x0000000713800000, 0x0000000713a00000, 0x0000000713a00000|100%| E|CS|TAMS 0x0000000713800000, 0x0000000713800000| Complete 
| 128|0x0000000713a00000, 0x0000000713c00000, 0x0000000713c00000|100%| E|CS|TAMS 0x0000000713a00000, 0x0000000713a00000| Complete 
| 129|0x0000000713c00000, 0x0000000713e00000, 0x0000000713e00000|100%| E|CS|TAMS 0x0000000713c00000, 0x0000000713c00000| Complete 
| 130|0x0000000713e00000, 0x0000000714000000, 0x0000000714000000|100%| E|CS|TAMS 0x0000000713e00000, 0x0000000713e00000| Complete 
| 131|0x0000000714000000, 0x0000000714200000, 0x0000000714200000|100%| E|CS|TAMS 0x0000000714000000, 0x0000000714000000| Complete 
| 132|0x0000000714200000, 0x0000000714400000, 0x0000000714400000|100%| E|CS|TAMS 0x0000000714200000, 0x0000000714200000| Complete 
| 133|0x0000000714400000, 0x0000000714600000, 0x0000000714600000|100%| E|CS|TAMS 0x0000000714400000, 0x0000000714400000| Complete 
| 134|0x0000000714600000, 0x0000000714800000, 0x0000000714800000|100%| E|CS|TAMS 0x0000000714600000, 0x0000000714600000| Complete 
| 135|0x0000000714800000, 0x0000000714a00000, 0x0000000714a00000|100%| E|CS|TAMS 0x0000000714800000, 0x0000000714800000| Complete 
| 136|0x0000000714a00000, 0x0000000714c00000, 0x0000000714c00000|100%| E|CS|TAMS 0x0000000714a00000, 0x0000000714a00000| Complete 
| 137|0x0000000714c00000, 0x0000000714e00000, 0x0000000714e00000|100%| E|CS|TAMS 0x0000000714c00000, 0x0000000714c00000| Complete 
| 138|0x0000000714e00000, 0x0000000715000000, 0x0000000715000000|100%| E|CS|TAMS 0x0000000714e00000, 0x0000000714e00000| Complete 
| 139|0x0000000715000000, 0x0000000715200000, 0x0000000715200000|100%| E|CS|TAMS 0x0000000715000000, 0x0000000715000000| Complete 
| 140|0x0000000715200000, 0x0000000715400000, 0x0000000715400000|100%| E|CS|TAMS 0x0000000715200000, 0x0000000715200000| Complete 
| 141|0x0000000715400000, 0x0000000715600000, 0x0000000715600000|100%| E|CS|TAMS 0x0000000715400000, 0x0000000715400000| Complete 
| 142|0x0000000715600000, 0x0000000715800000, 0x0000000715800000|100%| E|CS|TAMS 0x0000000715600000, 0x0000000715600000| Complete 
| 143|0x0000000715800000, 0x0000000715a00000, 0x0000000715a00000|100%| E|CS|TAMS 0x0000000715800000, 0x0000000715800000| Complete 
| 144|0x0000000715a00000, 0x0000000715c00000, 0x0000000715c00000|100%| E|CS|TAMS 0x0000000715a00000, 0x0000000715a00000| Complete 
| 145|0x0000000715c00000, 0x0000000715e00000, 0x0000000715e00000|100%| E|CS|TAMS 0x0000000715c00000, 0x0000000715c00000| Complete 
| 146|0x0000000715e00000, 0x0000000716000000, 0x0000000716000000|100%| E|CS|TAMS 0x0000000715e00000, 0x0000000715e00000| Complete 
| 147|0x0000000716000000, 0x0000000716200000, 0x0000000716200000|100%| E|CS|TAMS 0x0000000716000000, 0x0000000716000000| Complete 
| 148|0x0000000716200000, 0x0000000716400000, 0x0000000716400000|100%| E|CS|TAMS 0x0000000716200000, 0x0000000716200000| Complete 
| 149|0x0000000716400000, 0x0000000716600000, 0x0000000716600000|100%| E|CS|TAMS 0x0000000716400000, 0x0000000716400000| Complete 
| 150|0x0000000716600000, 0x0000000716800000, 0x0000000716800000|100%| E|CS|TAMS 0x0000000716600000, 0x0000000716600000| Complete 
| 151|0x0000000716800000, 0x0000000716a00000, 0x0000000716a00000|100%| E|CS|TAMS 0x0000000716800000, 0x0000000716800000| Complete 
| 152|0x0000000716a00000, 0x0000000716c00000, 0x0000000716c00000|100%| E|CS|TAMS 0x0000000716a00000, 0x0000000716a00000| Complete 
| 153|0x0000000716c00000, 0x0000000716e00000, 0x0000000716e00000|100%| E|CS|TAMS 0x0000000716c00000, 0x0000000716c00000| Complete 
| 154|0x0000000716e00000, 0x0000000717000000, 0x0000000717000000|100%| E|CS|TAMS 0x0000000716e00000, 0x0000000716e00000| Complete 
| 155|0x0000000717000000, 0x0000000717200000, 0x0000000717200000|100%| E|CS|TAMS 0x0000000717000000, 0x0000000717000000| Complete 
| 156|0x0000000717200000, 0x0000000717400000, 0x0000000717400000|100%| E|CS|TAMS 0x0000000717200000, 0x0000000717200000| Complete 
| 157|0x0000000717400000, 0x0000000717600000, 0x0000000717600000|100%| E|CS|TAMS 0x0000000717400000, 0x0000000717400000| Complete 
| 158|0x0000000717600000, 0x0000000717800000, 0x0000000717800000|100%| E|CS|TAMS 0x0000000717600000, 0x0000000717600000| Complete 
| 159|0x0000000717800000, 0x0000000717a00000, 0x0000000717a00000|100%| E|CS|TAMS 0x0000000717800000, 0x0000000717800000| Complete 
| 160|0x0000000717a00000, 0x0000000717c00000, 0x0000000717c00000|100%| E|CS|TAMS 0x0000000717a00000, 0x0000000717a00000| Complete 
| 161|0x0000000717c00000, 0x0000000717e00000, 0x0000000717e00000|100%| E|CS|TAMS 0x0000000717c00000, 0x0000000717c00000| Complete 
| 162|0x0000000717e00000, 0x0000000718000000, 0x0000000718000000|100%| E|CS|TAMS 0x0000000717e00000, 0x0000000717e00000| Complete 
| 163|0x0000000718000000, 0x0000000718200000, 0x0000000718200000|100%| E|CS|TAMS 0x0000000718000000, 0x0000000718000000| Complete 
| 164|0x0000000718200000, 0x0000000718400000, 0x0000000718400000|100%| E|CS|TAMS 0x0000000718200000, 0x0000000718200000| Complete 
| 165|0x0000000718400000, 0x0000000718600000, 0x0000000718600000|100%| E|CS|TAMS 0x0000000718400000, 0x0000000718400000| Complete 
| 166|0x0000000718600000, 0x0000000718800000, 0x0000000718800000|100%| E|CS|TAMS 0x0000000718600000, 0x0000000718600000| Complete 
| 167|0x0000000718800000, 0x0000000718a00000, 0x0000000718a00000|100%| E|CS|TAMS 0x0000000718800000, 0x0000000718800000| Complete 
| 168|0x0000000718a00000, 0x0000000718c00000, 0x0000000718c00000|100%| E|CS|TAMS 0x0000000718a00000, 0x0000000718a00000| Complete 
| 169|0x0000000718c00000, 0x0000000718e00000, 0x0000000718e00000|100%| E|CS|TAMS 0x0000000718c00000, 0x0000000718c00000| Complete 
| 170|0x0000000718e00000, 0x0000000719000000, 0x0000000719000000|100%| E|CS|TAMS 0x0000000718e00000, 0x0000000718e00000| Complete 
| 171|0x0000000719000000, 0x0000000719200000, 0x0000000719200000|100%| E|CS|TAMS 0x0000000719000000, 0x0000000719000000| Complete 
| 172|0x0000000719200000, 0x0000000719400000, 0x0000000719400000|100%| E|CS|TAMS 0x0000000719200000, 0x0000000719200000| Complete 
| 173|0x0000000719400000, 0x0000000719600000, 0x0000000719600000|100%| E|CS|TAMS 0x0000000719400000, 0x0000000719400000| Complete 
| 174|0x0000000719600000, 0x0000000719800000, 0x0000000719800000|100%| E|CS|TAMS 0x0000000719600000, 0x0000000719600000| Complete 
| 175|0x0000000719800000, 0x0000000719a00000, 0x0000000719a00000|100%| E|CS|TAMS 0x0000000719800000, 0x0000000719800000| Complete 
| 176|0x0000000719a00000, 0x0000000719c00000, 0x0000000719c00000|100%| E|CS|TAMS 0x0000000719a00000, 0x0000000719a00000| Complete 
| 177|0x0000000719c00000, 0x0000000719e00000, 0x0000000719e00000|100%| E|CS|TAMS 0x0000000719c00000, 0x0000000719c00000| Complete 
| 178|0x0000000719e00000, 0x000000071a000000, 0x000000071a000000|100%| E|CS|TAMS 0x0000000719e00000, 0x0000000719e00000| Complete 
| 179|0x000000071a000000, 0x000000071a200000, 0x000000071a200000|100%| E|CS|TAMS 0x000000071a000000, 0x000000071a000000| Complete 
| 180|0x000000071a200000, 0x000000071a400000, 0x000000071a400000|100%| E|CS|TAMS 0x000000071a200000, 0x000000071a200000| Complete 
| 181|0x000000071a400000, 0x000000071a600000, 0x000000071a600000|100%| E|CS|TAMS 0x000000071a400000, 0x000000071a400000| Complete 
| 182|0x000000071a600000, 0x000000071a800000, 0x000000071a800000|100%| E|CS|TAMS 0x000000071a600000, 0x000000071a600000| Complete 
| 183|0x000000071a800000, 0x000000071aa00000, 0x000000071aa00000|100%| E|CS|TAMS 0x000000071a800000, 0x000000071a800000| Complete 
| 184|0x000000071aa00000, 0x000000071ac00000, 0x000000071ac00000|100%| E|CS|TAMS 0x000000071aa00000, 0x000000071aa00000| Complete 
| 185|0x000000071ac00000, 0x000000071ae00000, 0x000000071ae00000|100%| E|CS|TAMS 0x000000071ac00000, 0x000000071ac00000| Complete 
| 186|0x000000071ae00000, 0x000000071b000000, 0x000000071b000000|100%| E|CS|TAMS 0x000000071ae00000, 0x000000071ae00000| Complete 
| 187|0x000000071b000000, 0x000000071b200000, 0x000000071b200000|100%| E|CS|TAMS 0x000000071b000000, 0x000000071b000000| Complete 
| 188|0x000000071b200000, 0x000000071b400000, 0x000000071b400000|100%| E|CS|TAMS 0x000000071b200000, 0x000000071b200000| Complete 
| 189|0x000000071b400000, 0x000000071b600000, 0x000000071b600000|100%| E|CS|TAMS 0x000000071b400000, 0x000000071b400000| Complete 
| 190|0x000000071b600000, 0x000000071b800000, 0x000000071b800000|100%| E|CS|TAMS 0x000000071b600000, 0x000000071b600000| Complete 
| 191|0x000000071b800000, 0x000000071ba00000, 0x000000071ba00000|100%| E|CS|TAMS 0x000000071b800000, 0x000000071b800000| Complete 
| 192|0x000000071ba00000, 0x000000071bc00000, 0x000000071bc00000|100%| E|CS|TAMS 0x000000071ba00000, 0x000000071ba00000| Complete 
| 193|0x000000071bc00000, 0x000000071be00000, 0x000000071be00000|100%| E|CS|TAMS 0x000000071bc00000, 0x000000071bc00000| Complete 
| 194|0x000000071be00000, 0x000000071c000000, 0x000000071c000000|100%| E|CS|TAMS 0x000000071be00000, 0x000000071be00000| Complete 
| 195|0x000000071c000000, 0x000000071c200000, 0x000000071c200000|100%| E|CS|TAMS 0x000000071c000000, 0x000000071c000000| Complete 
| 196|0x000000071c200000, 0x000000071c400000, 0x000000071c400000|100%| E|CS|TAMS 0x000000071c200000, 0x000000071c200000| Complete 
| 197|0x000000071c400000, 0x000000071c600000, 0x000000071c600000|100%| E|CS|TAMS 0x000000071c400000, 0x000000071c400000| Complete 
| 198|0x000000071c600000, 0x000000071c800000, 0x000000071c800000|100%| E|CS|TAMS 0x000000071c600000, 0x000000071c600000| Complete 
| 199|0x000000071c800000, 0x000000071ca00000, 0x000000071ca00000|100%| E|CS|TAMS 0x000000071c800000, 0x000000071c800000| Complete 
| 200|0x000000071ca00000, 0x000000071cc00000, 0x000000071cc00000|100%| E|CS|TAMS 0x000000071ca00000, 0x000000071ca00000| Complete 
| 201|0x000000071cc00000, 0x000000071ce00000, 0x000000071ce00000|100%| E|CS|TAMS 0x000000071cc00000, 0x000000071cc00000| Complete 
| 202|0x000000071ce00000, 0x000000071d000000, 0x000000071d000000|100%| E|CS|TAMS 0x000000071ce00000, 0x000000071ce00000| Complete 
| 203|0x000000071d000000, 0x000000071d200000, 0x000000071d200000|100%| E|CS|TAMS 0x000000071d000000, 0x000000071d000000| Complete 
| 204|0x000000071d200000, 0x000000071d400000, 0x000000071d400000|100%| E|CS|TAMS 0x000000071d200000, 0x000000071d200000| Complete 
| 205|0x000000071d400000, 0x000000071d600000, 0x000000071d600000|100%| E|CS|TAMS 0x000000071d400000, 0x000000071d400000| Complete 
| 206|0x000000071d600000, 0x000000071d800000, 0x000000071d800000|100%| E|CS|TAMS 0x000000071d600000, 0x000000071d600000| Complete 
| 207|0x000000071d800000, 0x000000071da00000, 0x000000071da00000|100%| E|CS|TAMS 0x000000071d800000, 0x000000071d800000| Complete 
| 208|0x000000071da00000, 0x000000071dc00000, 0x000000071dc00000|100%| E|CS|TAMS 0x000000071da00000, 0x000000071da00000| Complete 
| 209|0x000000071dc00000, 0x000000071de00000, 0x000000071de00000|100%| E|CS|TAMS 0x000000071dc00000, 0x000000071dc00000| Complete 
| 210|0x000000071de00000, 0x000000071e000000, 0x000000071e000000|100%| E|CS|TAMS 0x000000071de00000, 0x000000071de00000| Complete 
| 211|0x000000071e000000, 0x000000071e200000, 0x000000071e200000|100%| E|CS|TAMS 0x000000071e000000, 0x000000071e000000| Complete 
| 212|0x000000071e200000, 0x000000071e400000, 0x000000071e400000|100%| E|CS|TAMS 0x000000071e200000, 0x000000071e200000| Complete 
| 213|0x000000071e400000, 0x000000071e600000, 0x000000071e600000|100%| E|CS|TAMS 0x000000071e400000, 0x000000071e400000| Complete 
| 214|0x000000071e600000, 0x000000071e800000, 0x000000071e800000|100%| E|CS|TAMS 0x000000071e600000, 0x000000071e600000| Complete 
| 215|0x000000071e800000, 0x000000071ea00000, 0x000000071ea00000|100%| E|CS|TAMS 0x000000071e800000, 0x000000071e800000| Complete 
| 216|0x000000071ea00000, 0x000000071ec00000, 0x000000071ec00000|100%| E|CS|TAMS 0x000000071ea00000, 0x000000071ea00000| Complete 
| 217|0x000000071ec00000, 0x000000071ee00000, 0x000000071ee00000|100%| E|CS|TAMS 0x000000071ec00000, 0x000000071ec00000| Complete 
| 218|0x000000071ee00000, 0x000000071f000000, 0x000000071f000000|100%| E|CS|TAMS 0x000000071ee00000, 0x000000071ee00000| Complete 
| 219|0x000000071f000000, 0x000000071f200000, 0x000000071f200000|100%| E|CS|TAMS 0x000000071f000000, 0x000000071f000000| Complete 
| 220|0x000000071f200000, 0x000000071f400000, 0x000000071f400000|100%| E|CS|TAMS 0x000000071f200000, 0x000000071f200000| Complete 

Card table byte_map: [0x000001df6e7a0000,0x000001df6ef90000] _byte_map_base: 0x000001df6af83000

Marking Bits (Prev, Next): (CMBitMap*) 0x000001df55640260, (CMBitMap*) 0x000001df556402a0
 Prev Bits: [0x000001df6f780000, 0x000001df73698000)
 Next Bits: [0x000001df736a0000, 0x000001df775b8000)

Polling page: 0x000001df5e520000

Metaspace:

Usage:
  Non-class:     11.80 MB used.
      Class:    889.01 KB used.
       Both:     12.67 MB used.

Virtual space:
  Non-class space:       16.00 MB reserved,      11.94 MB ( 75%) committed,  2 nodes.
      Class space:        1.00 GB reserved,       1.00 MB ( <1%) committed,  1 nodes.
              Both:        1.02 GB reserved,      12.94 MB (  1%) committed. 

Chunk freelists:
   Non-Class:  3.67 MB
       Class:  2.92 MB
        Both:  6.59 MB

MaxMetaspaceSize: 17179869184.00 GB
CompressedClassSpaceSize: 1.00 GB
 - commit_granule_bytes: 65536.
 - commit_granule_words: 8192.
 - virtual_space_node_default_size: 1048576.
 - enlarge_chunks_in_place: 1.
 - new_chunks_are_fully_committed: 0.
 - uncommit_free_chunks: 1.
 - use_allocation_guard: 0.
 - handle_deallocations: 1.


Internal statistics:

num_allocs_failed_limit: 0.
num_arena_births: 86.
num_arena_deaths: 0.
num_vsnodes_births: 3.
num_vsnodes_deaths: 0.
num_space_committed: 203.
num_space_uncommitted: 0.
num_chunks_returned_to_freelist: 0.
num_chunks_taken_from_freelist: 352.
num_chunk_merges: 0.
num_chunk_splits: 286.
num_chunks_enlarged: 234.
num_purges: 0.

CodeHeap 'non-profiled nmethods': size=120000Kb used=1375Kb max_used=1375Kb free=118624Kb
 bounds [0x000001df66010000, 0x000001df66280000, 0x000001df6d540000]
CodeHeap 'profiled nmethods': size=120000Kb used=4001Kb max_used=4001Kb free=115998Kb
 bounds [0x000001df5eae0000, 0x000001df5eed0000, 0x000001df66010000]
CodeHeap 'non-nmethods': size=5760Kb used=1557Kb max_used=1599Kb free=4202Kb
 bounds [0x000001df5e540000, 0x000001df5e7b0000, 0x000001df5eae0000]
 total_blobs=3045 nmethods=2095 adapters=863
 compilation: enabled
              stopped_count=0, restarted_count=0
 full_count=0

Compilation events (20 events):
Event: 3519.691 Thread 0x000001df7a0b9e10 2090       3       jdk.internal.logger.LazyLoggers$LazyLoggerWrapper::platformProxy (10 bytes)
Event: 3519.692 Thread 0x000001df7a0b9e10 nmethod 2090 0x000001df5eec4b10 code [0x000001df5eec4cc0, 0x000001df5eec4e68]
Event: 3519.692 Thread 0x000001df7a0b9e10 2091   !   3       jdk.internal.logger.LazyLoggers$LazyLoggerAccessor::platform (103 bytes)
Event: 3519.693 Thread 0x000001df7a0b9e10 nmethod 2091 0x000001df5eec4f90 code [0x000001df5eec51e0, 0x000001df5eec5f28]
Event: 3519.693 Thread 0x000001df7a0b9e10 2092       3       jdk.internal.logger.SimpleConsoleLogger::isLoggable (29 bytes)
Event: 3519.693 Thread 0x000001df7a0b9e10 nmethod 2092 0x000001df5eec6290 code [0x000001df5eec6460, 0x000001df5eec67c8]
Event: 3519.693 Thread 0x000001df7a0b9e10 2093       3       jdk.internal.logger.SimpleConsoleLogger::effectiveLevel (17 bytes)
Event: 3519.693 Thread 0x000001df7a0b9e10 nmethod 2093 0x000001df5eec6910 code [0x000001df5eec6ac0, 0x000001df5eec6d08]
Event: 3519.693 Thread 0x000001df7a0b9e10 2094       3       jdk.internal.logger.SurrogateLogger::defaultPlatformLevel (4 bytes)
Event: 3519.693 Thread 0x000001df7a0b9e10 nmethod 2094 0x000001df5eec6d90 code [0x000001df5eec6f20, 0x000001df5eec7038]
Event: 3524.574 Thread 0x000001df7a0b9e10 2095       3       java.util.HashMap::isEmpty (13 bytes)
Event: 3524.575 Thread 0x000001df7a0b9e10 nmethod 2095 0x000001df5eec7110 code [0x000001df5eec72a0, 0x000001df5eec7418]
Event: 4674.170 Thread 0x000001df7a0b9e10 2097       3       java.lang.ClassLoader::findNative (21 bytes)
Event: 4674.170 Thread 0x000001df7a0b9e10 nmethod 2097 0x000001df5eec7490 code [0x000001df5eec7660, 0x000001df5eec7878]
Event: 4674.170 Thread 0x000001df7a0b9e10 2098       3       jdk.internal.loader.NativeLibraries::find (72 bytes)
Event: 4674.171 Thread 0x000001df7a0b9e10 nmethod 2098 0x000001df5eec7990 code [0x000001df5eec7bc0, 0x000001df5eec8458]
Event: 4674.240 Thread 0x000001df7a0b84b0 2099       4       java.lang.ThreadLocal$ThreadLocalMap::getEntry (42 bytes)
Event: 4674.242 Thread 0x000001df7a0b84b0 nmethod 2099 0x000001df66167510 code [0x000001df661676a0, 0x000001df661677c8]
Event: 4674.242 Thread 0x000001df7a0b84b0 2100       4       java.nio.ByteBuffer::position (8 bytes)
Event: 4674.242 Thread 0x000001df7a0b84b0 nmethod 2100 0x000001df66167910 code [0x000001df66167aa0, 0x000001df66167b78]

GC Heap History (20 events):
Event: 4663.063 GC heap before
{Heap before GC invocations=2799 (full 0):
 garbage-first heap   total 452608K, used 279134K [0x0000000703a00000, 0x0000000800000000)
  region size 2048K, 132 young (270336K), 1 survivors (2048K)
 Metaspace       used 12926K, committed 13120K, reserved 1064960K
  class space    used 885K, committed 960K, reserved 1048576K
}
Event: 4663.064 GC heap after
{Heap after GC invocations=2800 (full 0):
 garbage-first heap   total 452608K, used 10850K [0x0000000703a00000, 0x0000000800000000)
  region size 2048K, 1 young (2048K), 1 survivors (2048K)
 Metaspace       used 12926K, committed 13120K, reserved 1064960K
  class space    used 885K, committed 960K, reserved 1048576K
}
Event: 4664.269 GC heap before
{Heap before GC invocations=2800 (full 0):
 garbage-first heap   total 452608K, used 279138K [0x0000000703a00000, 0x0000000800000000)
  region size 2048K, 132 young (270336K), 1 survivors (2048K)
 Metaspace       used 12926K, committed 13120K, reserved 1064960K
  class space    used 885K, committed 960K, reserved 1048576K
}
Event: 4664.270 GC heap after
{Heap after GC invocations=2801 (full 0):
 garbage-first heap   total 452608K, used 10852K [0x0000000703a00000, 0x0000000800000000)
  region size 2048K, 1 young (2048K), 1 survivors (2048K)
 Metaspace       used 12926K, committed 13120K, reserved 1064960K
  class space    used 885K, committed 960K, reserved 1048576K
}
Event: 4665.695 GC heap before
{Heap before GC invocations=2801 (full 0):
 garbage-first heap   total 452608K, used 279140K [0x0000000703a00000, 0x0000000800000000)
  region size 2048K, 132 young (270336K), 1 survivors (2048K)
 Metaspace       used 12926K, committed 13120K, reserved 1064960K
  class space    used 885K, committed 960K, reserved 1048576K
}
Event: 4665.696 GC heap after
{Heap after GC invocations=2802 (full 0):
 garbage-first heap   total 452608K, used 10856K [0x0000000703a00000, 0x0000000800000000)
  region size 2048K, 1 young (2048K), 1 survivors (2048K)
 Metaspace       used 12926K, committed 13120K, reserved 1064960K
  class space    used 885K, committed 960K, reserved 1048576K
}
Event: 4666.836 GC heap before
{Heap before GC invocations=2802 (full 0):
 garbage-first heap   total 452608K, used 279144K [0x0000000703a00000, 0x0000000800000000)
  region size 2048K, 132 young (270336K), 1 survivors (2048K)
 Metaspace       used 12926K, committed 13120K, reserved 1064960K
  class space    used 885K, committed 960K, reserved 1048576K
}
Event: 4666.837 GC heap after
{Heap after GC invocations=2803 (full 0):
 garbage-first heap   total 452608K, used 10854K [0x0000000703a00000, 0x0000000800000000)
  region size 2048K, 1 young (2048K), 1 survivors (2048K)
 Metaspace       used 12926K, committed 13120K, reserved 1064960K
  class space    used 885K, committed 960K, reserved 1048576K
}
Event: 4668.070 GC heap before
{Heap before GC invocations=2803 (full 0):
 garbage-first heap   total 452608K, used 279142K [0x0000000703a00000, 0x0000000800000000)
  region size 2048K, 132 young (270336K), 1 survivors (2048K)
 Metaspace       used 12926K, committed 13120K, reserved 1064960K
  class space    used 885K, committed 960K, reserved 1048576K
}
Event: 4668.071 GC heap after
{Heap after GC invocations=2804 (full 0):
 garbage-first heap   total 452608K, used 10852K [0x0000000703a00000, 0x0000000800000000)
  region size 2048K, 1 young (2048K), 1 survivors (2048K)
 Metaspace       used 12926K, committed 13120K, reserved 1064960K
  class space    used 885K, committed 960K, reserved 1048576K
}
Event: 4669.240 GC heap before
{Heap before GC invocations=2804 (full 0):
 garbage-first heap   total 452608K, used 279140K [0x0000000703a00000, 0x0000000800000000)
  region size 2048K, 132 young (270336K), 1 survivors (2048K)
 Metaspace       used 12926K, committed 13120K, reserved 1064960K
  class space    used 885K, committed 960K, reserved 1048576K
}
Event: 4669.240 GC heap after
{Heap after GC invocations=2805 (full 0):
 garbage-first heap   total 452608K, used 10854K [0x0000000703a00000, 0x0000000800000000)
  region size 2048K, 1 young (2048K), 1 survivors (2048K)
 Metaspace       used 12926K, committed 13120K, reserved 1064960K
  class space    used 885K, committed 960K, reserved 1048576K
}
Event: 4670.154 GC heap before
{Heap before GC invocations=2805 (full 0):
 garbage-first heap   total 452608K, used 279142K [0x0000000703a00000, 0x0000000800000000)
  region size 2048K, 132 young (270336K), 1 survivors (2048K)
 Metaspace       used 12927K, committed 13120K, reserved 1064960K
  class space    used 885K, committed 960K, reserved 1048576K
}
Event: 4670.156 GC heap after
{Heap after GC invocations=2806 (full 0):
 garbage-first heap   total 452608K, used 10852K [0x0000000703a00000, 0x0000000800000000)
  region size 2048K, 1 young (2048K), 1 survivors (2048K)
 Metaspace       used 12927K, committed 13120K, reserved 1064960K
  class space    used 885K, committed 960K, reserved 1048576K
}
Event: 4670.928 GC heap before
{Heap before GC invocations=2806 (full 0):
 garbage-first heap   total 452608K, used 279140K [0x0000000703a00000, 0x0000000800000000)
  region size 2048K, 132 young (270336K), 1 survivors (2048K)
 Metaspace       used 12927K, committed 13120K, reserved 1064960K
  class space    used 885K, committed 960K, reserved 1048576K
}
Event: 4670.929 GC heap after
{Heap after GC invocations=2807 (full 0):
 garbage-first heap   total 452608K, used 10854K [0x0000000703a00000, 0x0000000800000000)
  region size 2048K, 1 young (2048K), 1 survivors (2048K)
 Metaspace       used 12927K, committed 13120K, reserved 1064960K
  class space    used 885K, committed 960K, reserved 1048576K
}
Event: 4672.074 GC heap before
{Heap before GC invocations=2807 (full 0):
 garbage-first heap   total 452608K, used 279142K [0x0000000703a00000, 0x0000000800000000)
  region size 2048K, 132 young (270336K), 1 survivors (2048K)
 Metaspace       used 12927K, committed 13120K, reserved 1064960K
  class space    used 885K, committed 960K, reserved 1048576K
}
Event: 4672.075 GC heap after
{Heap after GC invocations=2808 (full 0):
 garbage-first heap   total 452608K, used 10852K [0x0000000703a00000, 0x0000000800000000)
  region size 2048K, 1 young (2048K), 1 survivors (2048K)
 Metaspace       used 12927K, committed 13120K, reserved 1064960K
  class space    used 885K, committed 960K, reserved 1048576K
}
Event: 4673.175 GC heap before
{Heap before GC invocations=2808 (full 0):
 garbage-first heap   total 452608K, used 279140K [0x0000000703a00000, 0x0000000800000000)
  region size 2048K, 132 young (270336K), 1 survivors (2048K)
 Metaspace       used 12927K, committed 13120K, reserved 1064960K
  class space    used 885K, committed 960K, reserved 1048576K
}
Event: 4673.176 GC heap after
{Heap after GC invocations=2809 (full 0):
 garbage-first heap   total 452608K, used 10854K [0x0000000703a00000, 0x0000000800000000)
  region size 2048K, 1 young (2048K), 1 survivors (2048K)
 Metaspace       used 12927K, committed 13120K, reserved 1064960K
  class space    used 885K, committed 960K, reserved 1048576K
}

Deoptimization events (20 events):
Event: 4674.202 Thread 0x000001df7b5ec840 Uncommon trap: trap_request=0xffffff45 fr.pc=0x000001df660ffc80 relative=0x0000000000000060
Event: 4674.202 Thread 0x000001df7b5ec840 Uncommon trap: reason=unstable_if action=reinterpret pc=0x000001df660ffc80 method=java.util.HashMap.values()Ljava/util/Collection; @ 6 c2
Event: 4674.202 Thread 0x000001df7b5ec840 DEOPT PACKING pc=0x000001df660ffc80 sp=0x00000016697ff0d0
Event: 4674.203 Thread 0x000001df7b5ec840 DEOPT UNPACKING pc=0x000001df5e58f92e sp=0x00000016697ff068 mode 2
Event: 4674.204 Thread 0x000001df7b5ec840 Uncommon trap: trap_request=0xffffffde fr.pc=0x000001df661088ec relative=0x00000000000002cc
Event: 4674.204 Thread 0x000001df7b5ec840 Uncommon trap: reason=class_check action=maybe_recompile pc=0x000001df661088ec method=jogamp.opengl.GLDrawableImpl.lockSurface()I @ 4 c2
Event: 4674.204 Thread 0x000001df7b5ec840 DEOPT PACKING pc=0x000001df661088ec sp=0x00000016697feff0
Event: 4674.204 Thread 0x000001df7b5ec840 DEOPT UNPACKING pc=0x000001df5e58f92e sp=0x00000016697fefa8 mode 2
Event: 4674.205 Thread 0x000001df7b5ec840 Uncommon trap: trap_request=0xffffffde fr.pc=0x000001df66129f68 relative=0x0000000000000708
Event: 4674.205 Thread 0x000001df7b5ec840 Uncommon trap: reason=class_check action=maybe_recompile pc=0x000001df66129f68 method=jogamp.opengl.GLDrawableImpl.lockSurface()I @ 4 c2
Event: 4674.205 Thread 0x000001df7b5ec840 DEOPT PACKING pc=0x000001df66129f68 sp=0x00000016697fefa0
Event: 4674.206 Thread 0x000001df7b5ec840 DEOPT UNPACKING pc=0x000001df5e58f92e sp=0x00000016697feec8 mode 2
Event: 4674.206 Thread 0x000001df7b5ec840 Uncommon trap: trap_request=0xffffffde fr.pc=0x000001df661554f8 relative=0x0000000000000138
Event: 4674.206 Thread 0x000001df7b5ec840 Uncommon trap: reason=class_check action=maybe_recompile pc=0x000001df661554f8 method=jogamp.opengl.GLDrawableImpl.getHandle()J @ 4 c2
Event: 4674.206 Thread 0x000001df7b5ec840 DEOPT PACKING pc=0x000001df661554f8 sp=0x00000016697fef10
Event: 4674.206 Thread 0x000001df7b5ec840 DEOPT UNPACKING pc=0x000001df5e58f92e sp=0x00000016697fedd8 mode 2
Event: 4674.211 Thread 0x000001df7b5ec840 Uncommon trap: trap_request=0xffffff45 fr.pc=0x000001df6612e830 relative=0x0000000000000cd0
Event: 4674.211 Thread 0x000001df7b5ec840 Uncommon trap: reason=unstable_if action=reinterpret pc=0x000001df6612e830 method=jogamp.opengl.GLContextImpl.release(Z)V @ 161 c2
Event: 4674.211 Thread 0x000001df7b5ec840 DEOPT PACKING pc=0x000001df6612e830 sp=0x00000016697fef90
Event: 4674.211 Thread 0x000001df7b5ec840 DEOPT UNPACKING pc=0x000001df5e58f92e sp=0x00000016697fef98 mode 2

Classes unloaded (0 events):
No events

Classes redefined (0 events):
No events

Internal exceptions (20 events):
Event: 1.986 Thread 0x000001df7cc3c9f0 Exception <a 'java/lang/NullPointerException'{0x0000000712430da8}> (0x0000000712430da8) 
thrown [t:\workspace\open\src\hotspot\share\runtime\sharedRuntime.cpp, line 624]
Event: 1.986 Thread 0x000001df7cc3c9f0 Implicit null exception at 0x000001df5ecd8525 to 0x000001df5ecd8d97
Event: 1.986 Thread 0x000001df7cc3c9f0 Exception <a 'java/lang/NullPointerException'{0x00000007124310b0}> (0x00000007124310b0) 
thrown [t:\workspace\open\src\hotspot\share\runtime\sharedRuntime.cpp, line 624]
Event: 1.986 Thread 0x000001df7cc3c9f0 Implicit null exception at 0x000001df5ecd8525 to 0x000001df5ecd8d97
Event: 1.986 Thread 0x000001df7cc3c9f0 Exception <a 'java/lang/NullPointerException'{0x00000007124313b8}> (0x00000007124313b8) 
thrown [t:\workspace\open\src\hotspot\share\runtime\sharedRuntime.cpp, line 624]
Event: 1.986 Thread 0x000001df7cc3c9f0 Implicit null exception at 0x000001df5ecd8525 to 0x000001df5ecd8d97
Event: 1.986 Thread 0x000001df7cc3c9f0 Exception <a 'java/lang/NullPointerException'{0x00000007124316c0}> (0x00000007124316c0) 
thrown [t:\workspace\open\src\hotspot\share\runtime\sharedRuntime.cpp, line 624]
Event: 1.986 Thread 0x000001df7cc3c9f0 Implicit null exception at 0x000001df5ecd8525 to 0x000001df5ecd8d97
Event: 1.986 Thread 0x000001df7cc3c9f0 Exception <a 'java/lang/NullPointerException'{0x0000000712432068}> (0x0000000712432068) 
thrown [t:\workspace\open\src\hotspot\share\runtime\sharedRuntime.cpp, line 624]
Event: 1.986 Thread 0x000001df7cc3c9f0 Implicit null exception at 0x000001df5ecd8525 to 0x000001df5ecd8d97
Event: 1.986 Thread 0x000001df7cc3c9f0 Exception <a 'java/lang/NullPointerException'{0x0000000712432370}> (0x0000000712432370) 
thrown [t:\workspace\open\src\hotspot\share\runtime\sharedRuntime.cpp, line 624]
Event: 1.986 Thread 0x000001df7cc3c9f0 Implicit null exception at 0x000001df5ecd8525 to 0x000001df5ecd8d97
Event: 1.986 Thread 0x000001df7cc3c9f0 Exception <a 'java/lang/NullPointerException'{0x0000000712432678}> (0x0000000712432678) 
thrown [t:\workspace\open\src\hotspot\share\runtime\sharedRuntime.cpp, line 624]
Event: 1.986 Thread 0x000001df7cc3c9f0 Implicit null exception at 0x000001df5ecd8525 to 0x000001df5ecd8d97
Event: 1.986 Thread 0x000001df7cc3c9f0 Exception <a 'java/lang/NullPointerException'{0x0000000712432980}> (0x0000000712432980) 
thrown [t:\workspace\open\src\hotspot\share\runtime\sharedRuntime.cpp, line 624]
Event: 1.986 Thread 0x000001df7cc3c9f0 Implicit null exception at 0x000001df5ecd8525 to 0x000001df5ecd8d97
Event: 1.986 Thread 0x000001df7cc3c9f0 Exception <a 'java/lang/NullPointerException'{0x0000000712432c88}> (0x0000000712432c88) 
thrown [t:\workspace\open\src\hotspot\share\runtime\sharedRuntime.cpp, line 624]
Event: 1.986 Thread 0x000001df7cc3c9f0 Implicit null exception at 0x000001df5ecd8525 to 0x000001df5ecd8d97
Event: 1.986 Thread 0x000001df7cc3c9f0 Exception <a 'java/lang/NullPointerException'{0x0000000712432f90}> (0x0000000712432f90) 
thrown [t:\workspace\open\src\hotspot\share\runtime\sharedRuntime.cpp, line 624]
Event: 4674.169 Thread 0x000001df7cc3a4c0 Exception <a 'java/lang/InterruptedException'{0x0000000711501260}> (0x0000000711501260) 
thrown [t:\workspace\open\src\hotspot\share\runtime\objectMonitor.cpp, line 1705]

Events (20 events):
Event: 4672.075 Executing  VM operation: G1CollectForAllocation done
Event: 4673.175 Executing  VM operation: G1CollectForAllocation
Event: 4673.176 Executing  VM operation: G1CollectForAllocation done
Event: 4674.169 Thread 0x000001df7d296c10 Thread added: 0x000001df7d296c10
Event: 4674.169 Thread 0x000001df7cc3a4c0 Thread exited: 0x000001df7cc3a4c0
Event: 4674.169 Thread 0x000001df7d297160 Thread added: 0x000001df7d297160
Event: 4674.170 Thread 0x000001df7d2976b0 Thread added: 0x000001df7d2976b0
Event: 4674.171 Thread 0x000001df7cc3a4c0 Thread added: 0x000001df7cc3a4c0
Event: 4674.171 loading class java/nio/channels/ClosedChannelException
Event: 4674.174 loading class java/nio/channels/ClosedChannelException done
Event: 4674.174 Thread 0x000001df7b02aad0 Thread exited: 0x000001df7b02aad0
Event: 4674.175 Thread 0x000001df7d2976b0 Thread exited: 0x000001df7d2976b0
Event: 4674.176 Executing  VM operation: Cleanup
Event: 4674.178 Executing  VM operation: Cleanup done
Event: 4674.179 Thread 0x000001df7b26e1c0 Thread exited: 0x000001df7b26e1c0
Event: 4674.240 Thread 0x000001df7b5ec840 Thread exited: 0x000001df7b5ec840
Event: 4674.260 Thread 0x000001df7d296c10 Thread exited: 0x000001df7d296c10
Event: 4674.272 Thread 0x000001df7d297160 Thread exited: 0x000001df7d297160
Event: 4674.273 Thread 0x000001df7a0a3740 Thread exited: 0x000001df7a0a3740
Event: 4674.273 Executing  VM operation: Exit


Dynamic libraries:
0x00007ff77d6c0000 - 0x00007ff77d6d0000 	C:\Program Files\Java\jdk-16.0.2\bin\javaw.exe
0x00007fff5aa10000 - 0x00007fff5ac08000 	C:\windows\SYSTEM32\ntdll.dll
0x00007fff59230000 - 0x00007fff592ef000 	C:\windows\System32\KERNEL32.DLL
0x00007fff58500000 - 0x00007fff587d2000 	C:\windows\System32\KERNELBASE.dll
0x00007fff581b0000 - 0x00007fff582b0000 	C:\windows\System32\ucrtbase.dll
0x00007fff4f6a0000 - 0x00007fff4f6b9000 	C:\Program Files\Java\jdk-16.0.2\bin\VCRUNTIME140.dll
0x00007fff4f5a0000 - 0x00007fff4f5b8000 	C:\Program Files\Java\jdk-16.0.2\bin\jli.dll
0x00007fff5a080000 - 0x00007fff5a12e000 	C:\windows\System32\ADVAPI32.dll
0x00007fff58e10000 - 0x00007fff58eae000 	C:\windows\System32\msvcrt.dll
0x00007fff59b20000 - 0x00007fff59bbc000 	C:\windows\System32\sechost.dll
0x00007fff59bc0000 - 0x00007fff59ce5000 	C:\windows\System32\RPCRT4.dll
0x00007fff58c50000 - 0x00007fff58df1000 	C:\windows\System32\USER32.dll
0x00007fff582b0000 - 0x00007fff582d2000 	C:\windows\System32\win32u.dll
0x00007fff58a50000 - 0x00007fff58a7b000 	C:\windows\System32\GDI32.dll
0x00007fff3ac50000 - 0x00007fff3aeea000 	C:\windows\WinSxS\amd64_microsoft.windows.common-controls_6595b64144ccf1df_6.0.19041.1110_none_60b5254171f9507e\COMCTL32.dll
0x00007fff582e0000 - 0x00007fff583ef000 	C:\windows\System32\gdi32full.dll
0x00007fff583f0000 - 0x00007fff5848d000 	C:\windows\System32\msvcp_win.dll
0x00007fff4df70000 - 0x00007fff4df7a000 	C:\windows\SYSTEM32\VERSION.dll
0x00007fff59d60000 - 0x00007fff59d92000 	C:\windows\System32\IMM32.DLL
0x00007fff53660000 - 0x00007fff5366c000 	C:\Program Files\Java\jdk-16.0.2\bin\vcruntime140_1.dll
0x00007fff09780000 - 0x00007fff09811000 	C:\Program Files\Java\jdk-16.0.2\bin\msvcp140.dll
0x00007ffefd210000 - 0x00007ffefddbb000 	C:\Program Files\Java\jdk-16.0.2\bin\server\jvm.dll
0x00007fff58e00000 - 0x00007fff58e08000 	C:\windows\System32\PSAPI.DLL
0x00007fff3b310000 - 0x00007fff3b319000 	C:\windows\SYSTEM32\WSOCK32.dll
0x00007fff32a10000 - 0x00007fff32a37000 	C:\windows\SYSTEM32\WINMM.dll
0x00007fff59cf0000 - 0x00007fff59d5b000 	C:\windows\System32\WS2_32.dll
0x00007fff56950000 - 0x00007fff56962000 	C:\windows\SYSTEM32\kernel.appcore.dll
0x00007fff4f690000 - 0x00007fff4f69a000 	C:\Program Files\Java\jdk-16.0.2\bin\jimage.dll
0x00007fff55ea0000 - 0x00007fff56084000 	C:\windows\SYSTEM32\DBGHELP.DLL
0x00007fff3b2d0000 - 0x00007fff3b305000 	C:\windows\SYSTEM32\dbgcore.DLL
0x00007fff589c0000 - 0x00007fff58a42000 	C:\windows\System32\bcryptPrimitives.dll
0x00007fff35be0000 - 0x00007fff35c05000 	C:\Program Files\Java\jdk-16.0.2\bin\java.dll
0x00007fff5a130000 - 0x00007fff5a874000 	C:\windows\System32\SHELL32.dll
0x00007fff56090000 - 0x00007fff56822000 	C:\windows\SYSTEM32\windows.storage.dll
0x00007fff597c0000 - 0x00007fff59b15000 	C:\windows\System32\combase.dll
0x00007fff57af0000 - 0x00007fff57b20000 	C:\windows\SYSTEM32\Wldp.dll
0x00007fff58ba0000 - 0x00007fff58c4d000 	C:\windows\System32\SHCORE.dll
0x00007fff58f30000 - 0x00007fff58f85000 	C:\windows\System32\shlwapi.dll
0x00007fff58040000 - 0x00007fff5805f000 	C:\windows\SYSTEM32\profapi.dll
0x00007fff3c830000 - 0x00007fff3c849000 	C:\Program Files\Java\jdk-16.0.2\bin\net.dll
0x00007fff526f0000 - 0x00007fff527fc000 	C:\windows\SYSTEM32\WINHTTP.dll
0x00007fff57850000 - 0x00007fff578ba000 	C:\windows\system32\mswsock.dll
0x00007fff2e4c0000 - 0x00007fff2e4d3000 	C:\Program Files\Java\jdk-16.0.2\bin\nio.dll
0x00007fff2e4a0000 - 0x00007fff2e4b8000 	C:\Program Files\Java\jdk-16.0.2\bin\zip.dll
0x00007fff4f090000 - 0x00007fff4f0a0000 	C:\Program Files\Java\jdk-16.0.2\bin\verify.dll
0x00007fff06180000 - 0x00007fff06300000 	C:\Program Files\Java\jdk-16.0.2\bin\awt.dll
0x00007fff5a900000 - 0x00007fff5a9cd000 	C:\windows\System32\OLEAUT32.dll
0x00007fff55520000 - 0x00007fff555b1000 	C:\windows\SYSTEM32\apphelp.dll
0x00007fff556c0000 - 0x00007fff5575e000 	C:\windows\system32\uxtheme.dll
0x00007fff58a80000 - 0x00007fff58b95000 	C:\windows\System32\MSCTF.dll
0x00007fff59da0000 - 0x00007fff59eca000 	C:\windows\System32\ole32.dll
0x00007fff557f0000 - 0x00007fff5581f000 	C:\windows\system32\DWMAPI.DLL
0x00007fff30c60000 - 0x00007fff30d85000 	C:\windows\system32\opengl32.dll
0x00007fff32d80000 - 0x00007fff32dac000 	C:\windows\SYSTEM32\GLU32.dll
0x00007fff57a40000 - 0x00007fff57a58000 	C:\windows\SYSTEM32\CRYPTSP.dll
0x00007fff57100000 - 0x00007fff57134000 	C:\windows\system32\rsaenh.dll
0x00007fff58830000 - 0x00007fff58857000 	C:\windows\System32\bcrypt.dll
0x00007fff58000000 - 0x00007fff5802e000 	C:\windows\SYSTEM32\USERENV.dll
0x00007fff57a60000 - 0x00007fff57a6c000 	C:\windows\SYSTEM32\CRYPTBASE.dll
0x00007fff57540000 - 0x00007fff5757b000 	C:\windows\SYSTEM32\IPHLPAPI.DLL
0x00007fff59220000 - 0x00007fff59228000 	C:\windows\System32\NSI.dll
0x00007fff4e4c0000 - 0x00007fff4e4d7000 	C:\windows\SYSTEM32\dhcpcsvc6.DLL
0x00007fff4e4a0000 - 0x00007fff4e4bd000 	C:\windows\SYSTEM32\dhcpcsvc.DLL
0x00007fff57580000 - 0x00007fff5764a000 	C:\windows\SYSTEM32\DNSAPI.dll
0x00000000637c0000 - 0x00000000637cd000 	C:\Users\sethr\AppData\Local\Temp\jogamp_0000\file_cache\jln18327335444146410377\jln13457702421009393340\natives\windows-amd64\gluegen-rt.dll
0x00007fff397e0000 - 0x00007fff397e7000 	C:\Program Files\Java\jdk-16.0.2\bin\jawt.dll
0x000000006a440000 - 0x000000006a44d000 	C:\Users\sethr\AppData\Local\Temp\jogamp_0000\file_cache\jln18327335444146410377\jln13457702421009393340\natives\windows-amd64\nativewindow_awt.dll
0x000000006c100000 - 0x000000006c10f000 	C:\Users\sethr\AppData\Local\Temp\jogamp_0000\file_cache\jln18327335444146410377\jln13457702421009393340\natives\windows-amd64\nativewindow_win32.dll
0x000000006cbc0000 - 0x000000006cbd3000 	C:\Users\sethr\AppData\Local\Temp\jogamp_0000\file_cache\jln18327335444146410377\jln13457702421009393340\natives\windows-amd64\newt.dll
0x00007fff51e70000 - 0x00007fff51f1e000 	C:\windows\SYSTEM32\mscms.dll
0x00007fff51e50000 - 0x00007fff51e61000 	C:\windows\SYSTEM32\ColorAdapterClient.dll
0x00007fff4ee90000 - 0x00007fff4eed3000 	C:\windows\SYSTEM32\icm32.dll
0x00007fff592f0000 - 0x00007fff59758000 	C:\windows\System32\setupapi.dll
0x00007fff587e0000 - 0x00007fff5882e000 	C:\windows\System32\cfgmgr32.dll
0x00007fff57e40000 - 0x00007fff57e6c000 	C:\windows\SYSTEM32\DEVOBJ.dll
0x00007fff58490000 - 0x00007fff584f9000 	C:\windows\System32\WINTRUST.dll
0x00007fff58860000 - 0x00007fff589b6000 	C:\windows\System32\CRYPT32.dll
0x00007fff57c80000 - 0x00007fff57c92000 	C:\windows\SYSTEM32\MSASN1.dll
0x0000000064500000 - 0x00000000645b1000 	C:\Users\sethr\AppData\Local\Temp\jogamp_0000\file_cache\jln18327335444146410377\jln13457702421009393340\natives\windows-amd64\jogl_desktop.dll
0x00007fff2a690000 - 0x00007fff2ac9b000 	C:\Program Files\Oculus\Support\oculus-runtime\libGLESv2.dll
0x00007fff569c0000 - 0x00007fff56ab3000 	C:\windows\SYSTEM32\dxgi.dll
0x00007fff2aca0000 - 0x00007fff2acd8000 	C:\Program Files\Oculus\Support\oculus-runtime\libEGL.dll
0x0000000064340000 - 0x00000000643a2000 	C:\Users\sethr\AppData\Local\Temp\jogamp_0000\file_cache\jln18327335444146410377\jln13457702421009393340\natives\windows-amd64\jogl_mobile.dll
0x00007fff58f90000 - 0x00007fff5903f000 	C:\windows\System32\clbcatq.dll
0x00007ffefbd20000 - 0x00007ffefcd20000 	C:\windows\System32\DriverStore\FileRepository\iigd_dch.inf_amd64_14d6d9e2312c79ae\igxelpicd64.dll
0x00007ffefe470000 - 0x00007ffefe8d4000 	C:\windows\System32\DriverStore\FileRepository\iigd_dch.inf_amd64_14d6d9e2312c79ae\igdml64.dll
0x00007fff4c210000 - 0x00007fff4c5cd000 	C:\windows\System32\DriverStore\FileRepository\iigd_dch.inf_amd64_14d6d9e2312c79ae\igdgmm64.dll
0x00007fff48fd0000 - 0x00007fff4c208000 	C:\windows\System32\DriverStore\FileRepository\iigd_dch.inf_amd64_14d6d9e2312c79ae\igc64.dll
0x00007fff57ec0000 - 0x00007fff57f0b000 	C:\windows\SYSTEM32\powrprof.dll
0x00007fff57ea0000 - 0x00007fff57eb2000 	C:\windows\SYSTEM32\UMPDC.dll
0x00007fff3caf0000 - 0x00007fff3cbe9000 	C:\windows\SYSTEM32\textinputframework.dll
0x00007fff552f0000 - 0x00007fff553e2000 	C:\windows\System32\CoreMessaging.dll
0x00007fff54c10000 - 0x00007fff54f6e000 	C:\windows\System32\CoreUIComponents.dll
0x00007fff57290000 - 0x00007fff572c3000 	C:\windows\SYSTEM32\ntmarta.dll
0x00007fff53b50000 - 0x00007fff53ca4000 	C:\windows\SYSTEM32\wintypes.dll
0x00007fff1caf0000 - 0x00007fff1cb56000 	C:\windows\system32\Oleacc.dll

dbghelp: loaded successfully - version: 4.0.5 - missing functions: none
symbol engine: initialized successfully - sym options: 0x614 - pdb path: .;C:\Program Files\Java\jdk-16.0.2\bin;C:\windows\SYSTEM32;C:\windows\WinSxS\amd64_microsoft.windows.common-controls_6595b64144ccf1df_6.0.19041.1110_none_60b5254171f9507e;C:\Program Files\Java\jdk-16.0.2\bin\server;C:\Users\sethr\AppData\Local\Temp\jogamp_0000\file_cache\jln18327335444146410377\jln13457702421009393340\natives\windows-amd64;C:\Program Files\Oculus\Support\oculus-runtime;C:\windows\System32\DriverStore\FileRepository\iigd_dch.inf_amd64_14d6d9e2312c79ae

VM Arguments:
jvm_args: -Dfile.encoding=Cp1252 -XX:+ShowCodeDetailsInExceptionMessages 
java_command: crystalsimulation.Main
java_class_path (initial): C:\Users\sethr\eclipse-workspace\crystalsimulation\target\classes;C:\Users\sethr\.m2\repository\org\processing\core\3.3.6\core-3.3.6.jar;C:\Users\sethr\.m2\repository\org\jogamp\gluegen\gluegen-rt-main\2.3.2\gluegen-rt-main-2.3.2.jar;C:\Users\sethr\.m2\repository\org\jogamp\gluegen\gluegen-rt\2.3.2\gluegen-rt-2.3.2.jar;C:\Users\sethr\.m2\repository\org\jogamp\gluegen\gluegen-rt\2.3.2\gluegen-rt-2.3.2-natives-android-aarch64.jar;C:\Users\sethr\.m2\repository\org\jogamp\gluegen\gluegen-rt\2.3.2\gluegen-rt-2.3.2-natives-android-armv6.jar;C:\Users\sethr\.m2\repository\org\jogamp\gluegen\gluegen-rt\2.3.2\gluegen-rt-2.3.2-natives-linux-amd64.jar;C:\Users\sethr\.m2\repository\org\jogamp\gluegen\gluegen-rt\2.3.2\gluegen-rt-2.3.2-natives-linux-armv6.jar;C:\Users\sethr\.m2\repository\org\jogamp\gluegen\gluegen-rt\2.3.2\gluegen-rt-2.3.2-natives-linux-armv6hf.jar;C:\Users\sethr\.m2\repository\org\jogamp\gluegen\gluegen-rt\2.3.2\gluegen-rt-2.3.2-natives-linux-i586.jar;C:\Users\sethr\.m2\repository\org\jogamp\gluegen\gluegen-rt\2.3.2\gluegen-rt-2.3.2-natives-macosx-universal.jar;C:\Users\sethr\.m2\repository\org\jogamp\gluegen\gluegen-rt\2.3.2\gluegen-rt-2.3.2-natives-solaris-amd64.jar;C:\Users\sethr\.m2\repository\org\jogamp\gluegen\gluegen-rt\2.3.2\gluegen-rt-2.3.2-natives-solaris-i586.jar;C:\Users\sethr\.m2\repository\org\jogamp\gluegen\gluegen-rt\2.3.2\gluegen-rt-2.3.2-natives-windows-amd64.jar;C:\Users\sethr\.m2\repository\org\jogamp\gluegen\gluegen-rt\2.3.2\gluegen-rt-2.3.2-natives-windows-i586.jar;C:\Users\sethr\.m2\repository\org\jogamp\jogl\jogl-all-main\2.3.2\jogl-all-main-2.3.2.jar;C:\Users\sethr\.m2\repository\org\jogamp\jogl\jogl-all\2.3.2\jogl-all-2.3.2.jar;C:\Users\sethr\.m2\repository\org\jogamp\jogl\jogl-all\2.3.2\jogl-all-2.3.2-natives-android-aarch64.jar;C:\Users\sethr\.m2\repository\org\jogamp\jogl\jogl-all\2.3.2\jogl-all-2.3.2-natives-android-armv6.jar;C:\Users\sethr\.m2\repository\org\jogamp\jogl\jogl-all\2.3.2\jogl-all-2.3.2-nat
Launcher Type: SUN_STANDARD

[Global flags]
     intx CICompilerCount                          = 4                                         {product} {ergonomic}
     uint ConcGCThreads                            = 2                                         {product} {ergonomic}
     uint G1ConcRefinementThreads                  = 8                                         {product} {ergonomic}
   size_t G1HeapRegionSize                         = 2097152                                   {product} {ergonomic}
    uintx GCDrainStackTargetSize                   = 64                                        {product} {ergonomic}
   size_t InitialHeapSize                          = 266338304                                 {product} {ergonomic}
   size_t MarkStackSize                            = 4194304                                   {product} {ergonomic}
   size_t MaxHeapSize                              = 4234149888                                {product} {ergonomic}
   size_t MaxNewSize                               = 2539651072                                {product} {ergonomic}
   size_t MinHeapDeltaBytes                        = 2097152                                   {product} {ergonomic}
   size_t MinHeapSize                              = 8388608                                   {product} {ergonomic}
    uintx NonNMethodCodeHeapSize                   = 5839372                                {pd product} {ergonomic}
    uintx NonProfiledCodeHeapSize                  = 122909434                              {pd product} {ergonomic}
    uintx ProfiledCodeHeapSize                     = 122909434                              {pd product} {ergonomic}
    uintx ReservedCodeCacheSize                    = 251658240                              {pd product} {ergonomic}
     bool SegmentedCodeCache                       = true                                      {product} {ergonomic}
     bool ShowCodeDetailsInExceptionMessages       = true                                   {manageable} {command line}
   size_t SoftMaxHeapSize                          = 4234149888                             {manageable} {ergonomic}
     bool UseCompressedClassPointers               = true                           {product lp64_product} {ergonomic}
     bool UseCompressedOops                        = true                           {product lp64_product} {ergonomic}
     bool UseG1GC                                  = true                                      {product} {ergonomic}
     bool UseLargePagesIndividualAllocation        = false                                  {pd product} {ergonomic}

Logging:
Log output configuration:
 #0: stdout all=off uptime,level,tags
 #1: stderr all=off uptime,level,tags

Environment Variables:
PATH=C:\Program Files\Oculus\Support\oculus-runtime;C:\Program Files\Common Files\Oracle\Java\javapath;C:\Program Files (x86)\Common Files\Oracle\Java\javapath;C:\windows\system32;C:\windows;C:\windows\System32\Wbem;C:\windows\System32\WindowsPowerShell\v1.0\;C:\windows\System32\OpenSSH\;C:\MinGW\mingw32\bin;C:\ProgramData\chocolatey\bin;C:\ProgramData\chocolatey\bin\make.exe;C:\Program Files\Git\cmd;C:\Program Files\nodejs\;C:\Users\sethr\AppData\Local\Programs\Python\Python39\Scripts\;C:\Users\sethr\AppData\Local\Programs\Python\Python39\;C:\Users\sethr\AppData\Local\Microsoft\WindowsApps;C:\Users\sethr\AppData\Local\Programs\Microsoft VS Code\bin;C:\Users\sethr\AppData\Local\GitHubDesktop\bin;C:\Users\sethr\AppData\Roaming\npm
USERNAME=sethr
OS=Windows_NT
PROCESSOR_IDENTIFIER=Intel64 Family 6 Model 140 Stepping 1, GenuineIntel



---------------  S Y S T E M  ---------------

OS:
 Windows 10 , 64 bit Build 19041 (10.0.19041.2364)
OS uptime: 1 days 12:23 hours

CPU: total 8 (initial active 8) (4 cores per cpu, 2 threads per core) family 6 model 140 stepping 1 microcode 0x9a, cx8, cmov, fxsr, ht, mmx, 3dnowpref, sse, sse2, sse3, ssse3, sse4.1, sse4.2, popcnt, lzcnt, tsc, tscinvbit, avx, avx2, aes, erms, clmul, bmi1, bmi2, adx, avx512f, avx512dq, avx512cd, avx512bw, avx512vl, sha, fma, vzeroupper, avx512_vpopcntdq, avx512_vpclmulqdq, avx512_vaes, avx512_vnni, clflush, clflushopt, clwb, avx512_vmbi2, avx512_vmbi

Memory: 4k page, system-wide physical 16149M (3258M free)
TotalPageFile size 34581M (AvailPageFile size 15973M)
current process WorkingSet (physical memory assigned to process): 419M, peak: 619M
current process commit charge ("private bytes"): 675M, peak: 703M

vm_info: Java HotSpot(TM) 64-Bit Server VM (16.0.2+7-67) for windows-amd64 JRE (16.0.2+7-67), built on Jun  8 2021 23:24:19 by "mach5one" with MS VC++ 16.7 (VS2019)

END.
