#
# A fatal error has been detected by the Java Runtime Environment:
#
#  EXCEPTION_ACCESS_VIOLATION (0xc0000005) at pc=0x00007ff905362c4c, pid=24160, tid=20000
#
# JRE version: Java(TM) SE Runtime Environment (16.0.2+7) (build 16.0.2+7-67)
# Java VM: Java HotSpot(TM) 64-Bit Server VM (16.0.2+7-67, mixed mode, sharing, tiered, compressed oops, compressed class ptrs, g1 gc, windows-amd64)
# Problematic frame:
# C  [igxelpicd64.dll+0x282c4c]
#
# No core dump will be written. Minidumps are not enabled by default on client versions of Windows
#
# If you would like to submit a bug report, please visit:
#   https://bugreport.java.com/bugreport/crash.jsp
#

---------------  S U M M A R Y ------------

Command Line: -Dfile.encoding=Cp1252 -XX:+ShowCodeDetailsInExceptionMessages crystalsimulation.Main

Host: 11th Gen Intel(R) Core(TM) i7-1165G7 @ 2.80GHz, 8 cores, 15G,  Windows 10 , 64 bit Build 19041 (10.0.19041.1466)
Time: Wed Jan 26 22:01:32 2022 Eastern Standard Time elapsed time: 7.039499 seconds (0d 0h 0m 7s)

---------------  T H R E A D  ---------------

Current thread (0x0000021f7f64c760):  VMThread "VM Thread" [stack: 0x000000d939c00000,0x000000d939d00000] [id=20000]

Stack: [0x000000d939c00000,0x000000d939d00000],  sp=0x000000d939cfe1f0,  free space=1016k
Native frames: (J=compiled Java code, j=interpreted, Vv=VM code, C=native code)
C  [igxelpicd64.dll+0x282c4c]


siginfo: EXCEPTION_ACCESS_VIOLATION (0xc0000005), reading address 0x00000000000356f8


Register to memory mapping:

RIP=0x00007ff905362c4c igxelpicd64.dll
RAX=0x0000021f232524e0 points into unknown readable memory: 0x0000000000001b1b | 1b 1b 00 00 00 00 00 00
RBX=0x0000021f21ae9730 points into unknown readable memory: 0xffffffffffffffff | ff ff ff ff ff ff ff ff
RCX=0x0 is NULL
RDX=0x0000000000000002 is an unknown value
RSP=0x000000d939cfe1f0 points into unknown readable memory: 0x0000021f21ae9730 | 30 97 ae 21 1f 02 00 00
RBP=0x0000000000000016 is an unknown value
RSI=0x0000021f21bda960 points into unknown readable memory: 0x0000000000000000 | 00 00 00 00 00 00 00 00
RDI=0x0 is NULL
R8 =0x0000000000000014 is an unknown value
R9 =0x0 is NULL
R10=0x0 is NULL
R11=0x0000000000000246 is an unknown value
R12=0x0000021f23252918 points into unknown readable memory: 0x0000021f2356caa0 | a0 ca 56 23 1f 02 00 00
R13=0x0 is NULL
R14=0x0000021f23252350 points into unknown readable memory: 0x0000021f21b45cf0 | f0 5c b4 21 1f 02 00 00
R15=0x0 is NULL


Registers:
RAX=0x0000021f232524e0, RBX=0x0000021f21ae9730, RCX=0x0000000000000000, RDX=0x0000000000000002
RSP=0x000000d939cfe1f0, RBP=0x0000000000000016, RSI=0x0000021f21bda960, RDI=0x0000000000000000
R8 =0x0000000000000014, R9 =0x0000000000000000, R10=0x0000000000000000, R11=0x0000000000000246
R12=0x0000021f23252918, R13=0x0000000000000000, R14=0x0000021f23252350, R15=0x0000000000000000
RIP=0x00007ff905362c4c, EFLAGS=0x0000000000010202

Top of Stack: (sp=0x000000d939cfe1f0)
0x000000d939cfe1f0:   0000021f21ae9730 00007ff99c8fd859
0x000000d939cfe200:   000000d939cfe288 0000000000000000
0x000000d939cfe210:   0000000000000054 0000021f21ae9730
0x000000d939cfe220:   000000d939cfe440 00007ff99d7b0ba4
0x000000d939cfe230:   000000d939cfe3a0 0000000000000000
0x000000d939cfe240:   0000021f7ad10b54 0000021f22e9fe78
0x000000d939cfe250:   0000000000001b2c 0000000000000000
0x000000d939cfe260:   0000000000000014 0000000000000000
0x000000d939cfe270:   0000000000000000 000000d939cfe390
0x000000d939cfe280:   0000021f21bda960 00007ff90519769c
0x000000d939cfe290:   0000021f00000016 0000021f2356caa0
0x000000d939cfe2a0:   000000d9391a5000 00007ff99d72d200
0x000000d939cfe2b0:   000000d9000009e4 0000b80219800000
0x000000d939cfe2c0:   0000000000000000 0000021f7ad00000
0x000000d939cfe2d0:   00007ff99d7778c0 00000004f46857d4
0x000000d939cfe2e0:   00000000000004b4 0000021f7ad01c04 

Instructions: (pc=0x00007ff905362c4c)
0x00007ff905362b4c:   41 bf 20 00 00 00 48 8b 04 38 4d 8b 3c 07 0f b6
0x00007ff905362b5c:   bc 24 b0 00 00 00 4c 3b 3d d7 f8 cb 00 41 0f 44
0x00007ff905362b6c:   e9 89 ac 24 a0 00 00 00 48 85 c9 0f 84 d4 07 00
0x00007ff905362b7c:   00 0f 1f 00 4c 8b f1 4c 8d a1 c8 05 00 00 49 8b
0x00007ff905362b8c:   04 24 48 89 84 24 a8 00 00 00 40 84 ff 74 10 48
0x00007ff905362b9c:   8b d1 48 8b 09 e8 ea 8d e3 ff e9 4f 07 00 00 8b
0x00007ff905362bac:   96 d0 01 00 00 48 8b 05 58 dd bb 00 83 b8 64 03
0x00007ff905362bbc:   00 00 02 0f 85 19 02 00 00 83 fa 10 73 0e 48 8d
0x00007ff905362bcc:   42 04 48 8d 04 c2 48 8d 04 c1 eb 60 8d 4a f0 8b
0x00007ff905362bdc:   c1 c1 e8 04 83 f8 03 73 1d 0f ae e8 83 e1 0f 4d
0x00007ff905362bec:   8b 84 c6 80 05 00 00 4d 85 c0 74 25 48 8d 0c c9
0x00007ff905362bfc:   49 8d 04 c8 eb 36 49 8b 86 98 05 00 00 48 85 c0
0x00007ff905362c0c:   74 0f 66 90 39 10 74 2f 48 8b 40 50 48 85 c0 75
0x00007ff905362c1c:   f3 41 80 be a0 05 00 00 00 74 22 8b c2 83 e0 0f
0x00007ff905362c2c:   48 8d 04 c0 48 8d 40 20 49 8d 04 c6 48 85 c0 74
0x00007ff905362c3c:   0c 48 8b 48 08 eb 09 48 83 c0 08 eb ef 49 8b c9
0x00007ff905362c4c:   49 3b 8f f8 56 03 00 0f 86 85 01 00 00 83 fa 10
0x00007ff905362c5c:   73 0a 48 8d 42 04 48 8d 04 c2 eb 5c 8d 4a f0 8b
0x00007ff905362c6c:   c1 c1 e8 04 83 f8 03 73 1d 0f ae e8 83 e1 0f 4d
0x00007ff905362c7c:   8b 84 c6 80 05 00 00 4d 85 c0 74 25 48 8d 0c c9
0x00007ff905362c8c:   49 8d 04 c8 eb 36 49 8b 86 98 05 00 00 48 85 c0
0x00007ff905362c9c:   74 0f 66 90 39 10 74 2f 48 8b 40 50 48 85 c0 75
0x00007ff905362cac:   f3 41 80 be a0 05 00 00 00 74 22 8b c2 83 e0 0f
0x00007ff905362cbc:   48 8d 04 c0 48 8d 40 20 49 8d 04 c6 48 85 c0 74
0x00007ff905362ccc:   0c 48 8b 48 08 eb 09 48 83 c0 08 eb ef 49 8b c9
0x00007ff905362cdc:   49 3b 8e 40 06 00 00 0f 86 f5 00 00 00 48 8b 86
0x00007ff905362cec:   80 02 00 00 49 89 04 24 4c 89 b6 80 02 00 00 ff
0x00007ff905362cfc:   86 88 02 00 00 ba 01 00 00 00 49 8b 4e 08 e8 41
0x00007ff905362d0c:   28 59 00 0f b7 c8 48 2b c1 48 05 00 00 01 00 48
0x00007ff905362d1c:   01 86 90 02 00 00 ba 01 00 00 00 49 8b 4e 08 e8
0x00007ff905362d2c:   20 28 59 00 48 01 86 a0 02 00 00 85 ed 74 75 49
0x00007ff905362d3c:   8b 9f 58 4f 03 00 0f 57 c0 f3 0f 7f 44 24 30 c7 


Stack slot to memory mapping:
stack at sp + 0 slots: 0x0000021f21ae9730 points into unknown readable memory: 0xffffffffffffffff | ff ff ff ff ff ff ff ff
stack at sp + 1 slots: 0x00007ff99c8fd859 USER32.dll
stack at sp + 2 slots: 0x000000d939cfe288 points into unknown readable memory: 0x00007ff90519769c | 9c 76 19 05 f9 7f 00 00
stack at sp + 3 slots: 0x0 is NULL
stack at sp + 4 slots: 0x0000000000000054 is an unknown value
stack at sp + 5 slots: 0x0000021f21ae9730 points into unknown readable memory: 0xffffffffffffffff | ff ff ff ff ff ff ff ff
stack at sp + 6 slots: 0x000000d939cfe440 points into unknown readable memory: 0x0000000000000000 | 00 00 00 00 00 00 00 00
stack at sp + 7 slots: 0x00007ff99d7b0ba4 ntdll.dll

VM_Operation (0x000000d93bbfea20): Exit, mode: safepoint, requested by thread 0x0000021f2153fb00


---------------  P R O C E S S  ---------------

Threads class SMR info:
_java_thread_list=0x0000021f232a7380, length=16, elements={
0x0000021f7f64f150, 0x0000021f7f64fc60, 0x0000021f7f660910, 0x0000021f7f661420,
0x0000021f7f667d60, 0x0000021f7f668670, 0x0000021f7f66c860, 0x0000021f7f675270,
0x0000021f7f67ffb0, 0x0000021f21105d50, 0x0000021f21109b30, 0x0000021f21430c50,
0x0000021f2153f060, 0x0000021f2153fb00, 0x0000021f2153e5c0, 0x0000021f2153e070
}

Java Threads: ( => current thread )
  0x0000021f7f64f150 JavaThread "Reference Handler" daemon [_thread_blocked, id=22676, stack(0x000000d939d00000,0x000000d939e00000)]
  0x0000021f7f64fc60 JavaThread "Finalizer" daemon [_thread_blocked, id=22372, stack(0x000000d939e00000,0x000000d939f00000)]
  0x0000021f7f660910 JavaThread "Signal Dispatcher" daemon [_thread_blocked, id=21216, stack(0x000000d939f00000,0x000000d93a000000)]
  0x0000021f7f661420 JavaThread "Attach Listener" daemon [_thread_blocked, id=19832, stack(0x000000d93a000000,0x000000d93a100000)]
  0x0000021f7f667d60 JavaThread "Service Thread" daemon [_thread_blocked, id=25256, stack(0x000000d93a100000,0x000000d93a200000)]
  0x0000021f7f668670 JavaThread "Monitor Deflation Thread" daemon [_thread_blocked, id=17452, stack(0x000000d93a200000,0x000000d93a300000)]
  0x0000021f7f66c860 JavaThread "C2 CompilerThread0" daemon [_thread_blocked, id=21072, stack(0x000000d93a300000,0x000000d93a400000)]
  0x0000021f7f675270 JavaThread "C1 CompilerThread0" daemon [_thread_blocked, id=19520, stack(0x000000d93a400000,0x000000d93a500000)]
  0x0000021f7f67ffb0 JavaThread "Sweeper thread" daemon [_thread_blocked, id=24252, stack(0x000000d93a500000,0x000000d93a600000)]
  0x0000021f21105d50 JavaThread "Notification Thread" daemon [_thread_blocked, id=24172, stack(0x000000d93a600000,0x000000d93a700000)]
  0x0000021f21109b30 JavaThread "Common-Cleaner" daemon [_thread_blocked, id=7652, stack(0x000000d93a800000,0x000000d93a900000)]
  0x0000021f21430c50 JavaThread "Java2D Disposer" daemon [_thread_blocked, id=23264, stack(0x000000d93a900000,0x000000d93aa00000)]
  0x0000021f2153f060 JavaThread "HighResTimerThread" daemon [_thread_blocked, id=22356, stack(0x000000d93b900000,0x000000d93ba00000)]
  0x0000021f2153fb00 JavaThread "main-FPSAWTAnimator#00-Timer0" [_thread_blocked, id=16420, stack(0x000000d93bb00000,0x000000d93bc00000)]
  0x0000021f2153e5c0 JavaThread "DestroyJavaVM" [_thread_blocked, id=18612, stack(0x000000d939600000,0x000000d939700000)]
  0x0000021f2153e070 JavaThread "AWT-Shutdown" [_thread_blocked, id=23060, stack(0x000000d93ba00000,0x000000d93bb00000)]

Other Threads:
=>0x0000021f7f64c760 VMThread "VM Thread" [stack: 0x000000d939c00000,0x000000d939d00000] [id=20000]
  0x0000021f7b08c270 GCTaskThread "GC Thread#0" [stack: 0x000000d939700000,0x000000d939800000] [id=23516]
  0x0000021f22c17690 GCTaskThread "GC Thread#1" [stack: 0x000000d93b200000,0x000000d93b300000] [id=7276]
  0x0000021f22c19270 GCTaskThread "GC Thread#2" [stack: 0x000000d93b300000,0x000000d93b400000] [id=10996]
  0x0000021f22c18010 GCTaskThread "GC Thread#3" [stack: 0x000000d93b400000,0x000000d93b500000] [id=13400]
  0x0000021f22c18f60 GCTaskThread "GC Thread#4" [stack: 0x000000d93b500000,0x000000d93b600000] [id=11652]
  0x0000021f22c18320 GCTaskThread "GC Thread#5" [stack: 0x000000d93b600000,0x000000d93b700000] [id=11268]
  0x0000021f22c179f0 GCTaskThread "GC Thread#6" [stack: 0x000000d93b700000,0x000000d93b800000] [id=15760]
  0x0000021f22c18630 GCTaskThread "GC Thread#7" [stack: 0x000000d93b800000,0x000000d93b900000] [id=2440]
  0x0000021f7b09ef30 ConcurrentGCThread "G1 Main Marker" terminated
  0x0000021f7b09f930 ConcurrentGCThread "G1 Conc#0" [stack: 0x000000d939900000,0x000000d939a00000] [id=25116]
  0x0000021f7b118ff0 ConcurrentGCThread "G1 Refine#0" terminated
  0x0000021f7b119a00 ConcurrentGCThread "G1 Service" terminated

Threads with active compile tasks:

VM state: at safepoint (shutting down)

VM Mutex/Monitor currently owned by a thread:  ([mutex/lock_event])
[0x0000021f7b038380] Threads_lock - owner thread: 0x0000021f7f64c760
[0x0000021f7b038bf0] Heap_lock - owner thread: 0x0000021f2153fb00

Heap address: 0x0000000703a00000, size: 4038 MB, Compressed Oops mode: Zero based, Oop shift amount: 3

CDS archive(s) mapped at: [0x0000000800000000-0x0000000800bb0000-0x0000000800bb0000), size 12255232, SharedBaseAddress: 0x0000000800000000, ArchiveRelocationMode: 0.
Compressed class space mapped at: 0x0000000800c00000-0x0000000840c00000, reserved size: 1073741824
Narrow klass base: 0x0000000800000000, Narrow klass shift: 3, Narrow klass range: 0x100000000

GC Precious Log:
 CPUs: 8 total, 8 available
 Memory: 16149M
 Large Page Support: Disabled
 NUMA Support: Disabled
 Compressed Oops: Enabled (Zero based)
 Heap Region Size: 2M
 Heap Min Capacity: 8M
 Heap Initial Capacity: 254M
 Heap Max Capacity: 4038M
 Pre-touch: Disabled
 Parallel Workers: 8
 Concurrent Workers: 2
 Concurrent Refinement Workers: 8
 Periodic GC: Disabled

Heap:
 garbage-first heap   total 260096K, used 152259K [0x0000000703a00000, 0x0000000800000000)
  region size 2048K, 75 young (153600K), 2 survivors (4096K)
 Metaspace       used 12520K, committed 12736K, reserved 1064960K
  class space    used 883K, committed 960K, reserved 1048576K

Heap Regions: E=young(eden), S=young(survivor), O=old, HS=humongous(starts), HC=humongous(continues), CS=collection set, F=free, OA=open archive, CA=closed archive, TAMS=top-at-mark-start (previous, next)
|   0|0x0000000703a00000, 0x0000000703c00000, 0x0000000703c00000|100%| O|  |TAMS 0x0000000703a00000, 0x0000000703a00000| Untracked 
|   1|0x0000000703c00000, 0x0000000703c92800, 0x0000000703e00000| 28%| O|  |TAMS 0x0000000703c00000, 0x0000000703c00000| Untracked 
|   2|0x0000000703e00000, 0x0000000703e00000, 0x0000000704000000|  0%| F|  |TAMS 0x0000000703e00000, 0x0000000703e00000| Untracked 
|   3|0x0000000704000000, 0x0000000704000000, 0x0000000704200000|  0%| F|  |TAMS 0x0000000704000000, 0x0000000704000000| Untracked 
|   4|0x0000000704200000, 0x0000000704200000, 0x0000000704400000|  0%| F|  |TAMS 0x0000000704200000, 0x0000000704200000| Untracked 
|   5|0x0000000704400000, 0x0000000704400000, 0x0000000704600000|  0%| F|  |TAMS 0x0000000704400000, 0x0000000704400000| Untracked 
|   6|0x0000000704600000, 0x0000000704600000, 0x0000000704800000|  0%| F|  |TAMS 0x0000000704600000, 0x0000000704600000| Untracked 
|   7|0x0000000704800000, 0x0000000704800000, 0x0000000704a00000|  0%| F|  |TAMS 0x0000000704800000, 0x0000000704800000| Untracked 
|   8|0x0000000704a00000, 0x0000000704a00000, 0x0000000704c00000|  0%| F|  |TAMS 0x0000000704a00000, 0x0000000704a00000| Untracked 
|   9|0x0000000704c00000, 0x0000000704c00000, 0x0000000704e00000|  0%| F|  |TAMS 0x0000000704c00000, 0x0000000704c00000| Untracked 
|  10|0x0000000704e00000, 0x0000000704e00000, 0x0000000705000000|  0%| F|  |TAMS 0x0000000704e00000, 0x0000000704e00000| Untracked 
|  11|0x0000000705000000, 0x0000000705000000, 0x0000000705200000|  0%| F|  |TAMS 0x0000000705000000, 0x0000000705000000| Untracked 
|  12|0x0000000705200000, 0x0000000705200000, 0x0000000705400000|  0%| F|  |TAMS 0x0000000705200000, 0x0000000705200000| Untracked 
|  13|0x0000000705400000, 0x0000000705400000, 0x0000000705600000|  0%| F|  |TAMS 0x0000000705400000, 0x0000000705400000| Untracked 
|  14|0x0000000705600000, 0x0000000705600000, 0x0000000705800000|  0%| F|  |TAMS 0x0000000705600000, 0x0000000705600000| Untracked 
|  15|0x0000000705800000, 0x0000000705800000, 0x0000000705a00000|  0%| F|  |TAMS 0x0000000705800000, 0x0000000705800000| Untracked 
|  16|0x0000000705a00000, 0x0000000705a00000, 0x0000000705c00000|  0%| F|  |TAMS 0x0000000705a00000, 0x0000000705a00000| Untracked 
|  17|0x0000000705c00000, 0x0000000705c00000, 0x0000000705e00000|  0%| F|  |TAMS 0x0000000705c00000, 0x0000000705c00000| Untracked 
|  18|0x0000000705e00000, 0x0000000705e00000, 0x0000000706000000|  0%| F|  |TAMS 0x0000000705e00000, 0x0000000705e00000| Untracked 
|  19|0x0000000706000000, 0x0000000706000000, 0x0000000706200000|  0%| F|  |TAMS 0x0000000706000000, 0x0000000706000000| Untracked 
|  20|0x0000000706200000, 0x0000000706200000, 0x0000000706400000|  0%| F|  |TAMS 0x0000000706200000, 0x0000000706200000| Untracked 
|  21|0x0000000706400000, 0x0000000706400000, 0x0000000706600000|  0%| F|  |TAMS 0x0000000706400000, 0x0000000706400000| Untracked 
|  22|0x0000000706600000, 0x0000000706600000, 0x0000000706800000|  0%| F|  |TAMS 0x0000000706600000, 0x0000000706600000| Untracked 
|  23|0x0000000706800000, 0x0000000706800000, 0x0000000706a00000|  0%| F|  |TAMS 0x0000000706800000, 0x0000000706800000| Untracked 
|  24|0x0000000706a00000, 0x0000000706a00000, 0x0000000706c00000|  0%| F|  |TAMS 0x0000000706a00000, 0x0000000706a00000| Untracked 
|  25|0x0000000706c00000, 0x0000000706c00000, 0x0000000706e00000|  0%| F|  |TAMS 0x0000000706c00000, 0x0000000706c00000| Untracked 
|  26|0x0000000706e00000, 0x0000000706e00000, 0x0000000707000000|  0%| F|  |TAMS 0x0000000706e00000, 0x0000000706e00000| Untracked 
|  27|0x0000000707000000, 0x0000000707000000, 0x0000000707200000|  0%| F|  |TAMS 0x0000000707000000, 0x0000000707000000| Untracked 
|  28|0x0000000707200000, 0x0000000707200000, 0x0000000707400000|  0%| F|  |TAMS 0x0000000707200000, 0x0000000707200000| Untracked 
|  29|0x0000000707400000, 0x0000000707400000, 0x0000000707600000|  0%| F|  |TAMS 0x0000000707400000, 0x0000000707400000| Untracked 
|  30|0x0000000707600000, 0x0000000707600000, 0x0000000707800000|  0%| F|  |TAMS 0x0000000707600000, 0x0000000707600000| Untracked 
|  31|0x0000000707800000, 0x0000000707800000, 0x0000000707a00000|  0%| F|  |TAMS 0x0000000707800000, 0x0000000707800000| Untracked 
|  32|0x0000000707a00000, 0x0000000707a00000, 0x0000000707c00000|  0%| F|  |TAMS 0x0000000707a00000, 0x0000000707a00000| Untracked 
|  33|0x0000000707c00000, 0x0000000707c00000, 0x0000000707e00000|  0%| F|  |TAMS 0x0000000707c00000, 0x0000000707c00000| Untracked 
|  34|0x0000000707e00000, 0x0000000707e00000, 0x0000000708000000|  0%| F|  |TAMS 0x0000000707e00000, 0x0000000707e00000| Untracked 
|  35|0x0000000708000000, 0x0000000708000000, 0x0000000708200000|  0%| F|  |TAMS 0x0000000708000000, 0x0000000708000000| Untracked 
|  36|0x0000000708200000, 0x0000000708200000, 0x0000000708400000|  0%| F|  |TAMS 0x0000000708200000, 0x0000000708200000| Untracked 
|  37|0x0000000708400000, 0x0000000708400000, 0x0000000708600000|  0%| F|  |TAMS 0x0000000708400000, 0x0000000708400000| Untracked 
|  38|0x0000000708600000, 0x0000000708600000, 0x0000000708800000|  0%| F|  |TAMS 0x0000000708600000, 0x0000000708600000| Untracked 
|  39|0x0000000708800000, 0x0000000708800000, 0x0000000708a00000|  0%| F|  |TAMS 0x0000000708800000, 0x0000000708800000| Untracked 
|  40|0x0000000708a00000, 0x0000000708a00000, 0x0000000708c00000|  0%| F|  |TAMS 0x0000000708a00000, 0x0000000708a00000| Untracked 
|  41|0x0000000708c00000, 0x0000000708c00000, 0x0000000708e00000|  0%| F|  |TAMS 0x0000000708c00000, 0x0000000708c00000| Untracked 
|  42|0x0000000708e00000, 0x0000000708e00000, 0x0000000709000000|  0%| F|  |TAMS 0x0000000708e00000, 0x0000000708e00000| Untracked 
|  43|0x0000000709000000, 0x0000000709000000, 0x0000000709200000|  0%| F|  |TAMS 0x0000000709000000, 0x0000000709000000| Untracked 
|  44|0x0000000709200000, 0x0000000709200000, 0x0000000709400000|  0%| F|  |TAMS 0x0000000709200000, 0x0000000709200000| Untracked 
|  45|0x0000000709400000, 0x0000000709400000, 0x0000000709600000|  0%| F|  |TAMS 0x0000000709400000, 0x0000000709400000| Untracked 
|  46|0x0000000709600000, 0x0000000709600000, 0x0000000709800000|  0%| F|  |TAMS 0x0000000709600000, 0x0000000709600000| Untracked 
|  47|0x0000000709800000, 0x0000000709800000, 0x0000000709a00000|  0%| F|  |TAMS 0x0000000709800000, 0x0000000709800000| Untracked 
|  48|0x0000000709a00000, 0x0000000709a00000, 0x0000000709c00000|  0%| F|  |TAMS 0x0000000709a00000, 0x0000000709a00000| Untracked 
|  49|0x0000000709c00000, 0x0000000709c00000, 0x0000000709e00000|  0%| F|  |TAMS 0x0000000709c00000, 0x0000000709c00000| Untracked 
|  50|0x0000000709e00000, 0x0000000709e00000, 0x000000070a000000|  0%| F|  |TAMS 0x0000000709e00000, 0x0000000709e00000| Untracked 
|  51|0x000000070a000000, 0x000000070a000000, 0x000000070a200000|  0%| F|  |TAMS 0x000000070a000000, 0x000000070a000000| Untracked 
|  52|0x000000070a200000, 0x000000070a21e698, 0x000000070a400000|  5%| S|CS|TAMS 0x000000070a200000, 0x000000070a200000| Complete 
|  53|0x000000070a400000, 0x000000070a600000, 0x000000070a600000|100%| S|CS|TAMS 0x000000070a400000, 0x000000070a400000| Complete 
|  54|0x000000070a600000, 0x000000070a800000, 0x000000070a800000|100%| E|  |TAMS 0x000000070a600000, 0x000000070a600000| Complete 
|  55|0x000000070a800000, 0x000000070aa00000, 0x000000070aa00000|100%| E|CS|TAMS 0x000000070a800000, 0x000000070a800000| Complete 
|  56|0x000000070aa00000, 0x000000070ac00000, 0x000000070ac00000|100%| E|CS|TAMS 0x000000070aa00000, 0x000000070aa00000| Complete 
|  57|0x000000070ac00000, 0x000000070ae00000, 0x000000070ae00000|100%| E|CS|TAMS 0x000000070ac00000, 0x000000070ac00000| Complete 
|  58|0x000000070ae00000, 0x000000070b000000, 0x000000070b000000|100%| E|CS|TAMS 0x000000070ae00000, 0x000000070ae00000| Complete 
|  59|0x000000070b000000, 0x000000070b200000, 0x000000070b200000|100%| E|CS|TAMS 0x000000070b000000, 0x000000070b000000| Complete 
|  60|0x000000070b200000, 0x000000070b400000, 0x000000070b400000|100%| E|CS|TAMS 0x000000070b200000, 0x000000070b200000| Complete 
|  61|0x000000070b400000, 0x000000070b600000, 0x000000070b600000|100%| E|CS|TAMS 0x000000070b400000, 0x000000070b400000| Complete 
|  62|0x000000070b600000, 0x000000070b800000, 0x000000070b800000|100%| E|CS|TAMS 0x000000070b600000, 0x000000070b600000| Complete 
|  63|0x000000070b800000, 0x000000070ba00000, 0x000000070ba00000|100%| E|CS|TAMS 0x000000070b800000, 0x000000070b800000| Complete 
|  64|0x000000070ba00000, 0x000000070bc00000, 0x000000070bc00000|100%| E|CS|TAMS 0x000000070ba00000, 0x000000070ba00000| Complete 
|  65|0x000000070bc00000, 0x000000070be00000, 0x000000070be00000|100%| E|CS|TAMS 0x000000070bc00000, 0x000000070bc00000| Complete 
|  66|0x000000070be00000, 0x000000070c000000, 0x000000070c000000|100%| E|CS|TAMS 0x000000070be00000, 0x000000070be00000| Complete 
|  67|0x000000070c000000, 0x000000070c200000, 0x000000070c200000|100%| E|CS|TAMS 0x000000070c000000, 0x000000070c000000| Complete 
|  68|0x000000070c200000, 0x000000070c400000, 0x000000070c400000|100%| E|CS|TAMS 0x000000070c200000, 0x000000070c200000| Complete 
|  69|0x000000070c400000, 0x000000070c600000, 0x000000070c600000|100%| E|CS|TAMS 0x000000070c400000, 0x000000070c400000| Complete 
|  70|0x000000070c600000, 0x000000070c800000, 0x000000070c800000|100%| E|CS|TAMS 0x000000070c600000, 0x000000070c600000| Complete 
|  71|0x000000070c800000, 0x000000070ca00000, 0x000000070ca00000|100%| E|CS|TAMS 0x000000070c800000, 0x000000070c800000| Complete 
|  72|0x000000070ca00000, 0x000000070cc00000, 0x000000070cc00000|100%| E|CS|TAMS 0x000000070ca00000, 0x000000070ca00000| Complete 
|  73|0x000000070cc00000, 0x000000070ce00000, 0x000000070ce00000|100%| E|CS|TAMS 0x000000070cc00000, 0x000000070cc00000| Complete 
|  74|0x000000070ce00000, 0x000000070d000000, 0x000000070d000000|100%| E|CS|TAMS 0x000000070ce00000, 0x000000070ce00000| Complete 
|  75|0x000000070d000000, 0x000000070d200000, 0x000000070d200000|100%| E|CS|TAMS 0x000000070d000000, 0x000000070d000000| Complete 
|  76|0x000000070d200000, 0x000000070d400000, 0x000000070d400000|100%| E|CS|TAMS 0x000000070d200000, 0x000000070d200000| Complete 
|  77|0x000000070d400000, 0x000000070d600000, 0x000000070d600000|100%| E|CS|TAMS 0x000000070d400000, 0x000000070d400000| Complete 
|  78|0x000000070d600000, 0x000000070d800000, 0x000000070d800000|100%| E|CS|TAMS 0x000000070d600000, 0x000000070d600000| Complete 
|  79|0x000000070d800000, 0x000000070da00000, 0x000000070da00000|100%| E|CS|TAMS 0x000000070d800000, 0x000000070d800000| Complete 
|  80|0x000000070da00000, 0x000000070dc00000, 0x000000070dc00000|100%| E|CS|TAMS 0x000000070da00000, 0x000000070da00000| Complete 
|  81|0x000000070dc00000, 0x000000070de00000, 0x000000070de00000|100%| E|CS|TAMS 0x000000070dc00000, 0x000000070dc00000| Complete 
|  82|0x000000070de00000, 0x000000070e000000, 0x000000070e000000|100%| E|CS|TAMS 0x000000070de00000, 0x000000070de00000| Complete 
|  83|0x000000070e000000, 0x000000070e200000, 0x000000070e200000|100%| E|CS|TAMS 0x000000070e000000, 0x000000070e000000| Complete 
|  84|0x000000070e200000, 0x000000070e400000, 0x000000070e400000|100%| E|CS|TAMS 0x000000070e200000, 0x000000070e200000| Complete 
|  85|0x000000070e400000, 0x000000070e600000, 0x000000070e600000|100%| E|CS|TAMS 0x000000070e400000, 0x000000070e400000| Complete 
|  86|0x000000070e600000, 0x000000070e800000, 0x000000070e800000|100%| E|CS|TAMS 0x000000070e600000, 0x000000070e600000| Complete 
|  87|0x000000070e800000, 0x000000070ea00000, 0x000000070ea00000|100%| E|CS|TAMS 0x000000070e800000, 0x000000070e800000| Complete 
|  88|0x000000070ea00000, 0x000000070ec00000, 0x000000070ec00000|100%| E|CS|TAMS 0x000000070ea00000, 0x000000070ea00000| Complete 
|  89|0x000000070ec00000, 0x000000070ee00000, 0x000000070ee00000|100%| E|CS|TAMS 0x000000070ec00000, 0x000000070ec00000| Complete 
|  90|0x000000070ee00000, 0x000000070f000000, 0x000000070f000000|100%| E|CS|TAMS 0x000000070ee00000, 0x000000070ee00000| Complete 
|  91|0x000000070f000000, 0x000000070f200000, 0x000000070f200000|100%| E|CS|TAMS 0x000000070f000000, 0x000000070f000000| Complete 
|  92|0x000000070f200000, 0x000000070f400000, 0x000000070f400000|100%| E|CS|TAMS 0x000000070f200000, 0x000000070f200000| Complete 
|  93|0x000000070f400000, 0x000000070f600000, 0x000000070f600000|100%| E|CS|TAMS 0x000000070f400000, 0x000000070f400000| Complete 
|  94|0x000000070f600000, 0x000000070f800000, 0x000000070f800000|100%| E|CS|TAMS 0x000000070f600000, 0x000000070f600000| Complete 
|  95|0x000000070f800000, 0x000000070fa00000, 0x000000070fa00000|100%| E|CS|TAMS 0x000000070f800000, 0x000000070f800000| Complete 
|  96|0x000000070fa00000, 0x000000070fc00000, 0x000000070fc00000|100%| E|CS|TAMS 0x000000070fa00000, 0x000000070fa00000| Complete 
|  97|0x000000070fc00000, 0x000000070fe00000, 0x000000070fe00000|100%| E|CS|TAMS 0x000000070fc00000, 0x000000070fc00000| Complete 
|  98|0x000000070fe00000, 0x0000000710000000, 0x0000000710000000|100%| E|CS|TAMS 0x000000070fe00000, 0x000000070fe00000| Complete 
|  99|0x0000000710000000, 0x0000000710200000, 0x0000000710200000|100%| E|CS|TAMS 0x0000000710000000, 0x0000000710000000| Complete 
| 100|0x0000000710200000, 0x0000000710400000, 0x0000000710400000|100%| E|CS|TAMS 0x0000000710200000, 0x0000000710200000| Complete 
| 101|0x0000000710400000, 0x0000000710600000, 0x0000000710600000|100%| E|CS|TAMS 0x0000000710400000, 0x0000000710400000| Complete 
| 102|0x0000000710600000, 0x0000000710800000, 0x0000000710800000|100%| E|CS|TAMS 0x0000000710600000, 0x0000000710600000| Complete 
| 103|0x0000000710800000, 0x0000000710a00000, 0x0000000710a00000|100%| E|CS|TAMS 0x0000000710800000, 0x0000000710800000| Complete 
| 104|0x0000000710a00000, 0x0000000710c00000, 0x0000000710c00000|100%| E|CS|TAMS 0x0000000710a00000, 0x0000000710a00000| Complete 
| 105|0x0000000710c00000, 0x0000000710e00000, 0x0000000710e00000|100%| E|CS|TAMS 0x0000000710c00000, 0x0000000710c00000| Complete 
| 106|0x0000000710e00000, 0x0000000711000000, 0x0000000711000000|100%| E|CS|TAMS 0x0000000710e00000, 0x0000000710e00000| Complete 
| 107|0x0000000711000000, 0x0000000711200000, 0x0000000711200000|100%| E|CS|TAMS 0x0000000711000000, 0x0000000711000000| Complete 
| 108|0x0000000711200000, 0x0000000711400000, 0x0000000711400000|100%| E|CS|TAMS 0x0000000711200000, 0x0000000711200000| Complete 
| 109|0x0000000711400000, 0x0000000711600000, 0x0000000711600000|100%| E|CS|TAMS 0x0000000711400000, 0x0000000711400000| Complete 
| 110|0x0000000711600000, 0x0000000711800000, 0x0000000711800000|100%| E|CS|TAMS 0x0000000711600000, 0x0000000711600000| Complete 
| 111|0x0000000711800000, 0x0000000711a00000, 0x0000000711a00000|100%| E|CS|TAMS 0x0000000711800000, 0x0000000711800000| Complete 
| 112|0x0000000711a00000, 0x0000000711c00000, 0x0000000711c00000|100%| E|CS|TAMS 0x0000000711a00000, 0x0000000711a00000| Complete 
| 113|0x0000000711c00000, 0x0000000711e00000, 0x0000000711e00000|100%| E|CS|TAMS 0x0000000711c00000, 0x0000000711c00000| Complete 
| 114|0x0000000711e00000, 0x0000000712000000, 0x0000000712000000|100%| E|CS|TAMS 0x0000000711e00000, 0x0000000711e00000| Complete 
| 115|0x0000000712000000, 0x0000000712200000, 0x0000000712200000|100%| E|CS|TAMS 0x0000000712000000, 0x0000000712000000| Complete 
| 116|0x0000000712200000, 0x0000000712400000, 0x0000000712400000|100%| E|CS|TAMS 0x0000000712200000, 0x0000000712200000| Complete 
| 117|0x0000000712400000, 0x0000000712600000, 0x0000000712600000|100%| E|CS|TAMS 0x0000000712400000, 0x0000000712400000| Complete 
| 118|0x0000000712600000, 0x0000000712800000, 0x0000000712800000|100%| E|CS|TAMS 0x0000000712600000, 0x0000000712600000| Complete 
| 119|0x0000000712800000, 0x0000000712a00000, 0x0000000712a00000|100%| E|CS|TAMS 0x0000000712800000, 0x0000000712800000| Complete 
| 120|0x0000000712a00000, 0x0000000712c00000, 0x0000000712c00000|100%| E|CS|TAMS 0x0000000712a00000, 0x0000000712a00000| Complete 
| 121|0x0000000712c00000, 0x0000000712e00000, 0x0000000712e00000|100%| E|CS|TAMS 0x0000000712c00000, 0x0000000712c00000| Complete 
| 122|0x0000000712e00000, 0x0000000713000000, 0x0000000713000000|100%| E|CS|TAMS 0x0000000712e00000, 0x0000000712e00000| Complete 
| 123|0x0000000713000000, 0x0000000713200000, 0x0000000713200000|100%| E|CS|TAMS 0x0000000713000000, 0x0000000713000000| Complete 
| 124|0x0000000713200000, 0x0000000713400000, 0x0000000713400000|100%| E|CS|TAMS 0x0000000713200000, 0x0000000713200000| Complete 
| 125|0x0000000713400000, 0x0000000713600000, 0x0000000713600000|100%| E|CS|TAMS 0x0000000713400000, 0x0000000713400000| Complete 
| 126|0x0000000713600000, 0x0000000713800000, 0x0000000713800000|100%| E|CS|TAMS 0x0000000713600000, 0x0000000713600000| Complete 

Card table byte_map: [0x0000021f7dbb0000,0x0000021f7e3a0000] _byte_map_base: 0x0000021f7a393000

Marking Bits (Prev, Next): (CMBitMap*) 0x0000021f7b08e890, (CMBitMap*) 0x0000021f7b08e8d0
 Prev Bits: [0x0000021f166a0000, 0x0000021f1a5b8000)
 Next Bits: [0x0000021f1a5c0000, 0x0000021f1e4d8000)

Polling page: 0x0000021f7aed0000

Metaspace:

Usage:
  Non-class:     11.36 MB used.
      Class:    883.93 KB used.
       Both:     12.23 MB used.

Virtual space:
  Non-class space:       16.00 MB reserved,      11.50 MB ( 72%) committed,  2 nodes.
      Class space:        1.00 GB reserved,     960.00 KB ( <1%) committed,  1 nodes.
              Both:        1.02 GB reserved,      12.44 MB (  1%) committed. 

Chunk freelists:
   Non-Class:  48.00 KB
       Class:  2.94 MB
        Both:  2.98 MB

MaxMetaspaceSize: 17179869184.00 GB
CompressedClassSpaceSize: 1.00 GB
 - commit_granule_bytes: 65536.
 - commit_granule_words: 8192.
 - virtual_space_node_default_size: 1048576.
 - enlarge_chunks_in_place: 1.
 - new_chunks_are_fully_committed: 0.
 - uncommit_free_chunks: 1.
 - use_allocation_guard: 0.
 - handle_deallocations: 1.


Internal statistics:

num_allocs_failed_limit: 0.
num_arena_births: 86.
num_arena_deaths: 0.
num_vsnodes_births: 3.
num_vsnodes_deaths: 0.
num_space_committed: 195.
num_space_uncommitted: 0.
num_chunks_returned_to_freelist: 0.
num_chunks_taken_from_freelist: 339.
num_chunk_merges: 0.
num_chunk_splits: 273.
num_chunks_enlarged: 221.
num_purges: 0.

CodeHeap 'non-profiled nmethods': size=120000Kb used=705Kb max_used=705Kb free=119294Kb
 bounds [0x0000021f0f170000, 0x0000021f0f3e0000, 0x0000021f166a0000]
CodeHeap 'profiled nmethods': size=120000Kb used=2981Kb max_used=2981Kb free=117018Kb
 bounds [0x0000021f07c40000, 0x0000021f07f30000, 0x0000021f0f170000]
CodeHeap 'non-nmethods': size=5760Kb used=1539Kb max_used=1565Kb free=4220Kb
 bounds [0x0000021f076a0000, 0x0000021f07910000, 0x0000021f07c40000]
 total_blobs=2549 nmethods=1621 adapters=841
 compilation: enabled
              stopped_count=0, restarted_count=0
 full_count=0

Compilation events (20 events):
Event: 6.844 Thread 0x0000021f7f675270 1611       3       processing.opengl.PJOGL::disable (16 bytes)
Event: 6.844 Thread 0x0000021f7f675270 nmethod 1611 0x0000021f07f14190 code [0x0000021f07f14340, 0x0000021f07f14568]
Event: 6.844 Thread 0x0000021f7f675270 1612       3       jogamp.opengl.gl4.GL4bcImpl::glDisable (43 bytes)
Event: 6.844 Thread 0x0000021f7f675270 nmethod 1612 0x0000021f07f14610 code [0x0000021f07f148a0, 0x0000021f07f15498]
Event: 6.871 Thread 0x0000021f7f675270 1614  s    3       jogamp.opengl.FPSCounterImpl::tickFPS (144 bytes)
Event: 6.872 Thread 0x0000021f7f675270 nmethod 1614 0x0000021f07f15890 code [0x0000021f07f15ac0, 0x0000021f07f160f8]
Event: 6.899 Thread 0x0000021f7f675270 1615       3       processing.opengl.PShader::loadAttributes (165 bytes)
Event: 6.900 Thread 0x0000021f7f675270 nmethod 1615 0x0000021f07f16310 code [0x0000021f07f16700, 0x0000021f07f17e18]
Event: 6.900 Thread 0x0000021f7f675270 1616       3       processing.opengl.PShader::loadUniforms (310 bytes)
Event: 6.901 Thread 0x0000021f7f675270 nmethod 1616 0x0000021f07f18590 code [0x0000021f07f18b80, 0x0000021f07f1b4b8]
Event: 6.901 Thread 0x0000021f7f675270 1617       3       processing.opengl.PShader::bind (47 bytes)
Event: 6.901 Thread 0x0000021f7f675270 nmethod 1617 0x0000021f07f1c210 code [0x0000021f07f1c400, 0x0000021f07f1c888]
Event: 6.901 Thread 0x0000021f7f675270 1618       3       processing.opengl.PShader::consumeUniforms (1115 bytes)
Event: 6.904 Thread 0x0000021f7f675270 nmethod 1618 0x0000021f07f1ca10 code [0x0000021f07f1d380, 0x0000021f07f243b8]
Event: 6.904 Thread 0x0000021f7f675270 1619       3       processing.opengl.PShader::bindTextures (137 bytes)
Event: 6.904 Thread 0x0000021f7f675270 nmethod 1619 0x0000021f07f26890 code [0x0000021f07f26c00, 0x0000021f07f28598]
Event: 6.904 Thread 0x0000021f7f675270 1620       3       processing.opengl.PShader::setVertexAttribute (17 bytes)
Event: 6.904 Thread 0x0000021f7f675270 nmethod 1620 0x0000021f07f28d90 code [0x0000021f07f28f40, 0x0000021f07f290c8]
Event: 6.953 Thread 0x0000021f7f675270 1621       3       java.lang.ClassLoader::findNative (21 bytes)
Event: 6.954 Thread 0x0000021f7f675270 nmethod 1621 0x0000021f07f29190 code [0x0000021f07f29360, 0x0000021f07f29578]

GC Heap History (20 events):
Event: 3.264 GC heap before
{Heap before GC invocations=6 (full 0):
 garbage-first heap   total 260096K, used 154453K [0x0000000703a00000, 0x0000000800000000)
  region size 2048K, 76 young (155648K), 3 survivors (6144K)
 Metaspace       used 12345K, committed 12544K, reserved 1064960K
  class space    used 880K, committed 960K, reserved 1048576K
}
Event: 3.269 GC heap after
{Heap after GC invocations=7 (full 0):
 garbage-first heap   total 260096K, used 4820K [0x0000000703a00000, 0x0000000800000000)
  region size 2048K, 3 young (6144K), 3 survivors (6144K)
 Metaspace       used 12345K, committed 12544K, reserved 1064960K
  class space    used 880K, committed 960K, reserved 1048576K
}
Event: 3.628 GC heap before
{Heap before GC invocations=7 (full 0):
 garbage-first heap   total 260096K, used 154324K [0x0000000703a00000, 0x0000000800000000)
  region size 2048K, 76 young (155648K), 3 survivors (6144K)
 Metaspace       used 12351K, committed 12544K, reserved 1064960K
  class space    used 880K, committed 960K, reserved 1048576K
}
Event: 3.631 GC heap after
{Heap after GC invocations=8 (full 0):
 garbage-first heap   total 260096K, used 4948K [0x0000000703a00000, 0x0000000800000000)
  region size 2048K, 3 young (6144K), 3 survivors (6144K)
 Metaspace       used 12351K, committed 12544K, reserved 1064960K
  class space    used 880K, committed 960K, reserved 1048576K
}
Event: 3.983 GC heap before
{Heap before GC invocations=8 (full 0):
 garbage-first heap   total 260096K, used 154452K [0x0000000703a00000, 0x0000000800000000)
  region size 2048K, 76 young (155648K), 3 survivors (6144K)
 Metaspace       used 12396K, committed 12544K, reserved 1064960K
  class space    used 880K, committed 960K, reserved 1048576K
}
Event: 3.985 GC heap after
{Heap after GC invocations=9 (full 0):
 garbage-first heap   total 260096K, used 4712K [0x0000000703a00000, 0x0000000800000000)
  region size 2048K, 3 young (6144K), 3 survivors (6144K)
 Metaspace       used 12396K, committed 12544K, reserved 1064960K
  class space    used 880K, committed 960K, reserved 1048576K
}
Event: 4.352 GC heap before
{Heap before GC invocations=9 (full 0):
 garbage-first heap   total 260096K, used 154216K [0x0000000703a00000, 0x0000000800000000)
  region size 2048K, 76 young (155648K), 3 survivors (6144K)
 Metaspace       used 12405K, committed 12544K, reserved 1064960K
  class space    used 880K, committed 960K, reserved 1048576K
}
Event: 4.354 GC heap after
{Heap after GC invocations=10 (full 0):
 garbage-first heap   total 260096K, used 4833K [0x0000000703a00000, 0x0000000800000000)
  region size 2048K, 3 young (6144K), 3 survivors (6144K)
 Metaspace       used 12405K, committed 12544K, reserved 1064960K
  class space    used 880K, committed 960K, reserved 1048576K
}
Event: 4.724 GC heap before
{Heap before GC invocations=10 (full 0):
 garbage-first heap   total 260096K, used 154337K [0x0000000703a00000, 0x0000000800000000)
  region size 2048K, 76 young (155648K), 3 survivors (6144K)
 Metaspace       used 12412K, committed 12544K, reserved 1064960K
  class space    used 880K, committed 960K, reserved 1048576K
}
Event: 4.727 GC heap after
{Heap after GC invocations=11 (full 0):
 garbage-first heap   total 260096K, used 4958K [0x0000000703a00000, 0x0000000800000000)
  region size 2048K, 3 young (6144K), 3 survivors (6144K)
 Metaspace       used 12412K, committed 12544K, reserved 1064960K
  class space    used 880K, committed 960K, reserved 1048576K
}
Event: 5.102 GC heap before
{Heap before GC invocations=11 (full 0):
 garbage-first heap   total 260096K, used 154462K [0x0000000703a00000, 0x0000000800000000)
  region size 2048K, 76 young (155648K), 3 survivors (6144K)
 Metaspace       used 12442K, committed 12672K, reserved 1064960K
  class space    used 880K, committed 960K, reserved 1048576K
}
Event: 5.104 GC heap after
{Heap after GC invocations=12 (full 0):
 garbage-first heap   total 260096K, used 4833K [0x0000000703a00000, 0x0000000800000000)
  region size 2048K, 3 young (6144K), 3 survivors (6144K)
 Metaspace       used 12442K, committed 12672K, reserved 1064960K
  class space    used 880K, committed 960K, reserved 1048576K
}
Event: 5.487 GC heap before
{Heap before GC invocations=12 (full 0):
 garbage-first heap   total 260096K, used 154337K [0x0000000703a00000, 0x0000000800000000)
  region size 2048K, 76 young (155648K), 3 survivors (6144K)
 Metaspace       used 12442K, committed 12672K, reserved 1064960K
  class space    used 880K, committed 960K, reserved 1048576K
}
Event: 5.490 GC heap after
{Heap after GC invocations=13 (full 0):
 garbage-first heap   total 260096K, used 4963K [0x0000000703a00000, 0x0000000800000000)
  region size 2048K, 3 young (6144K), 3 survivors (6144K)
 Metaspace       used 12442K, committed 12672K, reserved 1064960K
  class space    used 880K, committed 960K, reserved 1048576K
}
Event: 5.823 GC heap before
{Heap before GC invocations=13 (full 0):
 garbage-first heap   total 260096K, used 154467K [0x0000000703a00000, 0x0000000800000000)
  region size 2048K, 76 young (155648K), 3 survivors (6144K)
 Metaspace       used 12442K, committed 12672K, reserved 1064960K
  class space    used 880K, committed 960K, reserved 1048576K
}
Event: 5.825 GC heap after
{Heap after GC invocations=14 (full 0):
 garbage-first heap   total 260096K, used 4968K [0x0000000703a00000, 0x0000000800000000)
  region size 2048K, 3 young (6144K), 3 survivors (6144K)
 Metaspace       used 12442K, committed 12672K, reserved 1064960K
  class space    used 880K, committed 960K, reserved 1048576K
}
Event: 6.185 GC heap before
{Heap before GC invocations=14 (full 0):
 garbage-first heap   total 260096K, used 154472K [0x0000000703a00000, 0x0000000800000000)
  region size 2048K, 76 young (155648K), 3 survivors (6144K)
 Metaspace       used 12445K, committed 12672K, reserved 1064960K
  class space    used 880K, committed 960K, reserved 1048576K
}
Event: 6.188 GC heap after
{Heap after GC invocations=15 (full 0):
 garbage-first heap   total 260096K, used 5077K [0x0000000703a00000, 0x0000000800000000)
  region size 2048K, 3 young (6144K), 3 survivors (6144K)
 Metaspace       used 12445K, committed 12672K, reserved 1064960K
  class space    used 880K, committed 960K, reserved 1048576K
}
Event: 6.561 GC heap before
{Heap before GC invocations=15 (full 0):
 garbage-first heap   total 260096K, used 154581K [0x0000000703a00000, 0x0000000800000000)
  region size 2048K, 76 young (155648K), 3 survivors (6144K)
 Metaspace       used 12445K, committed 12672K, reserved 1064960K
  class space    used 880K, committed 960K, reserved 1048576K
}
Event: 6.564 GC heap after
{Heap after GC invocations=16 (full 0):
 garbage-first heap   total 260096K, used 4803K [0x0000000703a00000, 0x0000000800000000)
  region size 2048K, 2 young (4096K), 2 survivors (4096K)
 Metaspace       used 12445K, committed 12672K, reserved 1064960K
  class space    used 880K, committed 960K, reserved 1048576K
}

Deoptimization events (20 events):
Event: 1.354 Thread 0x0000021f2153fb00 DEOPT PACKING pc=0x0000021f0f1dbadc sp=0x000000d93bbfe940
Event: 1.354 Thread 0x0000021f2153fb00 DEOPT UNPACKING pc=0x0000021f076ef92e sp=0x000000d93bbfe8c8 mode 2
Event: 1.416 Thread 0x0000021f213de660 Uncommon trap: trap_request=0xffffff45 fr.pc=0x0000021f0f1dbf00 relative=0x0000000000000060
Event: 1.416 Thread 0x0000021f213de660 Uncommon trap: reason=unstable_if action=reinterpret pc=0x0000021f0f1dbf00 method=java.util.HashMap.keySet()Ljava/util/Set; @ 6 c2
Event: 1.416 Thread 0x0000021f213de660 DEOPT PACKING pc=0x0000021f0f1dbf00 sp=0x000000d93aaff0f0
Event: 1.416 Thread 0x0000021f213de660 DEOPT UNPACKING pc=0x0000021f076ef92e sp=0x000000d93aaff088 mode 2
Event: 1.417 Thread 0x0000021f213de660 Uncommon trap: trap_request=0xffffff45 fr.pc=0x0000021f0f1db16c relative=0x00000000000000cc
Event: 1.417 Thread 0x0000021f213de660 Uncommon trap: reason=unstable_if action=reinterpret pc=0x0000021f0f1db16c method=java.util.HashMap$HashIterator.<init>(Ljava/util/HashMap;)V @ 38 c2
Event: 1.417 Thread 0x0000021f213de660 DEOPT PACKING pc=0x0000021f0f1db16c sp=0x000000d93aaff0e0
Event: 1.417 Thread 0x0000021f213de660 DEOPT UNPACKING pc=0x0000021f076ef92e sp=0x000000d93aafefb0 mode 2
Event: 1.535 Thread 0x0000021f2153fb00 DEOPT PACKING pc=0x0000021f07e9f2af sp=0x000000d93bbfeb50
Event: 1.535 Thread 0x0000021f2153fb00 DEOPT UNPACKING pc=0x0000021f076ee77e sp=0x000000d93bbfe088 mode 0
Event: 1.565 Thread 0x0000021f2153fb00 DEOPT PACKING pc=0x0000021f07e9f2af sp=0x000000d93bbfeb50
Event: 1.565 Thread 0x0000021f2153fb00 DEOPT UNPACKING pc=0x0000021f076ee77e sp=0x000000d93bbfe088 mode 0
Event: 1.602 Thread 0x0000021f2153fb00 DEOPT PACKING pc=0x0000021f07e9f2af sp=0x000000d93bbfeb50
Event: 1.602 Thread 0x0000021f2153fb00 DEOPT UNPACKING pc=0x0000021f076ee77e sp=0x000000d93bbfe088 mode 0
Event: 1.811 Thread 0x0000021f2153fb00 DEOPT PACKING pc=0x0000021f07ea2eaf sp=0x000000d93bbfebb0
Event: 1.811 Thread 0x0000021f2153fb00 DEOPT UNPACKING pc=0x0000021f076ee77e sp=0x000000d93bbfe090 mode 0
Event: 1.852 Thread 0x0000021f2153fb00 DEOPT PACKING pc=0x0000021f07ea2eaf sp=0x000000d93bbfebb0
Event: 1.852 Thread 0x0000021f2153fb00 DEOPT UNPACKING pc=0x0000021f076ee77e sp=0x000000d93bbfe090 mode 0

Classes unloaded (0 events):
No events

Classes redefined (0 events):
No events

Internal exceptions (20 events):
Event: 1.191 Thread 0x0000021f2153fb00 Exception <a 'java/lang/NullPointerException'{0x0000000712554f70}> (0x0000000712554f70) 
thrown [t:\workspace\open\src\hotspot\share\runtime\sharedRuntime.cpp, line 624]
Event: 1.191 Thread 0x0000021f2153fb00 Implicit null exception at 0x0000021f07e1f1c5 to 0x0000021f07e1fa3f
Event: 1.191 Thread 0x0000021f2153fb00 Exception <a 'java/lang/NullPointerException'{0x00000007125553e8}> (0x00000007125553e8) 
thrown [t:\workspace\open\src\hotspot\share\runtime\sharedRuntime.cpp, line 624]
Event: 1.191 Thread 0x0000021f2153fb00 Implicit null exception at 0x0000021f07e1f1c5 to 0x0000021f07e1fa3f
Event: 1.191 Thread 0x0000021f2153fb00 Exception <a 'java/lang/NullPointerException'{0x0000000712555890}> (0x0000000712555890) 
thrown [t:\workspace\open\src\hotspot\share\runtime\sharedRuntime.cpp, line 624]
Event: 1.191 Thread 0x0000021f2153fb00 Implicit null exception at 0x0000021f07e1f1c5 to 0x0000021f07e1fa3f
Event: 1.191 Thread 0x0000021f2153fb00 Exception <a 'java/lang/NullPointerException'{0x0000000712555c48}> (0x0000000712555c48) 
thrown [t:\workspace\open\src\hotspot\share\runtime\sharedRuntime.cpp, line 624]
Event: 1.191 Thread 0x0000021f2153fb00 Implicit null exception at 0x0000021f07e1f1c5 to 0x0000021f07e1fa3f
Event: 1.191 Thread 0x0000021f2153fb00 Exception <a 'java/lang/NullPointerException'{0x0000000712555fc0}> (0x0000000712555fc0) 
thrown [t:\workspace\open\src\hotspot\share\runtime\sharedRuntime.cpp, line 624]
Event: 1.191 Thread 0x0000021f2153fb00 Implicit null exception at 0x0000021f07e1f1c5 to 0x0000021f07e1fa3f
Event: 1.191 Thread 0x0000021f2153fb00 Exception <a 'java/lang/NullPointerException'{0x0000000712556338}> (0x0000000712556338) 
thrown [t:\workspace\open\src\hotspot\share\runtime\sharedRuntime.cpp, line 624]
Event: 1.191 Thread 0x0000021f2153fb00 Implicit null exception at 0x0000021f07e1f1c5 to 0x0000021f07e1fa3f
Event: 1.191 Thread 0x0000021f2153fb00 Exception <a 'java/lang/NullPointerException'{0x00000007125568b0}> (0x00000007125568b0) 
thrown [t:\workspace\open\src\hotspot\share\runtime\sharedRuntime.cpp, line 624]
Event: 1.191 Thread 0x0000021f2153fb00 Implicit null exception at 0x0000021f07e1f1c5 to 0x0000021f07e1fa3f
Event: 1.191 Thread 0x0000021f2153fb00 Exception <a 'java/lang/NullPointerException'{0x0000000712556ce8}> (0x0000000712556ce8) 
thrown [t:\workspace\open\src\hotspot\share\runtime\sharedRuntime.cpp, line 624]
Event: 1.191 Thread 0x0000021f2153fb00 Implicit null exception at 0x0000021f0f1d2fcb to 0x0000021f0f1d3457
Event: 1.191 Thread 0x0000021f2153fb00 Implicit null exception at 0x0000021f0f1d2fcb to 0x0000021f0f1d3457
Event: 1.191 Thread 0x0000021f2153fb00 Implicit null exception at 0x0000021f0f1d2fcb to 0x0000021f0f1d3457
Event: 1.203 Thread 0x0000021f2153fb00 Implicit null exception at 0x0000021f0f1d56fb to 0x0000021f0f1d58a7
Event: 6.926 Thread 0x0000021f2153f5b0 Exception <a 'java/lang/InterruptedException'{0x000000070a800000}> (0x000000070a800000) 
thrown [t:\workspace\open\src\hotspot\share\runtime\objectMonitor.cpp, line 1705]

Events (20 events):
Event: 5.823 Executing  VM operation: G1CollectForAllocation
Event: 5.825 Executing  VM operation: G1CollectForAllocation done
Event: 6.185 Executing  VM operation: G1CollectForAllocation
Event: 6.188 Executing  VM operation: G1CollectForAllocation done
Event: 6.561 Executing  VM operation: G1CollectForAllocation
Event: 6.564 Executing  VM operation: G1CollectForAllocation done
Event: 6.926 Thread 0x0000021f21540050 Thread added: 0x0000021f21540050
Event: 6.926 Thread 0x0000021f2153f5b0 Thread exited: 0x0000021f2153f5b0
Event: 6.927 Thread 0x0000021f2153d080 Thread added: 0x0000021f2153d080
Event: 6.927 Thread 0x0000021f2153d5d0 Thread added: 0x0000021f2153d5d0
Event: 6.927 loading class java/nio/channels/ClosedChannelException
Event: 6.927 Thread 0x0000021f2153e070 Thread added: 0x0000021f2153e070
Event: 6.927 loading class java/nio/channels/ClosedChannelException done
Event: 6.927 Thread 0x0000021f21540050 Thread exited: 0x0000021f21540050
Event: 6.927 Thread 0x0000021f2198ddd0 Thread exited: 0x0000021f2198ddd0
Event: 6.929 Thread 0x0000021f213deb80 Thread exited: 0x0000021f213deb80
Event: 6.955 Thread 0x0000021f21a3e4c0 Thread exited: 0x0000021f21a3e4c0
Event: 6.956 Thread 0x0000021f2153d5d0 Thread exited: 0x0000021f2153d5d0
Event: 7.028 Thread 0x0000021f2153d080 Thread exited: 0x0000021f2153d080
Event: 7.028 Executing  VM operation: Exit


Dynamic libraries:
0x00007ff649b00000 - 0x00007ff649b10000 	C:\Program Files\Java\jdk-16.0.2\bin\javaw.exe
0x00007ff99d710000 - 0x00007ff99d905000 	C:\windows\SYSTEM32\ntdll.dll
0x00007ff99caa0000 - 0x00007ff99cb5e000 	C:\windows\System32\KERNEL32.DLL
0x00007ff99b0e0000 - 0x00007ff99b3a8000 	C:\windows\System32\KERNELBASE.dll
0x00007ff99b4c0000 - 0x00007ff99b5c0000 	C:\windows\System32\ucrtbase.dll
0x00007ff98f860000 - 0x00007ff98f878000 	C:\Program Files\Java\jdk-16.0.2\bin\jli.dll
0x00007ff9933b0000 - 0x00007ff9933c9000 	C:\Program Files\Java\jdk-16.0.2\bin\VCRUNTIME140.dll
0x00007ff99cde0000 - 0x00007ff99ce8e000 	C:\windows\System32\ADVAPI32.dll
0x00007ff99cb60000 - 0x00007ff99cbfe000 	C:\windows\System32\msvcrt.dll
0x00007ff99b900000 - 0x00007ff99b99c000 	C:\windows\System32\sechost.dll
0x00007ff99cc00000 - 0x00007ff99cd25000 	C:\windows\System32\RPCRT4.dll
0x00007ff99c8e0000 - 0x00007ff99ca81000 	C:\windows\System32\USER32.dll
0x00007ff99b5c0000 - 0x00007ff99b5e2000 	C:\windows\System32\win32u.dll
0x00007ff99b9b0000 - 0x00007ff99b9db000 	C:\windows\System32\GDI32.dll
0x00007ff979310000 - 0x00007ff9795aa000 	C:\windows\WinSxS\amd64_microsoft.windows.common-controls_6595b64144ccf1df_6.0.19041.1110_none_60b5254171f9507e\COMCTL32.dll
0x00007ff99afa0000 - 0x00007ff99b0ad000 	C:\windows\System32\gdi32full.dll
0x00007ff99aeb0000 - 0x00007ff99af4d000 	C:\windows\System32\msvcp_win.dll
0x00007ff992520000 - 0x00007ff99252a000 	C:\windows\SYSTEM32\VERSION.dll
0x00007ff99cf60000 - 0x00007ff99cf90000 	C:\windows\System32\IMM32.DLL
0x00007ff9976f0000 - 0x00007ff9976fc000 	C:\Program Files\Java\jdk-16.0.2\bin\vcruntime140_1.dll
0x00007ff967540000 - 0x00007ff9675d1000 	C:\Program Files\Java\jdk-16.0.2\bin\msvcp140.dll
0x00007ff909570000 - 0x00007ff90a11b000 	C:\Program Files\Java\jdk-16.0.2\bin\server\jvm.dll
0x00007ff99ca90000 - 0x00007ff99ca98000 	C:\windows\System32\PSAPI.DLL
0x00007ff976510000 - 0x00007ff976537000 	C:\windows\SYSTEM32\WINMM.dll
0x00007ff9930e0000 - 0x00007ff9930e9000 	C:\windows\SYSTEM32\WSOCK32.dll
0x00007ff99d110000 - 0x00007ff99d17b000 	C:\windows\System32\WS2_32.dll
0x00007ff9996a0000 - 0x00007ff9996b2000 	C:\windows\SYSTEM32\kernel.appcore.dll
0x00007ff981ec0000 - 0x00007ff981eca000 	C:\Program Files\Java\jdk-16.0.2\bin\jimage.dll
0x00007ff9993a0000 - 0x00007ff999584000 	C:\windows\SYSTEM32\DBGHELP.DLL
0x00007ff981ee0000 - 0x00007ff981f0c000 	C:\windows\SYSTEM32\dbgcore.DLL
0x00007ff99ae20000 - 0x00007ff99aea2000 	C:\windows\System32\bcryptPrimitives.dll
0x00007ff980fb0000 - 0x00007ff980fd5000 	C:\Program Files\Java\jdk-16.0.2\bin\java.dll
0x00007ff99bb60000 - 0x00007ff99c2a4000 	C:\windows\System32\SHELL32.dll
0x00007ff998b30000 - 0x00007ff9992c5000 	C:\windows\SYSTEM32\windows.storage.dll
0x00007ff99c2b0000 - 0x00007ff99c605000 	C:\windows\System32\combase.dll
0x00007ff99a800000 - 0x00007ff99a82e000 	C:\windows\SYSTEM32\Wldp.dll
0x00007ff99ceb0000 - 0x00007ff99cf5d000 	C:\windows\System32\SHCORE.dll
0x00007ff99c740000 - 0x00007ff99c795000 	C:\windows\System32\shlwapi.dll
0x00007ff99ad60000 - 0x00007ff99ad7f000 	C:\windows\SYSTEM32\profapi.dll
0x00007ff980f90000 - 0x00007ff980fa9000 	C:\Program Files\Java\jdk-16.0.2\bin\net.dll
0x00007ff995870000 - 0x00007ff99597c000 	C:\windows\SYSTEM32\WINHTTP.dll
0x00007ff99a560000 - 0x00007ff99a5ca000 	C:\windows\system32\mswsock.dll
0x00007ff980ea0000 - 0x00007ff980eb3000 	C:\Program Files\Java\jdk-16.0.2\bin\nio.dll
0x00007ff97b1a0000 - 0x00007ff97b1b8000 	C:\Program Files\Java\jdk-16.0.2\bin\zip.dll
0x00007ff981830000 - 0x00007ff981840000 	C:\Program Files\Java\jdk-16.0.2\bin\verify.dll
0x00007ff95c710000 - 0x00007ff95c890000 	C:\Program Files\Java\jdk-16.0.2\bin\awt.dll
0x00007ff99d600000 - 0x00007ff99d6cd000 	C:\windows\System32\OLEAUT32.dll
0x00007ff998270000 - 0x00007ff998300000 	C:\windows\SYSTEM32\apphelp.dll
0x00007ff9983d0000 - 0x00007ff99846e000 	C:\windows\system32\uxtheme.dll
0x00007ff99cf90000 - 0x00007ff99d0a5000 	C:\windows\System32\MSCTF.dll
0x00007ff99c610000 - 0x00007ff99c73a000 	C:\windows\System32\ole32.dll
0x00007ff998560000 - 0x00007ff99858f000 	C:\windows\system32\DWMAPI.DLL
0x00007ff95ea10000 - 0x00007ff95eb35000 	C:\windows\system32\opengl32.dll
0x00007ff9615f0000 - 0x00007ff96161c000 	C:\windows\SYSTEM32\GLU32.dll
0x00007ff99a750000 - 0x00007ff99a768000 	C:\windows\SYSTEM32\CRYPTSP.dll
0x00007ff999ee0000 - 0x00007ff999f14000 	C:\windows\system32\rsaenh.dll
0x00007ff99b0b0000 - 0x00007ff99b0d7000 	C:\windows\System32\bcrypt.dll
0x00007ff99ace0000 - 0x00007ff99ad0e000 	C:\windows\SYSTEM32\USERENV.dll
0x00007ff99a770000 - 0x00007ff99a77c000 	C:\windows\SYSTEM32\CRYPTBASE.dll
0x00007ff99a250000 - 0x00007ff99a28b000 	C:\windows\SYSTEM32\IPHLPAPI.DLL
0x00007ff99b9a0000 - 0x00007ff99b9a8000 	C:\windows\System32\NSI.dll
0x00007ff992f50000 - 0x00007ff992f67000 	C:\windows\SYSTEM32\dhcpcsvc6.DLL
0x00007ff993190000 - 0x00007ff9931ad000 	C:\windows\SYSTEM32\dhcpcsvc.DLL
0x00007ff99a2e0000 - 0x00007ff99a3ab000 	C:\windows\SYSTEM32\DNSAPI.dll
0x00000000637c0000 - 0x00000000637cd000 	C:\Users\sethr\AppData\Local\Temp\jogamp_0000\file_cache\jln1504370397579445643\jln18233717887637687874\natives\windows-amd64\gluegen-rt.dll
0x00007ff9976b0000 - 0x00007ff9976b7000 	C:\Program Files\Java\jdk-16.0.2\bin\jawt.dll
0x000000006a440000 - 0x000000006a44d000 	C:\Users\sethr\AppData\Local\Temp\jogamp_0000\file_cache\jln1504370397579445643\jln18233717887637687874\natives\windows-amd64\nativewindow_awt.dll
0x000000006c100000 - 0x000000006c10f000 	C:\Users\sethr\AppData\Local\Temp\jogamp_0000\file_cache\jln1504370397579445643\jln18233717887637687874\natives\windows-amd64\nativewindow_win32.dll
0x000000006cbc0000 - 0x000000006cbd3000 	C:\Users\sethr\AppData\Local\Temp\jogamp_0000\file_cache\jln1504370397579445643\jln18233717887637687874\natives\windows-amd64\newt.dll
0x00007ff994e80000 - 0x00007ff994f2e000 	C:\windows\SYSTEM32\mscms.dll
0x00007ff994e60000 - 0x00007ff994e71000 	C:\windows\SYSTEM32\ColorAdapterClient.dll
0x00007ff9932f0000 - 0x00007ff993333000 	C:\windows\SYSTEM32\icm32.dll
0x00007ff99d180000 - 0x00007ff99d5f2000 	C:\windows\System32\setupapi.dll
0x00007ff99af50000 - 0x00007ff99af9e000 	C:\windows\System32\cfgmgr32.dll
0x00007ff99ab50000 - 0x00007ff99ab84000 	C:\windows\SYSTEM32\DEVOBJ.dll
0x00007ff99b460000 - 0x00007ff99b4c0000 	C:\windows\System32\WINTRUST.dll
0x00007ff99b5f0000 - 0x00007ff99b746000 	C:\windows\System32\CRYPT32.dll
0x00007ff99a990000 - 0x00007ff99a9a2000 	C:\windows\SYSTEM32\MSASN1.dll
0x0000000064500000 - 0x00000000645b1000 	C:\Users\sethr\AppData\Local\Temp\jogamp_0000\file_cache\jln1504370397579445643\jln18233717887637687874\natives\windows-amd64\jogl_desktop.dll
0x0000000064340000 - 0x00000000643a2000 	C:\Users\sethr\AppData\Local\Temp\jogamp_0000\file_cache\jln1504370397579445643\jln18233717887637687874\natives\windows-amd64\jogl_mobile.dll
0x00007ff99cd30000 - 0x00007ff99cdd9000 	C:\windows\System32\clbcatq.dll
0x00007ff9050e0000 - 0x00007ff9060e0000 	C:\windows\System32\DriverStore\FileRepository\iigd_dch.inf_amd64_14d6d9e2312c79ae\igxelpicd64.dll
0x00007ff999710000 - 0x00007ff999804000 	C:\windows\system32\dxgi.dll
0x00007ff909100000 - 0x00007ff909564000 	C:\windows\System32\DriverStore\FileRepository\iigd_dch.inf_amd64_14d6d9e2312c79ae\igdml64.dll
0x00007ff98f480000 - 0x00007ff98f83d000 	C:\windows\System32\DriverStore\FileRepository\iigd_dch.inf_amd64_14d6d9e2312c79ae\igdgmm64.dll
0x00007ff982590000 - 0x00007ff9857c8000 	C:\windows\System32\DriverStore\FileRepository\iigd_dch.inf_amd64_14d6d9e2312c79ae\igc64.dll
0x00007ff99abe0000 - 0x00007ff99ac2b000 	C:\windows\SYSTEM32\powrprof.dll
0x00007ff99abc0000 - 0x00007ff99abd2000 	C:\windows\SYSTEM32\UMPDC.dll
0x00007ff979210000 - 0x00007ff979309000 	C:\windows\SYSTEM32\textinputframework.dll
0x00007ff997cd0000 - 0x00007ff99802e000 	C:\windows\System32\CoreUIComponents.dll
0x00007ff998030000 - 0x00007ff998122000 	C:\windows\System32\CoreMessaging.dll
0x00007ff997520000 - 0x00007ff997674000 	C:\windows\SYSTEM32\wintypes.dll
0x00007ff999b10000 - 0x00007ff999b43000 	C:\windows\SYSTEM32\ntmarta.dll
0x00007ff962050000 - 0x00007ff9620b6000 	C:\windows\system32\Oleacc.dll

dbghelp: loaded successfully - version: 4.0.5 - missing functions: none
symbol engine: initialized successfully - sym options: 0x614 - pdb path: .;C:\Program Files\Java\jdk-16.0.2\bin;C:\windows\SYSTEM32;C:\windows\WinSxS\amd64_microsoft.windows.common-controls_6595b64144ccf1df_6.0.19041.1110_none_60b5254171f9507e;C:\Program Files\Java\jdk-16.0.2\bin\server;C:\Users\sethr\AppData\Local\Temp\jogamp_0000\file_cache\jln1504370397579445643\jln18233717887637687874\natives\windows-amd64;C:\windows\System32\DriverStore\FileRepository\iigd_dch.inf_amd64_14d6d9e2312c79ae

VM Arguments:
jvm_args: -Dfile.encoding=Cp1252 -XX:+ShowCodeDetailsInExceptionMessages 
java_command: crystalsimulation.Main
java_class_path (initial): C:\Users\sethr\eclipse-workspace\crystalsimulation\target\classes;C:\Users\sethr\.m2\repository\org\processing\core\3.3.6\core-3.3.6.jar;C:\Users\sethr\.m2\repository\org\jogamp\gluegen\gluegen-rt-main\2.3.2\gluegen-rt-main-2.3.2.jar;C:\Users\sethr\.m2\repository\org\jogamp\gluegen\gluegen-rt\2.3.2\gluegen-rt-2.3.2.jar;C:\Users\sethr\.m2\repository\org\jogamp\gluegen\gluegen-rt\2.3.2\gluegen-rt-2.3.2-natives-android-aarch64.jar;C:\Users\sethr\.m2\repository\org\jogamp\gluegen\gluegen-rt\2.3.2\gluegen-rt-2.3.2-natives-android-armv6.jar;C:\Users\sethr\.m2\repository\org\jogamp\gluegen\gluegen-rt\2.3.2\gluegen-rt-2.3.2-natives-linux-amd64.jar;C:\Users\sethr\.m2\repository\org\jogamp\gluegen\gluegen-rt\2.3.2\gluegen-rt-2.3.2-natives-linux-armv6.jar;C:\Users\sethr\.m2\repository\org\jogamp\gluegen\gluegen-rt\2.3.2\gluegen-rt-2.3.2-natives-linux-armv6hf.jar;C:\Users\sethr\.m2\repository\org\jogamp\gluegen\gluegen-rt\2.3.2\gluegen-rt-2.3.2-natives-linux-i586.jar;C:\Users\sethr\.m2\repository\org\jogamp\gluegen\gluegen-rt\2.3.2\gluegen-rt-2.3.2-natives-macosx-universal.jar;C:\Users\sethr\.m2\repository\org\jogamp\gluegen\gluegen-rt\2.3.2\gluegen-rt-2.3.2-natives-solaris-amd64.jar;C:\Users\sethr\.m2\repository\org\jogamp\gluegen\gluegen-rt\2.3.2\gluegen-rt-2.3.2-natives-solaris-i586.jar;C:\Users\sethr\.m2\repository\org\jogamp\gluegen\gluegen-rt\2.3.2\gluegen-rt-2.3.2-natives-windows-amd64.jar;C:\Users\sethr\.m2\repository\org\jogamp\gluegen\gluegen-rt\2.3.2\gluegen-rt-2.3.2-natives-windows-i586.jar;C:\Users\sethr\.m2\repository\org\jogamp\jogl\jogl-all-main\2.3.2\jogl-all-main-2.3.2.jar;C:\Users\sethr\.m2\repository\org\jogamp\jogl\jogl-all\2.3.2\jogl-all-2.3.2.jar;C:\Users\sethr\.m2\repository\org\jogamp\jogl\jogl-all\2.3.2\jogl-all-2.3.2-natives-android-aarch64.jar;C:\Users\sethr\.m2\repository\org\jogamp\jogl\jogl-all\2.3.2\jogl-all-2.3.2-natives-android-armv6.jar;C:\Users\sethr\.m2\repository\org\jogamp\jogl\jogl-all\2.3.2\jogl-all-2.3.2-nat
Launcher Type: SUN_STANDARD

[Global flags]
     intx CICompilerCount                          = 4                                         {product} {ergonomic}
     uint ConcGCThreads                            = 2                                         {product} {ergonomic}
     uint G1ConcRefinementThreads                  = 8                                         {product} {ergonomic}
   size_t G1HeapRegionSize                         = 2097152                                   {product} {ergonomic}
    uintx GCDrainStackTargetSize                   = 64                                        {product} {ergonomic}
   size_t InitialHeapSize                          = 266338304                                 {product} {ergonomic}
   size_t MarkStackSize                            = 4194304                                   {product} {ergonomic}
   size_t MaxHeapSize                              = 4234149888                                {product} {ergonomic}
   size_t MaxNewSize                               = 2539651072                                {product} {ergonomic}
   size_t MinHeapDeltaBytes                        = 2097152                                   {product} {ergonomic}
   size_t MinHeapSize                              = 8388608                                   {product} {ergonomic}
    uintx NonNMethodCodeHeapSize                   = 5839372                                {pd product} {ergonomic}
    uintx NonProfiledCodeHeapSize                  = 122909434                              {pd product} {ergonomic}
    uintx ProfiledCodeHeapSize                     = 122909434                              {pd product} {ergonomic}
    uintx ReservedCodeCacheSize                    = 251658240                              {pd product} {ergonomic}
     bool SegmentedCodeCache                       = true                                      {product} {ergonomic}
     bool ShowCodeDetailsInExceptionMessages       = true                                   {manageable} {command line}
   size_t SoftMaxHeapSize                          = 4234149888                             {manageable} {ergonomic}
     bool UseCompressedClassPointers               = true                           {product lp64_product} {ergonomic}
     bool UseCompressedOops                        = true                           {product lp64_product} {ergonomic}
     bool UseG1GC                                  = true                                      {product} {ergonomic}
     bool UseLargePagesIndividualAllocation        = false                                  {pd product} {ergonomic}

Logging:
Log output configuration:
 #0: stdout all=off uptime,level,tags
 #1: stderr all=off uptime,level,tags

Environment Variables:
PATH=C:\Program Files\Oculus\Support\oculus-runtime;C:\Program Files\Common Files\Oracle\Java\javapath;C:\windows\system32;C:\windows;C:\windows\System32\Wbem;C:\windows\System32\WindowsPowerShell\v1.0\;C:\windows\System32\OpenSSH\;C:\MinGW\mingw32\bin;C:\ProgramData\chocolatey\bin;C:\ProgramData\chocolatey\bin\make.exe;C:\Program Files\Git\cmd;C:\Program Files\nodejs\;C:\Users\sethr\AppData\Local\Programs\Python\Python39\Scripts\;C:\Users\sethr\AppData\Local\Programs\Python\Python39\;C:\Users\sethr\AppData\Local\Microsoft\WindowsApps;C:\Users\sethr\AppData\Local\Programs\Microsoft VS Code\bin;C:\Users\sethr\AppData\Local\GitHubDesktop\bin;C:\Users\sethr\AppData\Roaming\npm
USERNAME=sethr
OS=Windows_NT
PROCESSOR_IDENTIFIER=Intel64 Family 6 Model 140 Stepping 1, GenuineIntel



---------------  S Y S T E M  ---------------

OS:
 Windows 10 , 64 bit Build 19041 (10.0.19041.1466)
OS uptime: 2 days 16:15 hours

CPU: total 8 (initial active 8) (4 cores per cpu, 2 threads per core) family 6 model 140 stepping 1 microcode 0x86, cx8, cmov, fxsr, ht, mmx, 3dnowpref, sse, sse2, sse3, ssse3, sse4.1, sse4.2, popcnt, lzcnt, tsc, tscinvbit, avx, avx2, aes, erms, clmul, bmi1, bmi2, adx, avx512f, avx512dq, avx512cd, avx512bw, avx512vl, sha, fma, vzeroupper, avx512_vpopcntdq, avx512_vpclmulqdq, avx512_vaes, avx512_vnni, clflush, clflushopt, clwb, avx512_vmbi2, avx512_vmbi

Memory: 4k page, system-wide physical 16149M (8391M free)
TotalPageFile size 30485M (AvailPageFile size 17027M)
current process WorkingSet (physical memory assigned to process): 394M, peak: 401M
current process commit charge ("private bytes"): 476M, peak: 494M

vm_info: Java HotSpot(TM) 64-Bit Server VM (16.0.2+7-67) for windows-amd64 JRE (16.0.2+7-67), built on Jun  8 2021 23:24:19 by "mach5one" with MS VC++ 16.7 (VS2019)

END.
